{"/Users/blesh/GitHub/blesh/RxJS/dist/cjs/util/root.js":{"path":"/Users/blesh/GitHub/blesh/RxJS/dist/cjs/util/root.js","s":{"1":1,"2":1,"3":1,"4":1,"5":1,"6":1,"7":1},"b":{"1":[1,0,1,0],"2":[1,1,1,1],"3":[1,1,1,1],"4":[1,1],"5":[1,0],"6":[1,1,0]},"f":{},"fnMap":{},"statementMap":{"1":{"start":{"line":1,"column":0},"end":{"line":8,"column":2}},"2":{"start":{"line":9,"column":0},"end":{"line":9,"column":92}},"3":{"start":{"line":11,"column":0},"end":{"line":11,"column":89}},"4":{"start":{"line":12,"column":0},"end":{"line":12,"column":84}},"5":{"start":{"line":13,"column":0},"end":{"line":13,"column":54}},"6":{"start":{"line":14,"column":0},"end":{"line":16,"column":1}},"7":{"start":{"line":15,"column":4},"end":{"line":15,"column":30}}},"branchMap":{"1":{"line":9,"type":"binary-expr","locations":[{"start":{"line":9,"column":16},"end":{"line":9,"column":40}},{"start":{"line":9,"column":44},"end":{"line":9,"column":48}},{"start":{"line":9,"column":54},"end":{"line":9,"column":80}},{"start":{"line":9,"column":84},"end":{"line":9,"column":90}}]},"2":{"line":11,"type":"binary-expr","locations":[{"start":{"line":11,"column":18},"end":{"line":11,"column":45}},{"start":{"line":11,"column":49},"end":{"line":11,"column":56}},{"start":{"line":11,"column":60},"end":{"line":11,"column":77}},{"start":{"line":11,"column":81},"end":{"line":11,"column":88}}]},"3":{"line":12,"type":"binary-expr","locations":[{"start":{"line":12,"column":17},"end":{"line":12,"column":43}},{"start":{"line":12,"column":47},"end":{"line":12,"column":53}},{"start":{"line":12,"column":57},"end":{"line":12,"column":73}},{"start":{"line":12,"column":77},"end":{"line":12,"column":83}}]},"4":{"line":13,"type":"binary-expr","locations":[{"start":{"line":13,"column":17},"end":{"line":13,"column":43}},{"start":{"line":13,"column":47},"end":{"line":13,"column":53}}]},"5":{"line":14,"type":"if","locations":[{"start":{"line":14,"column":0},"end":{"line":14,"column":0}},{"start":{"line":14,"column":0},"end":{"line":14,"column":0}}]},"6":{"line":14,"type":"binary-expr","locations":[{"start":{"line":14,"column":4},"end":{"line":14,"column":14}},{"start":{"line":14,"column":19},"end":{"line":14,"column":51}},{"start":{"line":14,"column":55},"end":{"line":14,"column":87}}]}}},"/Users/blesh/GitHub/blesh/RxJS/dist/cjs/Rx.KitchenSink.js":{"path":"/Users/blesh/GitHub/blesh/RxJS/dist/cjs/Rx.KitchenSink.js","s":{"1":1,"2":1,"3":1,"4":1,"5":1,"6":1,"7":1,"8":1,"9":1,"10":1,"11":1,"12":1,"13":1,"14":1,"15":1,"16":1,"17":1,"18":1,"19":1,"20":1,"21":1,"22":1,"23":1,"24":1,"25":1,"26":1,"27":1,"28":1,"29":1,"30":1,"31":1,"32":1,"33":1,"34":1,"35":1,"36":1,"37":1,"38":1,"39":1,"40":1,"41":1,"42":1,"43":1,"44":1,"45":1,"46":1,"47":1,"48":1,"49":1,"50":1,"51":1,"52":1,"53":1,"54":1,"55":1,"56":1,"57":1,"58":1,"59":1,"60":1,"61":1,"62":1,"63":1,"64":1,"65":1,"66":1,"67":1,"68":1,"69":1,"70":1,"71":1,"72":1,"73":1,"74":1,"75":1,"76":1,"77":1,"78":1,"79":1,"80":1,"81":1,"82":1,"83":1,"84":1,"85":1,"86":1,"87":1,"88":1,"89":1,"90":1,"91":1,"92":1,"93":1,"94":1,"95":1,"96":1,"97":1,"98":1,"99":1,"100":1,"101":1,"102":1,"103":1,"104":1,"105":1,"106":1,"107":1,"108":1,"109":1,"110":1,"111":1,"112":1,"113":1,"114":1,"115":1,"116":1,"117":1,"118":1,"119":1,"120":1,"121":1,"122":1,"123":1,"124":1,"125":1,"126":1,"127":1,"128":1,"129":1,"130":1,"131":1,"132":1,"133":1,"134":1,"135":1,"136":1,"137":1,"138":1,"139":1,"140":1},"b":{},"f":{},"fnMap":{},"statementMap":{"1":{"start":{"line":2,"column":0},"end":{"line":2,"column":37}},"2":{"start":{"line":3,"column":0},"end":{"line":3,"column":36}},"3":{"start":{"line":5,"column":0},"end":{"line":5,"column":43}},"4":{"start":{"line":6,"column":0},"end":{"line":6,"column":45}},"5":{"start":{"line":9,"column":0},"end":{"line":9,"column":47}},"6":{"start":{"line":10,"column":0},"end":{"line":10,"column":40}},"7":{"start":{"line":11,"column":0},"end":{"line":11,"column":39}},"8":{"start":{"line":12,"column":0},"end":{"line":12,"column":41}},"9":{"start":{"line":13,"column":0},"end":{"line":13,"column":34}},"10":{"start":{"line":14,"column":0},"end":{"line":14,"column":34}},"11":{"start":{"line":15,"column":0},"end":{"line":15,"column":37}},"12":{"start":{"line":16,"column":0},"end":{"line":16,"column":33}},"13":{"start":{"line":17,"column":0},"end":{"line":17,"column":38}},"14":{"start":{"line":18,"column":0},"end":{"line":18,"column":38}},"15":{"start":{"line":19,"column":0},"end":{"line":19,"column":45}},"16":{"start":{"line":20,"column":0},"end":{"line":20,"column":40}},"17":{"start":{"line":21,"column":0},"end":{"line":21,"column":37}},"18":{"start":{"line":22,"column":0},"end":{"line":22,"column":34}},"19":{"start":{"line":23,"column":0},"end":{"line":23,"column":34}},"20":{"start":{"line":24,"column":0},"end":{"line":24,"column":34}},"21":{"start":{"line":25,"column":0},"end":{"line":25,"column":34}},"22":{"start":{"line":26,"column":0},"end":{"line":26,"column":37}},"23":{"start":{"line":28,"column":0},"end":{"line":28,"column":33}},"24":{"start":{"line":29,"column":0},"end":{"line":29,"column":38}},"25":{"start":{"line":30,"column":0},"end":{"line":30,"column":37}},"26":{"start":{"line":31,"column":0},"end":{"line":31,"column":39}},"27":{"start":{"line":32,"column":0},"end":{"line":32,"column":37}},"28":{"start":{"line":33,"column":0},"end":{"line":33,"column":32}},"29":{"start":{"line":34,"column":0},"end":{"line":34,"column":37}},"30":{"start":{"line":35,"column":0},"end":{"line":35,"column":40}},"31":{"start":{"line":36,"column":0},"end":{"line":36,"column":33}},"32":{"start":{"line":37,"column":0},"end":{"line":37,"column":36}},"33":{"start":{"line":38,"column":0},"end":{"line":38,"column":36}},"34":{"start":{"line":39,"column":0},"end":{"line":39,"column":38}},"35":{"start":{"line":40,"column":0},"end":{"line":40,"column":32}},"36":{"start":{"line":41,"column":0},"end":{"line":41,"column":40}},"37":{"start":{"line":42,"column":0},"end":{"line":42,"column":35}},"38":{"start":{"line":43,"column":0},"end":{"line":43,"column":39}},"39":{"start":{"line":44,"column":0},"end":{"line":44,"column":41}},"40":{"start":{"line":45,"column":0},"end":{"line":45,"column":32}},"41":{"start":{"line":46,"column":0},"end":{"line":46,"column":47}},"42":{"start":{"line":47,"column":0},"end":{"line":47,"column":59}},"43":{"start":{"line":48,"column":0},"end":{"line":48,"column":29}},"44":{"start":{"line":49,"column":0},"end":{"line":49,"column":45}},"45":{"start":{"line":50,"column":0},"end":{"line":50,"column":33}},"46":{"start":{"line":51,"column":0},"end":{"line":51,"column":33}},"47":{"start":{"line":52,"column":0},"end":{"line":52,"column":40}},"48":{"start":{"line":53,"column":0},"end":{"line":53,"column":45}},"49":{"start":{"line":54,"column":0},"end":{"line":54,"column":34}},"50":{"start":{"line":55,"column":0},"end":{"line":55,"column":32}},"51":{"start":{"line":56,"column":0},"end":{"line":56,"column":34}},"52":{"start":{"line":57,"column":0},"end":{"line":57,"column":41}},"53":{"start":{"line":58,"column":0},"end":{"line":58,"column":43}},"54":{"start":{"line":59,"column":0},"end":{"line":59,"column":32}},"55":{"start":{"line":60,"column":0},"end":{"line":60,"column":31}},"56":{"start":{"line":61,"column":0},"end":{"line":61,"column":30}},"57":{"start":{"line":62,"column":0},"end":{"line":62,"column":32}},"58":{"start":{"line":63,"column":0},"end":{"line":63,"column":38}},"59":{"start":{"line":64,"column":0},"end":{"line":64,"column":39}},"60":{"start":{"line":65,"column":0},"end":{"line":65,"column":32}},"61":{"start":{"line":66,"column":0},"end":{"line":66,"column":35}},"62":{"start":{"line":67,"column":0},"end":{"line":67,"column":35}},"63":{"start":{"line":68,"column":0},"end":{"line":68,"column":37}},"64":{"start":{"line":69,"column":0},"end":{"line":69,"column":45}},"65":{"start":{"line":70,"column":0},"end":{"line":70,"column":39}},"66":{"start":{"line":71,"column":0},"end":{"line":71,"column":36}},"67":{"start":{"line":72,"column":0},"end":{"line":72,"column":36}},"68":{"start":{"line":73,"column":0},"end":{"line":73,"column":36}},"69":{"start":{"line":74,"column":0},"end":{"line":74,"column":34}},"70":{"start":{"line":75,"column":0},"end":{"line":75,"column":42}},"71":{"start":{"line":76,"column":0},"end":{"line":76,"column":40}},"72":{"start":{"line":77,"column":0},"end":{"line":77,"column":38}},"73":{"start":{"line":78,"column":0},"end":{"line":78,"column":33}},"74":{"start":{"line":79,"column":0},"end":{"line":79,"column":33}},"75":{"start":{"line":80,"column":0},"end":{"line":80,"column":32}},"76":{"start":{"line":81,"column":0},"end":{"line":81,"column":36}},"77":{"start":{"line":82,"column":0},"end":{"line":82,"column":33}},"78":{"start":{"line":83,"column":0},"end":{"line":83,"column":37}},"79":{"start":{"line":84,"column":0},"end":{"line":84,"column":31}},"80":{"start":{"line":85,"column":0},"end":{"line":85,"column":32}},"81":{"start":{"line":86,"column":0},"end":{"line":86,"column":33}},"82":{"start":{"line":87,"column":0},"end":{"line":87,"column":31}},"83":{"start":{"line":88,"column":0},"end":{"line":88,"column":36}},"84":{"start":{"line":89,"column":0},"end":{"line":89,"column":36}},"85":{"start":{"line":90,"column":0},"end":{"line":90,"column":36}},"86":{"start":{"line":91,"column":0},"end":{"line":91,"column":38}},"87":{"start":{"line":92,"column":0},"end":{"line":92,"column":33}},"88":{"start":{"line":93,"column":0},"end":{"line":93,"column":36}},"89":{"start":{"line":94,"column":0},"end":{"line":94,"column":38}},"90":{"start":{"line":95,"column":0},"end":{"line":95,"column":31}},"91":{"start":{"line":96,"column":0},"end":{"line":96,"column":36}},"92":{"start":{"line":97,"column":0},"end":{"line":97,"column":36}},"93":{"start":{"line":98,"column":0},"end":{"line":98,"column":35}},"94":{"start":{"line":99,"column":0},"end":{"line":99,"column":39}},"95":{"start":{"line":100,"column":0},"end":{"line":100,"column":48}},"96":{"start":{"line":101,"column":0},"end":{"line":101,"column":34}},"97":{"start":{"line":102,"column":0},"end":{"line":102,"column":38}},"98":{"start":{"line":103,"column":0},"end":{"line":103,"column":34}},"99":{"start":{"line":104,"column":0},"end":{"line":104,"column":36}},"100":{"start":{"line":105,"column":0},"end":{"line":105,"column":33}},"101":{"start":{"line":106,"column":0},"end":{"line":106,"column":38}},"102":{"start":{"line":107,"column":0},"end":{"line":107,"column":37}},"103":{"start":{"line":108,"column":0},"end":{"line":108,"column":39}},"104":{"start":{"line":109,"column":0},"end":{"line":109,"column":37}},"105":{"start":{"line":110,"column":0},"end":{"line":110,"column":41}},"106":{"start":{"line":111,"column":0},"end":{"line":111,"column":30}},"107":{"start":{"line":112,"column":0},"end":{"line":112,"column":33}},"108":{"start":{"line":114,"column":0},"end":{"line":114,"column":47}},"109":{"start":{"line":115,"column":0},"end":{"line":115,"column":51}},"110":{"start":{"line":116,"column":0},"end":{"line":116,"column":43}},"111":{"start":{"line":117,"column":0},"end":{"line":117,"column":45}},"112":{"start":{"line":118,"column":0},"end":{"line":118,"column":55}},"113":{"start":{"line":119,"column":0},"end":{"line":119,"column":51}},"114":{"start":{"line":120,"column":0},"end":{"line":120,"column":57}},"115":{"start":{"line":121,"column":0},"end":{"line":121,"column":54}},"116":{"start":{"line":122,"column":0},"end":{"line":122,"column":61}},"117":{"start":{"line":123,"column":0},"end":{"line":123,"column":60}},"118":{"start":{"line":124,"column":0},"end":{"line":124,"column":76}},"119":{"start":{"line":125,"column":0},"end":{"line":125,"column":78}},"120":{"start":{"line":126,"column":0},"end":{"line":126,"column":47}},"121":{"start":{"line":127,"column":0},"end":{"line":127,"column":51}},"122":{"start":{"line":128,"column":0},"end":{"line":128,"column":48}},"123":{"start":{"line":129,"column":0},"end":{"line":129,"column":45}},"124":{"start":{"line":130,"column":0},"end":{"line":130,"column":74}},"125":{"start":{"line":131,"column":0},"end":{"line":131,"column":84}},"126":{"start":{"line":132,"column":0},"end":{"line":132,"column":74}},"127":{"start":{"line":133,"column":0},"end":{"line":133,"column":84}},"128":{"start":{"line":134,"column":0},"end":{"line":134,"column":41}},"129":{"start":{"line":135,"column":0},"end":{"line":135,"column":43}},"130":{"start":{"line":136,"column":0},"end":{"line":136,"column":65}},"131":{"start":{"line":137,"column":0},"end":{"line":137,"column":51}},"132":{"start":{"line":138,"column":0},"end":{"line":138,"column":57}},"133":{"start":{"line":139,"column":0},"end":{"line":139,"column":54}},"134":{"start":{"line":140,"column":0},"end":{"line":140,"column":73}},"135":{"start":{"line":141,"column":0},"end":{"line":141,"column":75}},"136":{"start":{"line":142,"column":0},"end":{"line":142,"column":54}},"137":{"start":{"line":145,"column":0},"end":{"line":148,"column":2}},"138":{"start":{"line":149,"column":0},"end":{"line":149,"column":30}},"139":{"start":{"line":150,"column":0},"end":{"line":152,"column":2}},"140":{"start":{"line":153,"column":0},"end":{"line":153,"column":24}}},"branchMap":{}},"/Users/blesh/GitHub/blesh/RxJS/dist/cjs/Subject.js":{"path":"/Users/blesh/GitHub/blesh/RxJS/dist/cjs/Subject.js","s":{"1":1,"2":2,"3":2,"4":2,"5":1,"6":2,"7":2,"8":1,"9":1,"10":1,"11":1,"12":1,"13":1,"14":1,"15":1,"16":1,"17":1,"18":1,"19":1,"20":1,"21":1,"22":1,"23":1,"24":1,"25":2802,"26":2802,"27":2802,"28":2802,"29":2802,"30":2802,"31":1,"32":129,"33":1,"34":2,"35":1,"36":915,"37":915,"38":915,"39":1,"40":2063,"41":2,"42":2061,"43":43,"44":43,"45":2018,"46":43,"47":43,"48":1975,"49":1,"50":1974,"51":1974,"52":1,"53":735,"54":1,"55":1,"56":1,"57":1746,"58":1746,"59":1,"60":5764,"61":22,"62":5742,"63":5742,"64":5742,"65":5742,"66":3,"67":5739,"68":26,"69":1,"70":353,"71":17,"72":336,"73":336,"74":336,"75":3,"76":333,"77":333,"78":1,"79":1430,"80":69,"81":1361,"82":1361,"83":26,"84":1335,"85":1335,"86":1,"87":5690,"88":5690,"89":5690,"90":5690,"91":4654,"92":1,"93":333,"94":333,"95":333,"96":333,"97":333,"98":333,"99":324,"100":333,"101":1,"102":1315,"103":1315,"104":1315,"105":1315,"106":1315,"107":1315,"108":982,"109":1315,"110":1,"111":1,"112":1,"113":1,"114":1,"115":917,"116":917,"117":917,"118":1,"119":920,"120":920,"121":1,"122":6,"123":1,"124":1,"125":1,"126":1,"127":1,"128":6,"129":1,"130":1,"131":1,"132":1,"133":1},"b":{"1":[1,1,1],"2":[2,0],"3":[0,2],"4":[915,869],"5":[2,2061],"6":[43,2018],"7":[43,1975],"8":[1,1974],"9":[22,5742],"10":[3,5739],"11":[26,5713],"12":[17,336],"13":[353,336],"14":[3,333],"15":[69,1361],"16":[1430,1361],"17":[26,1335],"18":[918,2]},"f":{"1":2,"2":2,"3":1,"4":2802,"5":129,"6":2,"7":915,"8":2063,"9":735,"10":1,"11":1746,"12":5764,"13":353,"14":1430,"15":5690,"16":333,"17":1315,"18":1,"19":917,"20":920,"21":6,"22":1,"23":1,"24":6,"25":1,"26":1},"fnMap":{"1":{"name":"(anonymous_1)","line":1,"loc":{"start":{"line":1,"column":44},"end":{"line":1,"column":60}}},"2":{"name":"__","line":3,"loc":{"start":{"line":3,"column":4},"end":{"line":3,"column":18}}},"3":{"name":"(anonymous_3)","line":20,"loc":{"start":{"line":20,"column":15},"end":{"line":20,"column":33}}},"4":{"name":"Subject","line":22,"loc":{"start":{"line":22,"column":4},"end":{"line":22,"column":23}}},"5":{"name":"(anonymous_5)","line":30,"loc":{"start":{"line":30,"column":53},"end":{"line":30,"column":65}}},"6":{"name":"(anonymous_6)","line":33,"loc":{"start":{"line":33,"column":21},"end":{"line":33,"column":52}}},"7":{"name":"(anonymous_7)","line":36,"loc":{"start":{"line":36,"column":29},"end":{"line":36,"column":49}}},"8":{"name":"(anonymous_8)","line":41,"loc":{"start":{"line":41,"column":35},"end":{"line":41,"column":57}}},"9":{"name":"(anonymous_9)","line":59,"loc":{"start":{"line":59,"column":28},"end":{"line":59,"column":52}}},"10":{"name":"(anonymous_10)","line":62,"loc":{"start":{"line":62,"column":31},"end":{"line":62,"column":55}}},"11":{"name":"(anonymous_11)","line":65,"loc":{"start":{"line":65,"column":36},"end":{"line":65,"column":48}}},"12":{"name":"(anonymous_12)","line":69,"loc":{"start":{"line":69,"column":29},"end":{"line":69,"column":46}}},"13":{"name":"(anonymous_13)","line":83,"loc":{"start":{"line":83,"column":30},"end":{"line":83,"column":45}}},"14":{"name":"(anonymous_14)","line":95,"loc":{"start":{"line":95,"column":33},"end":{"line":95,"column":45}}},"15":{"name":"(anonymous_15)","line":106,"loc":{"start":{"line":106,"column":30},"end":{"line":106,"column":47}}},"16":{"name":"(anonymous_16)","line":114,"loc":{"start":{"line":114,"column":31},"end":{"line":114,"column":46}}},"17":{"name":"(anonymous_17)","line":126,"loc":{"start":{"line":126,"column":34},"end":{"line":126,"column":46}}},"18":{"name":"(anonymous_18)","line":141,"loc":{"start":{"line":141,"column":28},"end":{"line":141,"column":46}}},"19":{"name":"BidirectionalSubject","line":143,"loc":{"start":{"line":143,"column":4},"end":{"line":143,"column":55}}},"20":{"name":"(anonymous_20)","line":148,"loc":{"start":{"line":148,"column":48},"end":{"line":148,"column":70}}},"21":{"name":"(anonymous_21)","line":152,"loc":{"start":{"line":152,"column":42},"end":{"line":152,"column":59}}},"22":{"name":"(anonymous_22)","line":155,"loc":{"start":{"line":155,"column":43},"end":{"line":155,"column":58}}},"23":{"name":"(anonymous_23)","line":158,"loc":{"start":{"line":158,"column":46},"end":{"line":158,"column":58}}},"24":{"name":"(anonymous_24)","line":161,"loc":{"start":{"line":161,"column":43},"end":{"line":161,"column":60}}},"25":{"name":"(anonymous_25)","line":164,"loc":{"start":{"line":164,"column":44},"end":{"line":164,"column":59}}},"26":{"name":"(anonymous_26)","line":167,"loc":{"start":{"line":167,"column":47},"end":{"line":167,"column":59}}}},"statementMap":{"1":{"start":{"line":1,"column":0},"end":{"line":5,"column":2}},"2":{"start":{"line":2,"column":4},"end":{"line":2,"column":58}},"3":{"start":{"line":2,"column":21},"end":{"line":2,"column":58}},"4":{"start":{"line":2,"column":46},"end":{"line":2,"column":58}},"5":{"start":{"line":3,"column":4},"end":{"line":3,"column":43}},"6":{"start":{"line":3,"column":20},"end":{"line":3,"column":41}},"7":{"start":{"line":4,"column":4},"end":{"line":4,"column":89}},"8":{"start":{"line":6,"column":0},"end":{"line":6,"column":43}},"9":{"start":{"line":7,"column":0},"end":{"line":7,"column":43}},"10":{"start":{"line":8,"column":0},"end":{"line":8,"column":47}},"11":{"start":{"line":9,"column":0},"end":{"line":9,"column":69}},"12":{"start":{"line":10,"column":0},"end":{"line":10,"column":54}},"13":{"start":{"line":11,"column":0},"end":{"line":11,"column":64}},"14":{"start":{"line":12,"column":0},"end":{"line":12,"column":70}},"15":{"start":{"line":13,"column":0},"end":{"line":13,"column":80}},"16":{"start":{"line":14,"column":0},"end":{"line":14,"column":60}},"17":{"start":{"line":15,"column":0},"end":{"line":15,"column":62}},"18":{"start":{"line":16,"column":0},"end":{"line":16,"column":68}},"19":{"start":{"line":17,"column":0},"end":{"line":17,"column":62}},"20":{"start":{"line":18,"column":0},"end":{"line":18,"column":64}},"21":{"start":{"line":19,"column":0},"end":{"line":19,"column":70}},"22":{"start":{"line":20,"column":0},"end":{"line":139,"column":28}},"23":{"start":{"line":21,"column":4},"end":{"line":21,"column":31}},"24":{"start":{"line":22,"column":4},"end":{"line":29,"column":5}},"25":{"start":{"line":23,"column":8},"end":{"line":23,"column":38}},"26":{"start":{"line":24,"column":8},"end":{"line":24,"column":28}},"27":{"start":{"line":25,"column":8},"end":{"line":25,"column":36}},"28":{"start":{"line":26,"column":8},"end":{"line":26,"column":33}},"29":{"start":{"line":27,"column":8},"end":{"line":27,"column":33}},"30":{"start":{"line":28,"column":8},"end":{"line":28,"column":36}},"31":{"start":{"line":30,"column":4},"end":{"line":32,"column":6}},"32":{"start":{"line":31,"column":8},"end":{"line":31,"column":20}},"33":{"start":{"line":33,"column":4},"end":{"line":35,"column":6}},"34":{"start":{"line":34,"column":8},"end":{"line":34,"column":61}},"35":{"start":{"line":36,"column":4},"end":{"line":40,"column":6}},"36":{"start":{"line":37,"column":8},"end":{"line":37,"column":79}},"37":{"start":{"line":38,"column":8},"end":{"line":38,"column":36}},"38":{"start":{"line":39,"column":8},"end":{"line":39,"column":23}},"39":{"start":{"line":41,"column":4},"end":{"line":58,"column":6}},"40":{"start":{"line":42,"column":8},"end":{"line":55,"column":9}},"41":{"start":{"line":43,"column":12},"end":{"line":43,"column":19}},"42":{"start":{"line":45,"column":13},"end":{"line":55,"column":9}},"43":{"start":{"line":46,"column":12},"end":{"line":46,"column":49}},"44":{"start":{"line":47,"column":12},"end":{"line":47,"column":19}},"45":{"start":{"line":49,"column":13},"end":{"line":55,"column":9}},"46":{"start":{"line":50,"column":12},"end":{"line":50,"column":34}},"47":{"start":{"line":51,"column":12},"end":{"line":51,"column":19}},"48":{"start":{"line":53,"column":13},"end":{"line":55,"column":9}},"49":{"start":{"line":54,"column":12},"end":{"line":54,"column":71}},"50":{"start":{"line":56,"column":8},"end":{"line":56,"column":40}},"51":{"start":{"line":57,"column":8},"end":{"line":57,"column":79}},"52":{"start":{"line":59,"column":4},"end":{"line":61,"column":6}},"53":{"start":{"line":60,"column":8},"end":{"line":60,"column":49}},"54":{"start":{"line":62,"column":4},"end":{"line":64,"column":6}},"55":{"start":{"line":63,"column":8},"end":{"line":63,"column":52}},"56":{"start":{"line":65,"column":4},"end":{"line":68,"column":6}},"57":{"start":{"line":66,"column":8},"end":{"line":66,"column":32}},"58":{"start":{"line":67,"column":8},"end":{"line":67,"column":43}},"59":{"start":{"line":69,"column":4},"end":{"line":82,"column":6}},"60":{"start":{"line":70,"column":8},"end":{"line":72,"column":9}},"61":{"start":{"line":71,"column":12},"end":{"line":71,"column":19}},"62":{"start":{"line":73,"column":8},"end":{"line":73,"column":32}},"63":{"start":{"line":74,"column":8},"end":{"line":74,"column":26}},"64":{"start":{"line":75,"column":8},"end":{"line":75,"column":33}},"65":{"start":{"line":76,"column":8},"end":{"line":81,"column":9}},"66":{"start":{"line":77,"column":12},"end":{"line":77,"column":43}},"67":{"start":{"line":79,"column":13},"end":{"line":81,"column":9}},"68":{"start":{"line":80,"column":12},"end":{"line":80,"column":28}},"69":{"start":{"line":83,"column":4},"end":{"line":94,"column":6}},"70":{"start":{"line":84,"column":8},"end":{"line":86,"column":9}},"71":{"start":{"line":85,"column":12},"end":{"line":85,"column":19}},"72":{"start":{"line":87,"column":8},"end":{"line":87,"column":32}},"73":{"start":{"line":88,"column":8},"end":{"line":88,"column":33}},"74":{"start":{"line":89,"column":8},"end":{"line":91,"column":9}},"75":{"start":{"line":90,"column":12},"end":{"line":90,"column":19}},"76":{"start":{"line":92,"column":8},"end":{"line":92,"column":25}},"77":{"start":{"line":93,"column":8},"end":{"line":93,"column":27}},"78":{"start":{"line":95,"column":4},"end":{"line":105,"column":6}},"79":{"start":{"line":96,"column":8},"end":{"line":98,"column":9}},"80":{"start":{"line":97,"column":12},"end":{"line":97,"column":19}},"81":{"start":{"line":99,"column":8},"end":{"line":99,"column":35}},"82":{"start":{"line":100,"column":8},"end":{"line":102,"column":9}},"83":{"start":{"line":101,"column":12},"end":{"line":101,"column":19}},"84":{"start":{"line":103,"column":8},"end":{"line":103,"column":25}},"85":{"start":{"line":104,"column":8},"end":{"line":104,"column":27}},"86":{"start":{"line":106,"column":4},"end":{"line":113,"column":6}},"87":{"start":{"line":107,"column":8},"end":{"line":107,"column":23}},"88":{"start":{"line":108,"column":8},"end":{"line":108,"column":48}},"89":{"start":{"line":109,"column":8},"end":{"line":109,"column":35}},"90":{"start":{"line":110,"column":8},"end":{"line":112,"column":9}},"91":{"start":{"line":111,"column":12},"end":{"line":111,"column":41}},"92":{"start":{"line":114,"column":4},"end":{"line":125,"column":6}},"93":{"start":{"line":115,"column":8},"end":{"line":115,"column":23}},"94":{"start":{"line":116,"column":8},"end":{"line":116,"column":39}},"95":{"start":{"line":117,"column":8},"end":{"line":117,"column":35}},"96":{"start":{"line":119,"column":8},"end":{"line":119,"column":32}},"97":{"start":{"line":120,"column":8},"end":{"line":120,"column":35}},"98":{"start":{"line":121,"column":8},"end":{"line":123,"column":9}},"99":{"start":{"line":122,"column":12},"end":{"line":122,"column":40}},"100":{"start":{"line":124,"column":8},"end":{"line":124,"column":36}},"101":{"start":{"line":126,"column":4},"end":{"line":137,"column":6}},"102":{"start":{"line":127,"column":8},"end":{"line":127,"column":23}},"103":{"start":{"line":128,"column":8},"end":{"line":128,"column":39}},"104":{"start":{"line":129,"column":8},"end":{"line":129,"column":35}},"105":{"start":{"line":131,"column":8},"end":{"line":131,"column":32}},"106":{"start":{"line":132,"column":8},"end":{"line":132,"column":35}},"107":{"start":{"line":133,"column":8},"end":{"line":135,"column":9}},"108":{"start":{"line":134,"column":12},"end":{"line":134,"column":40}},"109":{"start":{"line":136,"column":8},"end":{"line":136,"column":36}},"110":{"start":{"line":138,"column":4},"end":{"line":138,"column":19}},"111":{"start":{"line":140,"column":0},"end":{"line":140,"column":26}},"112":{"start":{"line":141,"column":0},"end":{"line":171,"column":12}},"113":{"start":{"line":142,"column":4},"end":{"line":142,"column":44}},"114":{"start":{"line":143,"column":4},"end":{"line":147,"column":5}},"115":{"start":{"line":144,"column":8},"end":{"line":144,"column":26}},"116":{"start":{"line":145,"column":8},"end":{"line":145,"column":29}},"117":{"start":{"line":146,"column":8},"end":{"line":146,"column":39}},"118":{"start":{"line":148,"column":4},"end":{"line":151,"column":6}},"119":{"start":{"line":149,"column":8},"end":{"line":149,"column":37}},"120":{"start":{"line":150,"column":8},"end":{"line":150,"column":107}},"121":{"start":{"line":152,"column":4},"end":{"line":154,"column":6}},"122":{"start":{"line":153,"column":8},"end":{"line":153,"column":41}},"123":{"start":{"line":155,"column":4},"end":{"line":157,"column":6}},"124":{"start":{"line":156,"column":8},"end":{"line":156,"column":40}},"125":{"start":{"line":158,"column":4},"end":{"line":160,"column":6}},"126":{"start":{"line":159,"column":8},"end":{"line":159,"column":38}},"127":{"start":{"line":161,"column":4},"end":{"line":163,"column":6}},"128":{"start":{"line":162,"column":8},"end":{"line":162,"column":42}},"129":{"start":{"line":164,"column":4},"end":{"line":166,"column":6}},"130":{"start":{"line":165,"column":8},"end":{"line":165,"column":41}},"131":{"start":{"line":167,"column":4},"end":{"line":169,"column":6}},"132":{"start":{"line":168,"column":8},"end":{"line":168,"column":39}},"133":{"start":{"line":170,"column":4},"end":{"line":170,"column":32}}},"branchMap":{"1":{"line":1,"type":"binary-expr","locations":[{"start":{"line":1,"column":17},"end":{"line":1,"column":21}},{"start":{"line":1,"column":25},"end":{"line":1,"column":39}},{"start":{"line":1,"column":44},"end":{"line":5,"column":1}}]},"2":{"line":2,"type":"if","locations":[{"start":{"line":2,"column":21},"end":{"line":2,"column":21}},{"start":{"line":2,"column":21},"end":{"line":2,"column":21}}]},"3":{"line":4,"type":"cond-expr","locations":[{"start":{"line":4,"column":31},"end":{"line":4,"column":47}},{"start":{"line":4,"column":51},"end":{"line":4,"column":87}}]},"4":{"line":37,"type":"binary-expr","locations":[{"start":{"line":37,"column":53},"end":{"line":37,"column":69}},{"start":{"line":37,"column":73},"end":{"line":37,"column":77}}]},"5":{"line":42,"type":"if","locations":[{"start":{"line":42,"column":8},"end":{"line":42,"column":8}},{"start":{"line":42,"column":8},"end":{"line":42,"column":8}}]},"6":{"line":45,"type":"if","locations":[{"start":{"line":45,"column":13},"end":{"line":45,"column":13}},{"start":{"line":45,"column":13},"end":{"line":45,"column":13}}]},"7":{"line":49,"type":"if","locations":[{"start":{"line":49,"column":13},"end":{"line":49,"column":13}},{"start":{"line":49,"column":13},"end":{"line":49,"column":13}}]},"8":{"line":53,"type":"if","locations":[{"start":{"line":53,"column":13},"end":{"line":53,"column":13}},{"start":{"line":53,"column":13},"end":{"line":53,"column":13}}]},"9":{"line":70,"type":"if","locations":[{"start":{"line":70,"column":8},"end":{"line":70,"column":8}},{"start":{"line":70,"column":8},"end":{"line":70,"column":8}}]},"10":{"line":76,"type":"if","locations":[{"start":{"line":76,"column":8},"end":{"line":76,"column":8}},{"start":{"line":76,"column":8},"end":{"line":76,"column":8}}]},"11":{"line":79,"type":"if","locations":[{"start":{"line":79,"column":13},"end":{"line":79,"column":13}},{"start":{"line":79,"column":13},"end":{"line":79,"column":13}}]},"12":{"line":84,"type":"if","locations":[{"start":{"line":84,"column":8},"end":{"line":84,"column":8}},{"start":{"line":84,"column":8},"end":{"line":84,"column":8}}]},"13":{"line":84,"type":"binary-expr","locations":[{"start":{"line":84,"column":12},"end":{"line":84,"column":31}},{"start":{"line":84,"column":35},"end":{"line":84,"column":54}}]},"14":{"line":89,"type":"if","locations":[{"start":{"line":89,"column":8},"end":{"line":89,"column":8}},{"start":{"line":89,"column":8},"end":{"line":89,"column":8}}]},"15":{"line":96,"type":"if","locations":[{"start":{"line":96,"column":8},"end":{"line":96,"column":8}},{"start":{"line":96,"column":8},"end":{"line":96,"column":8}}]},"16":{"line":96,"type":"binary-expr","locations":[{"start":{"line":96,"column":12},"end":{"line":96,"column":31}},{"start":{"line":96,"column":35},"end":{"line":96,"column":51}}]},"17":{"line":100,"type":"if","locations":[{"start":{"line":100,"column":8},"end":{"line":100,"column":8}},{"start":{"line":100,"column":8},"end":{"line":100,"column":8}}]},"18":{"line":150,"type":"cond-expr","locations":[{"start":{"line":150,"column":67},"end":{"line":150,"column":92}},{"start":{"line":150,"column":95},"end":{"line":150,"column":105}}]}}},"/Users/blesh/GitHub/blesh/RxJS/dist/cjs/Observable.js":{"path":"/Users/blesh/GitHub/blesh/RxJS/dist/cjs/Observable.js","s":{"1":1,"2":1,"3":1,"4":1,"5":1,"6":1,"7":6493,"8":6493,"9":1312,"10":1,"11":911,"12":911,"13":911,"14":911,"15":1,"16":0,"17":1,"18":4449,"19":4449,"20":2419,"21":2272,"22":147,"23":128,"24":19,"25":2030,"26":2030,"27":4449,"28":4445,"29":1,"30":3,"31":3,"32":2,"33":1,"34":1,"35":1,"36":3,"37":0,"38":3,"39":3,"40":1,"41":948,"42":1,"43":10,"44":1,"45":1},"b":{"1":[1312,5181],"2":[2419,2030],"3":[4449,4427],"4":[2272,147],"5":[128,19],"6":[2,1],"7":[1,1],"8":[2,1,1],"9":[1,0],"10":[0,3]},"f":{"1":1,"2":6493,"3":911,"4":0,"5":4449,"6":3,"7":3,"8":948,"9":10},"fnMap":{"1":{"name":"(anonymous_1)","line":11,"loc":{"start":{"line":11,"column":18},"end":{"line":11,"column":30}}},"2":{"name":"Observable","line":19,"loc":{"start":{"line":19,"column":4},"end":{"line":19,"column":35}}},"3":{"name":"(anonymous_3)","line":32,"loc":{"start":{"line":32,"column":32},"end":{"line":32,"column":52}}},"4":{"name":"(anonymous_4)","line":43,"loc":{"start":{"line":43,"column":63},"end":{"line":43,"column":75}}},"5":{"name":"(anonymous_5)","line":57,"loc":{"start":{"line":57,"column":37},"end":{"line":57,"column":80}}},"6":{"name":"(anonymous_6)","line":84,"loc":{"start":{"line":84,"column":35},"end":{"line":84,"column":64}}},"7":{"name":"(anonymous_7)","line":97,"loc":{"start":{"line":97,"column":31},"end":{"line":97,"column":58}}},"8":{"name":"(anonymous_8)","line":101,"loc":{"start":{"line":101,"column":38},"end":{"line":101,"column":60}}},"9":{"name":"(anonymous_9)","line":113,"loc":{"start":{"line":113,"column":24},"end":{"line":113,"column":45}}}},"statementMap":{"1":{"start":{"line":1,"column":0},"end":{"line":1,"column":43}},"2":{"start":{"line":2,"column":0},"end":{"line":2,"column":36}},"3":{"start":{"line":3,"column":0},"end":{"line":3,"column":48}},"4":{"start":{"line":4,"column":0},"end":{"line":4,"column":54}},"5":{"start":{"line":11,"column":0},"end":{"line":117,"column":5}},"6":{"start":{"line":19,"column":4},"end":{"line":24,"column":5}},"7":{"start":{"line":20,"column":8},"end":{"line":20,"column":31}},"8":{"start":{"line":21,"column":8},"end":{"line":23,"column":9}},"9":{"start":{"line":22,"column":12},"end":{"line":22,"column":40}},"10":{"start":{"line":32,"column":4},"end":{"line":37,"column":6}},"11":{"start":{"line":33,"column":8},"end":{"line":33,"column":42}},"12":{"start":{"line":34,"column":8},"end":{"line":34,"column":33}},"13":{"start":{"line":35,"column":8},"end":{"line":35,"column":39}},"14":{"start":{"line":36,"column":8},"end":{"line":36,"column":26}},"15":{"start":{"line":43,"column":4},"end":{"line":45,"column":6}},"16":{"start":{"line":44,"column":8},"end":{"line":44,"column":20}},"17":{"start":{"line":57,"column":4},"end":{"line":76,"column":6}},"18":{"start":{"line":58,"column":8},"end":{"line":58,"column":23}},"19":{"start":{"line":59,"column":8},"end":{"line":73,"column":9}},"20":{"start":{"line":60,"column":12},"end":{"line":68,"column":13}},"21":{"start":{"line":61,"column":16},"end":{"line":61,"column":44}},"22":{"start":{"line":63,"column":17},"end":{"line":68,"column":13}},"23":{"start":{"line":64,"column":16},"end":{"line":64,"column":75}},"24":{"start":{"line":67,"column":16},"end":{"line":67,"column":73}},"25":{"start":{"line":71,"column":12},"end":{"line":71,"column":38}},"26":{"start":{"line":72,"column":12},"end":{"line":72,"column":79}},"27":{"start":{"line":74,"column":8},"end":{"line":74,"column":52}},"28":{"start":{"line":75,"column":8},"end":{"line":75,"column":26}},"29":{"start":{"line":84,"column":4},"end":{"line":100,"column":6}},"30":{"start":{"line":85,"column":8},"end":{"line":85,"column":25}},"31":{"start":{"line":86,"column":8},"end":{"line":93,"column":9}},"32":{"start":{"line":87,"column":12},"end":{"line":92,"column":13}},"33":{"start":{"line":88,"column":16},"end":{"line":88,"column":60}},"34":{"start":{"line":90,"column":17},"end":{"line":92,"column":13}},"35":{"start":{"line":91,"column":16},"end":{"line":91,"column":50}},"36":{"start":{"line":94,"column":8},"end":{"line":96,"column":9}},"37":{"start":{"line":95,"column":12},"end":{"line":95,"column":53}},"38":{"start":{"line":97,"column":8},"end":{"line":99,"column":11}},"39":{"start":{"line":98,"column":12},"end":{"line":98,"column":51}},"40":{"start":{"line":101,"column":4},"end":{"line":103,"column":6}},"41":{"start":{"line":102,"column":8},"end":{"line":102,"column":70}},"42":{"start":{"line":113,"column":4},"end":{"line":115,"column":6}},"43":{"start":{"line":114,"column":8},"end":{"line":114,"column":41}},"44":{"start":{"line":116,"column":4},"end":{"line":116,"column":22}},"45":{"start":{"line":118,"column":0},"end":{"line":118,"column":32}}},"branchMap":{"1":{"line":21,"type":"if","locations":[{"start":{"line":21,"column":8},"end":{"line":21,"column":8}},{"start":{"line":21,"column":8},"end":{"line":21,"column":8}}]},"2":{"line":59,"type":"if","locations":[{"start":{"line":59,"column":8},"end":{"line":59,"column":8}},{"start":{"line":59,"column":8},"end":{"line":59,"column":8}}]},"3":{"line":59,"type":"binary-expr","locations":[{"start":{"line":59,"column":12},"end":{"line":59,"column":26}},{"start":{"line":59,"column":30},"end":{"line":59,"column":64}}]},"4":{"line":60,"type":"if","locations":[{"start":{"line":60,"column":12},"end":{"line":60,"column":12}},{"start":{"line":60,"column":12},"end":{"line":60,"column":12}}]},"5":{"line":63,"type":"if","locations":[{"start":{"line":63,"column":17},"end":{"line":63,"column":17}},{"start":{"line":63,"column":17},"end":{"line":63,"column":17}}]},"6":{"line":86,"type":"if","locations":[{"start":{"line":86,"column":8},"end":{"line":86,"column":8}},{"start":{"line":86,"column":8},"end":{"line":86,"column":8}}]},"7":{"line":87,"type":"if","locations":[{"start":{"line":87,"column":12},"end":{"line":87,"column":12}},{"start":{"line":87,"column":12},"end":{"line":87,"column":12}}]},"8":{"line":87,"type":"binary-expr","locations":[{"start":{"line":87,"column":16},"end":{"line":87,"column":30}},{"start":{"line":87,"column":34},"end":{"line":87,"column":55}},{"start":{"line":87,"column":59},"end":{"line":87,"column":88}}]},"9":{"line":90,"type":"if","locations":[{"start":{"line":90,"column":17},"end":{"line":90,"column":17}},{"start":{"line":90,"column":17},"end":{"line":90,"column":17}}]},"10":{"line":94,"type":"if","locations":[{"start":{"line":94,"column":8},"end":{"line":94,"column":8}},{"start":{"line":94,"column":8},"end":{"line":94,"column":8}}]}}},"/Users/blesh/GitHub/blesh/RxJS/dist/cjs/Subscriber.js":{"path":"/Users/blesh/GitHub/blesh/RxJS/dist/cjs/Subscriber.js","s":{"1":1,"2":1,"3":1,"4":1,"5":1,"6":1,"7":1,"8":1,"9":1,"10":1,"11":1,"12":1,"13":1,"14":1,"15":1,"16":10463,"17":10462,"18":10462,"19":10462,"20":8406,"21":2056,"22":2056,"23":102,"24":1954,"25":1934,"26":1,"27":1,"28":1,"29":139857,"30":139857,"31":51709,"32":88148,"33":14686,"34":14686,"35":0,"36":14686,"37":1,"38":2038,"39":2038,"40":2038,"41":2038,"42":2038,"43":1,"44":16073,"45":16073,"46":3708,"47":12365,"48":1,"49":2307,"50":1062,"51":1245,"52":1,"53":7563,"54":1749,"55":5814,"56":1592,"57":4222,"58":1,"59":50,"60":50,"61":50,"62":1,"63":177,"64":177,"65":177,"66":1,"67":228,"68":228,"69":226,"70":1,"71":36569,"72":32795,"73":1,"74":1252,"75":1223,"76":1218,"77":1,"78":7383,"79":7325,"80":3543,"81":1,"82":1},"b":{"1":[1,1,1],"2":[1,0],"3":[0,1],"4":[8406,2056],"5":[102,1954],"6":[1934,20],"7":[51709,88148],"8":[51709,51675],"9":[0,14686],"10":[2038,2016,22],"11":[2038,1861,177],"12":[2038,1925,113],"13":[3708,12365],"14":[1062,1245],"15":[1749,5814],"16":[1592,4222],"17":[50,0],"18":[177,0],"19":[226,2],"20":[32795,3774],"21":[1223,29],"22":[7325,58]},"f":{"1":1,"2":1,"3":1,"4":10463,"5":1,"6":139857,"7":14686,"8":2038,"9":16073,"10":2307,"11":7563,"12":50,"13":177,"14":228,"15":36569,"16":1252,"17":7383},"fnMap":{"1":{"name":"(anonymous_1)","line":1,"loc":{"start":{"line":1,"column":44},"end":{"line":1,"column":60}}},"2":{"name":"__","line":3,"loc":{"start":{"line":3,"column":4},"end":{"line":3,"column":18}}},"3":{"name":"(anonymous_3)","line":11,"loc":{"start":{"line":11,"column":18},"end":{"line":11,"column":36}}},"4":{"name":"Subscriber","line":13,"loc":{"start":{"line":13,"column":4},"end":{"line":13,"column":37}}},"5":{"name":"(anonymous_5)","line":28,"loc":{"start":{"line":28,"column":56},"end":{"line":28,"column":68}}},"6":{"name":"(anonymous_6)","line":32,"loc":{"start":{"line":32,"column":13},"end":{"line":32,"column":25}}},"7":{"name":"(anonymous_7)","line":42,"loc":{"start":{"line":42,"column":13},"end":{"line":42,"column":30}}},"8":{"name":"(anonymous_8)","line":55,"loc":{"start":{"line":55,"column":24},"end":{"line":55,"column":57}}},"9":{"name":"(anonymous_9)","line":62,"loc":{"start":{"line":62,"column":31},"end":{"line":62,"column":46}}},"10":{"name":"(anonymous_10)","line":72,"loc":{"start":{"line":72,"column":34},"end":{"line":72,"column":49}}},"11":{"name":"(anonymous_11)","line":81,"loc":{"start":{"line":81,"column":39},"end":{"line":81,"column":51}}},"12":{"name":"(anonymous_12)","line":92,"loc":{"start":{"line":92,"column":33},"end":{"line":92,"column":50}}},"13":{"name":"(anonymous_13)","line":98,"loc":{"start":{"line":98,"column":34},"end":{"line":98,"column":49}}},"14":{"name":"(anonymous_14)","line":104,"loc":{"start":{"line":104,"column":37},"end":{"line":104,"column":49}}},"15":{"name":"(anonymous_15)","line":110,"loc":{"start":{"line":110,"column":32},"end":{"line":110,"column":49}}},"16":{"name":"(anonymous_16)","line":115,"loc":{"start":{"line":115,"column":33},"end":{"line":115,"column":48}}},"17":{"name":"(anonymous_17)","line":121,"loc":{"start":{"line":121,"column":36},"end":{"line":121,"column":48}}}},"statementMap":{"1":{"start":{"line":1,"column":0},"end":{"line":5,"column":2}},"2":{"start":{"line":2,"column":4},"end":{"line":2,"column":58}},"3":{"start":{"line":2,"column":21},"end":{"line":2,"column":58}},"4":{"start":{"line":2,"column":46},"end":{"line":2,"column":58}},"5":{"start":{"line":3,"column":4},"end":{"line":3,"column":43}},"6":{"start":{"line":3,"column":20},"end":{"line":3,"column":41}},"7":{"start":{"line":4,"column":4},"end":{"line":4,"column":89}},"8":{"start":{"line":6,"column":0},"end":{"line":6,"column":36}},"9":{"start":{"line":7,"column":0},"end":{"line":7,"column":48}},"10":{"start":{"line":8,"column":0},"end":{"line":8,"column":52}},"11":{"start":{"line":9,"column":0},"end":{"line":9,"column":47}},"12":{"start":{"line":10,"column":0},"end":{"line":10,"column":54}},"13":{"start":{"line":11,"column":0},"end":{"line":128,"column":32}},"14":{"start":{"line":12,"column":4},"end":{"line":12,"column":34}},"15":{"start":{"line":13,"column":4},"end":{"line":27,"column":5}},"16":{"start":{"line":14,"column":8},"end":{"line":14,"column":26}},"17":{"start":{"line":15,"column":8},"end":{"line":15,"column":39}},"18":{"start":{"line":16,"column":8},"end":{"line":16,"column":37}},"19":{"start":{"line":17,"column":8},"end":{"line":19,"column":9}},"20":{"start":{"line":18,"column":12},"end":{"line":18,"column":19}},"21":{"start":{"line":20,"column":8},"end":{"line":20,"column":53}},"22":{"start":{"line":21,"column":8},"end":{"line":26,"column":9}},"23":{"start":{"line":22,"column":12},"end":{"line":22,"column":46}},"24":{"start":{"line":24,"column":13},"end":{"line":26,"column":9}},"25":{"start":{"line":25,"column":12},"end":{"line":25,"column":45}},"26":{"start":{"line":28,"column":4},"end":{"line":30,"column":6}},"27":{"start":{"line":29,"column":8},"end":{"line":29,"column":20}},"28":{"start":{"line":31,"column":4},"end":{"line":54,"column":7}},"29":{"start":{"line":33,"column":12},"end":{"line":33,"column":50}},"30":{"start":{"line":34,"column":12},"end":{"line":40,"column":13}},"31":{"start":{"line":36,"column":16},"end":{"line":36,"column":75}},"32":{"start":{"line":39,"column":16},"end":{"line":39,"column":44}},"33":{"start":{"line":43,"column":12},"end":{"line":43,"column":50}},"34":{"start":{"line":44,"column":12},"end":{"line":50,"column":13}},"35":{"start":{"line":46,"column":16},"end":{"line":46,"column":61}},"36":{"start":{"line":49,"column":16},"end":{"line":49,"column":54}},"37":{"start":{"line":55,"column":4},"end":{"line":61,"column":6}},"38":{"start":{"line":56,"column":8},"end":{"line":56,"column":42}},"39":{"start":{"line":57,"column":8},"end":{"line":57,"column":108}},"40":{"start":{"line":58,"column":8},"end":{"line":58,"column":94}},"41":{"start":{"line":59,"column":8},"end":{"line":59,"column":91}},"42":{"start":{"line":60,"column":8},"end":{"line":60,"column":26}},"43":{"start":{"line":62,"column":4},"end":{"line":71,"column":6}},"44":{"start":{"line":64,"column":8},"end":{"line":64,"column":47}},"45":{"start":{"line":65,"column":8},"end":{"line":70,"column":9}},"46":{"start":{"line":66,"column":12},"end":{"line":66,"column":35}},"47":{"start":{"line":69,"column":12},"end":{"line":69,"column":49}},"48":{"start":{"line":72,"column":4},"end":{"line":80,"column":6}},"49":{"start":{"line":74,"column":8},"end":{"line":79,"column":9}},"50":{"start":{"line":75,"column":12},"end":{"line":75,"column":43}},"51":{"start":{"line":78,"column":12},"end":{"line":78,"column":52}},"52":{"start":{"line":81,"column":4},"end":{"line":91,"column":6}},"53":{"start":{"line":82,"column":8},"end":{"line":90,"column":9}},"54":{"start":{"line":83,"column":12},"end":{"line":83,"column":19}},"55":{"start":{"line":85,"column":13},"end":{"line":90,"column":9}},"56":{"start":{"line":86,"column":12},"end":{"line":86,"column":40}},"57":{"start":{"line":89,"column":12},"end":{"line":89,"column":52}},"58":{"start":{"line":92,"column":4},"end":{"line":97,"column":6}},"59":{"start":{"line":93,"column":8},"end":{"line":93,"column":43}},"60":{"start":{"line":94,"column":8},"end":{"line":96,"column":9}},"61":{"start":{"line":95,"column":12},"end":{"line":95,"column":36}},"62":{"start":{"line":98,"column":4},"end":{"line":103,"column":6}},"63":{"start":{"line":99,"column":8},"end":{"line":99,"column":43}},"64":{"start":{"line":100,"column":8},"end":{"line":102,"column":9}},"65":{"start":{"line":101,"column":12},"end":{"line":101,"column":35}},"66":{"start":{"line":104,"column":4},"end":{"line":109,"column":6}},"67":{"start":{"line":105,"column":8},"end":{"line":105,"column":43}},"68":{"start":{"line":106,"column":8},"end":{"line":108,"column":9}},"69":{"start":{"line":107,"column":12},"end":{"line":107,"column":35}},"70":{"start":{"line":110,"column":4},"end":{"line":114,"column":6}},"71":{"start":{"line":111,"column":8},"end":{"line":113,"column":9}},"72":{"start":{"line":112,"column":12},"end":{"line":112,"column":30}},"73":{"start":{"line":115,"column":4},"end":{"line":120,"column":6}},"74":{"start":{"line":116,"column":8},"end":{"line":119,"column":9}},"75":{"start":{"line":117,"column":12},"end":{"line":117,"column":29}},"76":{"start":{"line":118,"column":12},"end":{"line":118,"column":31}},"77":{"start":{"line":121,"column":4},"end":{"line":126,"column":6}},"78":{"start":{"line":122,"column":8},"end":{"line":125,"column":9}},"79":{"start":{"line":123,"column":12},"end":{"line":123,"column":29}},"80":{"start":{"line":124,"column":12},"end":{"line":124,"column":31}},"81":{"start":{"line":127,"column":4},"end":{"line":127,"column":22}},"82":{"start":{"line":129,"column":0},"end":{"line":129,"column":32}}},"branchMap":{"1":{"line":1,"type":"binary-expr","locations":[{"start":{"line":1,"column":17},"end":{"line":1,"column":21}},{"start":{"line":1,"column":25},"end":{"line":1,"column":39}},{"start":{"line":1,"column":44},"end":{"line":5,"column":1}}]},"2":{"line":2,"type":"if","locations":[{"start":{"line":2,"column":21},"end":{"line":2,"column":21}},{"start":{"line":2,"column":21},"end":{"line":2,"column":21}}]},"3":{"line":4,"type":"cond-expr","locations":[{"start":{"line":4,"column":31},"end":{"line":4,"column":47}},{"start":{"line":4,"column":51},"end":{"line":4,"column":87}}]},"4":{"line":17,"type":"if","locations":[{"start":{"line":17,"column":8},"end":{"line":17,"column":8}},{"start":{"line":17,"column":8},"end":{"line":17,"column":8}}]},"5":{"line":21,"type":"if","locations":[{"start":{"line":21,"column":8},"end":{"line":21,"column":8}},{"start":{"line":21,"column":8},"end":{"line":21,"column":8}}]},"6":{"line":24,"type":"if","locations":[{"start":{"line":24,"column":13},"end":{"line":24,"column":13}},{"start":{"line":24,"column":13},"end":{"line":24,"column":13}}]},"7":{"line":34,"type":"if","locations":[{"start":{"line":34,"column":12},"end":{"line":34,"column":12}},{"start":{"line":34,"column":12},"end":{"line":34,"column":12}}]},"8":{"line":36,"type":"binary-expr","locations":[{"start":{"line":36,"column":23},"end":{"line":36,"column":43}},{"start":{"line":36,"column":47},"end":{"line":36,"column":74}}]},"9":{"line":44,"type":"if","locations":[{"start":{"line":44,"column":12},"end":{"line":44,"column":12}},{"start":{"line":44,"column":12},"end":{"line":44,"column":12}}]},"10":{"line":57,"type":"binary-expr","locations":[{"start":{"line":57,"column":28},"end":{"line":57,"column":54}},{"start":{"line":57,"column":59},"end":{"line":57,"column":92}},{"start":{"line":57,"column":96},"end":{"line":57,"column":107}}]},"11":{"line":58,"type":"binary-expr","locations":[{"start":{"line":58,"column":29},"end":{"line":58,"column":56}},{"start":{"line":58,"column":61},"end":{"line":58,"column":66}},{"start":{"line":58,"column":70},"end":{"line":58,"column":93}}]},"12":{"line":59,"type":"binary-expr","locations":[{"start":{"line":59,"column":32},"end":{"line":59,"column":62}},{"start":{"line":59,"column":67},"end":{"line":59,"column":75}},{"start":{"line":59,"column":79},"end":{"line":59,"column":90}}]},"13":{"line":65,"type":"if","locations":[{"start":{"line":65,"column":8},"end":{"line":65,"column":8}},{"start":{"line":65,"column":8},"end":{"line":65,"column":8}}]},"14":{"line":74,"type":"if","locations":[{"start":{"line":74,"column":8},"end":{"line":74,"column":8}},{"start":{"line":74,"column":8},"end":{"line":74,"column":8}}]},"15":{"line":82,"type":"if","locations":[{"start":{"line":82,"column":8},"end":{"line":82,"column":8}},{"start":{"line":82,"column":8},"end":{"line":82,"column":8}}]},"16":{"line":85,"type":"if","locations":[{"start":{"line":85,"column":13},"end":{"line":85,"column":13}},{"start":{"line":85,"column":13},"end":{"line":85,"column":13}}]},"17":{"line":94,"type":"if","locations":[{"start":{"line":94,"column":8},"end":{"line":94,"column":8}},{"start":{"line":94,"column":8},"end":{"line":94,"column":8}}]},"18":{"line":100,"type":"if","locations":[{"start":{"line":100,"column":8},"end":{"line":100,"column":8}},{"start":{"line":100,"column":8},"end":{"line":100,"column":8}}]},"19":{"line":106,"type":"if","locations":[{"start":{"line":106,"column":8},"end":{"line":106,"column":8}},{"start":{"line":106,"column":8},"end":{"line":106,"column":8}}]},"20":{"line":111,"type":"if","locations":[{"start":{"line":111,"column":8},"end":{"line":111,"column":8}},{"start":{"line":111,"column":8},"end":{"line":111,"column":8}}]},"21":{"line":116,"type":"if","locations":[{"start":{"line":116,"column":8},"end":{"line":116,"column":8}},{"start":{"line":116,"column":8},"end":{"line":116,"column":8}}]},"22":{"line":122,"type":"if","locations":[{"start":{"line":122,"column":8},"end":{"line":122,"column":8}},{"start":{"line":122,"column":8},"end":{"line":122,"column":8}}]}}},"/Users/blesh/GitHub/blesh/RxJS/dist/cjs/util/noop.js":{"path":"/Users/blesh/GitHub/blesh/RxJS/dist/cjs/util/noop.js","s":{"1":1,"2":1},"b":{},"f":{"1":7826},"fnMap":{"1":{"name":"noop","line":2,"loc":{"start":{"line":2,"column":0},"end":{"line":2,"column":16}}}},"statementMap":{"1":{"start":{"line":2,"column":0},"end":{"line":2,"column":19}},"2":{"start":{"line":3,"column":0},"end":{"line":3,"column":20}}},"branchMap":{}},"/Users/blesh/GitHub/blesh/RxJS/dist/cjs/util/throwError.js":{"path":"/Users/blesh/GitHub/blesh/RxJS/dist/cjs/util/throwError.js","s":{"1":1,"2":6,"3":1},"b":{},"f":{"1":6},"fnMap":{"1":{"name":"throwError","line":1,"loc":{"start":{"line":1,"column":0},"end":{"line":1,"column":23}}}},"statementMap":{"1":{"start":{"line":1,"column":0},"end":{"line":1,"column":35}},"2":{"start":{"line":1,"column":25},"end":{"line":1,"column":33}},"3":{"start":{"line":2,"column":0},"end":{"line":2,"column":32}}},"branchMap":{}},"/Users/blesh/GitHub/blesh/RxJS/dist/cjs/util/tryOrOnError.js":{"path":"/Users/blesh/GitHub/blesh/RxJS/dist/cjs/util/tryOrOnError.js","s":{"1":1,"2":1,"3":4521,"4":4521,"5":4,"6":2016,"7":2016,"8":1},"b":{},"f":{"1":2016,"2":4521},"fnMap":{"1":{"name":"tryOrOnError","line":1,"loc":{"start":{"line":1,"column":0},"end":{"line":1,"column":30}}},"2":{"name":"tryCatcher","line":2,"loc":{"start":{"line":2,"column":4},"end":{"line":2,"column":26}}}},"statementMap":{"1":{"start":{"line":1,"column":0},"end":{"line":12,"column":1}},"2":{"start":{"line":2,"column":4},"end":{"line":9,"column":5}},"3":{"start":{"line":3,"column":8},"end":{"line":8,"column":9}},"4":{"start":{"line":4,"column":12},"end":{"line":4,"column":53}},"5":{"start":{"line":7,"column":12},"end":{"line":7,"column":26}},"6":{"start":{"line":10,"column":4},"end":{"line":10,"column":31}},"7":{"start":{"line":11,"column":4},"end":{"line":11,"column":22}},"8":{"start":{"line":13,"column":0},"end":{"line":13,"column":36}}},"branchMap":{}},"/Users/blesh/GitHub/blesh/RxJS/dist/cjs/Subscription.js":{"path":"/Users/blesh/GitHub/blesh/RxJS/dist/cjs/Subscription.js","s":{"1":1,"2":1,"3":1,"4":26832,"5":26831,"6":2682,"7":1,"8":7662,"9":1,"10":12146,"11":73,"12":12073,"13":12073,"14":12073,"15":12073,"16":12073,"17":10383,"18":12073,"19":3957,"20":3957,"21":3957,"22":9281,"23":1,"24":13552,"25":2381,"26":11171,"27":11171,"28":8,"29":11171,"30":201,"31":10970,"32":55,"33":10915,"34":10915,"35":10970,"36":0,"37":1,"38":1252,"39":0,"40":1252,"41":1252,"42":1198,"43":1198,"44":836,"45":1,"46":1,"47":1,"48":1,"49":1},"b":{"1":[2682,24149],"2":[73,12073],"3":[10383,1690],"4":[3957,8116],"5":[2381,11171],"6":[13552,12254,11171],"7":[8,11171,0],"8":[201,10970],"9":[11171,10970],"10":[55,10915],"11":[10915,4376],"12":[0,1252],"13":[1252,1252,1252],"14":[1198,54],"15":[836,362]},"f":{"1":1,"2":26832,"3":7662,"4":12146,"5":13552,"6":1252,"7":1},"fnMap":{"1":{"name":"(anonymous_1)","line":2,"loc":{"start":{"line":2,"column":20},"end":{"line":2,"column":32}}},"2":{"name":"Subscription","line":3,"loc":{"start":{"line":3,"column":4},"end":{"line":3,"column":40}}},"3":{"name":"(anonymous_3)","line":9,"loc":{"start":{"line":9,"column":42},"end":{"line":9,"column":54}}},"4":{"name":"(anonymous_4)","line":12,"loc":{"start":{"line":12,"column":41},"end":{"line":12,"column":53}}},"5":{"name":"(anonymous_5)","line":31,"loc":{"start":{"line":31,"column":33},"end":{"line":31,"column":57}}},"6":{"name":"(anonymous_6)","line":59,"loc":{"start":{"line":59,"column":36},"end":{"line":59,"column":60}}},"7":{"name":"(anonymous_7)","line":75,"loc":{"start":{"line":75,"column":26},"end":{"line":75,"column":43}}}},"statementMap":{"1":{"start":{"line":1,"column":0},"end":{"line":1,"column":36}},"2":{"start":{"line":2,"column":0},"end":{"line":80,"column":5}},"3":{"start":{"line":3,"column":4},"end":{"line":8,"column":5}},"4":{"start":{"line":4,"column":8},"end":{"line":4,"column":36}},"5":{"start":{"line":5,"column":8},"end":{"line":7,"column":9}},"6":{"start":{"line":6,"column":12},"end":{"line":6,"column":45}},"7":{"start":{"line":9,"column":4},"end":{"line":11,"column":6}},"8":{"start":{"line":10,"column":8},"end":{"line":10,"column":22}},"9":{"start":{"line":12,"column":4},"end":{"line":30,"column":6}},"10":{"start":{"line":13,"column":8},"end":{"line":15,"column":9}},"11":{"start":{"line":14,"column":12},"end":{"line":14,"column":19}},"12":{"start":{"line":16,"column":8},"end":{"line":16,"column":35}},"13":{"start":{"line":17,"column":8},"end":{"line":17,"column":44}},"14":{"start":{"line":18,"column":8},"end":{"line":18,"column":48}},"15":{"start":{"line":19,"column":8},"end":{"line":19,"column":37}},"16":{"start":{"line":20,"column":8},"end":{"line":22,"column":9}},"17":{"start":{"line":21,"column":12},"end":{"line":21,"column":35}},"18":{"start":{"line":23,"column":8},"end":{"line":29,"column":9}},"19":{"start":{"line":24,"column":12},"end":{"line":24,"column":27}},"20":{"start":{"line":25,"column":12},"end":{"line":25,"column":43}},"21":{"start":{"line":26,"column":12},"end":{"line":28,"column":13}},"22":{"start":{"line":27,"column":16},"end":{"line":27,"column":51}},"23":{"start":{"line":31,"column":4},"end":{"line":58,"column":6}},"24":{"start":{"line":36,"column":8},"end":{"line":38,"column":9}},"25":{"start":{"line":37,"column":12},"end":{"line":37,"column":19}},"26":{"start":{"line":39,"column":8},"end":{"line":39,"column":31}},"27":{"start":{"line":40,"column":8},"end":{"line":57,"column":9}},"28":{"start":{"line":42,"column":16},"end":{"line":42,"column":53}},"29":{"start":{"line":44,"column":16},"end":{"line":53,"column":17}},"30":{"start":{"line":45,"column":20},"end":{"line":45,"column":26}},"31":{"start":{"line":47,"column":21},"end":{"line":53,"column":17}},"32":{"start":{"line":48,"column":20},"end":{"line":48,"column":38}},"33":{"start":{"line":51,"column":20},"end":{"line":51,"column":90}},"34":{"start":{"line":52,"column":20},"end":{"line":52,"column":44}},"35":{"start":{"line":54,"column":16},"end":{"line":54,"column":22}},"36":{"start":{"line":56,"column":16},"end":{"line":56,"column":105}},"37":{"start":{"line":59,"column":4},"end":{"line":74,"column":6}},"38":{"start":{"line":64,"column":8},"end":{"line":66,"column":9}},"39":{"start":{"line":65,"column":12},"end":{"line":65,"column":19}},"40":{"start":{"line":67,"column":8},"end":{"line":67,"column":48}},"41":{"start":{"line":68,"column":8},"end":{"line":73,"column":9}},"42":{"start":{"line":69,"column":12},"end":{"line":69,"column":72}},"43":{"start":{"line":70,"column":12},"end":{"line":72,"column":13}},"44":{"start":{"line":71,"column":16},"end":{"line":71,"column":59}},"45":{"start":{"line":75,"column":4},"end":{"line":78,"column":27}},"46":{"start":{"line":76,"column":8},"end":{"line":76,"column":36}},"47":{"start":{"line":77,"column":8},"end":{"line":77,"column":21}},"48":{"start":{"line":79,"column":4},"end":{"line":79,"column":24}},"49":{"start":{"line":81,"column":0},"end":{"line":81,"column":36}}},"branchMap":{"1":{"line":5,"type":"if","locations":[{"start":{"line":5,"column":8},"end":{"line":5,"column":8}},{"start":{"line":5,"column":8},"end":{"line":5,"column":8}}]},"2":{"line":13,"type":"if","locations":[{"start":{"line":13,"column":8},"end":{"line":13,"column":8}},{"start":{"line":13,"column":8},"end":{"line":13,"column":8}}]},"3":{"line":20,"type":"if","locations":[{"start":{"line":20,"column":8},"end":{"line":20,"column":8}},{"start":{"line":20,"column":8},"end":{"line":20,"column":8}}]},"4":{"line":23,"type":"if","locations":[{"start":{"line":23,"column":8},"end":{"line":23,"column":8}},{"start":{"line":23,"column":8},"end":{"line":23,"column":8}}]},"5":{"line":36,"type":"if","locations":[{"start":{"line":36,"column":8},"end":{"line":36,"column":8}},{"start":{"line":36,"column":8},"end":{"line":36,"column":8}}]},"6":{"line":36,"type":"binary-expr","locations":[{"start":{"line":36,"column":12},"end":{"line":36,"column":25}},{"start":{"line":36,"column":30},"end":{"line":36,"column":51}},{"start":{"line":36,"column":57},"end":{"line":36,"column":92}}]},"7":{"line":40,"type":"switch","locations":[{"start":{"line":41,"column":12},"end":{"line":42,"column":53}},{"start":{"line":43,"column":12},"end":{"line":54,"column":22}},{"start":{"line":55,"column":12},"end":{"line":56,"column":105}}]},"8":{"line":44,"type":"if","locations":[{"start":{"line":44,"column":16},"end":{"line":44,"column":16}},{"start":{"line":44,"column":16},"end":{"line":44,"column":16}}]},"9":{"line":44,"type":"binary-expr","locations":[{"start":{"line":44,"column":20},"end":{"line":44,"column":38}},{"start":{"line":44,"column":42},"end":{"line":44,"column":79}}]},"10":{"line":47,"type":"if","locations":[{"start":{"line":47,"column":21},"end":{"line":47,"column":21}},{"start":{"line":47,"column":21},"end":{"line":47,"column":21}}]},"11":{"line":51,"type":"binary-expr","locations":[{"start":{"line":51,"column":40},"end":{"line":51,"column":59}},{"start":{"line":51,"column":64},"end":{"line":51,"column":88}}]},"12":{"line":64,"type":"if","locations":[{"start":{"line":64,"column":8},"end":{"line":64,"column":8}},{"start":{"line":64,"column":8},"end":{"line":64,"column":8}}]},"13":{"line":64,"type":"binary-expr","locations":[{"start":{"line":64,"column":12},"end":{"line":64,"column":32}},{"start":{"line":64,"column":37},"end":{"line":64,"column":58}},{"start":{"line":64,"column":64},"end":{"line":64,"column":99}}]},"14":{"line":68,"type":"if","locations":[{"start":{"line":68,"column":8},"end":{"line":68,"column":8}},{"start":{"line":68,"column":8},"end":{"line":68,"column":8}}]},"15":{"line":70,"type":"if","locations":[{"start":{"line":70,"column":12},"end":{"line":70,"column":12}},{"start":{"line":70,"column":12},"end":{"line":70,"column":12}}]}}},"/Users/blesh/GitHub/blesh/RxJS/dist/cjs/symbol/rxSubscriber.js":{"path":"/Users/blesh/GitHub/blesh/RxJS/dist/cjs/symbol/rxSubscriber.js","s":{"1":1,"2":1},"b":{},"f":{},"fnMap":{},"statementMap":{"1":{"start":{"line":1,"column":0},"end":{"line":1,"column":49}},"2":{"start":{"line":8,"column":0},"end":{"line":8,"column":67}}},"branchMap":{}},"/Users/blesh/GitHub/blesh/RxJS/dist/cjs/util/SymbolShim.js":{"path":"/Users/blesh/GitHub/blesh/RxJS/dist/cjs/util/SymbolShim.js","s":{"1":1,"2":1,"3":6,"4":6,"5":6,"6":6,"7":1,"8":1,"9":6,"10":3,"11":6,"12":1,"13":1,"14":7,"15":1,"16":1,"17":9,"18":7,"19":5,"20":2,"21":1,"22":1,"23":1,"24":1,"25":12,"26":12,"27":1,"28":1,"29":0,"30":1,"31":1,"32":6,"33":5,"34":5,"35":0,"36":1,"37":1},"b":{"1":[3,3],"2":[7,2],"3":[5,2],"4":[1,1],"5":[2,1],"6":[1,0],"7":[1,11],"8":[12,11,10],"9":[5,1],"10":[5,0]},"f":{"1":6,"2":6,"3":7,"4":9,"5":6},"fnMap":{"1":{"name":"polyfillSymbol","line":2,"loc":{"start":{"line":2,"column":0},"end":{"line":2,"column":30}}},"2":{"name":"ensureSymbol","line":9,"loc":{"start":{"line":9,"column":0},"end":{"line":9,"column":28}}},"3":{"name":"symbolForPolyfill","line":18,"loc":{"start":{"line":18,"column":0},"end":{"line":18,"column":32}}},"4":{"name":"ensureIterator","line":22,"loc":{"start":{"line":22,"column":0},"end":{"line":22,"column":38}}},"5":{"name":"ensureObservable","line":48,"loc":{"start":{"line":48,"column":0},"end":{"line":48,"column":34}}}},"statementMap":{"1":{"start":{"line":1,"column":0},"end":{"line":1,"column":31}},"2":{"start":{"line":2,"column":0},"end":{"line":7,"column":1}},"3":{"start":{"line":3,"column":4},"end":{"line":3,"column":36}},"4":{"start":{"line":4,"column":4},"end":{"line":4,"column":33}},"5":{"start":{"line":5,"column":4},"end":{"line":5,"column":29}},"6":{"start":{"line":6,"column":4},"end":{"line":6,"column":18}},"7":{"start":{"line":8,"column":0},"end":{"line":8,"column":40}},"8":{"start":{"line":9,"column":0},"end":{"line":16,"column":1}},"9":{"start":{"line":10,"column":4},"end":{"line":14,"column":5}},"10":{"start":{"line":11,"column":8},"end":{"line":13,"column":10}},"11":{"start":{"line":15,"column":4},"end":{"line":15,"column":23}},"12":{"start":{"line":17,"column":0},"end":{"line":17,"column":36}},"13":{"start":{"line":18,"column":0},"end":{"line":20,"column":1}},"14":{"start":{"line":19,"column":4},"end":{"line":19,"column":22}},"15":{"start":{"line":21,"column":0},"end":{"line":21,"column":46}},"16":{"start":{"line":22,"column":0},"end":{"line":46,"column":1}},"17":{"start":{"line":23,"column":4},"end":{"line":45,"column":5}},"18":{"start":{"line":24,"column":8},"end":{"line":44,"column":9}},"19":{"start":{"line":25,"column":12},"end":{"line":25,"column":53}},"20":{"start":{"line":27,"column":13},"end":{"line":44,"column":9}},"21":{"start":{"line":29,"column":12},"end":{"line":29,"column":43}},"22":{"start":{"line":31,"column":13},"end":{"line":44,"column":9}},"23":{"start":{"line":33,"column":12},"end":{"line":33,"column":70}},"24":{"start":{"line":34,"column":12},"end":{"line":40,"column":13}},"25":{"start":{"line":35,"column":16},"end":{"line":35,"column":34}},"26":{"start":{"line":36,"column":16},"end":{"line":39,"column":17}},"27":{"start":{"line":37,"column":20},"end":{"line":37,"column":42}},"28":{"start":{"line":38,"column":20},"end":{"line":38,"column":26}},"29":{"start":{"line":43,"column":12},"end":{"line":43,"column":43}},"30":{"start":{"line":47,"column":0},"end":{"line":47,"column":40}},"31":{"start":{"line":48,"column":0},"end":{"line":57,"column":1}},"32":{"start":{"line":49,"column":4},"end":{"line":56,"column":5}},"33":{"start":{"line":50,"column":8},"end":{"line":55,"column":9}},"34":{"start":{"line":51,"column":12},"end":{"line":51,"column":57}},"35":{"start":{"line":54,"column":12},"end":{"line":54,"column":47}},"36":{"start":{"line":58,"column":0},"end":{"line":58,"column":44}},"37":{"start":{"line":59,"column":0},"end":{"line":59,"column":49}}},"branchMap":{"1":{"line":10,"type":"if","locations":[{"start":{"line":10,"column":4},"end":{"line":10,"column":4}},{"start":{"line":10,"column":4},"end":{"line":10,"column":4}}]},"2":{"line":23,"type":"if","locations":[{"start":{"line":23,"column":4},"end":{"line":23,"column":4}},{"start":{"line":23,"column":4},"end":{"line":23,"column":4}}]},"3":{"line":24,"type":"if","locations":[{"start":{"line":24,"column":8},"end":{"line":24,"column":8}},{"start":{"line":24,"column":8},"end":{"line":24,"column":8}}]},"4":{"line":27,"type":"if","locations":[{"start":{"line":27,"column":13},"end":{"line":27,"column":13}},{"start":{"line":27,"column":13},"end":{"line":27,"column":13}}]},"5":{"line":27,"type":"binary-expr","locations":[{"start":{"line":27,"column":17},"end":{"line":27,"column":25}},{"start":{"line":27,"column":29},"end":{"line":27,"column":79}}]},"6":{"line":31,"type":"if","locations":[{"start":{"line":31,"column":13},"end":{"line":31,"column":13}},{"start":{"line":31,"column":13},"end":{"line":31,"column":13}}]},"7":{"line":36,"type":"if","locations":[{"start":{"line":36,"column":16},"end":{"line":36,"column":16}},{"start":{"line":36,"column":16},"end":{"line":36,"column":16}}]},"8":{"line":36,"type":"binary-expr","locations":[{"start":{"line":36,"column":20},"end":{"line":36,"column":37}},{"start":{"line":36,"column":41},"end":{"line":36,"column":55}},{"start":{"line":36,"column":59},"end":{"line":36,"column":116}}]},"9":{"line":49,"type":"if","locations":[{"start":{"line":49,"column":4},"end":{"line":49,"column":4}},{"start":{"line":49,"column":4},"end":{"line":49,"column":4}}]},"10":{"line":50,"type":"if","locations":[{"start":{"line":50,"column":8},"end":{"line":50,"column":8}},{"start":{"line":50,"column":8},"end":{"line":50,"column":8}}]}}},"/Users/blesh/GitHub/blesh/RxJS/dist/cjs/subject/SubjectSubscription.js":{"path":"/Users/blesh/GitHub/blesh/RxJS/dist/cjs/subject/SubjectSubscription.js","s":{"1":1,"2":1,"3":1,"4":1,"5":1,"6":1,"7":1,"8":1,"9":1,"10":1,"11":1,"12":1,"13":1974,"14":1974,"15":1974,"16":1974,"17":1,"18":1799,"19":5,"20":1794,"21":1794,"22":1794,"23":1794,"24":1794,"25":1299,"26":495,"27":495,"28":495,"29":495,"30":495,"31":1,"32":1},"b":{"1":[1,1,1],"2":[1,0],"3":[0,1],"4":[5,1794],"5":[1299,495],"6":[1794,495,495],"7":[495,0],"8":[495,0]},"f":{"1":1,"2":1,"3":1,"4":1974,"5":1799},"fnMap":{"1":{"name":"(anonymous_1)","line":1,"loc":{"start":{"line":1,"column":44},"end":{"line":1,"column":60}}},"2":{"name":"__","line":3,"loc":{"start":{"line":3,"column":4},"end":{"line":3,"column":18}}},"3":{"name":"(anonymous_3)","line":8,"loc":{"start":{"line":8,"column":27},"end":{"line":8,"column":45}}},"4":{"name":"SubjectSubscription","line":10,"loc":{"start":{"line":10,"column":4},"end":{"line":10,"column":52}}},"5":{"name":"(anonymous_5)","line":16,"loc":{"start":{"line":16,"column":48},"end":{"line":16,"column":60}}}},"statementMap":{"1":{"start":{"line":1,"column":0},"end":{"line":5,"column":2}},"2":{"start":{"line":2,"column":4},"end":{"line":2,"column":58}},"3":{"start":{"line":2,"column":21},"end":{"line":2,"column":58}},"4":{"start":{"line":2,"column":46},"end":{"line":2,"column":58}},"5":{"start":{"line":3,"column":4},"end":{"line":3,"column":43}},"6":{"start":{"line":3,"column":20},"end":{"line":3,"column":41}},"7":{"start":{"line":4,"column":4},"end":{"line":4,"column":89}},"8":{"start":{"line":6,"column":0},"end":{"line":6,"column":48}},"9":{"start":{"line":7,"column":0},"end":{"line":7,"column":44}},"10":{"start":{"line":8,"column":0},"end":{"line":36,"column":32}},"11":{"start":{"line":9,"column":4},"end":{"line":9,"column":43}},"12":{"start":{"line":10,"column":4},"end":{"line":15,"column":5}},"13":{"start":{"line":11,"column":8},"end":{"line":11,"column":26}},"14":{"start":{"line":12,"column":8},"end":{"line":12,"column":31}},"15":{"start":{"line":13,"column":8},"end":{"line":13,"column":33}},"16":{"start":{"line":14,"column":8},"end":{"line":14,"column":36}},"17":{"start":{"line":16,"column":4},"end":{"line":34,"column":6}},"18":{"start":{"line":17,"column":8},"end":{"line":19,"column":9}},"19":{"start":{"line":18,"column":12},"end":{"line":18,"column":19}},"20":{"start":{"line":20,"column":8},"end":{"line":20,"column":35}},"21":{"start":{"line":21,"column":8},"end":{"line":21,"column":35}},"22":{"start":{"line":22,"column":8},"end":{"line":22,"column":42}},"23":{"start":{"line":23,"column":8},"end":{"line":23,"column":30}},"24":{"start":{"line":24,"column":8},"end":{"line":26,"column":9}},"25":{"start":{"line":25,"column":12},"end":{"line":25,"column":19}},"26":{"start":{"line":27,"column":8},"end":{"line":29,"column":9}},"27":{"start":{"line":28,"column":12},"end":{"line":28,"column":40}},"28":{"start":{"line":30,"column":8},"end":{"line":30,"column":63}},"29":{"start":{"line":31,"column":8},"end":{"line":33,"column":9}},"30":{"start":{"line":32,"column":12},"end":{"line":32,"column":49}},"31":{"start":{"line":35,"column":4},"end":{"line":35,"column":31}},"32":{"start":{"line":37,"column":0},"end":{"line":37,"column":50}}},"branchMap":{"1":{"line":1,"type":"binary-expr","locations":[{"start":{"line":1,"column":17},"end":{"line":1,"column":21}},{"start":{"line":1,"column":25},"end":{"line":1,"column":39}},{"start":{"line":1,"column":44},"end":{"line":5,"column":1}}]},"2":{"line":2,"type":"if","locations":[{"start":{"line":2,"column":21},"end":{"line":2,"column":21}},{"start":{"line":2,"column":21},"end":{"line":2,"column":21}}]},"3":{"line":4,"type":"cond-expr","locations":[{"start":{"line":4,"column":31},"end":{"line":4,"column":47}},{"start":{"line":4,"column":51},"end":{"line":4,"column":87}}]},"4":{"line":17,"type":"if","locations":[{"start":{"line":17,"column":8},"end":{"line":17,"column":8}},{"start":{"line":17,"column":8},"end":{"line":17,"column":8}}]},"5":{"line":24,"type":"if","locations":[{"start":{"line":24,"column":8},"end":{"line":24,"column":8}},{"start":{"line":24,"column":8},"end":{"line":24,"column":8}}]},"6":{"line":24,"type":"binary-expr","locations":[{"start":{"line":24,"column":12},"end":{"line":24,"column":22}},{"start":{"line":24,"column":26},"end":{"line":24,"column":48}},{"start":{"line":24,"column":52},"end":{"line":24,"column":74}}]},"7":{"line":27,"type":"if","locations":[{"start":{"line":27,"column":8},"end":{"line":27,"column":8}},{"start":{"line":27,"column":8},"end":{"line":27,"column":8}}]},"8":{"line":31,"type":"if","locations":[{"start":{"line":31,"column":8},"end":{"line":31,"column":8}},{"start":{"line":31,"column":8},"end":{"line":31,"column":8}}]}}},"/Users/blesh/GitHub/blesh/RxJS/dist/cjs/add/operator/combineLatest-static.js":{"path":"/Users/blesh/GitHub/blesh/RxJS/dist/cjs/add/operator/combineLatest-static.js","s":{"1":1,"2":1,"3":1},"b":{},"f":{},"fnMap":{},"statementMap":{"1":{"start":{"line":1,"column":0},"end":{"line":1,"column":47}},"2":{"start":{"line":2,"column":0},"end":{"line":2,"column":76}},"3":{"start":{"line":3,"column":0},"end":{"line":3,"column":77}}},"branchMap":{}},"/Users/blesh/GitHub/blesh/RxJS/dist/cjs/operator/combineLatest-static.js":{"path":"/Users/blesh/GitHub/blesh/RxJS/dist/cjs/operator/combineLatest-static.js","s":{"1":1,"2":1,"3":1,"4":1,"5":1,"6":30,"7":30,"8":89,"9":30,"10":30,"11":30,"12":1,"13":30,"14":29,"15":30,"16":1,"17":30,"18":1},"b":{"1":[1,29],"2":[29,1],"3":[1,29],"4":[30,1]},"f":{"1":30},"fnMap":{"1":{"name":"combineLatest","line":15,"loc":{"start":{"line":15,"column":0},"end":{"line":15,"column":25}}}},"statementMap":{"1":{"start":{"line":1,"column":0},"end":{"line":1,"column":53}},"2":{"start":{"line":2,"column":0},"end":{"line":2,"column":65}},"3":{"start":{"line":3,"column":0},"end":{"line":3,"column":51}},"4":{"start":{"line":4,"column":0},"end":{"line":4,"column":43}},"5":{"start":{"line":15,"column":0},"end":{"line":34,"column":1}},"6":{"start":{"line":16,"column":4},"end":{"line":16,"column":25}},"7":{"start":{"line":17,"column":4},"end":{"line":19,"column":5}},"8":{"start":{"line":18,"column":8},"end":{"line":18,"column":44}},"9":{"start":{"line":20,"column":4},"end":{"line":20,"column":23}},"10":{"start":{"line":21,"column":4},"end":{"line":21,"column":25}},"11":{"start":{"line":22,"column":4},"end":{"line":24,"column":5}},"12":{"start":{"line":23,"column":8},"end":{"line":23,"column":38}},"13":{"start":{"line":25,"column":4},"end":{"line":27,"column":5}},"14":{"start":{"line":26,"column":8},"end":{"line":26,"column":36}},"15":{"start":{"line":30,"column":4},"end":{"line":32,"column":5}},"16":{"start":{"line":31,"column":8},"end":{"line":31,"column":37}},"17":{"start":{"line":33,"column":4},"end":{"line":33,"column":132}},"18":{"start":{"line":35,"column":0},"end":{"line":35,"column":38}}},"branchMap":{"1":{"line":22,"type":"if","locations":[{"start":{"line":22,"column":4},"end":{"line":22,"column":4}},{"start":{"line":22,"column":4},"end":{"line":22,"column":4}}]},"2":{"line":25,"type":"if","locations":[{"start":{"line":25,"column":4},"end":{"line":25,"column":4}},{"start":{"line":25,"column":4},"end":{"line":25,"column":4}}]},"3":{"line":30,"type":"if","locations":[{"start":{"line":30,"column":4},"end":{"line":30,"column":4}},{"start":{"line":30,"column":4},"end":{"line":30,"column":4}}]},"4":{"line":30,"type":"binary-expr","locations":[{"start":{"line":30,"column":8},"end":{"line":30,"column":32}},{"start":{"line":30,"column":36},"end":{"line":30,"column":69}}]}}},"/Users/blesh/GitHub/blesh/RxJS/dist/cjs/observable/fromArray.js":{"path":"/Users/blesh/GitHub/blesh/RxJS/dist/cjs/observable/fromArray.js","s":{"1":1,"2":1,"3":1,"4":1,"5":1,"6":1,"7":1,"8":1,"9":1,"10":1,"11":1,"12":1,"13":1,"14":1,"15":489,"16":489,"17":489,"18":489,"19":1,"20":1,"21":1,"22":14,"23":1,"24":407,"25":407,"26":783,"27":407,"28":407,"29":37,"30":370,"31":407,"32":407,"33":193,"34":214,"35":212,"36":2,"37":1,"38":534,"39":534,"40":143,"41":141,"42":391,"43":389,"44":0,"45":389,"46":389,"47":1,"48":490,"49":490,"50":490,"51":490,"52":490,"53":150,"54":340,"55":797,"56":340,"57":1,"58":1},"b":{"1":[1,1,1],"2":[1,0],"3":[0,1],"4":[1,488],"5":[489,339],"6":[37,370],"7":[193,214],"8":[212,2],"9":[143,391],"10":[0,389],"11":[150,340],"12":[1137,803]},"f":{"1":1,"2":1,"3":1,"4":489,"5":14,"6":407,"7":534,"8":490},"fnMap":{"1":{"name":"(anonymous_1)","line":1,"loc":{"start":{"line":1,"column":44},"end":{"line":1,"column":60}}},"2":{"name":"__","line":3,"loc":{"start":{"line":3,"column":4},"end":{"line":3,"column":18}}},"3":{"name":"(anonymous_3)","line":10,"loc":{"start":{"line":10,"column":23},"end":{"line":10,"column":41}}},"4":{"name":"ArrayObservable","line":12,"loc":{"start":{"line":12,"column":4},"end":{"line":12,"column":47}}},"5":{"name":"(anonymous_5)","line":21,"loc":{"start":{"line":21,"column":29},"end":{"line":21,"column":57}}},"6":{"name":"(anonymous_6)","line":24,"loc":{"start":{"line":24,"column":25},"end":{"line":24,"column":37}}},"7":{"name":"(anonymous_7)","line":47,"loc":{"start":{"line":47,"column":31},"end":{"line":47,"column":48}}},"8":{"name":"(anonymous_8)","line":60,"loc":{"start":{"line":60,"column":43},"end":{"line":60,"column":65}}}},"statementMap":{"1":{"start":{"line":1,"column":0},"end":{"line":5,"column":2}},"2":{"start":{"line":2,"column":4},"end":{"line":2,"column":58}},"3":{"start":{"line":2,"column":21},"end":{"line":2,"column":58}},"4":{"start":{"line":2,"column":46},"end":{"line":2,"column":58}},"5":{"start":{"line":3,"column":4},"end":{"line":3,"column":43}},"6":{"start":{"line":3,"column":20},"end":{"line":3,"column":41}},"7":{"start":{"line":4,"column":4},"end":{"line":4,"column":89}},"8":{"start":{"line":6,"column":0},"end":{"line":6,"column":44}},"9":{"start":{"line":7,"column":0},"end":{"line":7,"column":55}},"10":{"start":{"line":8,"column":0},"end":{"line":8,"column":33}},"11":{"start":{"line":9,"column":0},"end":{"line":9,"column":51}},"12":{"start":{"line":10,"column":0},"end":{"line":78,"column":28}},"13":{"start":{"line":11,"column":4},"end":{"line":11,"column":39}},"14":{"start":{"line":12,"column":4},"end":{"line":20,"column":5}},"15":{"start":{"line":13,"column":8},"end":{"line":13,"column":26}},"16":{"start":{"line":14,"column":8},"end":{"line":14,"column":27}},"17":{"start":{"line":15,"column":8},"end":{"line":15,"column":35}},"18":{"start":{"line":16,"column":8},"end":{"line":19,"column":9}},"19":{"start":{"line":17,"column":12},"end":{"line":17,"column":34}},"20":{"start":{"line":18,"column":12},"end":{"line":18,"column":34}},"21":{"start":{"line":21,"column":4},"end":{"line":23,"column":6}},"22":{"start":{"line":22,"column":8},"end":{"line":22,"column":53}},"23":{"start":{"line":24,"column":4},"end":{"line":46,"column":6}},"24":{"start":{"line":25,"column":8},"end":{"line":25,"column":23}},"25":{"start":{"line":26,"column":8},"end":{"line":28,"column":9}},"26":{"start":{"line":27,"column":12},"end":{"line":27,"column":42}},"27":{"start":{"line":29,"column":8},"end":{"line":29,"column":48}},"28":{"start":{"line":30,"column":8},"end":{"line":35,"column":9}},"29":{"start":{"line":31,"column":12},"end":{"line":31,"column":24}},"30":{"start":{"line":34,"column":12},"end":{"line":34,"column":31}},"31":{"start":{"line":36,"column":8},"end":{"line":36,"column":31}},"32":{"start":{"line":37,"column":8},"end":{"line":45,"column":9}},"33":{"start":{"line":38,"column":12},"end":{"line":38,"column":57}},"34":{"start":{"line":40,"column":13},"end":{"line":45,"column":9}},"35":{"start":{"line":41,"column":12},"end":{"line":41,"column":80}},"36":{"start":{"line":44,"column":12},"end":{"line":44,"column":58}},"37":{"start":{"line":47,"column":4},"end":{"line":59,"column":6}},"38":{"start":{"line":48,"column":8},"end":{"line":48,"column":105}},"39":{"start":{"line":49,"column":8},"end":{"line":52,"column":9}},"40":{"start":{"line":50,"column":12},"end":{"line":50,"column":34}},"41":{"start":{"line":51,"column":12},"end":{"line":51,"column":19}},"42":{"start":{"line":53,"column":8},"end":{"line":53,"column":38}},"43":{"start":{"line":54,"column":8},"end":{"line":56,"column":9}},"44":{"start":{"line":55,"column":12},"end":{"line":55,"column":19}},"45":{"start":{"line":57,"column":8},"end":{"line":57,"column":32}},"46":{"start":{"line":58,"column":8},"end":{"line":58,"column":29}},"47":{"start":{"line":60,"column":4},"end":{"line":76,"column":6}},"48":{"start":{"line":61,"column":8},"end":{"line":61,"column":22}},"49":{"start":{"line":62,"column":8},"end":{"line":62,"column":31}},"50":{"start":{"line":63,"column":8},"end":{"line":63,"column":33}},"51":{"start":{"line":64,"column":8},"end":{"line":64,"column":39}},"52":{"start":{"line":65,"column":8},"end":{"line":75,"column":9}},"53":{"start":{"line":66,"column":12},"end":{"line":68,"column":16}},"54":{"start":{"line":71,"column":12},"end":{"line":73,"column":13}},"55":{"start":{"line":72,"column":16},"end":{"line":72,"column":42}},"56":{"start":{"line":74,"column":12},"end":{"line":74,"column":34}},"57":{"start":{"line":77,"column":4},"end":{"line":77,"column":27}},"58":{"start":{"line":79,"column":0},"end":{"line":79,"column":42}}},"branchMap":{"1":{"line":1,"type":"binary-expr","locations":[{"start":{"line":1,"column":17},"end":{"line":1,"column":21}},{"start":{"line":1,"column":25},"end":{"line":1,"column":39}},{"start":{"line":1,"column":44},"end":{"line":5,"column":1}}]},"2":{"line":2,"type":"if","locations":[{"start":{"line":2,"column":21},"end":{"line":2,"column":21}},{"start":{"line":2,"column":21},"end":{"line":2,"column":21}}]},"3":{"line":4,"type":"cond-expr","locations":[{"start":{"line":4,"column":31},"end":{"line":4,"column":47}},{"start":{"line":4,"column":51},"end":{"line":4,"column":87}}]},"4":{"line":16,"type":"if","locations":[{"start":{"line":16,"column":8},"end":{"line":16,"column":8}},{"start":{"line":16,"column":8},"end":{"line":16,"column":8}}]},"5":{"line":16,"type":"binary-expr","locations":[{"start":{"line":16,"column":12},"end":{"line":16,"column":22}},{"start":{"line":16,"column":26},"end":{"line":16,"column":44}}]},"6":{"line":30,"type":"if","locations":[{"start":{"line":30,"column":8},"end":{"line":30,"column":8}},{"start":{"line":30,"column":8},"end":{"line":30,"column":8}}]},"7":{"line":37,"type":"if","locations":[{"start":{"line":37,"column":8},"end":{"line":37,"column":8}},{"start":{"line":37,"column":8},"end":{"line":37,"column":8}}]},"8":{"line":40,"type":"if","locations":[{"start":{"line":40,"column":13},"end":{"line":40,"column":13}},{"start":{"line":40,"column":13},"end":{"line":40,"column":13}}]},"9":{"line":49,"type":"if","locations":[{"start":{"line":49,"column":8},"end":{"line":49,"column":8}},{"start":{"line":49,"column":8},"end":{"line":49,"column":8}}]},"10":{"line":54,"type":"if","locations":[{"start":{"line":54,"column":8},"end":{"line":54,"column":8}},{"start":{"line":54,"column":8},"end":{"line":54,"column":8}}]},"11":{"line":65,"type":"if","locations":[{"start":{"line":65,"column":8},"end":{"line":65,"column":8}},{"start":{"line":65,"column":8},"
[...]
{"line":56,"column":0},"end":{"line":56,"column":41}},"49":{"start":{"line":57,"column":0},"end":{"line":57,"column":32}},"50":{"start":{"line":58,"column":0},"end":{"line":58,"column":31}},"51":{"start":{"line":59,"column":0},"end":{"line":59,"column":30}},"52":{"start":{"line":60,"column":0},"end":{"line":60,"column":32}},"53":{"start":{"line":61,"column":0},"end":{"line":61,"column":38}},"54":{"start":{"line":62,"column":0},"end":{"line":62,"column":32}},"55":{"start":{"line":63,"column":0},"end":{"line":63,"column":35}},"56":{"start":{"line":64,"column":0},"end":{"line":64,"column":35}},"57":{"start":{"line":65,"column":0},"end":{"line":65,"column":37}},"58":{"start":{"line":66,"column":0},"end":{"line":66,"column":36}},"59":{"start":{"line":67,"column":0},"end":{"line":67,"column":36}},"60":{"start":{"line":68,"column":0},"end":{"line":68,"column":36}},"61":{"start":{"line":69,"column":0},"end":{"line":69,"column":34}},"62":{"start":{"line":70,"column":0},"end":{"line":70,"column":42}},"63":{"start":{"line":71,"column":0},"end":{"line":71,"column":40}},"64":{"start":{"line":72,"column":0},"end":{"line":72,"column":38}},"65":{"start":{"line":73,"column":0},"end":{"line":73,"column":33}},"66":{"start":{"line":74,"column":0},"end":{"line":74,"column":33}},"67":{"start":{"line":75,"column":0},"end":{"line":75,"column":32}},"68":{"start":{"line":76,"column":0},"end":{"line":76,"column":36}},"69":{"start":{"line":77,"column":0},"end":{"line":77,"column":33}},"70":{"start":{"line":78,"column":0},"end":{"line":78,"column":37}},"71":{"start":{"line":79,"column":0},"end":{"line":79,"column":31}},"72":{"start":{"line":80,"column":0},"end":{"line":80,"column":32}},"73":{"start":{"line":81,"column":0},"end":{"line":81,"column":33}},"74":{"start":{"line":82,"column":0},"end":{"line":82,"column":31}},"75":{"start":{"line":83,"column":0},"end":{"line":83,"column":36}},"76":{"start":{"line":84,"column":0},"end":{"line":84,"column":36}},"77":{"start":{"line":85,"column":0},"end":{"line":85,"column":36}},"78":{"start":{"line":86,"column":0},"end":{"line":86,"column":38}},"79":{"start":{"line":87,"column":0},"end":{"line":87,"column":33}},"80":{"start":{"line":88,"column":0},"end":{"line":88,"column":38}},"81":{"start":{"line":89,"column":0},"end":{"line":89,"column":36}},"82":{"start":{"line":90,"column":0},"end":{"line":90,"column":41}},"83":{"start":{"line":91,"column":0},"end":{"line":91,"column":38}},"84":{"start":{"line":92,"column":0},"end":{"line":92,"column":31}},"85":{"start":{"line":93,"column":0},"end":{"line":93,"column":36}},"86":{"start":{"line":94,"column":0},"end":{"line":94,"column":36}},"87":{"start":{"line":95,"column":0},"end":{"line":95,"column":35}},"88":{"start":{"line":96,"column":0},"end":{"line":96,"column":39}},"89":{"start":{"line":97,"column":0},"end":{"line":97,"column":34}},"90":{"start":{"line":98,"column":0},"end":{"line":98,"column":38}},"91":{"start":{"line":99,"column":0},"end":{"line":99,"column":34}},"92":{"start":{"line":100,"column":0},"end":{"line":100,"column":36}},"93":{"start":{"line":101,"column":0},"end":{"line":101,"column":33}},"94":{"start":{"line":102,"column":0},"end":{"line":102,"column":38}},"95":{"start":{"line":103,"column":0},"end":{"line":103,"column":37}},"96":{"start":{"line":104,"column":0},"end":{"line":104,"column":39}},"97":{"start":{"line":105,"column":0},"end":{"line":105,"column":37}},"98":{"start":{"line":106,"column":0},"end":{"line":106,"column":41}},"99":{"start":{"line":107,"column":0},"end":{"line":107,"column":30}},"100":{"start":{"line":108,"column":0},"end":{"line":108,"column":33}},"101":{"start":{"line":110,"column":0},"end":{"line":110,"column":47}},"102":{"start":{"line":111,"column":0},"end":{"line":111,"column":51}},"103":{"start":{"line":112,"column":0},"end":{"line":112,"column":43}},"104":{"start":{"line":113,"column":0},"end":{"line":113,"column":45}},"105":{"start":{"line":114,"column":0},"end":{"line":114,"column":55}},"106":{"start":{"line":115,"column":0},"end":{"line":115,"column":51}},"107":{"start":{"line":116,"column":0},"end":{"line":116,"column":57}},"108":{"start":{"line":117,"column":0},"end":{"line":117,"column":54}},"109":{"start":{"line":118,"column":0},"end":{"line":118,"column":61}},"110":{"start":{"line":119,"column":0},"end":{"line":119,"column":60}},"111":{"start":{"line":120,"column":0},"end":{"line":120,"column":76}},"112":{"start":{"line":121,"column":0},"end":{"line":121,"column":78}},"113":{"start":{"line":122,"column":0},"end":{"line":122,"column":47}},"114":{"start":{"line":123,"column":0},"end":{"line":123,"column":51}},"115":{"start":{"line":124,"column":0},"end":{"line":124,"column":48}},"116":{"start":{"line":125,"column":0},"end":{"line":125,"column":45}},"117":{"start":{"line":126,"column":0},"end":{"line":126,"column":74}},"118":{"start":{"line":127,"column":0},"end":{"line":127,"column":84}},"119":{"start":{"line":128,"column":0},"end":{"line":128,"column":74}},"120":{"start":{"line":129,"column":0},"end":{"line":129,"column":84}},"121":{"start":{"line":130,"column":0},"end":{"line":130,"column":41}},"122":{"start":{"line":131,"column":0},"end":{"line":131,"column":43}},"123":{"start":{"line":132,"column":0},"end":{"line":132,"column":54}},"124":{"start":{"line":135,"column":0},"end":{"line":138,"column":2}},"125":{"start":{"line":139,"column":0},"end":{"line":139,"column":30}},"126":{"start":{"line":140,"column":0},"end":{"line":142,"column":2}},"127":{"start":{"line":143,"column":0},"end":{"line":143,"column":24}}},"branchMap":{}},"/Users/blesh/GitHub/blesh/RxJS/dist/cjs/add/operator/switchFirst.js":{"path":"/Users/blesh/GitHub/blesh/RxJS/dist/cjs/add/operator/switchFirst.js","s":{"1":1,"2":1,"3":1},"b":{},"f":{},"fnMap":{},"statementMap":{"1":{"start":{"line":1,"column":0},"end":{"line":1,"column":47}},"2":{"start":{"line":2,"column":0},"end":{"line":2,"column":58}},"3":{"start":{"line":3,"column":0},"end":{"line":3,"column":74}}},"branchMap":{}},"/Users/blesh/GitHub/blesh/RxJS/dist/cjs/operator/switchFirst.js":{"path":"/Users/blesh/GitHub/blesh/RxJS/dist/cjs/operator/switchFirst.js","s":{"1":1,"2":1,"3":2,"4":2,"5":1,"6":1,"7":1,"8":1,"9":1,"10":1,"11":15,"12":1,"13":1,"14":1,"15":1,"16":15,"17":1,"18":1,"19":1,"20":1,"21":15,"22":15,"23":15,"24":1,"25":21,"26":12,"27":12,"28":1,"29":9,"30":9,"31":4,"32":1,"33":26,"34":1,"35":2,"36":1,"37":8,"38":8,"39":8,"40":3,"41":1},"b":{"1":[1,1,1],"2":[2,0],"3":[0,1],"4":[12,9],"5":[4,5],"6":[3,5]},"f":{"1":1,"2":1,"3":15,"4":1,"5":15,"6":15,"7":1,"8":15,"9":21,"10":9,"11":26,"12":2,"13":8},"fnMap":{"1":{"name":"(anonymous_1)","line":1,"loc":{"start":{"line":1,"column":44},"end":{"line":1,"column":60}}},"2":{"name":"__","line":3,"loc":{"start":{"line":3,"column":4},"end":{"line":3,"column":18}}},"3":{"name":"switchFirst","line":8,"loc":{"start":{"line":8,"column":0},"end":{"line":8,"column":23}}},"4":{"name":"(anonymous_4)","line":12,"loc":{"start":{"line":12,"column":27},"end":{"line":12,"column":39}}},"5":{"name":"SwitchFirstOperator","line":13,"loc":{"start":{"line":13,"column":4},"end":{"line":13,"column":35}}},"6":{"name":"(anonymous_6)","line":15,"loc":{"start":{"line":15,"column":41},"end":{"line":15,"column":63}}},"7":{"name":"(anonymous_7)","line":20,"loc":{"start":{"line":20,"column":29},"end":{"line":20,"column":47}}},"8":{"name":"SwitchFirstSubscriber","line":22,"loc":{"start":{"line":22,"column":4},"end":{"line":22,"column":48}}},"9":{"name":"(anonymous_9)","line":27,"loc":{"start":{"line":27,"column":44},"end":{"line":27,"column":61}}},"10":{"name":"(anonymous_10)","line":33,"loc":{"start":{"line":33,"column":48},"end":{"line":33,"column":60}}},"11":{"name":"(anonymous_11)","line":39,"loc":{"start":{"line":39,"column":49},"end":{"line":39,"column":83}}},"12":{"name":"(anonymous_12)","line":42,"loc":{"start":{"line":42,"column":50},"end":{"line":42,"column":65}}},"13":{"name":"(anonymous_13)","line":45,"loc":{"start":{"line":45,"column":53},"end":{"line":45,"column":73}}}},"statementMap":{"1":{"start":{"line":1,"column":0},"end":{"line":5,"column":2}},"2":{"start":{"line":2,"column":4},"end":{"line":2,"column":58}},"3":{"start":{"line":2,"column":21},"end":{"line":2,"column":58}},"4":{"start":{"line":2,"column":46},"end":{"line":2,"column":58}},"5":{"start":{"line":3,"column":4},"end":{"line":3,"column":43}},"6":{"start":{"line":3,"column":20},"end":{"line":3,"column":41}},"7":{"start":{"line":4,"column":4},"end":{"line":4,"column":89}},"8":{"start":{"line":6,"column":0},"end":{"line":6,"column":54}},"9":{"start":{"line":7,"column":0},"end":{"line":7,"column":63}},"10":{"start":{"line":8,"column":0},"end":{"line":10,"column":1}},"11":{"start":{"line":9,"column":4},"end":{"line":9,"column":48}},"12":{"start":{"line":11,"column":0},"end":{"line":11,"column":34}},"13":{"start":{"line":12,"column":0},"end":{"line":19,"column":5}},"14":{"start":{"line":13,"column":4},"end":{"line":14,"column":5}},"15":{"start":{"line":15,"column":4},"end":{"line":17,"column":6}},"16":{"start":{"line":16,"column":8},"end":{"line":16,"column":53}},"17":{"start":{"line":18,"column":4},"end":{"line":18,"column":31}},"18":{"start":{"line":20,"column":0},"end":{"line":53,"column":38}},"19":{"start":{"line":21,"column":4},"end":{"line":21,"column":45}},"20":{"start":{"line":22,"column":4},"end":{"line":26,"column":5}},"21":{"start":{"line":23,"column":8},"end":{"line":23,"column":39}},"22":{"start":{"line":24,"column":8},"end":{"line":24,"column":37}},"23":{"start":{"line":25,"column":8},"end":{"line":25,"column":34}},"24":{"start":{"line":27,"column":4},"end":{"line":32,"column":6}},"25":{"start":{"line":28,"column":8},"end":{"line":31,"column":9}},"26":{"start":{"line":29,"column":12},"end":{"line":29,"column":40}},"27":{"start":{"line":30,"column":12},"end":{"line":30,"column":73}},"28":{"start":{"line":33,"column":4},"end":{"line":38,"column":6}},"29":{"start":{"line":34,"column":8},"end":{"line":34,"column":33}},"30":{"start":{"line":35,"column":8},"end":{"line":37,"column":9}},"31":{"start":{"line":36,"column":12},"end":{"line":36,"column":40}},"32":{"start":{"line":39,"column":4},"end":{"line":41,"column":6}},"33":{"start":{"line":40,"column":8},"end":{"line":40,"column":42}},"34":{"start":{"line":42,"column":4},"end":{"line":44,"column":6}},"35":{"start":{"line":43,"column":8},"end":{"line":43,"column":36}},"36":{"start":{"line":45,"column":4},"end":{"line":51,"column":6}},"37":{"start":{"line":46,"column":8},"end":{"line":46,"column":30}},"38":{"start":{"line":47,"column":8},"end":{"line":47,"column":37}},"39":{"start":{"line":48,"column":8},"end":{"line":50,"column":9}},"40":{"start":{"line":49,"column":12},"end":{"line":49,"column":40}},"41":{"start":{"line":52,"column":4},"end":{"line":52,"column":33}}},"branchMap":{"1":{"line":1,"type":"binary-expr","locations":[{"start":{"line":1,"column":17},"end":{"line":1,"column":21}},{"start":{"line":1,"column":25},"end":{"line":1,"column":39}},{"start":{"line":1,"column":44},"end":{"line":5,"column":1}}]},"2":{"line":2,"type":"if","locations":[{"start":{"line":2,"column":21},"end":{"line":2,"column":21}},{"start":{"line":2,"column":21},"end":{"line":2,"column":21}}]},"3":{"line":4,"type":"cond-expr","locations":[{"start":{"line":4,"column":31},"end":{"line":4,"column":47}},{"start":{"line":4,"column":51},"end":{"line":4,"column":87}}]},"4":{"line":28,"type":"if","locations":[{"start":{"line":28,"column":8},"end":{"line":28,"column":8}},{"start":{"line":28,"column":8},"end":{"line":28,"column":8}}]},"5":{"line":35,"type":"if","locations":[{"start":{"line":35,"column":8},"end":{"line":35,"column":8}},{"start":{"line":35,"column":8},"end":{"line":35,"column":8}}]},"6":{"line":48,"type":"if","locations":[{"start":{"line":48,"column":8},"end":{"line":48,"column":8}},{"start":{"line":48,"column":8},"end":{"line":48,"column":8}}]}}},"/Users/blesh/GitHub/blesh/RxJS/dist/cjs/add/operator/switchFirstMap.js":{"path":"/Users/blesh/GitHub/blesh/RxJS/dist/cjs/add/operator/switchFirstMap.js","s":{"1":1,"2":1,"3":1},"b":{},"f":{},"fnMap":{},"statementMap":{"1":{"start":{"line":1,"column":0},"end":{"line":1,"column":47}},"2":{"start":{"line":2,"column":0},"end":{"line":2,"column":64}},"3":{"start":{"line":3,"column":0},"end":{"line":3,"column":83}}},"branchMap":{}},"/Users/blesh/GitHub/blesh/RxJS/dist/cjs/operator/switchFirstMap.js":{"path":"/Users/blesh/GitHub/blesh/RxJS/dist/cjs/operator/switchFirstMap.js","s":{"1":1,"2":1,"3":2,"4":2,"5":1,"6":1,"7":1,"8":1,"9":1,"10":1,"11":1,"12":1,"13":17,"14":1,"15":1,"16":1,"17":17,"18":17,"19":1,"20":17,"21":1,"22":1,"23":1,"24":1,"25":17,"26":17,"27":17,"28":17,"29":17,"30":17,"31":1,"32":30,"33":22,"34":22,"35":22,"36":22,"37":1,"38":21,"39":21,"40":1,"41":9,"42":9,"43":4,"44":1,"45":45,"46":45,"47":10,"48":10,"49":1,"50":9,"51":35,"52":1,"53":2,"54":1,"55":13,"56":13,"57":2,"58":1},"b":{"1":[1,1,1],"2":[2,0],"3":[0,1],"4":[22,8],"5":[1,21],"6":[4,5],"7":[10,35],"8":[1,9],"9":[2,11]},"f":{"1":1,"2":1,"3":17,"4":1,"5":17,"6":17,"7":1,"8":17,"9":30,"10":9,"11":45,"12":2,"13":13},"fnMap":{"1":{"name":"(anonymous_1)","line":1,"loc":{"start":{"line":1,"column":44},"end":{"line":1,"column":60}}},"2":{"name":"__","line":3,"loc":{"start":{"line":3,"column":4},"end":{"line":3,"column":18}}},"3":{"name":"switchFirstMap","line":10,"loc":{"start":{"line":10,"column":0},"end":{"line":10,"column":49}}},"4":{"name":"(anonymous_4)","line":14,"loc":{"start":{"line":14,"column":30},"end":{"line":14,"column":42}}},"5":{"name":"SwitchFirstMapOperator","line":15,"loc":{"start":{"line":15,"column":4},"end":{"line":15,"column":61}}},"6":{"name":"(anonymous_6)","line":19,"loc":{"start":{"line":19,"column":44},"end":{"line":19,"column":66}}},"7":{"name":"(anonymous_7)","line":24,"loc":{"start":{"line":24,"column":32},"end":{"line":24,"column":50}}},"8":{"name":"SwitchFirstMapSubscriber","line":26,"loc":{"start":{"line":26,"column":4},"end":{"line":26,"column":76}}},"9":{"name":"(anonymous_9)","line":34,"loc":{"start":{"line":34,"column":47},"end":{"line":34,"column":64}}},"10":{"name":"(anonymous_10)","line":48,"loc":{"start":{"line":48,"column":51},"end":{"line":48,"column":63}}},"11":{"name":"(anonymous_11)","line":54,"loc":{"start":{"line":54,"column":52},"end":{"line":54,"column":110}}},"12":{"name":"(anonymous_12)","line":69,"loc":{"start":{"line":69,"column":53},"end":{"line":69,"column":68}}},"13":{"name":"(anonymous_13)","line":72,"loc":{"start":{"line":72,"column":56},"end":{"line":72,"column":68}}}},"statementMap":{"1":{"start":{"line":1,"column":0},"end":{"line":5,"column":2}},"2":{"start":{"line":2,"column":4},"end":{"line":2,"column":58}},"3":{"start":{"line":2,"column":21},"end":{"line":2,"column":58}},"4":{"start":{"line":2,"column":46},"end":{"line":2,"column":58}},"5":{"start":{"line":3,"column":4},"end":{"line":3,"column":43}},"6":{"start":{"line":3,"column":20},"end":{"line":3,"column":41}},"7":{"start":{"line":4,"column":4},"end":{"line":4,"column":89}},"8":{"start":{"line":6,"column":0},"end":{"line":6,"column":45}},"9":{"start":{"line":7,"column":0},"end":{"line":7,"column":51}},"10":{"start":{"line":8,"column":0},"end":{"line":8,"column":54}},"11":{"start":{"line":9,"column":0},"end":{"line":9,"column":63}},"12":{"start":{"line":10,"column":0},"end":{"line":12,"column":1}},"13":{"start":{"line":11,"column":4},"end":{"line":11,"column":74}},"14":{"start":{"line":13,"column":0},"end":{"line":13,"column":40}},"15":{"start":{"line":14,"column":0},"end":{"line":23,"column":5}},"16":{"start":{"line":15,"column":4},"end":{"line":18,"column":5}},"17":{"start":{"line":16,"column":8},"end":{"line":16,"column":31}},"18":{"start":{"line":17,"column":8},"end":{"line":17,"column":45}},"19":{"start":{"line":19,"column":4},"end":{"line":21,"column":6}},"20":{"start":{"line":20,"column":8},"end":{"line":20,"column":91}},"21":{"start":{"line":22,"column":4},"end":{"line":22,"column":34}},"22":{"start":{"line":24,"column":0},"end":{"line":79,"column":38}},"23":{"start":{"line":25,"column":4},"end":{"line":25,"column":48}},"24":{"start":{"line":26,"column":4},"end":{"line":33,"column":5}},"25":{"start":{"line":27,"column":8},"end":{"line":27,"column":39}},"26":{"start":{"line":28,"column":8},"end":{"line":28,"column":31}},"27":{"start":{"line":29,"column":8},"end":{"line":29,"column":45}},"28":{"start":{"line":30,"column":8},"end":{"line":30,"column":37}},"29":{"start":{"line":31,"column":8},"end":{"line":31,"column":34}},"30":{"start":{"line":32,"column":8},"end":{"line":32,"column":23}},"31":{"start":{"line":34,"column":4},"end":{"line":47,"column":6}},"32":{"start":{"line":35,"column":8},"end":{"line":46,"column":9}},"33":{"start":{"line":36,"column":12},"end":{"line":36,"column":37}},"34":{"start":{"line":37,"column":12},"end":{"line":37,"column":47}},"35":{"start":{"line":38,"column":12},"end":{"line":38,"column":73}},"36":{"start":{"line":39,"column":12},"end":{"line":45,"column":13}},"37":{"start":{"line":40,"column":16},"end":{"line":40,"column":44}},"38":{"start":{"line":43,"column":16},"end":{"line":43,"column":44}},"39":{"start":{"line":44,"column":16},"end":{"line":44,"column":92}},"40":{"start":{"line":48,"column":4},"end":{"line":53,"column":6}},"41":{"start":{"line":49,"column":8},"end":{"line":49,"column":33}},"42":{"start":{"line":50,"column":8},"end":{"line":52,"column":9}},"43":{"start":{"line":51,"column":12},"end":{"line":51,"column":40}},"44":{"start":{"line":54,"column":4},"end":{"line":68,"column":6}},"45":{"start":{"line":55,"column":8},"end":{"line":55,"column":88}},"46":{"start":{"line":56,"column":8},"end":{"line":67,"column":9}},"47":{"start":{"line":57,"column":12},"end":{"line":57,"column":109}},"48":{"start":{"line":58,"column":12},"end":{"line":63,"column":13}},"49":{"start":{"line":59,"column":16},"end":{"line":59,"column":63}},"50":{"start":{"line":62,"column":16},"end":{"line":62,"column":41}},"51":{"start":{"line":66,"column":12},"end":{"line":66,"column":41}},"52":{"start":{"line":69,"column":4},"end":{"line":71,"column":6}},"53":{"start":{"line":70,"column":8},"end":{"line":70,"column":36}},"54":{"start":{"line":72,"column":4},"end":{"line":77,"column":6}},"55":{"start":{"line":73,"column":8},"end":{"line":73,"column":37}},"56":{"start":{"line":74,"column":8},"end":{"line":76,"column":9}},"57":{"start":{"line":75,"column":12},"end":{"line":75,"column":40}},"58":{"start":{"line":78,"column":4},"end":{"line":78,"column":36}}},"branchMap":{"1":{"line":1,"type":"binary-expr","locations":[{"start":{"line":1,"column":17},"end":{"line":1,"column":21}},{"start":{"line":1,"column":25},"end":{"line":1,"column":39}},{"start":{"line":1,"column":44},"end":{"line":5,"column":1}}]},"2":{"line":2,"type":"if","locations":[{"start":{"line":2,"column":21},"end":{"line":2,"column":21}},{"start":{"line":2,"column":21},"end":{"line":2,"column":21}}]},"3":{"line":4,"type":"cond-expr","locations":[{"start":{"line":4,"column":31},"end":{"line":4,"column":47}},{"start":{"line":4,"column":51},"end":{"line":4,"column":87}}]},"4":{"line":35,"type":"if","locations":[{"start":{"line":35,"column":8},"end":{"line":35,"column":8}},{"start":{"line":35,"column":8},"end":{"line":35,"column":8}}]},"5":{"line":39,"type":"if","locations":[{"start":{"line":39,"column":12},"end":{"line":39,"column":12}},{"start":{"line":39,"column":12},"end":{"line":39,"column":12}}]},"6":{"line":50,"type":"if","locations":[{"start":{"line":50,"column":8},"end":{"line":50,"column":8}},{"start":{"line":50,"column":8},"end":{"line":50,"column":8}}]},"7":{"line":56,"type":"if","locations":[{"start":{"line":56,"column":8},"end":{"line":56,"column":8}},{"start":{"line":56,"column":8},"end":{"line":56,"column":8}}]},"8":{"line":58,"type":"if","locations":[{"start":{"line":58,"column":12},"end":{"line":58,"column":12}},{"start":{"line":58,"column":12},"end":{"line":58,"column":12}}]},"9":{"line":74,"type":"if","locations":[{"start":{"line":74,"column":8},"end":{"line":74,"column":8}},{"start":{"line":74,"column":8},"end":{"line":74,"column":8}}]}}}}