{
"src/util/root.ts":{"path":"src/util/root.ts","statementMap":{"1":{"start":{"line":1,"column":0},"end":{"line":8,"column":2}},"2":{"start":{"line":21,"column":11},"end":{"line":21,"column":100}},"3":{"start":{"line":24,"column":0},"end":{"line":24,"column":89}},"4":{"start":{"line":25,"column":0},"end":{"line":25,"column":84}},"5":{"start":{"line":26,"column":0},"end":{"line":26,"column":54}},"6":{"start":{"line":28,"column":0},"end":{"line":30,"column":1}},"7":{"start":{"line":29,"column":2},"end":{"line":29,"column":20}}},"fnMap":{},"branchMap":{"1":{"line":21,"type":"binary-expr","locations":[{"start":{"line":21,"column":24},"end":{"line":21,"column":48}},{"start":{"line":21,"column":52},"end":{"line":21,"column":56}},{"start":{"line":21,"column":62},"end":{"line":21,"column":88}},{"start":{"line":21,"column":92},"end":{"line":21,"column":98}}]},"2":{"line":24,"type":"binary-expr","locations":[{"start":{"line":24,"column":18},"end":{"line":24,"column":45}},{"start":{"line":24,"column":49},"end":{"line":24,"column":56}},{"start":{"line":24,"column":60},"end":{"line":24,"column":77}},{"start":{"line":24,"column":81},"end":{"line":24,"column":88}}]},"3":{"line":25,"type":"binary-expr","locations":[{"start":{"line":25,"column":17},"end":{"line":25,"column":43}},{"start":{"line":25,"column":47},"end":{"line":25,"column":53}},{"start":{"line":25,"column":57},"end":{"line":25,"column":73}},{"start":{"line":25,"column":77},"end":{"line":25,"column":83}}]},"4":{"line":26,"type":"binary-expr","locations":[{"start":{"line":26,"column":17},"end":{"line":26,"column":43}},{"start":{"line":26,"column":47},"end":{"line":26,"column":53}}]},"5":{"line":28,"type":"if","locations":[{"start":{"line":28,"column":0},"end":{"line":28,"column":-1}},{"start":{"line":28,"column":0},"end":{"line":28,"column":-1}}]},"6":{"line":28,"type":"binary-expr","locations":[{"start":{"line":28,"column":4},"end":{"line":28,"column":14}},{"start":{"line":28,"column":19},"end":{"line":28,"column":51}},{"start":{"line":28,"column":55},"end":{"line":28,"column":87}}]}},"s":{"1":1,"2":1,"3":1,"4":1,"5":1,"6":1,"7":1},"b":{"1":[1,0,1,0],"2":[1,1,1,1],"3":[1,1,1,1],"4":[1,1],"5":[1,0],"6":[1,1,0]},"f":{},"l":{"1":1,"21":1,"24":1,"25":1,"26":1,"28":1,"29":1}},
"src/Rx.KitchenSink.ts":{"path":"src/Rx.KitchenSink.ts","statementMap":{"1":{"start":{"line":2,"column":0},"end":{"line":2,"column":34}},"2":{"start":{"line":164,"column":4},"end":{"line":164,"column":11}},"3":{"start":{"line":4,"column":0},"end":{"line":4,"column":40}},"4":{"start":{"line":166,"column":4},"end":{"line":166,"column":14}},"5":{"start":{"line":25,"column":0},"end":{"line":25,"column":45}},"6":{"start":{"line":26,"column":0},"end":{"line":26,"column":38}},"7":{"start":{"line":27,"column":0},"end":{"line":27,"column":37}},"8":{"start":{"line":28,"column":0},"end":{"line":28,"column":39}},"9":{"start":{"line":29,"column":0},"end":{"line":29,"column":32}},"10":{"start":{"line":30,"column":0},"end":{"line":30,"column":32}},"11":{"start":{"line":31,"column":0},"end":{"line":31,"column":35}},"12":{"start":{"line":32,"column":0},"end":{"line":32,"column":31}},"13":{"start":{"line":33,"column":0},"end":{"line":33,"column":36}},"14":{"start":{"line":34,"column":0},"end":{"line":34,"column":36}},"15":{"start":{"line":35,"column":0},"end":{"line":35,"column":43}},"16":{"start":{"line":36,"column":0},"end":{"line":36,"column":38}},"17":{"start":{"line":37,"column":0},"end":{"line":37,"column":35}},"18":{"start":{"line":38,"column":0},"end":{"line":38,"column":32}},"19":{"start":{"line":39,"column":0},"end":{"line":39,"column":32}},"20":{"start":{"line":40,"column":0},"end":{"line":40,"column":32}},"21":{"start":{"line":41,"column":0},"end":{"line":41,"column":32}},"22":{"start":{"line":42,"column":0},"end":{"line":42,"column":35}},"23":{"start":{"line":45,"column":0},"end":{"line":45,"column":31}},"24":{"start":{"line":46,"column":0},"end":{"line":46,"column":36}},"25":{"start":{"line":47,"column":0},"end":{"line":47,"column":35}},"26":{"start":{"line":48,"column":0},"end":{"line":48,"column":37}},"27":{"start":{"line":49,"column":0},"end":{"line":49,"column":35}},"28":{"start":{"line":50,"column":0},"end":{"line":50,"column":30}},"29":{"start":{"line":51,"column":0},"end":{"line":51,"column":35}},"30":{"start":{"line":52,"column":0},"end":{"line":52,"column":38}},"31":{"start":{"line":53,"column":0},"end":{"line":53,"column":31}},"32":{"start":{"line":54,"column":0},"end":{"line":54,"column":34}},"33":{"start":{"line":55,"column":0},"end":{"line":55,"column":34}},"34":{"start":{"line":56,"column":0},"end":{"line":56,"column":36}},"35":{"start":{"line":57,"column":0},"end":{"line":57,"column":30}},"36":{"start":{"line":58,"column":0},"end":{"line":58,"column":38}},"37":{"start":{"line":59,"column":0},"end":{"line":59,"column":33}},"38":{"start":{"line":60,"column":0},"end":{"line":60,"column":37}},"39":{"start":{"line":61,"column":0},"end":{"line":61,"column":39}},"40":{"start":{"line":62,"column":0},"end":{"line":62,"column":30}},"41":{"start":{"line":63,"column":0},"end":{"line":63,"column":45}},"42":{"start":{"line":64,"column":0},"end":{"line":64,"column":57}},"43":{"start":{"line":65,"column":0},"end":{"line":65,"column":27}},"44":{"start":{"line":66,"column":0},"end":{"line":66,"column":43}},"45":{"start":{"line":67,"column":0},"end":{"line":67,"column":31}},"46":{"start":{"line":68,"column":0},"end":{"line":68,"column":31}},"47":{"start":{"line":69,"column":0},"end":{"line":69,"column":38}},"48":{"start":{"line":70,"column":0},"end":{"line":70,"column":43}},"49":{"start":{"line":71,"column":0},"end":{"line":71,"column":32}},"50":{"start":{"line":72,"column":0},"end":{"line":72,"column":30}},"51":{"start":{"line":73,"column":0},"end":{"line":73,"column":32}},"52":{"start":{"line":74,"column":0},"end":{"line":74,"column":39}},"53":{"start":{"line":75,"column":0},"end":{"line":75,"column":41}},"54":{"start":{"line":76,"column":0},"end":{"line":76,"column":30}},"55":{"start":{"line":77,"column":0},"end":{"line":77,"column":29}},"56":{"start":{"line":78,"column":0},"end":{"line":78,"column":28}},"57":{"start":{"line":79,"column":0},"end":{"line":79,"column":30}},"58":{"start":{"line":80,"column":0},"end":{"line":80,"column":36}},"59":{"start":{"line":81,"column":0},"end":{"line":81,"column":37}},"60":{"start":{"line":82,"column":0},"end":{"line":82,"column":30}},"61":{"start":{"line":83,"column":0},"end":{"line":83,"column":33}},"62":{"start":{"line":84,"column":0},"end":{"line":84,"column":33}},"63":{"start":{"line":85,"column":0},"end":{"line":85,"column":35}},"64":{"start":{"line":86,"column":0},"end":{"line":86,"column":43}},"65":{"start":{"line":87,"column":0},"end":{"line":87,"column":37}},"66":{"start":{"line":88,"column":0},"end":{"line":88,"column":34}},"67":{"start":{"line":89,"column":0},"end":{"line":89,"column":34}},"68":{"start":{"line":90,"column":0},"end":{"line":90,"column":34}},"69":{"start":{"line":91,"column":0},"end":{"line":91,"column":32}},"70":{"start":{"line":92,"column":0},"end":{"line":92,"column":40}},"71":{"start":{"line":93,"column":0},"end":{"line":93,"column":38}},"72":{"start":{"line":94,"column":0},"end":{"line":94,"column":36}},"73":{"start":{"line":95,"column":0},"end":{"line":95,"column":31}},"74":{"start":{"line":96,"column":0},"end":{"line":96,"column":31}},"75":{"start":{"line":97,"column":0},"end":{"line":97,"column":30}},"76":{"start":{"line":98,"column":0},"end":{"line":98,"column":34}},"77":{"start":{"line":99,"column":0},"end":{"line":99,"column":31}},"78":{"start":{"line":100,"column":0},"end":{"line":100,"column":35}},"79":{"start":{"line":101,"column":0},"end":{"line":101,"column":29}},"80":{"start":{"line":102,"column":0},"end":{"line":102,"column":30}},"81":{"start":{"line":103,"column":0},"end":{"line":103,"column":31}},"82":{"start":{"line":104,"column":0},"end":{"line":104,"column":29}},"83":{"start":{"line":105,"column":0},"end":{"line":105,"column":34}},"84":{"start":{"line":106,"column":0},"end":{"line":106,"column":34}},"85":{"start":{"line":107,"column":0},"end":{"line":107,"column":34}},"86":{"start":{"line":108,"column":0},"end":{"line":108,"column":36}},"87":{"start":{"line":109,"column":0},"end":{"line":109,"column":31}},"88":{"start":{"line":110,"column":0},"end":{"line":110,"column":34}},"89":{"start":{"line":111,"column":0},"end":{"line":111,"column":36}},"90":{"start":{"line":112,"column":0},"end":{"line":112,"column":29}},"91":{"start":{"line":113,"column":0},"end":{"line":113,"column":34}},"92":{"start":{"line":114,"column":0},"end":{"line":114,"column":34}},"93":{"start":{"line":115,"column":0},"end":{"line":115,"column":33}},"94":{"start":{"line":116,"column":0},"end":{"line":116,"column":37}},"95":{"start":{"line":117,"column":0},"end":{"line":117,"column":46}},"96":{"start":{"line":118,"column":0},"end":{"line":118,"column":32}},"97":{"start":{"line":119,"column":0},"end":{"line":119,"column":36}},"98":{"start":{"line":120,"column":0},"end":{"line":120,"column":32}},"99":{"start":{"line":121,"column":0},"end":{"line":121,"column":34}},"100":{"start":{"line":122,"column":0},"end":{"line":122,"column":31}},"101":{"start":{"line":123,"column":0},"end":{"line":123,"column":36}},"102":{"start":{"line":124,"column":0},"end":{"line":124,"column":35}},"103":{"start":{"line":125,"column":0},"end":{"line":125,"column":37}},"104":{"start":{"line":126,"column":0},"end":{"line":126,"column":35}},"105":{"start":{"line":127,"column":0},"end":{"line":127,"column":39}},"106":{"start":{"line":128,"column":0},"end":{"line":128,"column":28}},"107":{"start":{"line":129,"column":0},"end":{"line":129,"column":31}},"108":{"start":{"line":132,"column":0},"end":{"line":132,"column":44}},"109":{"start":{"line":168,"column":4},"end":{"line":168,"column":16}},"110":{"start":{"line":133,"column":0},"end":{"line":133,"column":40}},"111":{"start":{"line":167,"column":4},"end":{"line":167,"column":14}},"112":{"start":{"line":134,"column":0},"end":{"line":134,"column":52}},"113":{"start":{"line":169,"column":4},"end":{"line":169,"column":16}},"114":{"start":{"line":135,"column":0},"end":{"line":135,"column":54}},"115":{"start":{"line":170,"column":4},"end":{"line":170,"column":17}},"116":{"start":{"line":136,"column":0},"end":{"line":136,"column":58}},"117":{"start":{"line":171,"column":4},"end":{"line":171,"column":19}},"118":{"start":{"line":137,"column":0},"end":{"line":137,"column":73}},"119":{"start":{"line":172,"column":4},"end":{"line":172,"column":25}},"120":{"start":{"line":138,"column":0},"end":{"line":138,"column":44}},"121":{"start":{"line":173,"column":4},"end":{"line":173,"column":16}},"122":{"start":{"line":139,"column":0},"end":{"line":139,"column":45}},"123":{"start":{"line":174,"column":4},"end":{"line":174,"column":14}},"124":{"start":{"line":140,"column":0},"end":{"line":140,"column":71}},"125":{"start":{"line":176,"column":4},"end":{"line":176,"column":27}},"126":{"start":{"line":141,"column":0},"end":{"line":141,"column":71}},"127":{"start":{"line":175,"column":4},"end":{"line":175,"column":27}},"128":{"start":{"line":142,"column":0},"end":{"line":142,"column":38}},"129":{"start":{"line":143,"column":0},"end":{"line":143,"column":40}},"130":{"start":{"line":146,"column":0},"end":{"line":146,"column":62}},"131":{"start":{"line":179,"column":4},"end":{"line":179,"column":16}},"132":{"start":{"line":147,"column":0},"end":{"line":147,"column":54}},"133":{"start":{"line":177,"column":4},"end":{"line":177,"column":17}},"134":{"start":{"line":148,"column":0},"end":{"line":148,"column":70}},"135":{"start":{"line":178,"column":4},"end":{"line":178,"column":24}},"136":{"start":{"line":149,"column":0},"end":{"line":149,"column":51}},"137":{"start":{"line":153,"column":0},"end":{"line":156,"column":1}},"138":{"start":{"line":165,"column":4},"end":{"line":156,"column":2}},"139":{"start":{"line":158,"column":0},"end":{"line":160,"column":1}},"140":{"start":{"line":180,"column":4},"end":{"line":160,"column":2}}},"fnMap":{},"branchMap":{},"s":{"1":1,"2":1,"3":1,"4":1,"5":1,"6":1,"7":1,"8":1,"9":1,"10":1,"11":1,"12":1,"13":1,"14":1,"15":1,"16":1,"17":1,"18":1,"19":1,"20":1,"21":1,"22":1,"23":1,"24":1,"25":1,"26":1,"27":1,"28":1,"29":1,"30":1,"31":1,"32":1,"33":1,"34":1,"35":1,"36":1,"37":1,"38":1,"39":1,"40":1,"41":1,"42":1,"43":1,"44":1,"45":1,"46":1,"47":1,"48":1,"49":1,"50":1,"51":1,"52":1,"53":1,"54":1,"55":1,"56":1,"57":1,"58":1,"59":1,"60":1,"61":1,"62":1,"63":1,"64":1,"65":1,"66":1,"67":1,"68":1,"69":1,"70":1,"71":1,"72":1,"73":1,"74":1,"75":1,"76":1,"77":1,"78":1,"79":1,"80":1,"81":1,"82":1,"83":1,"84":1,"85":1,"86":1,"87":1,"88":1,"89":1,"90":1,"91":1,"92":1,"93":1,"94":1,"95":1,"96":1,"97":1,"98":1,"99":1,"100":1,"101":1,"102":1,"103":1,"104":1,"105":1,"106":1,"107":1,"108":1,"109":1,"110":1,"111":1,"112":1,"113":1,"114":1,"115":1,"116":1,"117":1,"118":1,"119":1,"120":1,"121":1,"122":1,"123":1,"124":1,"125":1,"126":1,"127":1,"128":1,"129":1,"130":1,"131":1,"132":1,"133":1,"134":1,"135":1,"136":1,"137":1,"138":1,"139":1,"140":1},"b":{},"f":{},"l":{"2":1,"4":1,"25":1,"26":1,"27":1,"28":1,"29":1,"30":1,"31":1,"32":1,"33":1,"34":1,"35":1,"36":1,"37":1,"38":1,"39":1,"40":1,"41":1,"42":1,"45":1,"46":1,"47":1,"48":1,"49":1,"50":1,"51":1,"52":1,"53":1,"54":1,"55":1,"56":1,"57":1,"58":1,"59":1,"60":1,"61":1,"62":1,"63":1,"64":1,"65":1,"66":1,"67":1,"68":1,"69":1,"70":1,"71":1,"72":1,"73":1,"74":1,"75":1,"76":1,"77":1,"78":1,"79":1,"80":1,"81":1,"82":1,"83":1,"84":1,"85":1,"86":1,"87":1,"88":1,"89":1,"90":1,"91":1,"92":1,"93":1,"94":1,"95":1,"96":1,"97":1,"98":1,"99":1,"100":1,"101":1,"102":1,"103":1,"104":1,"105":1,"106":1,"107":1,"108":1,"109":1,"110":1,"111":1,"112":1,"113":1,"114":1,"115":1,"116":1,"117":1,"118":1,"119":1,"120":1,"121":1,"122":1,"123":1,"124":1,"125":1,"126":1,"127":1,"128":1,"129":1,"132":1,"133":1,"134":1,"135":1,"136":1,"137":1,"138":1,"139":1,"140":1,"141":1,"142":1,"143":1,"146":1,"147":1,"148":1,"149":1,"153":1,"158":1,"164":1,"165":1,"166":1,"167":1,"168":1,"169":1,"170":1,"171":1,"172":1,"173":1,"174":1,"175":1,"176":1,"177":1,"178":1,"179":1,"180":1}},
"src/Subject.ts":{"path":"src/Subject.ts","statementMap":{"1":{"start":{"line":3,"column":0},"end":{"line":3,"column":40}},"2":{"start":{"line":4,"column":0},"end":{"line":4,"column":40}},"3":{"start":{"line":5,"column":0},"end":{"line":5,"column":44}},"4":{"start":{"line":6,"column":0},"end":{"line":6,"column":66}},"5":{"start":{"line":7,"column":0},"end":{"line":7,"column":51}},"6":{"start":{"line":9,"column":0},"end":{"line":9,"column":51}},"7":{"start":{"line":10,"column":0},"end":{"line":10,"column":57}},"8":{"start":{"line":11,"column":0},"end":{"line":11,"column":67}},"9":{"start":{"line":13,"column":0},"end":{"line":13,"column":49}},"10":{"start":{"line":14,"column":0},"end":{"line":14,"column":51}},"11":{"start":{"line":15,"column":0},"end":{"line":15,"column":57}},"12":{"start":{"line":16,"column":0},"end":{"line":16,"column":51}},"13":{"start":{"line":17,"column":0},"end":{"line":17,"column":53}},"14":{"start":{"line":18,"column":0},"end":{"line":18,"column":59}},"15":{"start":{"line":20,"column":0},"end":{"line":167,"column":1}},"16":{"start":{"line":20,"column":32},"end":{"line":20,"column":45}},"17":{"start":{"line":34,"column":2},"end":{"line":34,"column":32}},"18":{"start":{"line":35,"column":2},"end":{"line":35,"column":34}},"19":{"start":{"line":37,"column":2},"end":{"line":37,"column":31}},"20":{"start":{"line":38,"column":2},"end":{"line":38,"column":31}},"21":{"start":{"line":40,"column":2},"end":{"line":40,"column":34}},"22":{"start":{"line":24,"column":2},"end":{"line":26,"column":3}},"23":{"start":{"line":25,"column":4},"end":{"line":25,"column":16}},"24":{"start":{"line":28,"column":9},"end":{"line":30,"column":3}},"25":{"start":{"line":29,"column":4},"end":{"line":29,"column":57}},"26":{"start":{"line":42,"column":2},"end":{"line":46,"column":3}},"27":{"start":{"line":43,"column":4},"end":{"line":43,"column":77}},"28":{"start":{"line":44,"column":4},"end":{"line":44,"column":32}},"29":{"start":{"line":45,"column":4},"end":{"line":45,"column":19}},"30":{"start":{"line":48,"column":2},"end":{"line":64,"column":3}},"31":{"start":{"line":49,"column":4},"end":{"line":59,"column":5}},"32":{"start":{"line":50,"column":6},"end":{"line":50,"column":13}},"33":{"start":{"line":51,"column":11},"end":{"line":59,"column":5}},"34":{"start":{"line":52,"column":6},"end":{"line":52,"column":43}},"35":{"start":{"line":53,"column":6},"end":{"line":53,"column":13}},"36":{"start":{"line":54,"column":11},"end":{"line":59,"column":5}},"37":{"start":{"line":55,"column":6},"end":{"line":55,"column":28}},"38":{"start":{"line":56,"column":6},"end":{"line":56,"column":13}},"39":{"start":{"line":57,"column":11},"end":{"line":59,"column":5}},"40":{"start":{"line":58,"column":6},"end":{"line":58,"column":65}},"41":{"start":{"line":61,"column":4},"end":{"line":61,"column":36}},"42":{"start":{"line":63,"column":4},"end":{"line":63,"column":53}},"43":{"start":{"line":66,"column":2},"end":{"line":68,"column":3}},"44":{"start":{"line":67,"column":4},"end":{"line":67,"column":45}},"45":{"start":{"line":70,"column":2},"end":{"line":72,"column":3}},"46":{"start":{"line":71,"column":4},"end":{"line":71,"column":48}},"47":{"start":{"line":74,"column":2},"end":{"line":77,"column":3}},"48":{"start":{"line":75,"column":4},"end":{"line":75,"column":28}},"49":{"start":{"line":76,"column":4},"end":{"line":76,"column":39}},"50":{"start":{"line":79,"column":2},"end":{"line":93,"column":3}},"51":{"start":{"line":80,"column":4},"end":{"line":82,"column":5}},"52":{"start":{"line":81,"column":6},"end":{"line":81,"column":13}},"53":{"start":{"line":84,"column":4},"end":{"line":84,"column":28}},"54":{"start":{"line":85,"column":4},"end":{"line":85,"column":22}},"55":{"start":{"line":86,"column":4},"end":{"line":86,"column":29}},"56":{"start":{"line":88,"column":4},"end":{"line":92,"column":5}},"57":{"start":{"line":89,"column":6},"end":{"line":89,"column":37}},"58":{"start":{"line":90,"column":11},"end":{"line":92,"column":5}},"59":{"start":{"line":91,"column":6},"end":{"line":91,"column":22}},"60":{"start":{"line":95,"column":2},"end":{"line":109,"column":3}},"61":{"start":{"line":96,"column":4},"end":{"line":98,"column":5}},"62":{"start":{"line":97,"column":6},"end":{"line":97,"column":13}},"63":{"start":{"line":100,"column":4},"end":{"line":100,"column":28}},"64":{"start":{"line":101,"column":4},"end":{"line":101,"column":29}},"65":{"start":{"line":103,"column":4},"end":{"line":105,"column":5}},"66":{"start":{"line":104,"column":6},"end":{"line":104,"column":13}},"67":{"start":{"line":107,"column":4},"end":{"line":107,"column":21}},"68":{"start":{"line":108,"column":4},"end":{"line":108,"column":23}},"69":{"start":{"line":111,"column":2},"end":{"line":124,"column":3}},"70":{"start":{"line":112,"column":4},"end":{"line":114,"column":5}},"71":{"start":{"line":113,"column":6},"end":{"line":113,"column":13}},"72":{"start":{"line":116,"column":4},"end":{"line":116,"column":31}},"73":{"start":{"line":118,"column":4},"end":{"line":120,"column":5}},"74":{"start":{"line":119,"column":6},"end":{"line":119,"column":13}},"75":{"start":{"line":122,"column":4},"end":{"line":122,"column":21}},"76":{"start":{"line":123,"column":4},"end":{"line":123,"column":23}},"77":{"start":{"line":126,"column":2},"end":{"line":134,"column":3}},"78":{"start":{"line":127,"column":4},"end":{"line":127,"column":19}},"79":{"start":{"line":128,"column":4},"end":{"line":128,"column":46}},"80":{"start":{"line":129,"column":4},"end":{"line":129,"column":33}},"81":{"start":{"line":131,"column":4},"end":{"line":133,"column":5}},"82":{"start":{"line":132,"column":6},"end":{"line":132,"column":35}},"83":{"start":{"line":136,"column":2},"end":{"line":150,"column":3}},"84":{"start":{"line":137,"column":4},"end":{"line":137,"column":19}},"85":{"start":{"line":138,"column":4},"end":{"line":138,"column":37}},"86":{"start":{"line":139,"column":4},"end":{"line":139,"column":33}},"87":{"start":{"line":142,"column":4},"end":{"line":142,"column":28}},"88":{"start":{"line":143,"column":4},"end":{"line":143,"column":31}},"89":{"start":{"line":145,"column":4},"end":{"line":147,"column":5}},"90":{"start":{"line":146,"column":6},"end":{"line":146,"column":34}},"91":{"start":{"line":149,"column":4},"end":{"line":149,"column":32}},"92":{"start":{"line":152,"column":2},"end":{"line":166,"column":3}},"93":{"start":{"line":153,"column":4},"end":{"line":153,"column":19}},"94":{"start":{"line":154,"column":4},"end":{"line":154,"column":37}},"95":{"start":{"line":155,"column":4},"end":{"line":155,"column":33}},"96":{"start":{"line":158,"column":4},"end":{"line":158,"column":28}},"97":{"start":{"line":159,"column":4},"end":{"line":159,"column":31}},"98":{"start":{"line":161,"column":4},"end":{"line":163,"column":5}},"99":{"start":{"line":162,"column":6},"end":{"line":162,"column":34}},"100":{"start":{"line":165,"column":4},"end":{"line":165,"column":32}},"101":{"start":{"line":167,"column":0},"end":{"line":167,"column":1}},"102":{"start":{"line":20,"column":13},"end":{"line":167,"column":1}},"103":{"start":{"line":169,"column":0},"end":{"line":202,"column":1}},"104":{"start":{"line":169,"column":38},"end":{"line":169,"column":48}},"105":{"start":{"line":170,"column":2},"end":{"line":172,"column":3}},"106":{"start":{"line":171,"column":4},"end":{"line":171,"column":12}},"107":{"start":{"line":170,"column":21},"end":{"line":170,"column":44}},"108":{"start":{"line":170,"column":56},"end":{"line":170,"column":82}},"109":{"start":{"line":174,"column":2},"end":{"line":177,"column":3}},"110":{"start":{"line":175,"column":4},"end":{"line":175,"column":35}},"111":{"start":{"line":176,"column":4},"end":{"line":176,"column":103}},"112":{"start":{"line":179,"column":2},"end":{"line":181,"column":3}},"113":{"start":{"line":180,"column":4},"end":{"line":180,"column":37}},"114":{"start":{"line":183,"column":2},"end":{"line":185,"column":3}},"115":{"start":{"line":184,"column":4},"end":{"line":184,"column":36}},"116":{"start":{"line":187,"column":2},"end":{"line":189,"column":3}},"117":{"start":{"line":188,"column":4},"end":{"line":188,"column":34}},"118":{"start":{"line":191,"column":2},"end":{"line":193,"column":3}},"119":{"start":{"line":192,"column":4},"end":{"line":192,"column":38}},"120":{"start":{"line":195,"column":2},"end":{"line":197,"column":3}},"121":{"start":{"line":196,"column":4},"end":{"line":196,"column":37}},"122":{"start":{"line":199,"column":2},"end":{"line":201,"column":3}},"123":{"start":{"line":200,"column":4},"end":{"line":200,"column":35}},"124":{"start":{"line":202,"column":0},"end":{"line":202,"column":1}}},"fnMap":{"1":{"name":"(anonymous_3)","line":20,"loc":{"start":{"line":20,"column":0},"end":{"line":null,"column":-1}}},"2":{"name":"(anonymous_5)","line":24,"loc":{"start":{"line":24,"column":2},"end":{"line":null,"column":-1}}},"3":{"name":"(anonymous_6)","line":28,"loc":{"start":{"line":28,"column":2},"end":{"line":28,"column":66}}},"4":{"name":"(anonymous_7)","line":42,"loc":{"start":{"line":42,"column":2},"end":{"line":42,"column":37}}},"5":{"name":"(anonymous_8)","line":48,"loc":{"start":{"line":48,"column":2},"end":{"line":48,"column":40}}},"6":{"name":"(anonymous_9)","line":66,"loc":{"start":{"line":66,"column":2},"end":{"line":66,"column":19}}},"7":{"name":"(anonymous_10)","line":70,"loc":{"start":{"line":70,"column":2},"end":{"line":70,"column":22}}},"8":{"name":"(anonymous_11)","line":74,"loc":{"start":{"line":74,"column":2},"end":{"line":null,"column":-1}}},"9":{"name":"(anonymous_12)","line":79,"loc":{"start":{"line":79,"column":2},"end":{"line":79,"column":15}}},"10":{"name":"(anonymous_13)","line":95,"loc":{"start":{"line":95,"column":2},"end":{"line":95,"column":17}}},"11":{"name":"(anonymous_14)","line":111,"loc":{"start":{"line":111,"column":2},"end":{"line":null,"column":-1}}},"12":{"name":"(anonymous_15)","line":126,"loc":{"start":{"line":126,"column":2},"end":{"line":126,"column":16}}},"13":{"name":"(anonymous_16)","line":136,"loc":{"start":{"line":136,"column":2},"end":{"line":136,"column":17}}},"14":{"name":"(anonymous_17)","line":152,"loc":{"start":{"line":152,"column":2},"end":{"line":null,"column":-1}}},"15":{"name":"(anonymous_18)","line":169,"loc":{"start":{"line":169,"column":0},"end":{"line":null,"column":-1}}},"16":{"name":"BidirectionalSubject","line":170,"loc":{"start":{"line":170,"column":2},"end":{"line":170,"column":82}}},"17":{"name":"(anonymous_20)","line":174,"loc":{"start":{"line":174,"column":2},"end":{"line":174,"column":38}}},"18":{"name":"(anonymous_21)","line":179,"loc":{"start":{"line":179,"column":2},"end":{"line":179,"column":16}}},"19":{"name":"(anonymous_22)","line":183,"loc":{"start":{"line":183,"column":2},"end":{"line":183,"column":17}}},"20":{"name":"(anonymous_23)","line":187,"loc":{"start":{"line":187,"column":2},"end":{"line":null,"column":-1}}},"21":{"name":"(anonymous_24)","line":191,"loc":{"start":{"line":191,"column":2},"end":{"line":191,"column":16}}},"22":{"name":"(anonymous_25)","line":195,"loc":{"start":{"line":195,"column":2},"end":{"line":195,"column":17}}},"23":{"name":"(anonymous_26)","line":199,"loc":{"start":{"line":199,"column":2},"end":{"line":null,"column":-1}}}},"branchMap":{"1":{"line":43,"type":"binary-expr","locations":[{"start":{"line":43,"column":51},"end":{"line":43,"column":67}},{"start":{"line":43,"column":71},"end":{"line":43,"column":75}}]},"2":{"line":49,"type":"if","locations":[{"start":{"line":49,"column":4},"end":{"line":49,"column":3}},{"start":{"line":49,"column":4},"end":{"line":49,"column":3}}]},"3":{"line":51,"type":"if","locations":[{"start":{"line":51,"column":11},"end":{"line":51,"column":10}},{"start":{"line":51,"column":11},"end":{"line":51,"column":10}}]},"4":{"line":54,"type":"if","locations":[{"start":{"line":54,"column":11},"end":{"line":54,"column":10}},{"start":{"line":54,"column":11},"end":{"line":54,"column":10}}]},"5":{"line":57,"type":"if","locations":[{"start":{"line":57,"column":11},"end":{"line":57,"column":10}},{"start":{"line":57,"column":11},"end":{"line":57,"column":10}}]},"6":{"line":80,"type":"if","locations":[{"start":{"line":80,"column":4},"end":{"line":80,"column":3}},{"start":{"line":80,"column":4},"end":{"line":80,"column":3}}]},"7":{"line":88,"type":"if","locations":[{"start":{"line":88,"column":4},"end":{"line":88,"column":3}},{"start":{"line":88,"column":4},"end":{"line":88,"column":3}}]},"8":{"line":90,"type":"if","locations":[{"start":{"line":90,"column":11},"end":{"line":90,"column":10}},{"start":{"line":90,"column":11},"end":{"line":90,"column":10}}]},"9":{"line":96,"type":"if","locations":[{"start":{"line":96,"column":4},"end":{"line":96,"column":3}},{"start":{"line":96,"column":4},"end":{"line":96,"column":3}}]},"10":{"line":96,"type":"binary-expr","locations":[{"start":{"line":96,"column":8},"end":{"line":96,"column":27}},{"start":{"line":96,"column":31},"end":{"line":96,"column":50}}]},"11":{"line":103,"type":"if","locations":[{"start":{"line":103,"column":4},"end":{"line":103,"column":3}},{"start":{"line":103,"column":4},"end":{"line":103,"column":3}}]},"12":{"line":112,"type":"if","locations":[{"start":{"line":112,"column":4},"end":{"line":112,"column":3}},{"start":{"line":112,"column":4},"end":{"line":112,"column":3}}]},"13":{"line":112,"type":"binary-expr","locations":[{"start":{"line":112,"column":8},"end":{"line":112,"column":27}},{"start":{"line":112,"column":31},"end":{"line":112,"column":47}}]},"14":{"line":118,"type":"if","locations":[{"start":{"line":118,"column":4},"end":{"line":118,"column":3}},{"start":{"line":118,"column":4},"end":{"line":118,"column":3}}]},"15":{"line":176,"type":"cond-expr","locations":[{"start":{"line":176,"column":63},"end":{"line":176,"column":88}},{"start":{"line":176,"column":91},"end":{"line":176,"column":101}}]}},"s":{"1":1,"2":1,"3":1,"4":1,"5":1,"6":1,"7":1,"8":1,"9":1,"10":1,"11":1,"12":1,"13":1,"14":1,"15":2,"16":2803,"17":2802,"18":2802,"19":2802,"20":2802,"21":2802,"22":1,"23":129,"24":1,"25":2,"26":1,"27":915,"28":915,"29":915,"30":1,"31":2063,"32":2,"33":2061,"34":43,"35":43,"36":2018,"37":43,"38":43,"39":1975,"40":1,"41":1974,"42":1974,"43":1,"44":735,"45":1,"46":1,"47":1,"48":1746,"49":1746,"50":1,"51":5764,"52":22,"53":5742,"54":5742,"55":5742,"56":5742,"57":3,"58":5739,"59":26,"60":1,"61":353,"62":17,"63":336,"64":336,"65":336,"66":3,"67":333,"68":333,"69":1,"70":1430,"71":69,"72":1361,"73":1361,"74":26,"75":1335,"76":1335,"77":1,"78":5690,"79":5690,"80":5690,"81":5690,"82":4654,"83":1,"84":333,"85":333,"86":333,"87":333,"88":333,"89":333,"90":324,"91":333,"92":1,"93":1315,"94":1315,"95":1315,"96":1315,"97":1315,"98":1315,"99":982,"100":1315,"101":1,"102":1,"103":1,"104":1,"105":1,"106":917,"107":917,"108":917,"109":1,"110":920,"111":920,"112":1,"113":6,"114":1,"115":1,"116":1,"117":1,"118":1,"119":6,"120":1,"121":1,"122":1,"123":1,"124":1},"b":{"1":[915,869],"2":[2,2061],"3":[43,2018],"4":[43,1975],"5":[1,1974],"6":[22,5742],"7":[3,5739],"8":[26,5713],"9":[17,336],"10":[353,336],"11":[3,333],"12":[69,1361],"13":[1430,1361],"14":[26,1335],"15":[918,2]},"f":{"1":2803,"2":129,"3":2,"4":915,"5":2063,"6":735,"7":1,"8":1746,"9":5764,"10":353,"11":1430,"12":5690,"13":333,"14":1315,"15":1,"16":917,"17":920,"18":6,"19":1,"20":1,"21":6,"22":1,"23":1},"l":{"3":1,"4":1,"5":1,"6":1,"7":1,"9":1,"10":1,"11":1,"13":1,"14":1,"15":1,"16":1,"17":1,"18":1,"20":2803,"24":1,"25":129,"28":1,"29":2,"34":2802,"35":2802,"37":2802,"38":2802,"40":2802,"42":1,"43":915,"44":915,"45":915,"48":1,"49":2063,"50":2,"51":2061,"52":43,"53":43,"54":2018,"55":43,"56":43,"57":1975,"58":1,"61":1974,"63":1974,"66":1,"67":735,"70":1,"71":1,"74":1,"75":1746,"76":1746,"79":1,"80":5764,"81":22,"84":5742,"85":5742,"86":5742,"88":5742,"89":3,"90":5739,"91":26,"95":1,"96":353,"97":17,"100":336,"101":336,"103":336,"104":3,"107":333,"108":333,"111":1,"112":1430,"113":69,"116":1361,"118":1361,"119":26,"122":1335,"123":1335,"126":1,"127":5690,"128":5690,"129":5690,"131":5690,"132":4654,"136":1,"137":333,"138":333,"139":333,"142":333,"143":333,"145":333,"146":324,"149":333,"152":1,"153":1315,"154":1315,"155":1315,"158":1315,"159":1315,"161":1315,"162":982,"165":1315,"167":1,"169":1,"170":917,"171":917,"174":1,"175":920,"176":920,"179":1,"180":6,"183":1,"184":1,"187":1,"188":1,"191":1,"192":6,"195":1,"196":1,"199":1,"200":1,"202":1}},
"src/Observable.ts":{"path":"src/Observable.ts","statementMap":{"1":{"start":{"line":4,"column":0},"end":{"line":4,"column":40}},"2":{"start":{"line":6,"column":0},"end":{"line":6,"column":33}},"3":{"start":{"line":8,"column":0},"end":{"line":8,"column":45}},"4":{"start":{"line":13,"column":0},"end":{"line":13,"column":50}},"5":{"start":{"line":21,"column":0},"end":{"line":260,"column":1}},"6":{"start":{"line":33,"column":2},"end":{"line":37,"column":3}},"7":{"start":{"line":24,"column":2},"end":{"line":24,"column":29}},"8":{"start":{"line":34,"column":4},"end":{"line":36,"column":5}},"9":{"start":{"line":35,"column":6},"end":{"line":35,"column":34}},"10":{"start":{"line":59,"column":2},"end":{"line":64,"column":3}},"11":{"start":{"line":60,"column":4},"end":{"line":60,"column":40}},"12":{"start":{"line":61,"column":4},"end":{"line":61,"column":29}},"13":{"start":{"line":62,"column":4},"end":{"line":62,"column":35}},"14":{"start":{"line":63,"column":4},"end":{"line":63,"column":22}},"15":{"start":{"line":71,"column":2},"end":{"line":73,"column":3}},"16":{"start":{"line":72,"column":4},"end":{"line":72,"column":16}},"17":{"start":{"line":86,"column":2},"end":{"line":108,"column":3}},"18":{"start":{"line":90,"column":4},"end":{"line":90,"column":34}},"19":{"start":{"line":92,"column":4},"end":{"line":103,"column":5}},"20":{"start":{"line":93,"column":6},"end":{"line":99,"column":7}},"21":{"start":{"line":94,"column":8},"end":{"line":94,"column":54}},"22":{"start":{"line":95,"column":13},"end":{"line":99,"column":7}},"23":{"start":{"line":96,"column":8},"end":{"line":96,"column":52}},"24":{"start":{"line":98,"column":8},"end":{"line":98,"column":66}},"25":{"start":{"line":101,"column":6},"end":{"line":101,"column":51}},"26":{"start":{"line":102,"column":6},"end":{"line":102,"column":60}},"27":{"start":{"line":105,"column":4},"end":{"line":105,"column":48}},"28":{"start":{"line":107,"column":4},"end":{"line":107,"column":22}},"29":{"start":{"line":117,"column":2},"end":{"line":133,"column":3}},"30":{"start":{"line":118,"column":4},"end":{"line":124,"column":5}},"31":{"start":{"line":119,"column":6},"end":{"line":123,"column":7}},"32":{"start":{"line":120,"column":8},"end":{"line":120,"column":45}},"33":{"start":{"line":121,"column":13},"end":{"line":123,"column":7}},"34":{"start":{"line":122,"column":8},"end":{"line":122,"column":35}},"35":{"start":{"line":126,"column":4},"end":{"line":128,"column":5}},"36":{"start":{"line":127,"column":6},"end":{"line":127,"column":47}},"37":{"start":{"line":130,"column":4},"end":{"line":132,"column":7}},"38":{"start":{"line":131,"column":6},"end":{"line":131,"column":44}},"39":{"start":{"line":135,"column":2},"end":{"line":137,"column":3}},"40":{"start":{"line":136,"column":4},"end":{"line":136,"column":66}},"41":{"start":{"line":48,"column":9},"end":{"line":50,"column":4}},"42":{"start":{"line":49,"column":4},"end":{"line":49,"column":40}},"43":{"start":{"line":260,"column":0},"end":{"line":260,"column":1}},"44":{"start":{"line":21,"column":13},"end":{"line":260,"column":1}}},"fnMap":{"1":{"name":"(anonymous_1)","line":21,"loc":{"start":{"line":21,"column":0},"end":{"line":null,"column":-1}}},"2":{"name":"Observable","line":33,"loc":{"start":{"line":33,"column":2},"end":{"line":33,"column":89}}},"3":{"name":"(anonymous_3)","line":59,"loc":{"start":{"line":59,"column":2},"end":{"line":59,"column":37}}},"4":{"name":"(anonymous_4)","line":71,"loc":{"start":{"line":71,"column":2},"end":{"line":null,"column":-1}}},"5":{"name":"(anonymous_5)","line":86,"loc":{"start":{"line":86,"column":2},"end":{"line":88,"column":33}}},"6":{"name":"(anonymous_6)","line":117,"loc":{"start":{"line":117,"column":2},"end":{"line":117,"column":68}}},"7":{"name":"(anonymous_7)","line":130,"loc":{"start":{"line":130,"column":33},"end":{"line":130,"column":49}}},"8":{"name":"(anonymous_8)","line":135,"loc":{"start":{"line":135,"column":2},"end":{"line":135,"column":40}}},"9":{"name":"(anonymous_9)","line":48,"loc":{"start":{"line":48,"column":28},"end":{"line":48,"column":107}}}},"branchMap":{"1":{"line":34,"type":"if","locations":[{"start":{"line":34,"column":4},"end":{"line":34,"column":3}},{"start":{"line":34,"column":4},"end":{"line":34,"column":3}}]},"2":{"line":92,"type":"if","locations":[{"start":{"line":92,"column":4},"end":{"line":92,"column":3}},{"start":{"line":92,"column":4},"end":{"line":92,"column":3}}]},"3":{"line":92,"type":"binary-expr","locations":[{"start":{"line":92,"column":8},"end":{"line":92,"column":22}},{"start":{"line":92,"column":26},"end":{"line":92,"column":60}}]},"4":{"line":93,"type":"if","locations":[{"start":{"line":93,"column":6},"end":{"line":93,"column":5}},{"start":{"line":93,"column":6},"end":{"line":93,"column":5}}]},"5":{"line":95,"type":"if","locations":[{"start":{"line":95,"column":13},"end":{"line":95,"column":12}},{"start":{"line":95,"column":13},"end":{"line":95,"column":12}}]},"6":{"line":118,"type":"if","locations":[{"start":{"line":118,"column":4},"end":{"line":118,"column":3}},{"start":{"line":118,"column":4},"end":{"line":118,"column":3}}]},"7":{"line":119,"type":"if","locations":[{"start":{"line":119,"column":6},"end":{"line":119,"column":5}},{"start":{"line":119,"column":6},"end":{"line":119,"column":5}}]},"8":{"line":119,"type":"binary-expr","locations":[{"start":{"line":119,"column":10},"end":{"line":119,"column":17}},{"start":{"line":119,"column":21},"end":{"line":119,"column":35}},{"start":{"line":119,"column":39},"end":{"line":119,"column":61}}]},"9":{"line":121,"type":"if","locations":[{"start":{"line":121,"column":13},"end":{"line":121,"column":12}},{"start":{"line":121,"column":13},"end":{"line":121,"column":12}}]},"10":{"line":126,"type":"if","locations":[{"start":{"line":126,"column":4},"end":{"line":126,"column":3}},{"start":{"line":126,"column":4},"end":{"line":126,"column":3}}]}},"s":{"1":1,"2":1,"3":1,"4":1,"5":1,"6":1,"7":6493,"8":6493,"9":1312,"10":1,"11":911,"12":911,"13":911,"14":911,"15":1,"16":0,"17":1,"18":4449,"19":4449,"20":2419,"21":2272,"22":147,"23":128,"24":19,"25":2030,"26":2030,"27":4449,"28":4445,"29":4,"30":3,"31":2,"32":1,"33":1,"34":1,"35":3,"36":0,"37":3,"38":3,"39":1,"40":948,"41":1,"42":10,"43":1,"44":1},"b":{"1":[1312,5181],"2":[2419,2030],"3":[4449,4427],"4":[2272,147],"5":[128,19],"6":[2,1],"7":[1,1],"8":[2,1,1],"9":[1,0],"10":[0,3]},"f":{"1":1,"2":6493,"3":911,"4":0,"5":4449,"6":3,"7":3,"8":948,"9":10},"l":{"4":1,"6":1,"8":1,"13":1,"21":1,"24":6493,"33":1,"34":6493,"35":1312,"48":1,"49":10,"59":1,"60":911,"61":911,"62":911,"63":911,"71":1,"72":0,"86":1,"90":4449,"92":4449,"93":2419,"94":2272,"95":147,"96":128,"98":19,"101":2030,"102":2030,"105":4449,"107":4445,"117":4,"118":3,"119":2,"120":1,"121":1,"122":1,"126":3,"127":0,"130":3,"131":3,"135":1,"136":948,"260":1}},
"src/Subscriber.ts":{"path":"src/Subscriber.ts","statementMap":{"1":{"start":{"line":1,"column":0},"end":{"line":1,"column":33}},"2":{"start":{"line":2,"column":0},"end":{"line":2,"column":45}},"3":{"start":{"line":3,"column":0},"end":{"line":3,"column":49}},"4":{"start":{"line":6,"column":0},"end":{"line":6,"column":44}},"5":{"start":{"line":7,"column":0},"end":{"line":7,"column":51}},"6":{"start":{"line":9,"column":0},"end":{"line":130,"column":1}},"7":{"start":{"line":9,"column":35},"end":{"line":9,"column":50}},"8":{"start":{"line":47,"column":2},"end":{"line":59,"column":3}},"9":{"start":{"line":48,"column":4},"end":{"line":48,"column":12}},"10":{"start":{"line":47,"column":24},"end":{"line":47,"column":51}},"11":{"start":{"line":11,"column":12},"end":{"line":11,"column":45}},"12":{"start":{"line":50,"column":4},"end":{"line":52,"column":5}},"13":{"start":{"line":51,"column":6},"end":{"line":51,"column":13}},"14":{"start":{"line":53,"column":4},"end":{"line":53,"column":59}},"15":{"start":{"line":54,"column":4},"end":{"line":58,"column":5}},"16":{"start":{"line":55,"column":6},"end":{"line":55,"column":40}},"17":{"start":{"line":56,"column":11},"end":{"line":58,"column":5}},"18":{"start":{"line":57,"column":6},"end":{"line":57,"column":59}},"19":{"start":{"line":13,"column":2},"end":{"line":15,"column":3}},"20":{"start":{"line":14,"column":4},"end":{"line":14,"column":16}},"21":{"start":{"line":17,"column":2},"end":{"line":25,"column":3}},"22":{"start":{"line":18,"column":4},"end":{"line":18,"column":44}},"23":{"start":{"line":19,"column":4},"end":{"line":24,"column":5}},"24":{"start":{"line":21,"column":6},"end":{"line":21,"column":65}},"25":{"start":{"line":23,"column":6},"end":{"line":23,"column":34}},"26":{"start":{"line":28,"column":4},"end":{"line":28,"column":44}},"27":{"start":{"line":29,"column":4},"end":{"line":34,"column":5}},"28":{"start":{"line":31,"column":6},"end":{"line":31,"column":51}},"29":{"start":{"line":33,"column":6},"end":{"line":33,"column":44}},"30":{"start":{"line":37,"column":9},"end":{"line":45,"column":3}},"31":{"start":{"line":40,"column":4},"end":{"line":40,"column":43}},"32":{"start":{"line":41,"column":4},"end":{"line":41,"column":82}},"33":{"start":{"line":42,"column":4},"end":{"line":42,"column":77}},"34":{"start":{"line":43,"column":4},"end":{"line":43,"column":80}},"35":{"start":{"line":44,"column":4},"end":{"line":44,"column":22}},"36":{"start":{"line":61,"column":2},"end":{"line":69,"column":3}},"37":{"start":{"line":63,"column":4},"end":{"line":63,"column":45}},"38":{"start":{"line":64,"column":4},"end":{"line":68,"column":5}},"39":{"start":{"line":65,"column":6},"end":{"line":65,"column":29}},"40":{"start":{"line":67,"column":6},"end":{"line":67,"column":21}},"41":{"start":{"line":71,"column":2},"end":{"line":78,"column":3}},"42":{"start":{"line":73,"column":4},"end":{"line":77,"column":5}},"43":{"start":{"line":74,"column":6},"end":{"line":74,"column":37}},"44":{"start":{"line":76,"column":6},"end":{"line":76,"column":24}},"45":{"start":{"line":80,"column":2},"end":{"line":88,"column":3}},"46":{"start":{"line":81,"column":4},"end":{"line":87,"column":5}},"47":{"start":{"line":82,"column":6},"end":{"line":82,"column":13}},"48":{"start":{"line":83,"column":11},"end":{"line":87,"column":5}},"49":{"start":{"line":84,"column":6},"end":{"line":84,"column":34}},"50":{"start":{"line":86,"column":6},"end":{"line":86,"column":26}},"51":{"start":{"line":90,"column":2},"end":{"line":95,"column":3}},"52":{"start":{"line":91,"column":4},"end":{"line":91,"column":41}},"53":{"start":{"line":92,"column":4},"end":{"line":94,"column":5}},"54":{"start":{"line":93,"column":6},"end":{"line":93,"column":30}},"55":{"start":{"line":97,"column":2},"end":{"line":102,"column":3}},"56":{"start":{"line":98,"column":4},"end":{"line":98,"column":41}},"57":{"start":{"line":99,"column":4},"end":{"line":101,"column":5}},"58":{"start":{"line":100,"column":6},"end":{"line":100,"column":29}},"59":{"start":{"line":104,"column":2},"end":{"line":109,"column":3}},"60":{"start":{"line":105,"column":4},"end":{"line":105,"column":41}},"61":{"start":{"line":106,"column":4},"end":{"line":108,"column":5}},"62":{"start":{"line":107,"column":6},"end":{"line":107,"column":29}},"63":{"start":{"line":111,"column":2},"end":{"line":115,"column":3}},"64":{"start":{"line":112,"column":4},"end":{"line":114,"column":5}},"65":{"start":{"line":113,"column":6},"end":{"line":113,"column":24}},"66":{"start":{"line":117,"column":2},"end":{"line":122,"column":3}},"67":{"start":{"line":118,"column":4},"end":{"line":121,"column":5}},"68":{"start":{"line":119,"column":6},"end":{"line":119,"column":23}},"69":{"start":{"line":120,"column":6},"end":{"line":120,"column":25}},"70":{"start":{"line":124,"column":2},"end":{"line":129,"column":3}},"71":{"start":{"line":125,"column":4},"end":{"line":128,"column":5}},"72":{"start":{"line":126,"column":6},"end":{"line":126,"column":23}},"73":{"start":{"line":127,"column":6},"end":{"line":127,"column":25}},"74":{"start":{"line":130,"column":0},"end":{"line":130,"column":1}},"75":{"start":{"line":9,"column":13},"end":{"line":130,"column":1}}},"fnMap":{"1":{"name":"(anonymous_3)","line":9,"loc":{"start":{"line":9,"column":0},"end":{"line":null,"column":-1}}},"2":{"name":"Subscriber","line":47,"loc":{"start":{"line":47,"column":2},"end":{"line":47,"column":51}}},"3":{"name":"(anonymous_5)","line":13,"loc":{"start":{"line":13,"column":2},"end":{"line":null,"column":-1}}},"4":{"name":"(anonymous_6)","line":17,"loc":{"start":{"line":17,"column":2},"end":{"line":null,"column":-1}}},"5":{"name":"(anonymous_7)","line":27,"loc":{"start":{"line":27,"column":2},"end":{"line":27,"column":35}}},"6":{"name":"(anonymous_8)","line":37,"loc":{"start":{"line":37,"column":2},"end":{"line":39,"column":40}}},"7":{"name":"(anonymous_9)","line":61,"loc":{"start":{"line":61,"column":2},"end":{"line":61,"column":44}}},"8":{"name":"(anonymous_10)","line":71,"loc":{"start":{"line":71,"column":2},"end":{"line":71,"column":29}}},"9":{"name":"(anonymous_11)","line":80,"loc":{"start":{"line":80,"column":2},"end":{"line":null,"column":-1}}},"10":{"name":"(anonymous_12)","line":90,"loc":{"start":{"line":90,"column":2},"end":{"line":90,"column":16}}},"11":{"name":"(anonymous_13)","line":97,"loc":{"start":{"line":97,"column":2},"end":{"line":97,"column":17}}},"12":{"name":"(anonymous_14)","line":104,"loc":{"start":{"line":104,"column":2},"end":{"line":null,"column":-1}}},"13":{"name":"(anonymous_15)","line":111,"loc":{"start":{"line":111,"column":2},"end":{"line":111,"column":16}}},"14":{"name":"(anonymous_16)","line":117,"loc":{"start":{"line":117,"column":2},"end":{"line":117,"column":17}}},"15":{"name":"(anonymous_17)","line":124,"loc":{"start":{"line":124,"column":2},"end":{"line":null,"column":-1}}}},"branchMap":{"1":{"line":50,"type":"if","locations":[{"start":{"line":50,"column":4},"end":{"line":50,"column":3}},{"start":{"line":50,"column":4},"end":{"line":50,"column":3}}]},"2":{"line":54,"type":"if","locations":[{"start":{"line":54,"column":4},"end":{"line":54,"column":3}},{"start":{"line":54,"column":4},"end":{"line":54,"column":3}}]},"3":{"line":56,"type":"if","locations":[{"start":{"line":56,"column":11},"end":{"line":56,"column":10}},{"start":{"line":56,"column":11},"end":{"line":56,"column":10}}]},"4":{"line":19,"type":"if","locations":[{"start":{"line":19,"column":4},"end":{"line":19,"column":3}},{"start":{"line":19,"column":4},"end":{"line":19,"column":3}}]},"5":{"line":21,"type":"binary-expr","locations":[{"start":{"line":21,"column":13},"end":{"line":21,"column":33}},{"start":{"line":21,"column":37},"end":{"line":21,"column":64}}]},"6":{"line":29,"type":"if","locations":[{"start":{"line":29,"column":4},"end":{"line":29,"column":3}},{"start":{"line":29,"column":4},"end":{"line":29,"column":3}}]},"7":{"line":41,"type":"binary-expr","locations":[{"start":{"line":41,"column":24},"end":{"line":41,"column":50}},{"start":{"line":41,"column":55},"end":{"line":41,"column":73}},{"start":{"line":41,"column":77},"end":{"line":41,"column":81}}]},"8":{"line":42,"type":"binary-expr","locations":[{"start":{"line":42,"column":25},"end":{"line":42,"column":52}},{"start":{"line":42,"column":57},"end":{"line":42,"column":62}},{"start":{"line":42,"column":66},"end":{"line":42,"column":76}}]},"9":{"line":43,"type":"binary-expr","locations":[{"start":{"line":43,"column":28},"end":{"line":43,"column":58}},{"start":{"line":43,"column":63},"end":{"line":43,"column":71}},{"start":{"line":43,"column":75},"end":{"line":43,"column":79}}]},"10":{"line":64,"type":"if","locations":[{"start":{"line":64,"column":4},"end":{"line":64,"column":3}},{"start":{"line":64,"column":4},"end":{"line":64,"column":3}}]},"11":{"line":73,"type":"if","locations":[{"start":{"line":73,"column":4},"end":{"line":73,"column":3}},{"start":{"line":73,"column":4},"end":{"line":73,"column":3}}]},"12":{"line":81,"type":"if","locations":[{"start":{"line":81,"column":4},"end":{"line":81,"column":3}},{"start":{"line":81,"column":4},"end":{"line":81,"column":3}}]},"13":{"line":83,"type":"if","locations":[{"start":{"line":83,"column":11},"end":{"line":83,"column":10}},{"start":{"line":83,"column":11},"end":{"line":83,"column":10}}]},"14":{"line":92,"type":"if","locations":[{"start":{"line":92,"column":4},"end":{"line":92,"column":3}},{"start":{"line":92,"column":4},"end":{"line":92,"column":3}}]},"15":{"line":99,"type":"if","locations":[{"start":{"line":99,"column":4},"end":{"line":99,"column":3}},{"start":{"line":99,"column":4},"end":{"line":99,"column":3}}]},"16":{"line":106,"type":"if","locations":[{"start":{"line":106,"column":4},"end":{"line":106,"column":3}},{"start":{"line":106,"column":4},"end":{"line":106,"column":3}}]},"17":{"line":112,"type":"if","locations":[{"start":{"line":112,"column":4},"end":{"line":112,"column":3}},{"start":{"line":112,"column":4},"end":{"line":112,"column":3}}]},"18":{"line":118,"type":"if","locations":[{"start":{"line":118,"column":4},"end":{"line":118,"column":3}},{"start":{"line":118,"column":4},"end":{"line":118,"column":3}}]},"19":{"line":125,"type":"if","locations":[{"start":{"line":125,"column":4},"end":{"line":125,"column":3}},{"start":{"line":125,"column":4},"end":{"line":125,"column":3}}]}},"s":{"1":1,"2":1,"3":1,"4":1,"5":1,"6":1,"7":1,"8":1,"9":10463,"10":10462,"11":10462,"12":10462,"13":8406,"14":2056,"15":2056,"16":102,"17":1954,"18":1934,"19":1,"20":1,"21":1,"22":139857,"23":139857,"24":51709,"25":88148,"26":14686,"27":14686,"28":0,"29":14686,"30":1,"31":2038,"32":2038,"33":2038,"34":2038,"35":2038,"36":1,"37":16073,"38":16073,"39":3708,"40":12365,"41":1,"42":2307,"43":1062,"44":1245,"45":1,"46":7563,"47":1749,"48":5814,"49":1592,"50":4222,"51":1,"52":50,"53":50,"54":50,"55":1,"56":177,"57":177,"58":177,"59":1,"60":228,"61":228,"62":226,"63":1,"64":36569,"65":32795,"66":1,"67":1252,"68":1223,"69":1218,"70":1,"71":7383,"72":7325,"73":3543,"74":1,"75":1},"b":{"1":[8406,2056],"2":[102,1954],"3":[1934,20],"4":[51709,88148],"5":[51709,51675],"6":[0,14686],"7":[2038,2016,22],"8":[2038,1861,177],"9":[2038,1925,113],"10":[3708,12365],"11":[1062,1245],"12":[1749,5814],"13":[1592,4222],"14":[50,0],"15":[177,0],"16":[226,2],"17":[32795,3774],"18":[1223,29],"19":[7325,58]},"f":{"1":1,"2":10463,"3":1,"4":139857,"5":14686,"6":2038,"7":16073,"8":2307,"9":7563,"10":50,"11":177,"12":228,"13":36569,"14":1252,"15":7383},"l":{"1":1,"2":1,"3":1,"6":1,"7":1,"9":1,"11":10462,"13":1,"14":1,"17":1,"18":139857,"19":139857,"21":51709,"23":88148,"28":14686,"29":14686,"31":0,"33":14686,"37":1,"40":2038,"41":2038,"42":2038,"43":2038,"44":2038,"47":10462,"48":10463,"50":10462,"51":8406,"53":2056,"54":2056,"55":102,"56":1954,"57":1934,"61":1,"63":16073,"64":16073,"65":3708,"67":12365,"71":1,"73":2307,"74":1062,"76":1245,"80":1,"81":7563,"82":1749,"83":5814,"84":1592,"86":4222,"90":1,"91":50,"92":50,"93":50,"97":1,"98":177,"99":177,"100":177,"104":1,"105":228,"106":228,"107":226,"111":1,"112":36569,"113":32795,"117":1,"118":1252,"119":1223,"120":1218,"124":1,"125":7383,"126":7325,"127":3543,"130":1}},
"src/util/noop.ts":{"path":"src/util/noop.ts","statementMap":{"1":{"start":{"line":2,"column":0},"end":{"line":2,"column":26}},"2":{"start":{"line":2,"column":16},"end":{"line":2,"column":26}}},"fnMap":{"1":{"name":"noop","line":2,"loc":{"start":{"line":2,"column":0},"end":{"line":2,"column":24}}}},"branchMap":{},"s":{"1":1,"2":1},"b":{},"f":{"1":7826},"l":{"2":1}},
"src/util/throwError.ts":{"path":"src/util/throwError.ts","statementMap":{"1":{"start":{"line":1,"column":0},"end":{"line":1,"column":42}},"2":{"start":{"line":1,"column":32},"end":{"line":1,"column":40}},"3":{"start":{"line":1,"column":16},"end":{"line":1,"column":42}}},"fnMap":{"1":{"name":"throwError","line":1,"loc":{"start":{"line":1,"column":0},"end":{"line":1,"column":28}}}},"branchMap":{},"s":{"1":1,"2":6,"3":1},"b":{},"f":{"1":6},"l":{"1":6}},
"src/util/tryOrOnError.ts":{"path":"src/util/tryOrOnError.ts","statementMap":{"1":{"start":{"line":1,"column":0},"end":{"line":11,"column":1}},"2":{"start":{"line":2,"column":2},"end":{"line":8,"column":3}},"3":{"start":{"line":3,"column":4},"end":{"line":7,"column":5}},"4":{"start":{"line":4,"column":13},"end":{"line":4,"column":55}},"5":{"start":{"line":6,"column":6},"end":{"line":6,"column":20}},"6":{"start":{"line":9,"column":9},"end":{"line":9,"column":37}},"7":{"start":{"line":10,"column":2},"end":{"line":10,"column":20}},"8":{"start":{"line":1,"column":16},"end":{"line":11,"column":1}}},"fnMap":{"1":{"name":"tryOrOnError","line":1,"loc":{"start":{"line":1,"column":0},"end":{"line":1,"column":45}}},"2":{"name":"tryCatcher","line":2,"loc":{"start":{"line":2,"column":2},"end":{"line":null,"column":-1}}}},"branchMap":{},"s":{"1":1,"2":1,"3":4521,"4":4521,"5":4,"6":2016,"7":2016,"8":1},"b":{},"f":{"1":2016,"2":4521},"l":{"1":1,"2":1,"3":4521,"4":4521,"6":4,"9":2016,"10":2016}},
"src/Subscription.ts":{"path":"src/Subscription.ts","statementMap":{"1":{"start":{"line":1,"column":0},"end":{"line":1,"column":33}},"2":{"start":{"line":3,"column":0},"end":{"line":102,"column":1}},"3":{"start":{"line":17,"column":2},"end":{"line":21,"column":3}},"4":{"start":{"line":9,"column":2},"end":{"line":9,"column":34}},"5":{"start":{"line":18,"column":4},"end":{"line":20,"column":5}},"6":{"start":{"line":19,"column":6},"end":{"line":19,"column":39}},"7":{"start":{"line":13,"column":2},"end":{"line":15,"column":3}},"8":{"start":{"line":14,"column":4},"end":{"line":14,"column":11}},"9":{"start":{"line":23,"column":2},"end":{"line":48,"column":3}},"10":{"start":{"line":25,"column":4},"end":{"line":27,"column":5}},"11":{"start":{"line":26,"column":6},"end":{"line":26,"column":13}},"12":{"start":{"line":29,"column":4},"end":{"line":29,"column":31}},"13":{"start":{"line":31,"column":4},"end":{"line":31,"column":42}},"14":{"start":{"line":32,"column":4},"end":{"line":32,"column":46}},"15":{"start":{"line":34,"column":4},"end":{"line":34,"column":33}},"16":{"start":{"line":36,"column":4},"end":{"line":38,"column":5}},"17":{"start":{"line":37,"column":6},"end":{"line":37,"column":29}},"18":{"start":{"line":40,"column":4},"end":{"line":47,"column":5}},"19":{"start":{"line":41,"column":6},"end":{"line":41,"column":21}},"20":{"start":{"line":42,"column":6},"end":{"line":42,"column":39}},"21":{"start":{"line":44,"column":6},"end":{"line":46,"column":7}},"22":{"start":{"line":45,"column":8},"end":{"line":45,"column":43}},"23":{"start":{"line":50,"column":2},"end":{"line":79,"column":3}},"24":{"start":{"line":55,"column":4},"end":{"line":59,"column":5}},"25":{"start":{"line":58,"column":6},"end":{"line":58,"column":13}},"26":{"start":{"line":61,"column":4},"end":{"line":61,"column":47}},"27":{"start":{"line":63,"column":4},"end":{"line":78,"column":5}},"28":{"start":{"line":65,"column":8},"end":{"line":65,"column":67}},"29":{"start":{"line":67,"column":8},"end":{"line":74,"column":9}},"30":{"start":{"line":68,"column":10},"end":{"line":68,"column":16}},"31":{"start":{"line":69,"column":15},"end":{"line":74,"column":9}},"32":{"start":{"line":70,"column":12},"end":{"line":70,"column":30}},"33":{"start":{"line":72,"column":10},"end":{"line":72,"column":82}},"34":{"start":{"line":73,"column":10},"end":{"line":73,"column":34}},"35":{"start":{"line":75,"column":8},"end":{"line":75,"column":14}},"36":{"start":{"line":77,"column":8},"end":{"line":77,"column":97}},"37":{"start":{"line":81,"column":2},"end":{"line":101,"column":3}},"38":{"start":{"line":87,"column":4},"end":{"line":91,"column":5}},"39":{"start":{"line":90,"column":6},"end":{"line":90,"column":13}},"40":{"start":{"line":93,"column":4},"end":{"line":93,"column":46}},"41":{"start":{"line":95,"column":4},"end":{"line":100,"column":5}},"42":{"start":{"line":96,"column":6},"end":{"line":96,"column":68}},"43":{"start":{"line":97,"column":6},"end":{"line":99,"column":7}},"44":{"start":{"line":98,"column":8},"end":{"line":98,"column":51}},"45":{"start":{"line":4,"column":16},"end":{"line":7,"column":31}},"46":{"start":{"line":5,"column":4},"end":{"line":5,"column":32}},"47":{"start":{"line":6,"column":4},"end":{"line":6,"column":17}},"48":{"start":{"line":102,"column":0},"end":{"line":102,"column":1}},"49":{"start":{"line":3,"column":13},"end":{"line":102,"column":1}}},"fnMap":{"1":{"name":"(anonymous_1)","line":3,"loc":{"start":{"line":3,"column":0},"end":{"line":null,"column":-1}}},"2":{"name":"Subscription","line":17,"loc":{"start":{"line":17,"column":2},"end":{"line":17,"column":39}}},"3":{"name":"(anonymous_3)","line":13,"loc":{"start":{"line":13,"column":2},"end":{"line":null,"column":-1}}},"4":{"name":"(anonymous_4)","line":23,"loc":{"start":{"line":23,"column":2},"end":{"line":null,"column":-1}}},"5":{"name":"(anonymous_5)","line":50,"loc":{"start":{"line":50,"column":2},"end":{"line":50,"column":49}}},"6":{"name":"(anonymous_6)","line":81,"loc":{"start":{"line":81,"column":2},"end":{"line":81,"column":38}}},"7":{"name":"(anonymous_7)","line":4,"loc":{"start":{"line":4,"column":45},"end":{"line":4,"column":59}}}},"branchMap":{"1":{"line":18,"type":"if","locations":[{"start":{"line":18,"column":4},"end":{"line":18,"column":3}},{"start":{"line":18,"column":4},"end":{"line":18,"column":3}}]},"2":{"line":25,"type":"if","locations":[{"start":{"line":25,"column":4},"end":{"line":25,"column":3}},{"start":{"line":25,"column":4},"end":{"line":25,"column":3}}]},"3":{"line":36,"type":"if","locations":[{"start":{"line":36,"column":4},"end":{"line":36,"column":3}},{"start":{"line":36,"column":4},"end":{"line":36,"column":3}}]},"4":{"line":40,"type":"if","locations":[{"start":{"line":40,"column":4},"end":{"line":40,"column":3}},{"start":{"line":40,"column":4},"end":{"line":40,"column":3}}]},"5":{"line":55,"type":"if","locations":[{"start":{"line":55,"column":4},"end":{"line":55,"column":3}},{"start":{"line":55,"column":4},"end":{"line":55,"column":3}}]},"6":{"line":55,"type":"binary-expr","locations":[{"start":{"line":55,"column":8},"end":{"line":55,"column":21}},{"start":{"line":56,"column":8},"end":{"line":56,"column":29}},{"start":{"line":57,"column":8},"end":{"line":57,"column":43}}]},"7":{"line":64,"type":"switch","locations":[{"start":{"line":64,"column":6},"end":{"line":65,"column":67}},{"start":{"line":66,"column":6},"end":{"line":75,"column":14}},{"start":{"line":76,"column":6},"end":{"line":77,"column":97}}]},"8":{"line":67,"type":"if","locations":[{"start":{"line":67,"column":8},"end":{"line":67,"column":7}},{"start":{"line":67,"column":8},"end":{"line":67,"column":7}}]},"9":{"line":67,"type":"binary-expr","locations":[{"start":{"line":67,"column":12},"end":{"line":67,"column":30}},{"start":{"line":67,"column":34},"end":{"line":67,"column":71}}]},"10":{"line":69,"type":"if","locations":[{"start":{"line":69,"column":15},"end":{"line":69,"column":14}},{"start":{"line":69,"column":15},"end":{"line":69,"column":14}}]},"11":{"line":72,"type":"binary-expr","locations":[{"start":{"line":72,"column":32},"end":{"line":72,"column":51}},{"start":{"line":72,"column":56},"end":{"line":72,"column":80}}]},"12":{"line":87,"type":"if","locations":[{"start":{"line":87,"column":4},"end":{"line":87,"column":3}},{"start":{"line":87,"column":4},"end":{"line":87,"column":3}}]},"13":{"line":87,"type":"binary-expr","locations":[{"start":{"line":87,"column":8},"end":{"line":87,"column":28}},{"start":{"line":88,"column":8},"end":{"line":88,"column":29}},{"start":{"line":89,"column":8},"end":{"line":89,"column":43}}]},"14":{"line":95,"type":"if","locations":[{"start":{"line":95,"column":4},"end":{"line":95,"column":3}},{"start":{"line":95,"column":4},"end":{"line":95,"column":3}}]},"15":{"line":97,"type":"if","locations":[{"start":{"line":97,"column":6},"end":{"line":97,"column":5}},{"start":{"line":97,"column":6},"end":{"line":97,"column":5}}]}},"s":{"1":1,"2":1,"3":1,"4":26832,"5":26831,"6":2682,"7":1,"8":7662,"9":1,"10":12146,"11":73,"12":12073,"13":12073,"14":12073,"15":12073,"16":12073,"17":10383,"18":12073,"19":3957,"20":3957,"21":3957,"22":9281,"23":1,"24":13552,"25":2381,"26":11171,"27":11171,"28":8,"29":11171,"30":201,"31":10970,"32":55,"33":10915,"34":10915,"35":10970,"36":0,"37":1,"38":1252,"39":0,"40":1252,"41":1252,"42":1198,"43":1198,"44":836,"45":1,"46":1,"47":1,"48":1,"49":1},"b":{"1":[2682,24149],"2":[73,12073],"3":[10383,1690],"4":[3957,8116],"5":[2381,11171],"6":[13552,12254,11171],"7":[8,11171,0],"8":[201,10970],"9":[11171,10970],"10":[55,10915],"11":[10915,4376],"12":[0,1252],"13":[1252,1252,1252],"14":[1198,54],"15":[836,362]},"f":{"1":1,"2":26832,"3":7662,"4":12146,"5":13552,"6":1252,"7":1},"l":{"1":1,"3":1,"4":1,"5":1,"6":1,"9":26832,"13":1,"14":7662,"17":1,"18":26831,"19":2682,"23":1,"25":12146,"26":73,"29":12073,"31":12073,"32":12073,"34":12073,"36":12073,"37":10383,"40":12073,"41":3957,"42":3957,"44":3957,"45":9281,"50":1,"55":13552,"58":2381,"61":11171,"63":11171,"65":8,"67":11171,"68":201,"69":10970,"70":55,"72":10915,"73":10915,"75":10970,"77":0,"81":1,"87":1252,"90":0,"93":1252,"95":1252,"96":1198,"97":1198,"98":836,"102":1}},
"src/symbol/rxSubscriber.ts":{"path":"src/symbol/rxSubscriber.ts","statementMap":{"1":{"start":{"line":1,"column":0},"end":{"line":1,"column":46}},"2":{"start":{"line":9,"column":13},"end":{"line":9,"column":59}}},"fnMap":{},"branchMap":{},"s":{"1":1,"2":1},"b":{},"f":{},"l":{"1":1,"9":1}},
"src/util/SymbolShim.ts":{"path":"src/util/SymbolShim.ts","statementMap":{"1":{"start":{"line":1,"column":0},"end":{"line":1,"column":28}},"2":{"start":{"line":3,"column":0},"end":{"line":8,"column":1}},"3":{"start":{"line":4,"column":2},"end":{"line":4,"column":36}},"4":{"start":{"line":5,"column":2},"end":{"line":5,"column":31}},"5":{"start":{"line":6,"column":2},"end":{"line":6,"column":27}},"6":{"start":{"line":7,"column":2},"end":{"line":7,"column":16}},"7":{"start":{"line":3,"column":16},"end":{"line":8,"column":1}},"8":{"start":{"line":10,"column":0},"end":{"line":17,"column":1}},"9":{"start":{"line":11,"column":2},"end":{"line":15,"column":3}},"10":{"start":{"line":12,"column":4},"end":{"line":14,"column":6}},"11":{"start":{"line":16,"column":2},"end":{"line":16,"column":21}},"12":{"start":{"line":10,"column":16},"end":{"line":17,"column":1}},"13":{"start":{"line":19,"column":0},"end":{"line":21,"column":1}},"14":{"start":{"line":20,"column":2},"end":{"line":20,"column":20}},"15":{"start":{"line":19,"column":16},"end":{"line":21,"column":1}},"16":{"start":{"line":23,"column":0},"end":{"line":44,"column":1}},"17":{"start":{"line":24,"column":2},"end":{"line":43,"column":3}},"18":{"start":{"line":25,"column":4},"end":{"line":42,"column":5}},"19":{"start":{"line":26,"column":6},"end":{"line":26,"column":47}},"20":{"start":{"line":27,"column":11},"end":{"line":42,"column":5}},"21":{"start":{"line":29,"column":6},"end":{"line":29,"column":37}},"22":{"start":{"line":30,"column":11},"end":{"line":42,"column":5}},"23":{"start":{"line":32,"column":6},"end":{"line":32,"column":64}},"24":{"start":{"line":33,"column":6},"end":{"line":39,"column":7}},"25":{"start":{"line":34,"column":8},"end":{"line":34,"column":26}},"26":{"start":{"line":35,"column":8},"end":{"line":38,"column":9}},"27":{"start":{"line":36,"column":10},"end":{"line":36,"column":32}},"28":{"start":{"line":37,"column":10},"end":{"line":37,"column":16}},"29":{"start":{"line":41,"column":6},"end":{"line":41,"column":37}},"30":{"start":{"line":23,"column":16},"end":{"line":44,"column":1}},"31":{"start":{"line":46,"column":0},"end":{"line":54,"column":1}},"32":{"start":{"line":47,"column":2},"end":{"line":53,"column":3}},"33":{"start":{"line":48,"column":4},"end":{"line":52,"column":5}},"34":{"start":{"line":49,"column":6},"end":{"line":49,"column":51}},"35":{"start":{"line":51,"column":6},"end":{"line":51,"column":41}},"36":{"start":{"line":46,"column":16},"end":{"line":54,"column":1}},"37":{"start":{"line":56,"column":13},"end":{"line":56,"column":47}}},"fnMap":{"1":{"name":"polyfillSymbol","line":3,"loc":{"start":{"line":3,"column":0},"end":{"line":3,"column":35}}},"2":{"name":"ensureSymbol","line":10,"loc":{"start":{"line":10,"column":0},"end":{"line":10,"column":33}}},"3":{"name":"symbolForPolyfill","line":19,"loc":{"start":{"line":19,"column":0},"end":{"line":19,"column":37}}},"4":{"name":"ensureIterator","line":23,"loc":{"start":{"line":23,"column":0},"end":{"line":23,"column":43}}},"5":{"name":"ensureObservable","line":46,"loc":{"start":{"line":46,"column":0},"end":{"line":46,"column":39}}}},"branchMap":{"1":{"line":11,"type":"if","locations":[{"start":{"line":11,"column":2},"end":{"line":11,"column":1}},{"start":{"line":11,"column":2},"end":{"line":11,"column":1}}]},"2":{"line":24,"type":"if","locations":[{"start":{"line":24,"column":2},"end":{"line":24,"column":1}},{"start":{"line":24,"column":2},"end":{"line":24,"column":1}}]},"3":{"line":25,"type":"if","locations":[{"start":{"line":25,"column":4},"end":{"line":25,"column":3}},{"start":{"line":25,"column":4},"end":{"line":25,"column":3}}]},"4":{"line":27,"type":"if","locations":[{"start":{"line":27,"column":11},"end":{"line":27,"column":10}},{"start":{"line":27,"column":11},"end":{"line":27,"column":10}}]},"5":{"line":27,"type":"binary-expr","locations":[{"start":{"line":27,"column":15},"end":{"line":27,"column":23}},{"start":{"line":27,"column":27},"end":{"line":27,"column":77}}]},"6":{"line":30,"type":"if","locations":[{"start":{"line":30,"column":11},"end":{"line":30,"column":10}},{"start":{"line":30,"column":11},"end":{"line":30,"column":10}}]},"7":{"line":35,"type":"if","locations":[{"start":{"line":35,"column":8},"end":{"line":35,"column":7}},{"start":{"line":35,"column":8},"end":{"line":35,"column":7}}]},"8":{"line":35,"type":"binary-expr","locations":[{"start":{"line":35,"column":12},"end":{"line":35,"column":29}},{"start":{"line":35,"column":33},"end":{"line":35,"column":47}},{"start":{"line":35,"column":51},"end":{"line":35,"column":108}}]},"9":{"line":47,"type":"if","locations":[{"start":{"line":47,"column":2},"end":{"line":47,"column":1}},{"start":{"line":47,"column":2},"end":{"line":47,"column":1}}]},"10":{"line":48,"type":"if","locations":[{"start":{"line":48,"column":4},"end":{"line":48,"column":3}},{"start":{"line":48,"column":4},"end":{"line":48,"column":3}}]}},"s":{"1":1,"2":1,"3":6,"4":6,"5":6,"6":6,"7":1,"8":1,"9":6,"10":3,"11":6,"12":1,"13":1,"14":7,"15":1,"16":1,"17":9,"18":7,"19":5,"20":2,"21":1,"22":1,"23":1,"24":1,"25":12,"26":12,"27":1,"28":1,"29":0,"30":1,"31":1,"32":6,"33":5,"34":5,"35":0,"36":1,"37":1},"b":{"1":[3,3],"2":[7,2],"3":[5,2],"4":[1,1],"5":[2,1],"6":[1,0],"7":[1,11],"8":[12,11,10],"9":[5,1],"10":[5,0]},"f":{"1":6,"2":6,"3":7,"4":9,"5":6},"l":{"1":1,"3":1,"4":6,"5":6,"6":6,"7":6,"10":1,"11":6,"12":3,"16":6,"19":1,"20":7,"23":1,"24":9,"25":7,"26":5,"27":2,"29":1,"30":1,"32":1,"33":1,"34":12,"35":12,"36":1,"37":1,"41":0,"46":1,"47":6,"48":5,"49":5,"51":0,"56":1}},
"src/subject/SubjectSubscription.ts":{"path":"src/subject/SubjectSubscription.ts","statementMap":{"1":{"start":{"line":2,"column":0},"end":{"line":2,"column":45}},"2":{"start":{"line":4,"column":0},"end":{"line":4,"column":41}},"3":{"start":{"line":6,"column":0},"end":{"line":38,"column":1}},"4":{"start":{"line":6,"column":44},"end":{"line":6,"column":59}},"5":{"start":{"line":9,"column":2},"end":{"line":11,"column":3}},"6":{"start":{"line":10,"column":4},"end":{"line":10,"column":12}},"7":{"start":{"line":9,"column":21},"end":{"line":9,"column":40}},"8":{"start":{"line":9,"column":49},"end":{"line":9,"column":72}},"9":{"start":{"line":7,"column":2},"end":{"line":7,"column":34}},"10":{"start":{"line":13,"column":2},"end":{"line":37,"column":3}},"11":{"start":{"line":14,"column":4},"end":{"line":16,"column":5}},"12":{"start":{"line":15,"column":6},"end":{"line":15,"column":13}},"13":{"start":{"line":18,"column":4},"end":{"line":18,"column":31}},"14":{"start":{"line":20,"column":4},"end":{"line":20,"column":33}},"15":{"start":{"line":21,"column":4},"end":{"line":21,"column":40}},"16":{"start":{"line":23,"column":4},"end":{"line":23,"column":26}},"17":{"start":{"line":25,"column":4},"end":{"line":27,"column":5}},"18":{"start":{"line":26,"column":6},"end":{"line":26,"column":13}},"19":{"start":{"line":29,"column":4},"end":{"line":31,"column":5}},"20":{"start":{"line":30,"column":23},"end":{"line":30,"column":52}},"21":{"start":{"line":32,"column":4},"end":{"line":32,"column":61}},"22":{"start":{"line":34,"column":4},"end":{"line":36,"column":5}},"23":{"start":{"line":35,"column":6},"end":{"line":35,"column":43}},"24":{"start":{"line":38,"column":0},"end":{"line":38,"column":1}},"25":{"start":{"line":6,"column":13},"end":{"line":38,"column":1}}},"fnMap":{"1":{"name":"(anonymous_3)","line":6,"loc":{"start":{"line":6,"column":0},"end":{"line":null,"column":-1}}},"2":{"name":"SubjectSubscription","line":9,"loc":{"start":{"line":9,"column":2},"end":{"line":9,"column":72}}},"3":{"name":"(anonymous_5)","line":13,"loc":{"start":{"line":13,"column":2},"end":{"line":null,"column":-1}}}},"branchMap":{"1":{"line":14,"type":"if","locations":[{"start":{"line":14,"column":4},"end":{"line":14,"column":3}},{"start":{"line":14,"column":4},"end":{"line":14,"column":3}}]},"2":{"line":25,"type":"if","locations":[{"start":{"line":25,"column":4},"end":{"line":25,"column":3}},{"start":{"line":25,"column":4},"end":{"line":25,"column":3}}]},"3":{"line":25,"type":"binary-expr","locations":[{"start":{"line":25,"column":8},"end":{"line":25,"column":18}},{"start":{"line":25,"column":22},"end":{"line":25,"column":44}},{"start":{"line":25,"column":48},"end":{"line":25,"column":70}}]},"4":{"line":29,"type":"if","locations":[{"start":{"line":29,"column":4},"end":{"line":29,"column":3}},{"start":{"line":29,"column":4},"end":{"line":29,"column":3}}]},"5":{"line":34,"type":"if","locations":[{"start":{"line":34,"column":4},"end":{"line":34,"column":3}},{"start":{"line":34,"column":4},"end":{"line":34,"column":3}}]}},"s":{"1":1,"2":1,"3":1,"4":1,"5":1,"6":1974,"7":1974,"8":1974,"9":1974,"10":1,"11":1799,"12":5,"13":1794,"14":1794,"15":1794,"16":1794,"17":1794,"18":1299,"19":495,"20":495,"21":495,"22":495,"23":495,"24":1,"25":1},"b":{"1":[5,1794],"2":[1299,495],"3":[1794,495,495],"4":[495,0],"5":[495,0]},"f":{"1":1,"2":1974,"3":1799},"l":{"2":1,"4":1,"6":1,"7":1974,"9":1974,"10":1974,"13":1,"14":1799,"15":5,"18":1794,"20":1794,"21":1794,"23":1794,"25":1794,"26":1299,"29":495,"30":495,"32":495,"34":495,"35":495,"38":1}},
"src/add/operator/combineLatest-static.ts":{"path":"src/add/operator/combineLatest-static.ts","statementMap":{"1":{"start":{"line":1,"column":0},"end":{"line":1,"column":44}},"2":{"start":{"line":2,"column":0},"end":{"line":2,"column":66}},"3":{"start":{"line":3,"column":0},"end":{"line":3,"column":41}}},"fnMap":{},"branchMap":{},"s":{"1":1,"2":1,"3":1},"b":{},"f":{},"l":{"1":1,"2":1,"3":1}},
"src/operator/combineLatest-static.ts":{"path":"src/operator/combineLatest-static.ts","statementMap":{"1":{"start":{"line":2,"column":0},"end":{"line":2,"column":56}},"2":{"start":{"line":3,"column":0},"end":{"line":3,"column":62}},"3":{"start":{"line":5,"column":0},"end":{"line":5,"column":48}},"4":{"start":{"line":6,"column":0},"end":{"line":6,"column":40}},"5":{"start":{"line":18,"column":0},"end":{"line":40,"column":1}},"6":{"start":{"line":18,"column":33},"end":{"line":21,"column":64}},"7":{"start":{"line":22,"column":2},"end":{"line":22,"column":52}},"8":{"start":{"line":23,"column":2},"end":{"line":23,"column":34}},"9":{"start":{"line":25,"column":2},"end":{"line":27,"column":3}},"10":{"start":{"line":26,"column":4},"end":{"line":26,"column":45}},"11":{"start":{"line":29,"column":2},"end":{"line":31,"column":3}},"12":{"start":{"line":30,"column":4},"end":{"line":30,"column":62}},"13":{"start":{"line":35,"column":2},"end":{"line":37,"column":3}},"14":{"start":{"line":36,"column":4},"end":{"line":36,"column":57}},"15":{"start":{"line":39,"column":2},"end":{"line":39,"column":94}},"16":{"start":{"line":18,"column":16},"end":{"line":40,"column":1}}},"fnMap":{"1":{"name":"combineLatest","line":18,"loc":{"start":{"line":18,"column":0},"end":{"line":null,"column":-1}}}},"branchMap":{"1":{"line":25,"type":"if","locations":[{"start":{"line":25,"column":2},"end":{"line":25,"column":1}},{"start":{"line":25,"column":2},"end":{"line":25,"column":1}}]},"2":{"line":29,"type":"if","locations":[{"start":{"line":29,"column":2},"end":{"line":29,"column":1}},{"start":{"line":29,"column":2},"end":{"line":29,"column":1}}]},"3":{"line":35,"type":"if","locations":[{"start":{"line":35,"column":2},"end":{"line":35,"column":1}},{"start":{"line":35,"column":2},"end":{"line":35,"column":1}}]},"4":{"line":35,"type":"binary-expr","locations":[{"start":{"line":35,"column":6},"end":{"line":35,"column":30}},{"start":{"line":35,"column":34},"end":{"line":35,"column":57}}]}},"s":{"1":1,"2":1,"3":1,"4":1,"5":1,"6":119,"7":30,"8":30,"9":30,"10":1,"11":30,"12":29,"13":30,"14":1,"15":30,"16":1},"b":{"1":[1,29],"2":[29,1],"3":[1,29],"4":[30,1]},"f":{"1":30},"l":{"2":1,"3":1,"5":1,"6":1,"18":119,"22":30,"23":30,"25":30,"26":1,"29":30,"30":29,"35":30,"36":1,"39":30}},
"src/observable/fromArray.ts":{"path":"src/observable/fromArray.ts","statementMap":{"1":{"start":{"line":2,"column":0},"end":{"line":2,"column":41}},"2":{"start":{"line":3,"column":0},"end":{"line":3,"column":52}},"3":{"start":{"line":4,"column":0},"end":{"line":4,"column":40}},"4":{"start":{"line":5,"column":0},"end":{"line":5,"column":48}},"5":{"start":{"line":7,"column":0},"end":{"line":80,"column":1}},"6":{"start":{"line":7,"column":40},"end":{"line":7,"column":53}},"7":{"start":{"line":54,"column":2},"end":{"line":60,"column":3}},"8":{"start":{"line":55,"column":4},"end":{"line":55,"column":12}},"9":{"start":{"line":54,"column":21},"end":{"line":54,"column":31}},"10":{"start":{"line":54,"column":40},"end":{"line":54,"column":61}},"11":{"start":{"line":56,"column":4},"end":{"line":59,"column":5}},"12":{"start":{"line":57,"column":6},"end":{"line":57,"column":28}},"13":{"start":{"line":58,"column":6},"end":{"line":58,"column":28}},"14":{"start":{"line":9,"column":9},"end":{"line":11,"column":3}},"15":{"start":{"line":10,"column":4},"end":{"line":10,"column":49}},"16":{"start":{"line":13,"column":9},"end":{"line":29,"column":3}},"17":{"start":{"line":13,"column":15},"end":{"line":13,"column":45}},"18":{"start":{"line":14,"column":4},"end":{"line":14,"column":55}},"19":{"start":{"line":15,"column":4},"end":{"line":19,"column":5}},"20":{"start":{"line":16,"column":6},"end":{"line":16,"column":18}},"21":{"start":{"line":18,"column":6},"end":{"line":18,"column":25}},"22":{"start":{"line":21,"column":4},"end":{"line":21,"column":29}},"23":{"start":{"line":22,"column":4},"end":{"line":28,"column":5}},"24":{"start":{"line":23,"column":6},"end":{"line":23,"column":51}},"25":{"start":{"line":24,"column":11},"end":{"line":28,"column":5}},"26":{"start":{"line":25,"column":6},"end":{"line":25,"column":55}},"27":{"start":{"line":27,"column":6},"end":{"line":27,"column":44}},"28":{"start":{"line":31,"column":9},"end":{"line":49,"column":3}},"29":{"start":{"line":33,"column":4},"end":{"line":33,"column":54}},"30":{"start":{"line":35,"column":4},"end":{"line":38,"column":5}},"31":{"start":{"line":36,"column":6},"end":{"line":36,"column":28}},"32":{"start":{"line":37,"column":6},"end":{"line":37,"column":13}},"33":{"start":{"line":40,"column":4},"end":{"line":40,"column":34}},"34":{"start":{"line":42,"column":4},"end":{"line":44,"column":5}},"35":{"start":{"line":43,"column":6},"end":{"line":43,"column":13}},"36":{"start":{"line":46,"column":4},"end":{"line":46,"column":28}},"37":{"start":{"line":48,"column":11},"end":{"line":48,"column":33}},"38":{"start":{"line":62,"column":2},"end":{"line":79,"column":3}},"39":{"start":{"line":64,"column":4},"end":{"line":64,"column":18}},"40":{"start":{"line":65,"column":4},"end":{"line":65,"column":29}},"41":{"start":{"line":66,"column":4},"end":{"line":66,"column":31}},"42":{"start":{"line":67,"column":4},"end":{"line":67,"column":37}},"43":{"start":{"line":69,"column":4},"end":{"line":78,"column":5}},"44":{"start":{"line":70,"column":6},"end":{"line":72,"column":10}},"45":{"start":{"line":74,"column":6},"end":{"line":76,"column":7}},"46":{"start":{"line":75,"column":8},"end":{"line":75,"column":34}},"47":{"start":{"line":77,"column":6},"end":{"line":77,"column":28}},"48":{"start":{"line":80,"column":0},"end":{"line":80,"column":1}},"49":{"start":{"line":7,"column":13},"end":{"line":80,"column":1}}},"fnMap":{"1":{"name":"(anonymous_3)","line":7,"loc":{"start":{"line":7,"column":0},"end":{"line":null,"column":-1}}},"2":{"name":"ArrayObservable","line":54,"loc":{"start":{"line":54,"column":2},"end":{"line":54,"column":61}}},"3":{"name":"(anonymous_5)","line":9,"loc":{"start":{"line":9,"column":2},"end":{"line":9,"column":52}}},"4":{"name":"(anonymous_6)","line":13,"loc":{"start":{"line":13,"column":2},"end":{"line":null,"column":-1}}},"5":{"name":"(anonymous_7)","line":31,"loc":{"start":{"line":31,"column":2},"end":{"line":31,"column":23}}},"6":{"name":"(anonymous_8)","line":62,"loc":{"start":{"line":62,"column":2},"end":{"line":62,"column":23}}}},"branchMap":{"1":{"line":56,"type":"if","locations":[{"start":{"line":56,"column":4},"end":{"line":56,"column":3}},{"start":{"line":56,"column":4},"end":{"line":56,"column":3}}]},"2":{"line":56,"type":"binary-expr","locations":[{"start":{"line":56,"column":8},"end":{"line":56,"column":18}},{"start":{"line":56,"column":22},"end":{"line":56,"column":40}}]},"3":{"line":15,"type":"if","locations":[{"start":{"line":15,"column":4},"end":{"line":15,"column":3}},{"start":{"line":15,"column":4},"end":{"line":15,"column":3}}]},"4":{"line":22,"type":"if","locations":[{"start":{"line":22,"column":4},"end":{"line":22,"column":3}},{"start":{"line":22,"column":4},"end":{"line":22,"column":3}}]},"5":{"line":24,"type":"if","locations":[{"start":{"line":24,"column":11},"end":{"line":24,"column":10}},{"start":{"line":24,"column":11},"end":{"line":24,"column":10}}]},"6":{"line":35,"type":"if","locations":[{"start":{"line":35,"column":4},"end":{"line":35,"column":3}},{"start":{"line":35,"column":4},"end":{"line":35,"column":3}}]},"7":{"line":42,"type":"if","locations":[{"start":{"line":42,"column":4},"end":{"line":42,"column":3}},{"start":{"line":42,"column":4},"end":{"line":42,"column":3}}]},"8":{"line":69,"type":"if","locations":[{"start":{"line":69,"column":4},"end":{"line":69,"column":3}},{"start":{"line":69,"column":4},"end":{"line":69,"column":3}}]},"9":{"line":74,"type":"binary-expr","locations":[{"start":{"line":74,"column":22},"end":{"line":74,"column":31}},{"start":{"line":74,"column":35},"end":{"line":74,"column":61}}]}},"s":{"1":1,"2":1,"3":1,"4":1,"5":1,"6":1,"7":1,"8":489,"9":489,"10":489,"11":489,"12":1,"13":1,"14":1,"15":14,"16":1,"17":1190,"18":407,"19":407,"20":37,"21":370,"22":407,"23":407,"24":193,"25":214,"26":212,"27":2,"28":1,"29":534,"30":534,"31":143,"32":141,"33":391,"34":389,"35":0,"36":389,"37":389,"38":1,"39":490,"40":490,"41":490,"42":490,"43":490,"44":150,"45":340,"46":797,"47":340,"48":1,"49":1},"b":{"1":[1,488],"2":[489,339],"3":[37,370],"4":[193,214],"5":[212,2],"6":[143,391],"7":[0,389],"8":[150,340],"9":[1137,803]},"f":{"1":1,"2":489,"3":14,"4":407,"5":534,"6":490},"l":{"2":1,"3":1,"4":1,"5":1,"7":1,"9":1,"10":14,"13":1190,"14":407,"15":407,"16":37,"18":370,"21":407,"22":407,"23":193,"24":214,"25":212,"27":2,"31":1,"33":534,"35":534,"36":143,"37":141,"40":391,"42":389,"43":0,"46":389,"48":389,"54":489,"55":489,"56":489,"57":1,"58":1,"62":1,"64":490,"65":490,"66":490,"67":490,"69":490,"70":150,"74":340,"75":797,"77":340,"80":1}},
"src/observable/ScalarObservable.ts":{"path":"src/observable/ScalarObservable.ts","statementMap":{"1":{"start":{"line":2,"column":0},"end":{"line":2,"column":41}},"2":{"start":{"line":5,"column":0},"end":{"line":5,"column":42}},"3":{"start":{"line":6,"column":0},"end":{"line":6,"column":48}},"4":{"start":{"line":7,"column":0},"end":{"line":7,"column":40}},"5":{"start":{"line":8,"column":0},"end":{"line":8,"column":40}},"6":{"start":{"line":10,"column":0},"end":{"line":53,"column":1}},"7":{"start":{"line":10,"column":41},"end":{"line":10,"column":54}},"8":{"start":{"line":34,"column":2},"end":{"line":36,"column":3}},"9":{"start":{"line":35,"column":4},"end":{"line":35,"column":12}},"10":{"start":{"line":34,"column":21},"end":{"line":34,"column":29}},"11":{"start":{"line":34,"column":39},"end":{"line":34,"column":60}},"12":{"start":{"line":32,"column":2},"end":{"line":32,"column":28}},"13":{"start":{"line":11,"column":9},"end":{"line":13,"column":3}},"14":{"start":{"line":12,"column":4},"end":{"line":12,"column":50}},"15":{"start":{"line":15,"column":9},"end":{"line":30,"column":3}},"16":{"start":{"line":16,"column":4},"end":{"line":16,"column":46}},"17":{"start":{"line":18,"column":4},"end":{"line":21,"column":5}},"18":{"start":{"line":19,"column":6},"end":{"line":19,"column":28}},"19":{"start":{"line":20,"column":6},"end":{"line":20,"column":13}},"20":{"start":{"line":23,"column":4},"end":{"line":23,"column":27}},"21":{"start":{"line":24,"column":4},"end":{"line":26,"column":5}},"22":{"start":{"line":25,"column":6},"end":{"line":25,"column":13}},"23":{"start":{"line":28,"column":4},"end":{"line":28,"column":22}},"24":{"start":{"line":29,"column":11},"end":{"line":29,"column":33}},"25":{"start":{"line":38,"column":2},"end":{"line":52,"column":3}},"26":{"start":{"line":39,"column":4},"end":{"line":39,"column":29}},"27":{"start":{"line":40,"column":4},"end":{"line":40,"column":37}},"28":{"start":{"line":42,"column":4},"end":{"line":51,"column":5}},"29":{"start":{"line":43,"column":6},"end":{"line":45,"column":10}},"30":{"start":{"line":47,"column":6},"end":{"line":47,"column":29}},"31":{"start":{"line":48,"column":6},"end":{"line":50,"column":7}},"32":{"start":{"li
[...]
olumn":0},"end":{"line":46,"column":37}},"39":{"start":{"line":47,"column":0},"end":{"line":47,"column":39}},"40":{"start":{"line":48,"column":0},"end":{"line":48,"column":30}},"41":{"start":{"line":49,"column":0},"end":{"line":49,"column":45}},"42":{"start":{"line":50,"column":0},"end":{"line":50,"column":27}},"43":{"start":{"line":51,"column":0},"end":{"line":51,"column":31}},"44":{"start":{"line":52,"column":0},"end":{"line":52,"column":31}},"45":{"start":{"line":53,"column":0},"end":{"line":53,"column":32}},"46":{"start":{"line":54,"column":0},"end":{"line":54,"column":30}},"47":{"start":{"line":55,"column":0},"end":{"line":55,"column":32}},"48":{"start":{"line":56,"column":0},"end":{"line":56,"column":39}},"49":{"start":{"line":57,"column":0},"end":{"line":57,"column":30}},"50":{"start":{"line":58,"column":0},"end":{"line":58,"column":29}},"51":{"start":{"line":59,"column":0},"end":{"line":59,"column":28}},"52":{"start":{"line":60,"column":0},"end":{"line":60,"column":30}},"53":{"start":{"line":61,"column":0},"end":{"line":61,"column":36}},"54":{"start":{"line":62,"column":0},"end":{"line":62,"column":30}},"55":{"start":{"line":63,"column":0},"end":{"line":63,"column":33}},"56":{"start":{"line":64,"column":0},"end":{"line":64,"column":33}},"57":{"start":{"line":65,"column":0},"end":{"line":65,"column":35}},"58":{"start":{"line":66,"column":0},"end":{"line":66,"column":34}},"59":{"start":{"line":67,"column":0},"end":{"line":67,"column":34}},"60":{"start":{"line":68,"column":0},"end":{"line":68,"column":34}},"61":{"start":{"line":69,"column":0},"end":{"line":69,"column":32}},"62":{"start":{"line":70,"column":0},"end":{"line":70,"column":40}},"63":{"start":{"line":71,"column":0},"end":{"line":71,"column":38}},"64":{"start":{"line":72,"column":0},"end":{"line":72,"column":36}},"65":{"start":{"line":73,"column":0},"end":{"line":73,"column":31}},"66":{"start":{"line":74,"column":0},"end":{"line":74,"column":31}},"67":{"start":{"line":75,"column":0},"end":{"line":75,"column":30}},"68":{"start":{"line":76,"column":0},"end":{"line":76,"column":34}},"69":{"start":{"line":77,"column":0},"end":{"line":77,"column":31}},"70":{"start":{"line":78,"column":0},"end":{"line":78,"column":35}},"71":{"start":{"line":79,"column":0},"end":{"line":79,"column":29}},"72":{"start":{"line":80,"column":0},"end":{"line":80,"column":30}},"73":{"start":{"line":81,"column":0},"end":{"line":81,"column":31}},"74":{"start":{"line":82,"column":0},"end":{"line":82,"column":29}},"75":{"start":{"line":83,"column":0},"end":{"line":83,"column":34}},"76":{"start":{"line":84,"column":0},"end":{"line":84,"column":34}},"77":{"start":{"line":85,"column":0},"end":{"line":85,"column":34}},"78":{"start":{"line":86,"column":0},"end":{"line":86,"column":36}},"79":{"start":{"line":87,"column":0},"end":{"line":87,"column":31}},"80":{"start":{"line":88,"column":0},"end":{"line":88,"column":36}},"81":{"start":{"line":89,"column":0},"end":{"line":89,"column":34}},"82":{"start":{"line":90,"column":0},"end":{"line":90,"column":39}},"83":{"start":{"line":91,"column":0},"end":{"line":91,"column":36}},"84":{"start":{"line":92,"column":0},"end":{"line":92,"column":29}},"85":{"start":{"line":93,"column":0},"end":{"line":93,"column":34}},"86":{"start":{"line":94,"column":0},"end":{"line":94,"column":34}},"87":{"start":{"line":95,"column":0},"end":{"line":95,"column":33}},"88":{"start":{"line":96,"column":0},"end":{"line":96,"column":37}},"89":{"start":{"line":97,"column":0},"end":{"line":97,"column":32}},"90":{"start":{"line":98,"column":0},"end":{"line":98,"column":36}},"91":{"start":{"line":99,"column":0},"end":{"line":99,"column":32}},"92":{"start":{"line":100,"column":0},"end":{"line":100,"column":34}},"93":{"start":{"line":101,"column":0},"end":{"line":101,"column":31}},"94":{"start":{"line":102,"column":0},"end":{"line":102,"column":36}},"95":{"start":{"line":103,"column":0},"end":{"line":103,"column":35}},"96":{"start":{"line":104,"column":0},"end":{"line":104,"column":37}},"97":{"start":{"line":105,"column":0},"end":{"line":105,"column":35}},"98":{"start":{"line":106,"column":0},"end":{"line":106,"column":39}},"99":{"start":{"line":107,"column":0},"end":{"line":107,"column":28}},"100":{"start":{"line":108,"column":0},"end":{"line":108,"column":31}},"101":{"start":{"line":111,"column":0},"end":{"line":111,"column":44}},"102":{"start":{"line":144,"column":4},"end":{"line":144,"column":16}},"103":{"start":{"line":112,"column":0},"end":{"line":112,"column":40}},"104":{"start":{"line":143,"column":4},"end":{"line":143,"column":14}},"105":{"start":{"line":113,"column":0},"end":{"line":113,"column":52}},"106":{"start":{"line":146,"column":4},"end":{"line":146,"column":16}},"107":{"start":{"line":114,"column":0},"end":{"line":114,"column":54}},"108":{"start":{"line":147,"column":4},"end":{"line":147,"column":17}},"109":{"start":{"line":115,"column":0},"end":{"line":115,"column":58}},"110":{"start":{"line":148,"column":4},"end":{"line":148,"column":19}},"111":{"start":{"line":116,"column":0},"end":{"line":116,"column":73}},"112":{"start":{"line":149,"column":4},"end":{"line":149,"column":25}},"113":{"start":{"line":117,"column":0},"end":{"line":117,"column":44}},"114":{"start":{"line":150,"column":4},"end":{"line":150,"column":16}},"115":{"start":{"line":118,"column":0},"end":{"line":118,"column":45}},"116":{"start":{"line":151,"column":4},"end":{"line":151,"column":14}},"117":{"start":{"line":119,"column":0},"end":{"line":119,"column":71}},"118":{"start":{"line":152,"column":4},"end":{"line":152,"column":27}},"119":{"start":{"line":120,"column":0},"end":{"line":120,"column":71}},"120":{"start":{"line":153,"column":4},"end":{"line":153,"column":27}},"121":{"start":{"line":121,"column":0},"end":{"line":121,"column":38}},"122":{"start":{"line":122,"column":0},"end":{"line":122,"column":40}},"123":{"start":{"line":125,"column":0},"end":{"line":125,"column":51}},"124":{"start":{"line":129,"column":0},"end":{"line":132,"column":1}},"125":{"start":{"line":141,"column":4},"end":{"line":132,"column":2}},"126":{"start":{"line":134,"column":0},"end":{"line":136,"column":1}},"127":{"start":{"line":145,"column":4},"end":{"line":136,"column":2}}},"fnMap":{},"branchMap":{},"s":{"1":1,"2":1,"3":1,"4":1,"5":1,"6":1,"7":1,"8":1,"9":1,"10":1,"11":1,"12":1,"13":1,"14":1,"15":1,"16":1,"17":1,"18":1,"19":1,"20":1,"21":1,"22":1,"23":1,"24":1,"25":1,"26":1,"27":1,"28":1,"29":1,"30":1,"31":1,"32":1,"33":1,"34":1,"35":1,"36":1,"37":1,"38":1,"39":1,"40":1,"41":1,"42":1,"43":1,"44":1,"45":1,"46":1,"47":1,"48":1,"49":1,"50":1,"51":1,"52":1,"53":1,"54":1,"55":1,"56":1,"57":1,"58":1,"59":1,"60":1,"61":1,"62":1,"63":1,"64":1,"65":1,"66":1,"67":1,"68":1,"69":1,"70":1,"71":1,"72":1,"73":1,"74":1,"75":1,"76":1,"77":1,"78":1,"79":1,"80":1,"81":1,"82":1,"83":1,"84":1,"85":1,"86":1,"87":1,"88":1,"89":1,"90":1,"91":1,"92":1,"93":1,"94":1,"95":1,"96":1,"97":1,"98":1,"99":1,"100":1,"101":1,"102":1,"103":1,"104":1,"105":1,"106":1,"107":1,"108":1,"109":1,"110":1,"111":1,"112":1,"113":1,"114":1,"115":1,"116":1,"117":1,"118":1,"119":1,"120":1,"121":1,"122":1,"123":1,"124":1,"125":1,"126":1,"127":1},"b":{},"f":{},"l":{"5":1,"7":1,"11":1,"12":1,"13":1,"14":1,"15":1,"16":1,"17":1,"18":1,"19":1,"20":1,"21":1,"22":1,"23":1,"24":1,"25":1,"26":1,"27":1,"28":1,"31":1,"32":1,"33":1,"34":1,"35":1,"36":1,"37":1,"38":1,"39":1,"40":1,"41":1,"42":1,"43":1,"44":1,"45":1,"46":1,"47":1,"48":1,"49":1,"50":1,"51":1,"52":1,"53":1,"54":1,"55":1,"56":1,"57":1,"58":1,"59":1,"60":1,"61":1,"62":1,"63":1,"64":1,"65":1,"66":1,"67":1,"68":1,"69":1,"70":1,"71":1,"72":1,"73":1,"74":1,"75":1,"76":1,"77":1,"78":1,"79":1,"80":1,"81":1,"82":1,"83":1,"84":1,"85":1,"86":1,"87":1,"88":1,"89":1,"90":1,"91":1,"92":1,"93":1,"94":1,"95":1,"96":1,"97":1,"98":1,"99":1,"100":1,"101":1,"102":1,"103":1,"104":1,"105":1,"106":1,"107":1,"108":1,"111":1,"112":1,"113":1,"114":1,"115":1,"116":1,"117":1,"118":1,"119":1,"120":1,"121":1,"122":1,"125":1,"129":1,"134":1,"140":1,"141":1,"142":1,"143":1,"144":1,"145":1,"146":1,"147":1,"148":1,"149":1,"150":1,"151":1,"152":1,"153":1}},
"src/add/operator/switchFirst.ts":{"path":"src/add/operator/switchFirst.ts","statementMap":{"1":{"start":{"line":1,"column":0},"end":{"line":1,"column":44}},"2":{"start":{"line":2,"column":0},"end":{"line":2,"column":55}},"3":{"start":{"line":3,"column":0},"end":{"line":3,"column":47}}},"fnMap":{},"branchMap":{},"s":{"1":1,"2":1,"3":1},"b":{},"f":{},"l":{"1":1,"2":1,"3":1}},
"src/operator/switchFirst.ts":{"path":"src/operator/switchFirst.ts","statementMap":{"1":{"start":{"line":5,"column":0},"end":{"line":5,"column":51}},"2":{"start":{"line":6,"column":0},"end":{"line":6,"column":60}},"3":{"start":{"line":8,"column":0},"end":{"line":10,"column":1}},"4":{"start":{"line":9,"column":2},"end":{"line":9,"column":46}},"5":{"start":{"line":8,"column":16},"end":{"line":10,"column":1}},"6":{"start":{"line":12,"column":0},"end":{"line":16,"column":1}},"7":{"start":{"line":13,"column":2},"end":{"line":15,"column":3}},"8":{"start":{"line":14,"column":4},"end":{"line":14,"column":49}},"9":{"start":{"line":16,"column":0},"end":{"line":16,"column":1}},"10":{"start":{"line":18,"column":0},"end":{"line":55,"column":1}},"11":{"start":{"line":18,"column":42},"end":{"line":18,"column":63}},"12":{"start":{"line":22,"column":2},"end":{"line":24,"column":3}},"13":{"start":{"line":23,"column":4},"end":{"line":23,"column":23}},"14":{"start":{"line":19,"column":10},"end":{"line":19,"column":43}},"15":{"start":{"line":20,"column":10},"end":{"line":20,"column":40}},"16":{"start":{"line":26,"column":2},"end":{"line":31,"column":3}},"17":{"start":{"line":27,"column":4},"end":{"line":30,"column":5}},"18":{"start":{"line":28,"column":6},"end":{"line":28,"column":34}},"19":{"start":{"line":29,"column":6},"end":{"line":29,"column":47}},"20":{"start":{"line":33,"column":2},"end":{"line":38,"column":3}},"21":{"start":{"line":34,"column":4},"end":{"line":34,"column":29}},"22":{"start":{"line":35,"column":4},"end":{"line":37,"column":5}},"23":{"start":{"line":36,"column":6},"end":{"line":36,"column":34}},"24":{"start":{"line":40,"column":2},"end":{"line":42,"column":3}},"25":{"start":{"line":41,"column":4},"end":{"line":41,"column":38}},"26":{"start":{"line":44,"column":2},"end":{"line":46,"column":3}},"27":{"start":{"line":45,"column":4},"end":{"line":45,"column":32}},"28":{"start":{"line":48,"column":2},"end":{"line":54,"column":3}},"29":{"start":{"line":49,"column":4},"end":{"line":49,"column":26}},"30":{"start":{"line":50,"column":4},"end":{"line":50,"column":33}},"31":{"start":{"line":51,"column":4},"end":{"line":53,"column":5}},"32":{"start":{"line":52,"column":6},"end":{"line":52,"column":34}},"33":{"start":{"line":55,"column":0},"end":{"line":55,"column":1}}},"fnMap":{"1":{"name":"switchFirst","line":8,"loc":{"start":{"line":8,"column":0},"end":{"line":null,"column":-1}}},"2":{"name":"(anonymous_4)","line":12,"loc":{"start":{"line":12,"column":0},"end":{"line":null,"column":-1}}},"3":{"name":"(anonymous_6)","line":13,"loc":{"start":{"line":13,"column":2},"end":{"line":13,"column":32}}},"4":{"name":"(anonymous_7)","line":18,"loc":{"start":{"line":18,"column":0},"end":{"line":null,"column":-1}}},"5":{"name":"SwitchFirstSubscriber","line":22,"loc":{"start":{"line":22,"column":2},"end":{"line":22,"column":40}}},"6":{"name":"(anonymous_9)","line":26,"loc":{"start":{"line":26,"column":2},"end":{"line":26,"column":16}}},"7":{"name":"(anonymous_10)","line":33,"loc":{"start":{"line":33,"column":2},"end":{"line":null,"column":-1}}},"8":{"name":"(anonymous_11)","line":40,"loc":{"start":{"line":40,"column":2},"end":{"line":40,"column":43}}},"9":{"name":"(anonymous_12)","line":44,"loc":{"start":{"line":44,"column":2},"end":{"line":44,"column":22}}},"10":{"name":"(anonymous_13)","line":48,"loc":{"start":{"line":48,"column":2},"end":{"line":48,"column":42}}}},"branchMap":{"1":{"line":27,"type":"if","locations":[{"start":{"line":27,"column":4},"end":{"line":27,"column":3}},{"start":{"line":27,"column":4},"end":{"line":27,"column":3}}]},"2":{"line":35,"type":"if","locations":[{"start":{"line":35,"column":4},"end":{"line":35,"column":3}},{"start":{"line":35,"column":4},"end":{"line":35,"column":3}}]},"3":{"line":51,"type":"if","locations":[{"start":{"line":51,"column":4},"end":{"line":51,"column":3}},{"start":{"line":51,"column":4},"end":{"line":51,"column":3}}]}},"s":{"1":1,"2":1,"3":1,"4":15,"5":1,"6":2,"7":1,"8":15,"9":1,"10":1,"11":1,"12":1,"13":15,"14":15,"15":15,"16":1,"17":21,"18":12,"19":12,"20":1,"21":9,"22":9,"23":4,"24":1,"25":26,"26":1,"27":2,"28":1,"29":8,"30":8,"31":8,"32":3,"33":1},"b":{"1":[12,9],"2":[4,5],"3":[3,5]},"f":{"1":15,"2":16,"3":15,"4":1,"5":15,"6":21,"7":9,"8":26,"9":2,"10":8},"l":{"5":1,"6":1,"8":1,"9":15,"12":2,"13":1,"14":15,"16":1,"18":1,"19":15,"20":15,"22":1,"23":15,"26":1,"27":21,"28":12,"29":12,"33":1,"34":9,"35":9,"36":4,"40":1,"41":26,"44":1,"45":2,"48":1,"49":8,"50":8,"51":8,"52":3,"55":1}},
"src/add/operator/switchFirstMap.ts":{"path":"src/add/operator/switchFirstMap.ts","statementMap":{"1":{"start":{"line":1,"column":0},"end":{"line":1,"column":44}},"2":{"start":{"line":2,"column":0},"end":{"line":2,"column":61}},"3":{"start":{"line":3,"column":0},"end":{"line":3,"column":53}}},"fnMap":{},"branchMap":{},"s":{"1":1,"2":1,"3":1},"b":{},"f":{},"l":{"1":1,"2":1,"3":1}},
"src/operator/switchFirstMap.ts":{"path":"src/operator/switchFirstMap.ts","statementMap":{"1":{"start":{"line":4,"column":0},"end":{"line":4,"column":42}},"2":{"start":{"line":5,"column":0},"end":{"line":5,"column":48}},"3":{"start":{"line":6,"column":0},"end":{"line":6,"column":51}},"4":{"start":{"line":7,"column":0},"end":{"line":7,"column":60}},"5":{"start":{"line":9,"column":0},"end":{"line":15,"column":1}},"6":{"start":{"line":14,"column":2},"end":{"line":14,"column":72}},"7":{"start":{"line":9,"column":16},"end":{"line":15,"column":1}},"8":{"start":{"line":17,"column":0},"end":{"line":28,"column":1}},"9":{"start":{"line":18,"column":2},"end":{"line":23,"column":3}},"10":{"start":{"line":18,"column":22},"end":{"line":18,"column":73}},"11":{"start":{"line":19,"column":22},"end":{"line":22,"column":65}},"12":{"start":{"line":25,"column":2},"end":{"line":27,"column":3}},"13":{"start":{"line":26,"column":4},"end":{"line":26,"column":87}},"14":{"start":{"line":28,"column":0},"end":{"line":28,"column":1}},"15":{"start":{"line":30,"column":0},"end":{"line":86,"column":1}},"16":{"start":{"line":30,"column":49},"end":{"line":30,"column":70}},"17":{"start":{"line":35,"column":2},"end":{"line":39,"column":3}},"18":{"start":{"line":38,"column":4},"end":{"line":38,"column":23}},"19":{"start":{"line":36,"column":22},"end":{"line":36,"column":73}},"20":{"start":{"line":37,"column":22},"end":{"line":37,"column":115}},"21":{"start":{"line":31,"column":10},"end":{"line":31,"column":43}},"22":{"start":{"line":32,"column":10},"end":{"line":32,"column":40}},"23":{"start":{"line":33,"column":10},"end":{"line":33,"column":28}},"24":{"start":{"line":41,"column":2},"end":{"line":53,"column":3}},"25":{"start":{"line":42,"column":4},"end":{"line":52,"column":5}},"26":{"start":{"line":43,"column":6},"end":{"line":43,"column":33}},"27":{"start":{"line":44,"column":6},"end":{"line":44,"column":43}},"28":{"start":{"line":45,"column":6},"end":{"line":45,"column":56}},"29":{"start":{"line":46,"column":6},"end":{"line":51,"column":7}},"30":{"start":{"line":47,"column":8},"end":{"line":47,"column":36}},"31":{"start":{"line":49,"column":8},"end":{"line":49,"column":36}},"32":{"start":{"line":50,"column":8},"end":{"line":50,"column":64}},"33":{"start":{"line":55,"column":2},"end":{"line":60,"column":3}},"34":{"start":{"line":56,"column":4},"end":{"line":56,"column":29}},"35":{"start":{"line":57,"column":4},"end":{"line":59,"column":5}},"36":{"start":{"line":58,"column":6},"end":{"line":58,"column":34}},"37":{"start":{"line":62,"column":2},"end":{"line":74,"column":3}},"38":{"start":{"line":63,"column":4},"end":{"line":63,"column":49}},"39":{"start":{"line":64,"column":4},"end":{"line":73,"column":5}},"40":{"start":{"line":65,"column":6},"end":{"line":65,"column":94}},"41":{"start":{"line":66,"column":6},"end":{"line":70,"column":7}},"42":{"start":{"line":67,"column":8},"end":{"line":67,"column":41}},"43":{"start":{"line":69,"column":8},"end":{"line":69,"column":33}},"44":{"start":{"line":72,"column":6},"end":{"line":72,"column":35}},"45":{"start":{"line":76,"column":2},"end":{"line":78,"column":3}},"46":{"start":{"line":77,"column":4},"end":{"line":77,"column":32}},"47":{"start":{"line":80,"column":2},"end":{"line":85,"column":3}},"48":{"start":{"line":81,"column":4},"end":{"line":81,"column":33}},"49":{"start":{"line":82,"column":4},"end":{"line":84,"column":5}},"50":{"start":{"line":83,"column":6},"end":{"line":83,"column":34}},"51":{"start":{"line":86,"column":0},"end":{"line":86,"column":1}}},"fnMap":{"1":{"name":"switchFirstMap","line":9,"loc":{"start":{"line":9,"column":0},"end":{"line":13,"column":84}}},"2":{"name":"(anonymous_4)","line":17,"loc":{"start":{"line":17,"column":0},"end":{"line":null,"column":-1}}},"3":{"name":"SwitchFirstMapOperator","line":18,"loc":{"start":{"line":18,"column":2},"end":{"line":22,"column":65}}},"4":{"name":"(anonymous_6)","line":25,"loc":{"start":{"line":25,"column":2},"end":{"line":25,"column":32}}},"5":{"name":"(anonymous_7)","line":30,"loc":{"start":{"line":30,"column":0},"end":{"line":null,"column":-1}}},"6":{"name":"SwitchFirstMapSubscriber","line":35,"loc":{"start":{"line":35,"column":2},"end":{"line":37,"column":115}}},"7":{"name":"(anonymous_9)","line":41,"loc":{"start":{"line":41,"column":2},"end":{"line":41,"column":16}}},"8":{"name":"(anonymous_10)","line":55,"loc":{"start":{"line":55,"column":2},"end":{"line":null,"column":-1}}},"9":{"name":"(anonymous_11)","line":62,"loc":{"start":{"line":62,"column":2},"end":{"line":62,"column":81}}},"10":{"name":"(anonymous_12)","line":76,"loc":{"start":{"line":76,"column":2},"end":{"line":76,"column":22}}},"11":{"name":"(anonymous_13)","line":80,"loc":{"start":{"line":80,"column":2},"end":{"line":null,"column":-1}}}},"branchMap":{"1":{"line":42,"type":"if","locations":[{"start":{"line":42,"column":4},"end":{"line":42,"column":3}},{"start":{"line":42,"column":4},"end":{"line":42,"column":3}}]},"2":{"line":46,"type":"if","locations":[{"start":{"line":46,"column":6},"end":{"line":46,"column":5}},{"start":{"line":46,"column":6},"end":{"line":46,"column":5}}]},"3":{"line":57,"type":"if","locations":[{"start":{"line":57,"column":4},"end":{"line":57,"column":3}},{"start":{"line":57,"column":4},"end":{"line":57,"column":3}}]},"4":{"line":64,"type":"if","locations":[{"start":{"line":64,"column":4},"end":{"line":64,"column":3}},{"start":{"line":64,"column":4},"end":{"line":64,"column":3}}]},"5":{"line":66,"type":"if","locations":[{"start":{"line":66,"column":6},"end":{"line":66,"column":5}},{"start":{"line":66,"column":6},"end":{"line":66,"column":5}}]},"6":{"line":82,"type":"if","locations":[{"start":{"line":82,"column":4},"end":{"line":82,"column":3}},{"start":{"line":82,"column":4},"end":{"line":82,"column":3}}]}},"s":{"1":1,"2":1,"3":1,"4":1,"5":1,"6":17,"7":1,"8":1,"9":1,"10":17,"11":17,"12":1,"13":17,"14":1,"15":1,"16":1,"17":1,"18":17,"19":17,"20":17,"21":17,"22":17,"23":17,"24":1,"25":30,"26":22,"27":22,"28":22,"29":22,"30":1,"31":21,"32":21,"33":1,"34":9,"35":9,"36":4,"37":1,"38":45,"39":45,"40":10,"41":10,"42":1,"43":9,"44":35,"45":1,"46":2,"47":1,"48":13,"49":13,"50":2,"51":1},"b":{"1":[22,8],"2":[1,21],"3":[4,5],"4":[10,35],"5":[1,9],"6":[2,11]},"f":{"1":17,"2":1,"3":17,"4":17,"5":1,"6":17,"7":30,"8":9,"9":45,"10":2,"11":13},"l":{"4":1,"5":1,"6":1,"7":1,"9":1,"14":17,"17":1,"18":17,"19":17,"25":1,"26":17,"28":1,"30":1,"31":17,"32":17,"33":17,"35":1,"36":17,"37":17,"38":17,"41":1,"42":30,"43":22,"44":22,"45":22,"46":22,"47":1,"49":21,"50":21,"55":1,"56":9,"57":9,"58":4,"62":1,"63":45,"64":45,"65":10,"66":10,"67":1,"69":9,"72":35,"76":1,"77":2,"80":1,"81":13,"82":13,"83":2,"86":1}}}
