TN:
SF:src/util/root.ts
FNF:0
FNH:0
DA:1,1
DA:21,1
DA:24,1
DA:25,1
DA:26,1
DA:28,1
DA:29,1
LF:7
LH:7
BRDA:21,1,0,1
BRDA:21,1,1,0
BRDA:21,1,2,1
BRDA:21,1,3,0
BRDA:24,2,0,1
BRDA:24,2,1,1
BRDA:24,2,2,1
BRDA:24,2,3,1
BRDA:25,3,0,1
BRDA:25,3,1,1
BRDA:25,3,2,1
BRDA:25,3,3,1
BRDA:26,4,0,1
BRDA:26,4,1,1
BRDA:28,5,0,1
BRDA:28,5,1,0
BRDA:28,6,0,1
BRDA:28,6,1,1
BRDA:28,6,2,0
BRF:19
BRH:15
end_of_record
TN:
SF:src/Rx.KitchenSink.ts
FNF:0
FNH:0
DA:2,1
DA:4,1
DA:25,1
DA:26,1
DA:27,1
DA:28,1
DA:29,1
DA:30,1
DA:31,1
DA:32,1
DA:33,1
DA:34,1
DA:35,1
DA:36,1
DA:37,1
DA:38,1
DA:39,1
DA:40,1
DA:41,1
DA:42,1
DA:45,1
DA:46,1
DA:47,1
DA:48,1
DA:49,1
DA:50,1
DA:51,1
DA:52,1
DA:53,1
DA:54,1
DA:55,1
DA:56,1
DA:57,1
DA:58,1
DA:59,1
DA:60,1
DA:61,1
DA:62,1
DA:63,1
DA:64,1
DA:65,1
DA:66,1
DA:67,1
DA:68,1
DA:69,1
DA:70,1
DA:71,1
DA:72,1
DA:73,1
DA:74,1
DA:75,1
DA:76,1
DA:77,1
DA:78,1
DA:79,1
DA:80,1
DA:81,1
DA:82,1
DA:83,1
DA:84,1
DA:85,1
DA:86,1
DA:87,1
DA:88,1
DA:89,1
DA:90,1
DA:91,1
DA:92,1
DA:93,1
DA:94,1
DA:95,1
DA:96,1
DA:97,1
DA:98,1
DA:99,1
DA:100,1
DA:101,1
DA:102,1
DA:103,1
DA:104,1
DA:105,1
DA:106,1
DA:107,1
DA:108,1
DA:109,1
DA:110,1
DA:111,1
DA:112,1
DA:113,1
DA:114,1
DA:115,1
DA:116,1
DA:117,1
DA:118,1
DA:119,1
DA:120,1
DA:121,1
DA:122,1
DA:123,1
DA:124,1
DA:125,1
DA:126,1
DA:127,1
DA:128,1
DA:129,1
DA:132,1
DA:133,1
DA:134,1
DA:135,1
DA:136,1
DA:137,1
DA:138,1
DA:139,1
DA:140,1
DA:141,1
DA:142,1
DA:143,1
DA:146,1
DA:147,1
DA:148,1
DA:149,1
DA:153,1
DA:158,1
DA:164,1
DA:165,1
DA:166,1
DA:167,1
DA:168,1
DA:169,1
DA:170,1
DA:171,1
DA:172,1
DA:173,1
DA:174,1
DA:175,1
DA:176,1
DA:177,1
DA:178,1
DA:179,1
DA:180,1
LF:140
LH:140
BRF:0
BRH:0
end_of_record
TN:
SF:src/Subject.ts
FN:20,(anonymous_3)
FN:24,(anonymous_5)
FN:28,(anonymous_6)
FN:42,(anonymous_7)
FN:48,(anonymous_8)
FN:66,(anonymous_9)
FN:70,(anonymous_10)
FN:74,(anonymous_11)
FN:79,(anonymous_12)
FN:95,(anonymous_13)
FN:111,(anonymous_14)
FN:126,(anonymous_15)
FN:136,(anonymous_16)
FN:152,(anonymous_17)
FN:169,(anonymous_18)
FN:170,BidirectionalSubject
FN:174,(anonymous_20)
FN:179,(anonymous_21)
FN:183,(anonymous_22)
FN:187,(anonymous_23)
FN:191,(anonymous_24)
FN:195,(anonymous_25)
FN:199,(anonymous_26)
FNF:23
FNH:23
FNDA:2803,(anonymous_3)
FNDA:129,(anonymous_5)
FNDA:2,(anonymous_6)
FNDA:915,(anonymous_7)
FNDA:2063,(anonymous_8)
FNDA:735,(anonymous_9)
FNDA:1,(anonymous_10)
FNDA:1746,(anonymous_11)
FNDA:5764,(anonymous_12)
FNDA:353,(anonymous_13)
FNDA:1430,(anonymous_14)
FNDA:5690,(anonymous_15)
FNDA:333,(anonymous_16)
FNDA:1315,(anonymous_17)
FNDA:1,(anonymous_18)
FNDA:917,BidirectionalSubject
FNDA:920,(anonymous_20)
FNDA:6,(anonymous_21)
FNDA:1,(anonymous_22)
FNDA:1,(anonymous_23)
FNDA:6,(anonymous_24)
FNDA:1,(anonymous_25)
FNDA:1,(anonymous_26)
DA:3,1
DA:4,1
DA:5,1
DA:6,1
DA:7,1
DA:9,1
DA:10,1
DA:11,1
DA:13,1
DA:14,1
DA:15,1
DA:16,1
DA:17,1
DA:18,1
DA:20,2803
DA:24,1
DA:25,129
DA:28,1
DA:29,2
DA:34,2802
DA:35,2802
DA:37,2802
DA:38,2802
DA:40,2802
DA:42,1
DA:43,915
DA:44,915
DA:45,915
DA:48,1
DA:49,2063
DA:50,2
DA:51,2061
DA:52,43
DA:53,43
DA:54,2018
DA:55,43
DA:56,43
DA:57,1975
DA:58,1
DA:61,1974
DA:63,1974
DA:66,1
DA:67,735
DA:70,1
DA:71,1
DA:74,1
DA:75,1746
DA:76,1746
DA:79,1
DA:80,5764
DA:81,22
DA:84,5742
DA:85,5742
DA:86,5742
DA:88,5742
DA:89,3
DA:90,5739
DA:91,26
DA:95,1
DA:96,353
DA:97,17
DA:100,336
DA:101,336
DA:103,336
DA:104,3
DA:107,333
DA:108,333
DA:111,1
DA:112,1430
DA:113,69
DA:116,1361
DA:118,1361
DA:119,26
DA:122,1335
DA:123,1335
DA:126,1
DA:127,5690
DA:128,5690
DA:129,5690
DA:131,5690
DA:132,4654
DA:136,1
DA:137,333
DA:138,333
DA:139,333
DA:142,333
DA:143,333
DA:145,333
DA:146,324
DA:149,333
DA:152,1
DA:153,1315
DA:154,1315
DA:155,1315
DA:158,1315
DA:159,1315
DA:161,1315
DA:162,982
DA:165,1315
DA:167,1
DA:169,1
DA:170,917
DA:171,917
DA:174,1
DA:175,920
DA:176,920
DA:179,1
DA:180,6
DA:183,1
DA:184,1
DA:187,1
DA:188,1
DA:191,1
DA:192,6
DA:195,1
DA:196,1
DA:199,1
DA:200,1
DA:202,1
LF:119
LH:119
BRDA:43,1,0,915
BRDA:43,1,1,869
BRDA:49,2,0,2
BRDA:49,2,1,2061
BRDA:51,3,0,43
BRDA:51,3,1,2018
BRDA:54,4,0,43
BRDA:54,4,1,1975
BRDA:57,5,0,1
BRDA:57,5,1,1974
BRDA:80,6,0,22
BRDA:80,6,1,5742
BRDA:88,7,0,3
BRDA:88,7,1,5739
BRDA:90,8,0,26
BRDA:90,8,1,5713
BRDA:96,9,0,17
BRDA:96,9,1,336
BRDA:96,10,0,353
BRDA:96,10,1,336
BRDA:103,11,0,3
BRDA:103,11,1,333
BRDA:112,12,0,69
BRDA:112,12,1,1361
BRDA:112,13,0,1430
BRDA:112,13,1,1361
BRDA:118,14,0,26
BRDA:118,14,1,1335
BRDA:176,15,0,918
BRDA:176,15,1,2
BRF:30
BRH:30
end_of_record
TN:
SF:src/Observable.ts
FN:21,(anonymous_1)
FN:33,Observable
FN:59,(anonymous_3)
FN:71,(anonymous_4)
FN:86,(anonymous_5)
FN:117,(anonymous_6)
FN:130,(anonymous_7)
FN:135,(anonymous_8)
FN:48,(anonymous_9)
FNF:9
FNH:8
FNDA:1,(anonymous_1)
FNDA:6493,Observable
FNDA:911,(anonymous_3)
FNDA:0,(anonymous_4)
FNDA:4449,(anonymous_5)
FNDA:3,(anonymous_6)
FNDA:3,(anonymous_7)
FNDA:948,(anonymous_8)
FNDA:10,(anonymous_9)
DA:4,1
DA:6,1
DA:8,1
DA:13,1
DA:21,1
DA:24,6493
DA:33,1
DA:34,6493
DA:35,1312
DA:48,1
DA:49,10
DA:59,1
DA:60,911
DA:61,911
DA:62,911
DA:63,911
DA:71,1
DA:72,0
DA:86,1
DA:90,4449
DA:92,4449
DA:93,2419
DA:94,2272
DA:95,147
DA:96,128
DA:98,19
DA:101,2030
DA:102,2030
DA:105,4449
DA:107,4445
DA:117,4
DA:118,3
DA:119,2
DA:120,1
DA:121,1
DA:122,1
DA:126,3
DA:127,0
DA:130,3
DA:131,3
DA:135,1
DA:136,948
DA:260,1
LF:43
LH:41
BRDA:34,1,0,1312
BRDA:34,1,1,5181
BRDA:92,2,0,2419
BRDA:92,2,1,2030
BRDA:92,3,0,4449
BRDA:92,3,1,4427
BRDA:93,4,0,2272
BRDA:93,4,1,147
BRDA:95,5,0,128
BRDA:95,5,1,19
BRDA:118,6,0,2
BRDA:118,6,1,1
BRDA:119,7,0,1
BRDA:119,7,1,1
BRDA:119,8,0,2
BRDA:119,8,1,1
BRDA:119,8,2,1
BRDA:121,9,0,1
BRDA:121,9,1,0
BRDA:126,10,0,0
BRDA:126,10,1,3
BRF:21
BRH:19
end_of_record
TN:
SF:src/Subscriber.ts
FN:9,(anonymous_3)
FN:47,Subscriber
FN:13,(anonymous_5)
FN:17,(anonymous_6)
FN:27,(anonymous_7)
FN:37,(anonymous_8)
FN:61,(anonymous_9)
FN:71,(anonymous_10)
FN:80,(anonymous_11)
FN:90,(anonymous_12)
FN:97,(anonymous_13)
FN:104,(anonymous_14)
FN:111,(anonymous_15)
FN:117,(anonymous_16)
FN:124,(anonymous_17)
FNF:15
FNH:15
FNDA:1,(anonymous_3)
FNDA:10463,Subscriber
FNDA:1,(anonymous_5)
FNDA:139857,(anonymous_6)
FNDA:14686,(anonymous_7)
FNDA:2038,(anonymous_8)
FNDA:16073,(anonymous_9)
FNDA:2307,(anonymous_10)
FNDA:7563,(anonymous_11)
FNDA:50,(anonymous_12)
FNDA:177,(anonymous_13)
FNDA:228,(anonymous_14)
FNDA:36569,(anonymous_15)
FNDA:1252,(anonymous_16)
FNDA:7383,(anonymous_17)
DA:1,1
DA:2,1
DA:3,1
DA:6,1
DA:7,1
DA:9,1
DA:11,10462
DA:13,1
DA:14,1
DA:17,1
DA:18,139857
DA:19,139857
DA:21,51709
DA:23,88148
DA:28,14686
DA:29,14686
DA:31,0
DA:33,14686
DA:37,1
DA:40,2038
DA:41,2038
DA:42,2038
DA:43,2038
DA:44,2038
DA:47,10462
DA:48,10463
DA:50,10462
DA:51,8406
DA:53,2056
DA:54,2056
DA:55,102
DA:56,1954
DA:57,1934
DA:61,1
DA:63,16073
DA:64,16073
DA:65,3708
DA:67,12365
DA:71,1
DA:73,2307
DA:74,1062
DA:76,1245
DA:80,1
DA:81,7563
DA:82,1749
DA:83,5814
DA:84,1592
DA:86,4222
DA:90,1
DA:91,50
DA:92,50
DA:93,50
DA:97,1
DA:98,177
DA:99,177
DA:100,177
DA:104,1
DA:105,228
DA:106,228
DA:107,226
DA:111,1
DA:112,36569
DA:113,32795
DA:117,1
DA:118,1252
DA:119,1223
DA:120,1218
DA:124,1
DA:125,7383
DA:126,7325
DA:127,3543
DA:130,1
LF:72
LH:71
BRDA:50,1,0,8406
BRDA:50,1,1,2056
BRDA:54,2,0,102
BRDA:54,2,1,1954
BRDA:56,3,0,1934
BRDA:56,3,1,20
BRDA:19,4,0,51709
BRDA:19,4,1,88148
BRDA:21,5,0,51709
BRDA:21,5,1,51675
BRDA:29,6,0,0
BRDA:29,6,1,14686
BRDA:41,7,0,2038
BRDA:41,7,1,2016
BRDA:41,7,2,22
BRDA:42,8,0,2038
BRDA:42,8,1,1861
BRDA:42,8,2,177
BRDA:43,9,0,2038
BRDA:43,9,1,1925
BRDA:43,9,2,113
BRDA:64,10,0,3708
BRDA:64,10,1,12365
BRDA:73,11,0,1062
BRDA:73,11,1,1245
BRDA:81,12,0,1749
BRDA:81,12,1,5814
BRDA:83,13,0,1592
BRDA:83,13,1,4222
BRDA:92,14,0,50
BRDA:92,14,1,0
BRDA:99,15,0,177
BRDA:99,15,1,0
BRDA:106,16,0,226
BRDA:106,16,1,2
BRDA:112,17,0,32795
BRDA:112,17,1,3774
BRDA:118,18,0,1223
BRDA:118,18,1,29
BRDA:125,19,0,7325
BRDA:125,19,1,58
BRF:41
BRH:38
end_of_record
TN:
SF:src/util/noop.ts
FN:2,noop
FNF:1
FNH:1
FNDA:7826,noop
DA:2,1
LF:1
LH:1
BRF:0
BRH:0
end_of_record
TN:
SF:src/util/throwError.ts
FN:1,throwError
FNF:1
FNH:1
FNDA:6,throwError
DA:1,6
LF:1
LH:1
BRF:0
BRH:0
end_of_record
TN:
SF:src/util/tryOrOnError.ts
FN:1,tryOrOnError
FN:2,tryCatcher
FNF:2
FNH:2
FNDA:2016,tryOrOnError
FNDA:4521,tryCatcher
DA:1,1
DA:2,1
DA:3,4521
DA:4,4521
DA:6,4
DA:9,2016
DA:10,2016
LF:7
LH:7
BRF:0
BRH:0
end_of_record
TN:
SF:src/Subscription.ts
FN:3,(anonymous_1)
FN:17,Subscription
FN:13,(anonymous_3)
FN:23,(anonymous_4)
FN:50,(anonymous_5)
FN:81,(anonymous_6)
FN:4,(anonymous_7)
FNF:7
FNH:7
FNDA:1,(anonymous_1)
FNDA:26832,Subscription
FNDA:7662,(anonymous_3)
FNDA:12146,(anonymous_4)
FNDA:13552,(anonymous_5)
FNDA:1252,(anonymous_6)
FNDA:1,(anonymous_7)
DA:1,1
DA:3,1
DA:4,1
DA:5,1
DA:6,1
DA:9,26832
DA:13,1
DA:14,7662
DA:17,1
DA:18,26831
DA:19,2682
DA:23,1
DA:25,12146
DA:26,73
DA:29,12073
DA:31,12073
DA:32,12073
DA:34,12073
DA:36,12073
DA:37,10383
DA:40,12073
DA:41,3957
DA:42,3957
DA:44,3957
DA:45,9281
DA:50,1
DA:55,13552
DA:58,2381
DA:61,11171
DA:63,11171
DA:65,8
DA:67,11171
DA:68,201
DA:69,10970
DA:70,55
DA:72,10915
DA:73,10915
DA:75,10970
DA:77,0
DA:81,1
DA:87,1252
DA:90,0
DA:93,1252
DA:95,1252
DA:96,1198
DA:97,1198
DA:98,836
DA:102,1
LF:48
LH:46
BRDA:18,1,0,2682
BRDA:18,1,1,24149
BRDA:25,2,0,73
BRDA:25,2,1,12073
BRDA:36,3,0,10383
BRDA:36,3,1,1690
BRDA:40,4,0,3957
BRDA:40,4,1,8116
BRDA:55,5,0,2381
BRDA:55,5,1,11171
BRDA:55,6,0,13552
BRDA:55,6,1,12254
BRDA:55,6,2,11171
BRDA:64,7,0,8
BRDA:64,7,1,11171
BRDA:64,7,2,0
BRDA:67,8,0,201
BRDA:67,8,1,10970
BRDA:67,9,0,11171
BRDA:67,9,1,10970
BRDA:69,10,0,55
BRDA:69,10,1,10915
BRDA:72,11,0,10915
BRDA:72,11,1,4376
BRDA:87,12,0,0
BRDA:87,12,1,1252
BRDA:87,13,0,1252
BRDA:87,13,1,1252
BRDA:87,13,2,1252
BRDA:95,14,0,1198
BRDA:95,14,1,54
BRDA:97,15,0,836
BRDA:97,15,1,362
BRF:33
BRH:31
end_of_record
TN:
SF:src/symbol/rxSubscriber.ts
FNF:0
FNH:0
DA:1,1
DA:9,1
LF:2
LH:2
BRF:0
BRH:0
end_of_record
TN:
SF:src/util/SymbolShim.ts
FN:3,polyfillSymbol
FN:10,ensureSymbol
FN:19,symbolForPolyfill
FN:23,ensureIterator
FN:46,ensureObservable
FNF:5
FNH:5
FNDA:6,polyfillSymbol
FNDA:6,ensureSymbol
FNDA:7,symbolForPolyfill
FNDA:9,ensureIterator
FNDA:6,ensureObservable
DA:1,1
DA:3,1
DA:4,6
DA:5,6
DA:6,6
DA:7,6
DA:10,1
DA:11,6
DA:12,3
DA:16,6
DA:19,1
DA:20,7
DA:23,1
DA:24,9
DA:25,7
DA:26,5
DA:27,2
DA:29,1
DA:30,1
DA:32,1
DA:33,1
DA:34,12
DA:35,12
DA:36,1
DA:37,1
DA:41,0
DA:46,1
DA:47,6
DA:48,5
DA:49,5
DA:51,0
DA:56,1
LF:32
LH:30
BRDA:11,1,0,3
BRDA:11,1,1,3
BRDA:24,2,0,7
BRDA:24,2,1,2
BRDA:25,3,0,5
BRDA:25,3,1,2
BRDA:27,4,0,1
BRDA:27,4,1,1
BRDA:27,5,0,2
BRDA:27,5,1,1
BRDA:30,6,0,1
BRDA:30,6,1,0
BRDA:35,7,0,1
BRDA:35,7,1,11
BRDA:35,8,0,12
BRDA:35,8,1,11
BRDA:35,8,2,10
BRDA:47,9,0,5
BRDA:47,9,1,1
BRDA:48,10,0,5
BRDA:48,10,1,0
BRF:21
BRH:19
end_of_record
TN:
SF:src/subject/SubjectSubscription.ts
FN:6,(anonymous_3)
FN:9,SubjectSubscription
FN:13,(anonymous_5)
FNF:3
FNH:3
FNDA:1,(anonymous_3)
FNDA:1974,SubjectSubscription
FNDA:1799,(anonymous_5)
DA:2,1
DA:4,1
DA:6,1
DA:7,1974
DA:9,1974
DA:10,1974
DA:13,1
DA:14,1799
DA:15,5
DA:18,1794
DA:20,1794
DA:21,1794
DA:23,1794
DA:25,1794
DA:26,1299
DA:29,495
DA:30,495
DA:32,495
DA:34,495
DA:35,495
DA:38,1
LF:21
LH:21
BRDA:14,1,0,5
BRDA:14,1,1,1794
BRDA:25,2,0,1299
BRDA:25,2,1,495
BRDA:25,3,0,1794
BRDA:25,3,1,495
BRDA:25,3,2,495
BRDA:29,4,0,495
BRDA:29,4,1,0
BRDA:34,5,0,495
BRDA:34,5,1,0
BRF:11
BRH:9
end_of_record
TN:
SF:src/add/operator/combineLatest-static.ts
FNF:0
FNH:0
DA:1,1
DA:2,1
DA:3,1
LF:3
LH:3
BRF:0
BRH:0
end_of_record
TN:
SF:src/operator/combineLatest-static.ts
FN:18,combineLatest
FNF:1
FNH:1
FNDA:30,combineLatest
DA:2,1
DA:3,1
DA:5,1
DA:6,1
DA:18,119
DA:22,30
DA:23,30
DA:25,30
DA:26,1
DA:29,30
DA:30,29
DA:35,30
DA:36,1
DA:39,30
LF:14
LH:14
BRDA:25,1,0,1
BRDA:25,1,1,29
BRDA:29,2,0,29
BRDA:29,2,1,1
BRDA:35,3,0,1
BRDA:35,3,1,29
BRDA:35,4,0,30
BRDA:35,4,1,1
BRF:8
BRH:8
end_of_record
TN:
SF:src/observable/fromArray.ts
FN:7,(anonymous_3)
FN:54,ArrayObservable
FN:9,(anonymous_5)
FN:13,(anonymous_6)
FN:31,(anonymous_7)
FN:62,(anonymous_8)
FNF:6
FNH:6
FNDA:1,(anonymous_3)
FNDA:489,ArrayObservable
FNDA:14,(anonymous_5)
FNDA:407,(anonymous_6)
FNDA:534,(anonymous_7)
FNDA:490,(anonymous_8)
DA:2,1
DA:3,1
DA:4,1
DA:5,1
DA:7,1
DA:9,1
DA:10,14
DA:13,1190
DA:14,407
DA:15,407
DA:16,37
DA:18,370
DA:21,407
DA:22,407
DA:23,193
DA:24,214
DA:25,212
DA:27,2
DA:31,1
DA:33,534
DA:35,534
DA:36,143
DA:37,141
DA:40,391
DA:42,389
DA:43,0
DA:46,389
DA:48,389
DA:54,489
DA:55,489
DA:56,489
DA:57,1
DA:58,1
DA:62,1
DA:64,490
DA:65,490
DA:66,490
DA:67,490
DA:69,490
DA:70,150
DA:74,340
DA:75,797
DA:77,340
DA:80,1
LF:44
LH:43
BRDA:56,1,0,1
BRDA:56,1,1,488
BRDA:56,2,0,489
BRDA:56,2,1,339
BRDA:15,3,0,37
BRDA:15,3,1,370
BRDA:22,4,0,193
BRDA:22,4,1,214
BRDA:24,5,0,212
BRDA:24,5,1,2
BRDA:35,6,0,143
BRDA:35,6,1,391
BRDA:42,7,0,0
BRDA:42,7,1,389
BRDA:69,8,0,150
BRDA:69,8,1,340
BRDA:74,9,0,1137
BRDA:74,9,1,803
BRF:18
BRH:17
end_of_record
TN:
SF:src/observable/ScalarObservable.ts
FN:10,(anonymous_3)
FN:34,ScalarObservable
FN:11,(anonymous_5)
FN:15,(anonymous_6)
FN:38,(anonymous_7)
FN:58,(anonymous_8)
FN:67,(anonymous_9)
FN:78,(anonymous_10)
FN:90,(anonymous_11)
FN:94,(anonymous_12)
FN:107,(anonymous_13)
FN:114,(anonymous_14)
FNF:12
FNH:12
FNDA:1,(anonymous_3)
FNDA:268,ScalarObservable
FNDA:1,(anonymous_5)
FNDA:5,(anonymous_6)
FNDA:48,(anonymous_7)
FNDA:3,(anonymous_8)
FNDA:4,(anonymous_9)
FNDA:6,(anonymous_10)
FNDA:3,(anonymous_11)
FNDA:4,(anonymous_12)
FNDA:2,(anonymous_13)
FNDA:2,(anonymous_14)
DA:2,1
DA:5,1
DA:6,1
DA:7,1
DA:8,1
DA:10,1
DA:11,1
DA:12,1
DA:15,1
DA:16,5
DA:18,5
DA:19,2
DA:20,2
DA:23,3
DA:24,3
DA:25,1
DA:28,2
DA:29,2
DA:32,268
DA:34,268
DA:35,268
DA:38,1
DA:39,48
DA:40,48
DA:42,48
DA:43,3
DA:47,45
DA:48,43
DA:49,42
DA:53,1
DA:56,1
DA:58,1
DA:59,3
DA:60,3
DA:61,1
DA:63,2
DA:67,1
DA:68,4
DA:69,4
DA:70,2
DA:71,2
DA:72,1
DA:74,1
DA:78,1
DA:79,6
DA:80,2
DA:82,4
DA:83,4
DA:84,2
DA:86,2
DA:90,1
DA:91,3
DA:94,1
DA:95,4
DA:96,1
DA:98,3
DA:99,3
DA:100,1
DA:102,2
DA:107,1
DA:108,2
DA:109,1
DA:111,1
DA:114,1
DA:115,2
DA:116,1
DA:118,1
LF:67
LH:67
BRDA:18,1,0,2
BRDA:18,1,1,3
BRDA:24,2,0,1
BRDA:24,2,1,2
BRDA:42,3,0,3
BRDA:42,3,1,45
BRDA:48,4,0,42
BRDA:48,4,1,1
BRDA:59,5,0,3
BRDA:59,5,1,3
BRDA:60,6,0,1
BRDA:60,6,1,2
BRDA:63,7,0,2
BRDA:63,7,1,2
BRDA:68,8,0,4
BRDA:68,8,1,4
BRDA:69,9,0,2
BRDA:69,9,1,2
BRDA:71,10,0,1
BRDA:71,10,1,1
BRDA:79,11,0,2
BRDA:79,11,1,4
BRDA:83,12,0,2
BRDA:83,12,1,2
BRDA:95,13,0,1
BRDA:95,13,1,3
BRDA:98,14,0,3
BRDA:98,14,1,3
BRDA:99,15,0,1
BRDA:99,15,1,2
BRDA:102,16,0,1
BRDA:102,16,1,1
BRDA:108,17,0,1
BRDA:108,17,1,1
BRDA:115,18,0,1
BRDA:115,18,1,1
BRF:36
BRH:36
end_of_record
TN:
SF:src/util/tryCatch.ts
FN:5,tryCatcher
FN:14,tryCatch
FNF:2
FNH:2
FNDA:26445,tryCatcher
FNDA:26445,tryCatch
DA:1,1
DA:3,1
DA:5,1
DA:6,26445
DA:7,26445
DA:9,120
DA:10,120
DA:14,1
DA:15,26445
DA:16,26445
LF:10
LH:10
BRF:0
BRH:0
end_of_record
TN:
SF:src/util/errorObject.ts
FNF:0
FNH:0
DA:1,1
LF:1
LH:1
BRF:0
BRH:0
end_of_record
TN:
SF:src/observable/throw.ts
FN:4,(anonymous_3)
FN:14,ErrorObservable
FN:6,(anonymous_5)
FN:10,(anonymous_6)
FN:18,(anonymous_7)
FNF:5
FNH:5
FNDA:1,(anonymous_3)
FNDA:30,ErrorObservable
FNDA:18,(anonymous_5)
FNDA:1,(anonymous_6)
FNDA:20,(anonymous_7)
DA:2,1
DA:4,1
DA:6,1
DA:7,18
DA:10,1
DA:11,1
DA:14,30
DA:15,30
DA:18,1
DA:20,20
DA:21,20
DA:23,20
DA:24,1
DA:28,19
DA:31,1
LF:15
LH:15
BRDA:23,1,0,1
BRDA:23,1,1,19
BRF:2
BRH:2
end_of_record
TN:
SF:src/observable/empty.ts
FN:4,(anonymous_3)
FN:14,EmptyObservable
FN:6,(anonymous_5)
FN:10,(anonymous_6)
FN:18,(anonymous_7)
FNF:5
FNH:5
FNDA:1,(anonymous_3)
FNDA:77,EmptyObservable
FNDA:65,(anonymous_5)
FNDA:1,(anonymous_6)
FNDA:3851,(anonymous_7)
DA:2,1
DA:4,1
DA:6,1
DA:7,65
DA:10,1
DA:11,1
DA:14,77
DA:15,77
DA:18,1
DA:20,3851
DA:22,3851
DA:23,1
DA:25,3850
DA:28,1
LF:14
LH:14
BRDA:22,1,0,1
BRDA:22,1,1,3850
BRF:2
BRH:2
end_of_record
TN:
SF:src/util/isScheduler.ts
FN:1,isScheduler
FNF:1
FNH:1
FNDA:664,isScheduler
DA:1,1
DA:2,664
LF:2
LH:2
BRDA:2,1,0,664
BRDA:2,1,1,633
BRF:2
BRH:2
end_of_record
TN:
SF:src/operator/combineLatest-support.ts
FN:9,(anonymous_3)
FN:10,CombineLatestOperator
FN:13,(anonymous_5)
FN:18,(anonymous_6)
FN:24,CombineLatestSubscriber
FN:28,(anonymous_8)
FN:34,(anonymous_9)
FN:48,(anonymous_10)
FN:54,(anonymous_11)
FNF:9
FNH:9
FNDA:1,(anonymous_3)
FNDA:88,CombineLatestOperator
FNDA:88,(anonymous_5)
FNDA:1,(anonymous_6)
FNDA:88,CombineLatestSubscriber
FNDA:178,(anonymous_8)
FNDA:88,(anonymous_9)
FNDA:73,(anonymous_10)
FNDA:131,(anonymous_11)
DA:4,1
DA:5,1
DA:6,1
DA:7,1
DA:9,1
DA:10,88
DA:13,1
DA:14,88
DA:16,1
DA:18,1
DA:19,88
DA:20,88
DA:21,88
DA:22,88
DA:24,88
DA:25,88
DA:28,1
DA:29,178
DA:30,178
DA:31,178
DA:34,1
DA:35,88
DA:36,88
DA:37,88
DA:38,0
DA:40,88
DA:41,88
DA:42,178
DA:43,178
DA:48,1
DA:49,73
DA:50,25
DA:54,1
DA:55,131
DA:56,131
DA:57,131
DA:59,131
DA:60,75
DA:61,75
DA:62,64
DA:66,131
DA:67,78
DA:68,78
DA:70,78
DA:71,59
DA:72,59
DA:73,3
DA:75,56
DA:78,19
DA:82,1
LF:50
LH:49
BRDA:37,1,0,0
BRDA:37,1,1,88
BRDA:49,2,0,25
BRDA:49,2,1,48
BRDA:59,3,0,75
BRDA:59,3,1,56
BRDA:61,4,0,64
BRDA:61,4,1,11
BRDA:66,5,0,78
BRDA:66,5,1,53
BRDA:70,6,0,59
BRDA:70,6,1,19
BRDA:72,7,0,3
BRDA:72,7,1,56
BRF:14
BRH:13
end_of_record
TN:
SF:src/OuterSubscriber.ts
FN:4,(anonymous_3)
FN:5,(anonymous_5)
FN:9,(anonymous_6)
FN:13,(anonymous_7)
FNF:4
FNH:4
FNDA:948,(anonymous_3)
FNDA:6,(anonymous_5)
FNDA:448,(anonymous_6)
FNDA:128,(anonymous_7)
DA:2,1
DA:4,948
DA:5,1
DA:6,6
DA:9,1
DA:10,448
DA:13,1
DA:14,128
DA:16,1
LF:9
LH:9
BRF:0
BRH:0
end_of_record
TN:
SF:src/util/subscribeToResult.ts
FN:10,subscribeToResult
FN:38,(anonymous_2)
FN:43,(anonymous_3)
FN:44,(anonymous_4)
FN:46,(anonymous_5)
FNF:5
FNH:3
FNDA:1628,subscribeToResult
FNDA:24,(anonymous_2)
FNDA:4,(anonymous_3)
FNDA:0,(anonymous_4)
FNDA:0,(anonymous_5)
DA:2,1
DA:3,1
DA:5,1
DA:8,1
DA:10,1
DA:14,1628
DA:16,1628
DA:17,0
DA:20,1628
DA:21,1479
DA:22,145
DA:23,145
DA:24,145
DA:26,1334
DA:30,149
DA:31,115
DA:32,360
DA:34,115
DA:35,115
DA:37,34
DA:38,28
DA:39,24
DA:40,19
DA:41,19
DA:43,4
DA:46,0
DA:48,28
DA:49,6
DA:50,0
DA:51,0
DA:52,0
DA:53,0
DA:56,0
DA:57,0
DA:59,6
DA:60,6
DA:61,6
DA:62,0
DA:64,6
DA:67,0
LF:40
LH:30
BRDA:16,1,0,0
BRDA:16,1,1,1628
BRDA:20,2,0,1479
BRDA:20,2,1,149
BRDA:21,3,0,145
BRDA:21,3,1,1334
BRDA:30,4,0,115
BRDA:30,4,1,34
BRDA:31,5,0,475
BRDA:31,5,1,360
BRDA:34,6,0,115
BRDA:34,6,1,0
BRDA:37,7,0,28
BRDA:37,7,1,6
BRDA:39,8,0,19
BRDA:39,8,1,5
BRDA:49,9,0,0
BRDA:49,9,1,6
BRDA:52,10,0,0
BRDA:52,10,1,0
BRDA:56,11,0,0
BRDA:56,11,1,0
BRDA:59,12,0,6
BRDA:59,12,1,0
BRDA:61,13,0,0
BRDA:61,13,1,6
BRF:26
BRH:17
end_of_record
TN:
SF:src/InnerSubscriber.ts
FN:4,(anonymous_3)
FN:7,InnerSubscriber
FN:11,(anonymous_5)
FN:16,(anonymous_6)
FN:20,(anonymous_7)
FNF:5
FNH:5
FNDA:1,(anonymous_3)
FNDA:1634,InnerSubscriber
FNDA:2711,(anonymous_5)
FNDA:177,(anonymous_6)
FNDA:1032,(anonymous_7)
DA:1,1
DA:4,1
DA:5,1634
DA:7,1634
DA:8,1634
DA:11,1
DA:12,2711
DA:13,2711
DA:16,1
DA:17,177
DA:20,1
DA:21,1032
DA:23,1
LF:13
LH:13
BRF:0
BRH:0
end_of_record
TN:
SF:src/util/isArray.ts
FN:1,(anonymous_1)
FNF:1
FNH:0
FNDA:0,(anonymous_1)
DA:1,1
LF:1
LH:1
BRDA:1,1,0,1
BRDA:1,1,1,0
BRDA:1,2,0,0
BRDA:1,2,1,0
BRF:4
BRH:1
end_of_record
TN:
SF:src/add/operator/concat-static.ts
FNF:0
FNH:0
DA:1,1
DA:2,1
DA:3,1
LF:3
LH:3
BRF:0
BRH:0
end_of_record
TN:
SF:src/operator/concat-static.ts
FN:15,concat
FNF:1
FNH:1
FNDA:56,concat
DA:3,1
DA:4,1
DA:5,1
DA:6,1
DA:15,182
DA:16,56
DA:17,56
DA:18,56
DA:19,1
DA:22,56
LF:10
LH:10
BRDA:18,1,0,1
BRDA:18,1,1,55
BRF:2
BRH:2
end_of_record
TN:
SF:src/scheduler/queue.ts
FNF:0
FNH:0
DA:1,1
DA:3,1
LF:2
LH:2
BRF:0
BRH:0
end_of_record
TN:
SF:src/scheduler/QueueScheduler.ts
FN:7,(anonymous_1)
FN:12,(anonymous_3)
FN:16,(anonymous_4)
FN:28,(anonymous_5)
FN:34,(anonymous_6)
FN:38,(anonymous_7)
FNF:6
FNH:6
FNDA:3,(anonymous_1)
FNDA:167,(anonymous_3)
FNDA:487,(anonymous_4)
FNDA:149,(anonymous_5)
FNDA:124,(anonymous_6)
FNDA:23,(anonymous_7)
DA:2,1
DA:4,1
DA:7,2
DA:8,2
DA:9,2
DA:10,2
DA:12,1
DA:13,167
DA:16,1
DA:17,487
DA:18,351
DA:20,136
DA:21,136
DA:22,136
DA:23,489
DA:25,136
DA:28,151
DA:29,149
DA:34,1
DA:35,124
DA:38,1
DA:39,23
DA:41,1
LF:23
LH:23
BRDA:17,1,0,351
BRDA:17,1,1,136
BRDA:17,2,0,487
BRDA:17,2,1,136
BRDA:28,3,0,2
BRDA:28,3,1,147
BRDA:30,4,0,126
BRDA:30,4,1,23
BRF:8
BRH:8
end_of_record
TN:
SF:src/scheduler/QueueAction.ts
FN:5,(anonymous_3)
FN:9,QueueAction
FN:14,(anonymous_5)
FN:26,(anonymous_6)
FN:33,(anonymous_7)
FNF:5
FNH:5
FNDA:1,(anonymous_3)
FNDA:149,QueueAction
FNDA:456,(anonymous_5)
FNDA:489,(anonymous_6)
FNDA:137,(anonymous_7)
DA:1,1
DA:5,1
DA:9,149
DA:10,149
DA:11,149
DA:14,1
DA:15,456
DA:16,0
DA:19,456
DA:20,456
DA:21,456
DA:22,456
DA:23,456
DA:26,1
DA:27,489
DA:28,0
DA:30,489
DA:33,1
DA:35,137
DA:36,137
DA:37,137
DA:39,137
DA:40,137
DA:41,137
DA:43,137
DA:44,2
DA:47,137
DA:49,1
LF:28
LH:26
BRDA:15,1,0,0
BRDA:15,1,1,456
BRDA:27,2,0,0
BRDA:27,2,1,489
BRDA:43,3,0,2
BRDA:43,3,1,135
BRF:6
BRH:4
end_of_record
TN:
SF:src/scheduler/FutureAction.ts
FN:6,(anonymous_3)
FN:11,FutureAction
FN:16,(anonymous_5)
FN:32,(anonymous_6)
FN:41,(anonymous_7)
FNF:5
FNH:5
FNDA:1,(anonymous_3)
FNDA:23,FutureAction
FNDA:34,(anonymous_5)
FNDA:29,(anonymous_6)
FNDA:22,(anonymous_7)
DA:4,1
DA:6,1
DA:11,23
DA:12,23
DA:13,23
DA:16,35
DA:17,34
DA:18,0
DA:21,34
DA:22,34
DA:23,34
DA:25,34
DA:26,0
DA:27,0
DA:30,34
DA:32,34
DA:33,29
DA:34,29
DA:35,29
DA:38,34
DA:41,1
DA:42,22
DA:43,22
DA:44,5
DA:45,5
DA:47,22
DA:49,1
LF:27
LH:24
BRDA:16,1,0,0
BRDA:16,1,1,34
BRDA:17,2,0,0
BRDA:17,2,1,34
BRDA:25,3,0,0
BRDA:25,3,1,34
BRDA:43,4,0,5
BRDA:43,4,1,17
BRF:8
BRH:5
end_of_record
TN:
SF:src/operator/mergeAll-support.ts
FN:8,(anonymous_3)
FN:9,MergeAllOperator
FN:12,(anonymous_5)
FN:17,(anonymous_6)
FN:22,MergeAllSubscriber
FN:26,(anonymous_8)
FN:39,(anonymous_9)
FN:46,(anonymous_10)
FNF:8
FNH:8
FNDA:1,(anonymous_3)
FNDA:175,MergeAllOperator
FNDA:175,(anonymous_5)
FNDA:1,(anonymous_6)
FNDA:175,MergeAllSubscriber
FNDA:452,(anonymous_8)
FNDA:160,(anonymous_9)
FNDA:222,(anonymous_10)
DA:5,1
DA:6,1
DA:8,1
DA:9,175
DA:12,1
DA:13,175
DA:15,1
DA:17,1
DA:18,175
DA:19,175
DA:20,175
DA:22,175
DA:23,175
DA:26,1
DA:27,452
DA:28,350
DA:29,35
DA:31,315
DA:32,315
DA:35,102
DA:39,1
DA:40,160
DA:41,160
DA:42,10
DA:46,1
DA:47,222
DA:48,222
DA:49,222
DA:50,222
DA:51,78
DA:52,144
DA:53,87
DA:56,1
LF:33
LH:33
BRDA:27,1,0,350
BRDA:27,1,1,102
BRDA:28,2,0,35
BRDA:28,2,1,315
BRDA:41,3,0,10
BRDA:41,3,1,150
BRDA:41,4,0,160
BRDA:41,4,1,10
BRDA:50,5,0,78
BRDA:50,5,1,144
BRDA:52,6,0,87
BRDA:52,6,1,57
BRDA:52,7,0,144
BRDA:52,7,1,109
BRF:14
BRH:14
end_of_record
TN:
SF:src/add/operator/merge-static.ts
FNF:0
FNH:0
DA:1,1
DA:2,1
DA:3,1
LF:3
LH:3
BRF:0
BRH:0
end_of_record
TN:
SF:src/operator/merge-static.ts
FN:8,merge
FNF:1
FNH:1
FNDA:36,merge
DA:3,1
DA:4,1
DA:5,1
DA:6,1
DA:8,132
DA:9,36
DA:10,36
DA:11,36
DA:12,36
DA:13,19
DA:14,19
DA:15,1
DA:17,17
DA:18,1
DA:21,36
DA:22,1
DA:25,35
LF:17
LH:17
BRDA:12,1,0,19
BRDA:12,1,1,17
BRDA:14,2,0,1
BRDA:14,2,1,18
BRDA:14,3,0,19
BRDA:14,3,1,19
BRDA:17,4,0,1
BRDA:17,4,1,16
BRDA:21,5,0,1
BRDA:21,5,1,35
BRF:10
BRH:10
end_of_record
TN:
SF:src/add/observable/bindCallback.ts
FNF:0
FNH:0
DA:1,1
DA:2,1
DA:3,1
LF:3
LH:3
BRF:0
BRH:0
end_of_record
TN:
SF:src/observable/bindCallback.ts
FN:9,(anonymous_3)
FN:20,BoundCallbackObservable
FN:12,(anonymous_5)
FN:15,(anonymous_6)
FN:27,(anonymous_7)
FN:36,handlerFn
FN:68,dispatch
FN:76,handlerFn
FN:103,dispatchNext
FN:108,dispatchError
FNF:10
FNH:10
FNDA:1,(anonymous_3)
FNDA:12,BoundCallbackObservable
FNDA:12,(anonymous_5)
FNDA:12,(anonymous_6)
FNDA:13,(anonymous_7)
FNDA:4,handlerFn
FNDA:8,dispatch
FNDA:6,handlerFn
FNDA:5,dispatchNext
FNDA:1,dispatchError
DA:1,1
DA:5,1
DA:6,1
DA:7,1
DA:9,1
DA:12,1
DA:13,14
DA:15,23
DA:16,12
DA:20,12
DA:21,12
DA:22,12
DA:23,12
DA:24,12
DA:27,1
DA:28,13
DA:29,13
DA:30,13
DA:31,13
DA:33,13
DA:34,4
DA:35,4
DA:36,8
DA:37,4
DA:38,4
DA:39,4
DA:40,2
DA:41,2
DA:42,1
DA:44,1
DA:45,1
DA:48,2
DA:49,2
DA:53,4
DA:55,4
DA:56,4
DA:57,0
DA:60,4
DA:62,9
DA:63,9
DA:66,1
DA:68,1
DA:69,8
DA:70,8
DA:71,8
DA:73,8
DA:74,7
DA:76,18
DA:77,6
DA:78,6
DA:79,6
DA:80,3
DA:81,3
DA:82,1
DA:84,2
DA:87,3
DA:88,3
DA:92,7
DA:94,7
DA:95,7
DA:96,1
DA:100,8
DA:103,1
DA:104,5
DA:105,5
DA:108,1
DA:109,1
LF:67
LH:66
BRDA:13,1,0,2
BRDA:13,1,1,10
BRDA:33,2,0,4
BRDA:33,2,1,9
BRDA:34,3,0,4
BRDA:34,3,1,0
BRDA:39,4,0,2
BRDA:39,4,1,2
BRDA:41,5,0,1
BRDA:41,5,1,1
BRDA:48,6,0,2
BRDA:48,6,1,0
BRDA:56,7,0,0
BRDA:56,7,1,4
BRDA:73,8,0,7
BRDA:73,8,1,1
BRDA:79,9,0,3
BRDA:79,9,1,3
BRDA:81,10,0,1
BRDA:81,10,1,2
BRDA:87,11,0,2
BRDA:87,11,1,1
BRDA:95,12,0,1
BRDA:95,12,1,6
BRF:24
BRH:21
end_of_record
TN:
SF:src/subject/AsyncSubject.ts
FN:5,(anonymous_3)
FN:10,AsyncSubject
FN:14,(anonymous_5)
FN:22,(anonymous_6)
FN:27,(anonymous_7)
FNF:5
FNH:5
FNDA:1,(anonymous_3)
FNDA:33,AsyncSubject
FNDA:57,(anonymous_5)
FNDA:52,(anonymous_6)
FNDA:20,(anonymous_7)
DA:1,1
DA:5,1
DA:6,33
DA:7,33
DA:8,33
DA:10,1
DA:11,33
DA:14,1
DA:15,57
DA:16,4
DA:19,57
DA:22,1
DA:23,52
DA:24,52
DA:27,1
DA:28,20
DA:29,20
DA:30,20
DA:33,20
DA:34,20
DA:36,20
DA:37,17
DA:38,18
DA:39,18
DA:40,18
DA:43,3
DA:44,3
DA:48,20
DA:50,1
LF:29
LH:29
BRDA:15,1,0,4
BRDA:15,1,1,53
BRDA:15,2,0,57
BRDA:15,2,1,5
BRDA:36,3,0,17
BRDA:36,3,1,3
BRF:6
BRH:6
end_of_record
TN:
SF:src/add/observable/defer.ts
FNF:0
FNH:0
DA:1,1
DA:2,1
DA:3,1
LF:3
LH:3
BRF:0
BRH:0
end_of_record
TN:
SF:src/observable/defer.ts
FN:6,(anonymous_3)
FN:12,DeferObservable
FN:8,(anonymous_5)
FN:16,(anonymous_6)
FNF:4
FNH:4
FNDA:1,(anonymous_3)
FNDA:4,DeferObservable
FNDA:4,(anonymous_5)
FNDA:4,(anonymous_6)
DA:1,1
DA:3,1
DA:4,1
DA:6,1
DA:8,1
DA:9,4
DA:12,4
DA:13,4
DA:16,1
DA:17,4
DA:18,4
DA:19,1
DA:21,3
DA:24,1
LF:14
LH:14
BRDA:18,1,0,1
BRDA:18,1,1,3
BRF:2
BRH:2
end_of_record
TN:
SF:src/add/observable/empty.ts
FNF:0
FNH:0
DA:1,1
DA:2,1
DA:3,1
LF:3
LH:3
BRF:0
BRH:0
end_of_record
TN:
SF:src/add/observable/forkJoin.ts
FNF:0
FNH:0
DA:1,1
DA:2,1
DA:3,1
LF:3
LH:3
BRF:0
BRH:0
end_of_record
TN:
SF:src/observable/forkJoin.ts
FN:8,(anonymous_3)
FN:9,ForkJoinObservable
FN:14,(anonymous_5)
FN:36,(anonymous_6)
FN:51,(anonymous_7)
FN:54,AllSubscriber
FN:63,(anonymous_9)
FN:67,(anonymous_10)
FN:93,hasValue
FN:97,emptyArray
FNF:10
FNH:10
FNDA:1,(anonymous_3)
FNDA:19,ForkJoinObservable
FNDA:20,(anonymous_5)
FNDA:19,(anonymous_6)
FNDA:1,(anonymous_7)
FNDA:41,AllSubscriber
FNDA:76,(anonymous_9)
FNDA:30,(anonymous_10)
FNDA:26,hasValue
FNDA:19,emptyArray
DA:1,1
DA:2,1
DA:3,1
DA:4,1
DA:5,1
DA:6,1
DA:8,1
DA:9,19
DA:10,19
DA:11,19
DA:14,65
DA:18,20
DA:19,1
DA:22,19
DA:23,19
DA:24,8
DA:29,19
DA:30,4
DA:33,19
DA:36,1
DA:37,19
DA:38,19
DA:40,19
DA:41,19
DA:42,41
DA:43,41
DA:44,1
DA:46,41
DA:49,1
DA:51,1
DA:52,41
DA:54,1
DA:55,41
DA:56,41
DA:60,41
DA:63,1
DA:64,76
DA:67,1
DA:68,30
DA:70,30
DA:71,4
DA:74,30
DA:75,30
DA:76,30
DA:77,30
DA:79,30
DA:80,18
DA:83,12
DA:84,11
DA:86,11
DA:89,12
DA:91,1
DA:93,1
DA:94,26
DA:97,1
DA:98,19
DA:99,19
DA:100,41
DA:102,19
LF:59
LH:59
BRDA:18,1,0,1
BRDA:18,1,1,19
BRDA:18,2,0,20
BRDA:18,2,1,20
BRDA:23,3,0,8
BRDA:23,3,1,11
BRDA:29,4,0,4
BRDA:29,4,1,15
BRDA:29,5,0,19
BRDA:29,5,1,6
BRDA:43,6,0,1
BRDA:43,6,1,40
BRDA:70,7,0,4
BRDA:70,7,1,26
BRDA:79,8,0,18
BRDA:79,8,1,12
BRDA:83,9,0,11
BRDA:83,9,1,1
BRDA:84,10,0,5
BRDA:84,10,1,6
BRF:20
BRH:20
end_of_record
TN:
SF:src/observable/fromPromise.ts
FN:7,(anonymous_3)
FN:16,PromiseObservable
FN:12,(anonymous_5)
FN:20,(anonymous_6)
FN:29,(anonymous_7)
FN:34,(anonymous_8)
FN:35,(anonymous_9)
FN:37,(anonymous_10)
FN:46,(anonymous_11)
FN:50,(anonymous_12)
FN:51,(anonymous_13)
FN:53,(anonymous_14)
FN:61,dispatchNext
FN:66,dispatchError
FNF:14
FNH:8
FNDA:1,(anonymous_3)
FNDA:72,PromiseObservable
FNDA:23,(anonymous_5)
FNDA:86,(anonymous_6)
FNDA:54,(anonymous_7)
FNDA:30,(anonymous_8)
FNDA:1,(anonymous_9)
FNDA:1,(anonymous_10)
FNDA:0,(anonymous_11)
FNDA:0,(anonymous_12)
FNDA:0,(anonymous_13)
FNDA:0,(anonymous_14)
FNDA:0,dispatchNext
FNDA:0,dispatchError
DA:1,1
DA:4,1
DA:5,1
DA:7,1
DA:9,72
DA:12,46
DA:13,23
DA:16,73
DA:17,72
DA:20,87
DA:21,86
DA:22,86
DA:24,86
DA:25,86
DA:26,2
DA:27,2
DA:29,84
DA:30,54
DA:31,54
DA:32,54
DA:33,54
DA:34,30
DA:37,1
DA:41,0
DA:42,0
DA:43,0
DA:44,0
DA:46,0
DA:47,0
DA:48,0
DA:49,0
DA:50,0
DA:53,0
DA:56,0
DA:59,1
DA:61,1
DA:62,0
DA:63,0
DA:66,1
DA:67,0
LF:40
LH:26
BRDA:16,1,0,1
BRDA:16,1,1,71
BRDA:12,2,0,23
BRDA:12,2,1,0
BRDA:24,3,0,86
BRDA:24,3,1,0
BRDA:25,4,0,2
BRDA:25,4,1,84
BRDA:42,5,0,0
BRDA:42,5,1,0
BRF:10
BRH:6
end_of_record
TN:
SF:src/util/isPromise.ts
FN:1,isPromise
FNF:1
FNH:1
FNDA:189,isPromise
DA:1,1
DA:2,189
LF:2
LH:2
BRDA:2,1,0,189
BRDA:2,1,1,189
BRDA:2,1,2,15
BRF:3
BRH:3
end_of_record
TN:
SF:src/add/observable/from.ts
FNF:0
FNH:0
DA:1,1
DA:2,1
DA:3,1
LF:3
LH:3
BRF:0
BRH:0
end_of_record
TN:
SF:src/observable/from.ts
FN:14,(anonymous_3)
FN:15,FromObservable
FN:19,(anonymous_5)
FN:38,(anonymous_6)
FNF:4
FNH:4
FNDA:1,(anonymous_3)
FNDA:2,FromObservable
FNDA:75,(anonymous_5)
FNDA:2,(anonymous_6)
DA:1,1
DA:2,1
DA:3,1
DA:6,1
DA:7,1
DA:9,1
DA:10,1
DA:12,1
DA:14,1
DA:15,2
DA:16,2
DA:19,149
DA:20,75
DA:21,75
DA:22,21
DA:23,54
DA:24,48
DA:25,6
DA:26,3
DA:27,1
DA:29,2
DA:30,3
DA:31,2
DA:35,1
DA:38,1
DA:39,2
DA:40,2
DA:41,2
DA:42,1
DA:44,1
DA:47,1
LF:31
LH:31
BRDA:19,1,0,74
BRDA:19,1,1,1
BRDA:20,2,0,75
BRDA:20,2,1,0
BRDA:21,3,0,21
BRDA:21,3,1,54
BRDA:23,4,0,48
BRDA:23,4,1,6
BRDA:25,5,0,3
BRDA:25,5,1,3
BRDA:26,6,0,1
BRDA:26,6,1,2
BRDA:30,7,0,2
BRDA:30,7,1,1
BRDA:41,8,0,1
BRDA:41,8,1,1
BRF:16
BRH:15
end_of_record
TN:
SF:src/observable/IteratorObservable.ts
FN:9,(anonymous_3)
FN:56,IteratorObservable
FN:12,(anonymous_5)
FN:19,(anonymous_6)
FN:70,(anonymous_7)
FN:103,(anonymous_8)
FN:104,StringIterator
FN:108,(anonymous_10)
FN:109,(anonymous_11)
FN:120,(anonymous_12)
FN:121,ArrayIterator
FN:125,(anonymous_14)
FN:126,(anonymous_15)
FN:137,getIterator
FN:153,toLength
FN:171,numberIsFinite
FN:175,sign
FNF:17
FNH:8
FNDA:1,(anonymous_3)
FNDA:18,IteratorObservable
FNDA:14,(anonymous_5)
FNDA:19,(anonymous_6)
FNDA:11,(anonymous_7)
FNDA:1,(anonymous_8)
FNDA:0,StringIterator
FNDA:0,(anonymous_10)
FNDA:0,(anonymous_11)
FNDA:1,(anonymous_12)
FNDA:0,ArrayIterator
FNDA:0,(anonymous_14)
FNDA:0,(anonymous_15)
FNDA:15,getIterator
FNDA:0,toLength
FNDA:0,numberIsFinite
FNDA:0,sign
DA:2,1
DA:4,1
DA:5,1
DA:6,1
DA:7,1
DA:9,1
DA:12,1
DA:16,14
DA:19,1
DA:21,19
DA:23,19
DA:24,1
DA:25,1
DA:28,18
DA:30,18
DA:31,3
DA:32,3
DA:35,15
DA:36,10
DA:37,10
DA:38,1
DA:39,1
DA:41,9
DA:42,9
DA:45,5
DA:46,5
DA:49,15
DA:50,1
DA:53,14
DA:56,1
DA:57,18
DA:58,18
DA:59,18
DA:60,18
DA:61,18
DA:62,2
DA:64,16
DA:65,1
DA:67,15
DA:70,1
DA:72,11
DA:73,11
DA:75,11
DA:76,5
DA:80,6
DA:81,24
DA:82,24
DA:83,4
DA:84,4
DA:85,20
DA:86,10
DA:87,10
DA:88,1
DA:89,1
DA:91,9
DA:93,10
DA:95,19
DA:96,1
DA:101,1
DA:103,1
DA:104,1
DA:105,0
DA:106,0
DA:108,1
DA:109,1
DA:110,0
DA:118,1
DA:120,1
DA:121,1
DA:122,0
DA:123,0
DA:125,1
DA:126,1
DA:127,0
DA:135,1
DA:137,1
DA:138,15
DA:139,15
DA:140,0
DA:142,15
DA:143,0
DA:145,15
DA:146,1
DA:148,14
DA:151,1
DA:153,1
DA:154,0
DA:155,0
DA:156,0
DA:158,0
DA:159,0
DA:161,0
DA:162,0
DA:163,0
DA:165,0
DA:166,0
DA:168,0
DA:171,1
DA:172,0
DA:175,1
DA:176,0
DA:177,0
DA:178,0
DA:180,0
DA:181,0
DA:183,0
LF:106
LH:80
BRDA:61,1,0,2
BRDA:61,1,1,16
BRDA:64,2,0,1
BRDA:64,2,1,15
BRDA:64,3,0,16
BRDA:64,3,1,7
BRDA:23,4,0,1
BRDA:23,4,1,18
BRDA:30,5,0,3
BRDA:30,5,1,15
BRDA:35,6,0,10
BRDA:35,6,1,5
BRDA:37,7,0,1
BRDA:37,7,1,9
BRDA:49,8,0,1
BRDA:49,8,1,14
BRDA:75,9,0,5
BRDA:75,9,1,6
BRDA:82,10,0,4
BRDA:82,10,1,20
BRDA:85,11,0,10
BRDA:85,11,1,10
BRDA:87,12,0,1
BRDA:87,12,1,9
BRDA:95,13,0,1
BRDA:95,13,1,18
BRDA:105,14,0,0
BRDA:105,14,1,0
BRDA:106,15,0,0
BRDA:106,15,1,0
BRDA:110,16,0,0
BRDA:110,16,1,0
BRDA:122,17,0,0
BRDA:122,17,1,0
BRDA:123,18,0,0
BRDA:123,18,1,0
BRDA:127,19,0,0
BRDA:127,19,1,0
BRDA:139,20,0,0
BRDA:139,20,1,15
BRDA:139,21,0,15
BRDA:139,21,1,1
BRDA:142,22,0,0
BRDA:142,22,1,15
BRDA:142,23,0,15
BRDA:142,23,1,1
BRDA:145,24,0,1
BRDA:145,24,1,14
BRDA:155,25,0,0
BRDA:155,25,1,0
BRDA:158,26,0,0
BRDA:158,26,1,0
BRDA:158,27,0,0
BRDA:158,27,1,0
BRDA:162,28,0,0
BRDA:162,28,1,0
BRDA:165,29,0,0
BRDA:165,29,1,0
BRDA:172,30,0,0
BRDA:172,30,1,0
BRDA:177,31,0,0
BRDA:177,31,1,0
BRDA:180,32,0,0
BRDA:180,32,1,0
BRDA:183,33,0,0
BRDA:183,33,1,0
BRF:66
BRH:34
end_of_record
TN:
SF:src/operator/observeOn-support.ts
FN:7,(anonymous_3)
FN:8,ObserveOnOperator
FN:11,(anonymous_5)
FN:16,(anonymous_6)
FN:21,ObserveOnSubscriber
FN:17,(anonymous_8)
FN:27,(anonymous_9)
FN:33,(anonymous_10)
FN:37,(anonymous_11)
FN:41,(anonymous_12)
FN:46,(anonymous_13)
FN:47,ObserveOnMessage
FNF:12
FNH:12
FNDA:1,(anonymous_3)
FNDA:5,ObserveOnOperator
FNDA:5,(anonymous_5)
FNDA:1,(anonymous_6)
FNDA:6,ObserveOnSubscriber
FNDA:11,(anonymous_8)
FNDA:11,(anonymous_9)
FNDA:6,(anonymous_10)
FNDA:1,(anonymous_11)
FNDA:4,(anonymous_12)
FNDA:1,(anonymous_13)
FNDA:11,ObserveOnMessage
DA:4,1
DA:5,1
DA:7,1
DA:8,5
DA:11,1
DA:12,5
DA:14,1
DA:16,1
DA:17,1
DA:18,11
DA:21,1
DA:22,6
DA:23,6
DA:24,6
DA:27,1
DA:28,11
DA:33,1
DA:34,6
DA:37,1
DA:38,1
DA:41,1
DA:42,4
DA:44,1
DA:46,1
DA:47,11
DA:48,11
DA:50,1
LF:27
LH:27
BRDA:8,1,0,0
BRDA:8,1,1,5
BRDA:23,2,0,0
BRDA:23,2,1,6
BRF:4
BRH:2
end_of_record
TN:
SF:src/Notification.ts
FN:4,(anonymous_1)
FN:7,Notification
FN:11,(anonymous_3)
FN:22,(anonymous_4)
FN:34,(anonymous_5)
FN:42,(anonymous_6)
FN:57,(anonymous_7)
FN:64,(anonymous_8)
FN:68,(anonymous_9)
FNF:9
FNH:9
FNDA:1,(anonymous_1)
FNDA:15598,Notification
FNDA:8557,(anonymous_3)
FNDA:6,(anonymous_4)
FNDA:6,(anonymous_5)
FNDA:3,(anonymous_6)
FNDA:14209,(anonymous_7)
FNDA:1458,(anonymous_8)
FNDA:3574,(anonymous_9)
DA:2,1
DA:4,1
DA:7,15598
DA:8,15598
DA:11,1
DA:12,8557
DA:14,6392
DA:16,466
DA:18,1699
DA:22,1
DA:23,6
DA:24,6
DA:26,2
DA:28,2
DA:30,2
DA:34,1
DA:35,6
DA:36,3
DA:38,3
DA:42,1
DA:43,3
DA:44,3
DA:46,1
DA:48,1
DA:50,1
DA:54,1
DA:55,1
DA:57,1
DA:58,14209
DA:59,14138
DA:61,71
DA:64,1
DA:65,1458
DA:68,1
DA:69,3574
DA:71,1
LF:36
LH:36
BRDA:13,1,0,6392
BRDA:13,1,1,466
BRDA:13,1,2,1699
BRDA:25,2,0,2
BRDA:25,2,1,2
BRDA:25,2,2,2
BRDA:35,3,0,3
BRDA:35,3,1,3
BRDA:35,4,0,6
BRDA:35,4,1,6
BRDA:45,5,0,1
BRDA:45,5,1,1
BRDA:45,5,2,1
BRDA:58,6,0,14138
BRDA:58,6,1,71
BRF:15
BRH:15
end_of_record
TN:
SF:src/add/observable/fromArray.ts
FNF:0
FNH:0
DA:1,1
DA:2,1
DA:3,1
DA:4,1
LF:4
LH:4
BRF:0
BRH:0
end_of_record
TN:
SF:src/add/observable/fromEvent.ts
FNF:0
FNH:0
DA:1,1
DA:2,1
DA:3,1
LF:3
LH:3
BRF:0
BRH:0
end_of_record
TN:
SF:src/observable/fromEvent.ts
FN:7,(anonymous_3)
FN:13,FromEventObservable
FN:9,(anonymous_5)
FN:17,(anonymous_6)
FN:26,(anonymous_7)
FN:29,(anonymous_8)
FN:32,(anonymous_9)
FN:38,(anonymous_10)
FN:42,(anonymous_11)
FN:49,(anonymous_12)
FNF:10
FNH:10
FNDA:1,(anonymous_3)
FNDA:5,FromEventObservable
FNDA:5,(anonymous_5)
FNDA:5,(anonymous_6)
FNDA:1,(anonymous_7)
FNDA:3,(anonymous_8)
FNDA:1,(anonymous_9)
FNDA:5,(anonymous_10)
FNDA:1,(anonymous_11)
FNDA:1,(anonymous_12)
DA:1,1
DA:2,1
DA:3,1
DA:4,1
DA:7,1
DA:9,1
DA:10,5
DA:13,5
DA:14,5
DA:17,1
DA:18,5
DA:19,5
DA:20,5
DA:21,0
DA:22,0
DA:24,5
DA:25,1
DA:26,1
DA:27,4
DA:28,3
DA:29,3
DA:30,1
DA:31,1
DA:32,1
DA:35,5
DA:38,1
DA:39,5
DA:40,5
DA:41,5
DA:42,5
DA:43,1
DA:44,1
DA:45,0
DA:47,1
DA:49,1
DA:51,5
DA:53,1
LF:37
LH:34
BRDA:20,1,0,0
BRDA:20,1,1,5
BRDA:20,2,0,5
BRDA:20,2,1,5
BRDA:24,3,0,1
BRDA:24,3,1,4
BRDA:24,4,0,5
BRDA:24,4,1,1
BRDA:27,5,0,3
BRDA:27,5,1,1
BRDA:27,6,0,4
BRDA:27,6,1,3
BRDA:30,7,0,1
BRDA:30,7,1,0
BRDA:30,8,0,1
BRDA:30,8,1,1
BRDA:42,9,0,1
BRDA:42,9,1,4
BRDA:44,10,0,0
BRDA:44,10,1,1
BRF:20
BRH:17
end_of_record
TN:
SF:src/add/observable/fromEventPattern.ts
FNF:0
FNH:0
DA:1,1
DA:2,1
DA:3,1
LF:3
LH:3
BRF:0
BRH:0
end_of_record
TN:
SF:src/observable/fromEventPattern.ts
FN:6,(anonymous_3)
FN:14,FromEventPatternObservable
FN:8,(anonymous_5)
FN:20,(anonymous_6)
FN:25,(anonymous_7)
FN:32,(anonymous_8)
FN:38,(anonymous_9)
FNF:7
FNH:6
FNDA:1,(anonymous_3)
FNDA:5,FromEventPatternObservable
FNDA:5,(anonymous_5)
FNDA:5,(anonymous_6)
FNDA:2,(anonymous_7)
FNDA:0,(anonymous_8)
FNDA:3,(anonymous_9)
DA:1,1
DA:2,1
DA:3,1
DA:4,1
DA:6,1
DA:8,1
DA:11,5
DA:14,5
DA:15,5
DA:16,5
DA:17,5
DA:20,1
DA:21,5
DA:22,5
DA:23,5
DA:25,5
DA:26,2
DA:27,2
DA:28,1
DA:30,1
DA:32,0
DA:34,5
DA:35,5
DA:36,1
DA:38,5
DA:40,3
DA:43,1
LF:27
LH:26
BRDA:25,1,0,2
BRDA:25,1,1,3
BRDA:27,2,0,1
BRDA:27,2,1,1
BRDA:35,3,0,1
BRDA:35,3,1,4
BRF:6
BRH:6
end_of_record
TN:
SF:src/add/observable/fromPromise.ts
FNF:0
FNH:0
DA:1,1
DA:2,1
DA:3,1
LF:3
LH:3
BRF:0
BRH:0
end_of_record
TN:
SF:src/add/observable/interval.ts
FNF:0
FNH:0
DA:1,1
DA:2,1
DA:3,1
LF:3
LH:3
BRF:0
BRH:0
end_of_record
TN:
SF:src/observable/interval.ts
FN:7,(anonymous_3)
FN:26,IntervalObservable
FN:8,(anonymous_5)
FN:12,(anonymous_6)
FN:36,(anonymous_7)
FNF:5
FNH:5
FNDA:1,(anonymous_3)
FNDA:6,IntervalObservable
FNDA:6,(anonymous_5)
FNDA:33,(anonymous_6)
FNDA:5,(anonymous_7)
DA:2,1
DA:4,1
DA:5,1
DA:7,1
DA:8,7
DA:9,6
DA:12,1
DA:13,33
DA:15,33
DA:17,33
DA:18,3
DA:21,30
DA:23,30
DA:26,6
DA:27,6
DA:28,6
DA:29,1
DA:31,6
DA:32,1
DA:36,1
DA:37,5
DA:38,5
DA:39,5
DA:41,5
DA:45,1
LF:25
LH:25
BRDA:26,1,0,0
BRDA:26,1,1,6
BRDA:26,2,0,0
BRDA:26,2,1,6
BRDA:28,3,0,1
BRDA:28,3,1,5
BRDA:28,4,0,6
BRDA:28,4,1,6
BRDA:31,5,0,1
BRDA:31,5,1,5
BRDA:31,6,0,6
BRDA:31,6,1,6
BRDA:8,7,0,0
BRDA:8,7,1,6
BRDA:8,8,0,1
BRDA:8,8,1,5
BRDA:17,9,0,3
BRDA:17,9,1,30
BRF:18
BRH:15
end_of_record
TN:
SF:src/util/isNumeric.ts
FN:3,isNumeric
FNF:1
FNH:1
FNDA:64,isNumeric
DA:1,1
DA:3,1
DA:8,64
LF:3
LH:3
BRDA:8,1,0,64
BRDA:8,1,1,64
BRF:2
BRH:2
end_of_record
TN:
SF:src/scheduler/asap.ts
FNF:0
FNH:0
DA:1,1
DA:3,1
LF:2
LH:2
BRF:0
BRH:0
end_of_record
TN:
SF:src/scheduler/AsapScheduler.ts
FN:7,(anonymous_3)
FN:8,(anonymous_5)
FNF:2
FNH:2
FNDA:2,(anonymous_3)
FNDA:2,(anonymous_5)
DA:1,1
DA:4,1
DA:5,1
DA:7,2
DA:8,1
DA:9,2
DA:13,1
LF:7
LH:7
BRDA:10,1,0,0
BRDA:10,1,1,2
BRF:2
BRH:1
end_of_record
TN:
SF:src/scheduler/AsapAction.ts
FN:5,(anonymous_3)
FN:8,(anonymous_5)
FN:21,(anonymous_6)
FN:31,(anonymous_7)
FNF:4
FNH:4
FNDA:3,(anonymous_3)
FNDA:6,(anonymous_5)
FNDA:2,(anonymous_6)
FNDA:2,(anonymous_7)
DA:1,1
DA:2,1
DA:5,3
DA:8,7
DA:9,6
DA:10,0
DA:13,6
DA:15,6
DA:17,6
DA:19,6
DA:20,3
DA:21,3
DA:22,2
DA:23,2
DA:24,2
DA:28,6
DA:31,1
DA:32,2
DA:33,2
DA:35,2
DA:37,2
DA:38,2
DA:39,2
DA:42,2
DA:43,1
DA:44,1
DA:47,1
LF:27
LH:26
BRDA:9,1,0,0
BRDA:9,1,1,6
BRDA:19,2,0,3
BRDA:19,2,1,3
BRDA:37,3,0,2
BRDA:37,3,1,0
BRDA:42,4,0,1
BRDA:42,4,1,1
BRF:8
BRH:6
end_of_record
TN:
SF:src/util/Immediate.ts
FN:7,(anonymous_1)
FN:22,ImmediateDefinition
FN:49,clearImmediate
FN:12,(anonymous_4)
FN:59,(anonymous_5)
FN:63,(anonymous_6)
FN:67,(anonymous_7)
FN:72,(anonymous_8)
FN:79,(anonymous_9)
FN:92,(anonymous_10)
FN:93,result
FN:108,(anonymous_12)
FN:113,(anonymous_13)
FN:114,setImmediate
FN:126,(anonymous_15)
FN:133,globalMessageHandler
FN:145,setImmediate
FN:158,(anonymous_18)
FN:179,(anonymous_19)
FN:181,(anonymous_20)
FN:186,setImmediate
FN:199,(anonymous_22)
FN:200,setImmediate
FN:210,(anonymous_24)
FN:225,(anonymous_25)
FN:226,setImmediate
FNF:26
FNH:26
FNDA:1,(anonymous_1)
FNDA:9,ImmediateDefinition
FNDA:1,clearImmediate
FNDA:1,(anonymous_4)
FNDA:2,(anonymous_5)
FNDA:2,(anonymous_6)
FNDA:3,(anonymous_7)
FNDA:5,(anonymous_8)
FNDA:2,(anonymous_9)
FNDA:2,(anonymous_10)
FNDA:2,result
FNDA:1,(anonymous_12)
FNDA:1,(anonymous_13)
FNDA:1,setImmediate
FNDA:1,(anonymous_15)
FNDA:1,globalMessageHandler
FNDA:1,setImmediate
FNDA:3,(anonymous_18)
FNDA:1,(anonymous_19)
FNDA:1,(anonymous_20)
FNDA:1,setImmediate
FNDA:1,(anonymous_22)
FNDA:1,setImmediate
FNDA:1,(anonymous_24)
FNDA:1,(anonymous_25)
FNDA:1,setImmediate
DA:5,1
DA:7,1
DA:12,1
DA:13,1
DA:22,9
DA:23,9
DA:24,3
DA:25,3
DA:27,6
DA:28,6
DA:29,6
DA:32,6
DA:34,1
DA:35,5
DA:37,1
DA:38,4
DA:40,1
DA:41,3
DA:43,1
DA:46,2
DA:49,6
DA:50,1
DA:53,6
DA:55,6
DA:59,1
DA:60,2
DA:63,1
DA:64,2
DA:67,1
DA:68,3
DA:69,3
DA:72,1
DA:73,5
DA:76,5
DA:77,2
DA:78,2
DA:79,2
DA:80,2
DA:82,2
DA:83,2
DA:84,2
DA:87,3
DA:92,5
DA:93,2
DA:94,2
DA:95,2
DA:96,1
DA:98,1
DA:102,2
DA:103,2
DA:105,2
DA:108,1
DA:109,1
DA:110,1
DA:113,1
DA:114,1
DA:115,1
DA:116,1
DA:117,1
DA:118,1
DA:121,1
DA:123,1
DA:126,1
DA:130,1
DA:132,1
DA:133,1
DA:134,1
DA:135,1
DA:138,1
DA:141,1
DA:143,1
DA:145,1
DA:146,1
DA:147,1
DA:148,1
DA:149,1
DA:152,1
DA:153,1
DA:155,1
DA:158,1
DA:161,3
DA:164,1
DA:166,2
DA:167,2
DA:168,1
DA:169,1
DA:170,1
DA:172,1
DA:173,1
DA:179,2
DA:180,1
DA:181,1
DA:182,1
DA:183,1
DA:186,1
DA:187,1
DA:188,1
DA:189,1
DA:190,1
DA:193,1
DA:194,1
DA:196,1
DA:199,1
DA:200,1
DA:201,1
DA:202,1
DA:203,1
DA:204,1
DA:206,1
DA:209,1
DA:210,1
DA:211,1
DA:212,1
DA:213,1
DA:214,1
DA:216,1
DA:217,1
DA:220,1
DA:222,1
DA:225,1
DA:226,1
DA:227,1
DA:228,1
DA:229,1
DA:230,1
DA:233,1
DA:235,1
DA:237,1
DA:238,1
LF:129
LH:129
BRDA:23,1,0,3
BRDA:23,1,1,6
BRDA:32,2,0,1
BRDA:32,2,1,5
BRDA:35,3,0,1
BRDA:35,3,1,4
BRDA:38,4,0,1
BRDA:38,4,1,3
BRDA:41,5,0,1
BRDA:41,5,1,2
BRDA:69,6,0,3
BRDA:69,6,1,2
BRDA:76,7,0,2
BRDA:76,7,1,3
BRDA:76,8,0,5
BRDA:76,8,1,3
BRDA:95,9,0,1
BRDA:95,9,1,1
BRDA:135,10,0,1
BRDA:135,10,1,0
BRDA:135,11,0,1
BRDA:135,11,1,1
BRDA:135,11,2,1
BRDA:161,12,0,1
BRDA:161,12,1,2
BRDA:167,13,0,1
BRDA:167,13,1,1
BRF:27
BRH:26
end_of_record
TN:
SF:src/add/observable/never.ts
FNF:0
FNH:0
DA:1,1
DA:2,1
DA:3,1
LF:3
LH:3
BRF:0
BRH:0
end_of_record
TN:
SF:src/observable/never.ts
FN:5,(anonymous_3)
FN:10,InfiniteObservable
FN:6,(anonymous_5)
FN:14,(anonymous_6)
FNF:4
FNH:4
FNDA:1,(anonymous_3)
FNDA:29,InfiniteObservable
FNDA:29,(anonymous_5)
FNDA:29,(anonymous_6)
DA:1,1
DA:3,1
DA:5,1
DA:6,1
DA:7,29
DA:10,1
DA:11,29
DA:14,1
DA:15,29
DA:17,1
LF:10
LH:10
BRF:0
BRH:0
end_of_record
TN:
SF:src/add/observable/range.ts
FNF:0
FNH:0
DA:1,1
DA:2,1
DA:3,1
LF:3
LH:3
BRF:0
BRH:0
end_of_record
TN:
SF:src/observable/range.ts
FN:4,(anonymous_3)
FN:35,RangeObservable
FN:6,(anonymous_5)
FN:10,(anonymous_6)
FN:42,(anonymous_7)
FNF:5
FNH:5
FNDA:1,(anonymous_3)
FNDA:15,RangeObservable
FNDA:15,(anonymous_5)
FNDA:7,(anonymous_6)
FNDA:11,(anonymous_7)
DA:2,1
DA:4,1
DA:6,15
DA:7,15
DA:10,1
DA:12,7
DA:14,7
DA:15,2
DA:16,2
DA:19,5
DA:21,5
DA:22,0
DA:25,5
DA:26,5
DA:28,5
DA:35,1
DA:36,15
DA:37,15
DA:38,15
DA:39,15
DA:42,1
DA:44,11
DA:45,11
DA:46,11
DA:47,11
DA:49,11
DA:50,1
DA:54,10
DA:55,20054
DA:56,7
DA:57,7
DA:59,20047
DA:60,20047
DA:61,3
DA:66,1
LF:35
LH:34
BRDA:6,1,0,0
BRDA:6,1,1,15
BRDA:6,2,0,0
BRDA:6,2,1,15
BRDA:14,3,0,2
BRDA:14,3,1,5
BRDA:21,4,0,0
BRDA:21,4,1,5
BRDA:49,5,0,1
BRDA:49,5,1,10
BRDA:55,6,0,7
BRDA:55,6,1,20047
BRDA:60,7,0,3
BRDA:60,7,1,20044
BRF:14
BRH:11
end_of_record
TN:
SF:src/add/observable/throw.ts
FNF:0
FNH:0
DA:1,1
DA:2,1
DA:3,1
LF:3
LH:3
BRF:0
BRH:0
end_of_record
TN:
SF:src/add/observable/timer.ts
FNF:0
FNH:0
DA:1,1
DA:2,1
DA:3,1
LF:3
LH:3
BRF:0
BRH:0
end_of_record
TN:
SF:src/observable/timer.ts
FN:8,(anonymous_3)
FN:41,TimerObservable
FN:10,(anonymous_5)
FN:14,(anonymous_6)
FN:60,(anonymous_7)
FNF:5
FNH:5
FNDA:1,(anonymous_3)
FNDA:47,TimerObservable
FNDA:47,(anonymous_5)
FNDA:66,(anonymous_6)
FNDA:47,(anonymous_7)
DA:1,1
DA:3,1
DA:4,1
DA:5,1
DA:6,1
DA:8,1
DA:10,47
DA:11,47
DA:14,1
DA:16,66
DA:17,66
DA:19,66
DA:21,66
DA:22,38
DA:23,38
DA:24,28
DA:25,5
DA:28,23
DA:29,1
DA:33,22
DA:34,22
DA:39,47
DA:41,47
DA:42,47
DA:43,47
DA:44,47
DA:46,47
DA:47,6
DA:48,41
DA:49,26
DA:51,47
DA:52,15
DA:54,47
DA:56,47
DA:57,47
DA:60,1
DA:62,47
DA:63,47
DA:64,47
DA:65,47
DA:67,47
DA:69,1
LF:42
LH:42
BRDA:41,1,0,0
BRDA:41,1,1,47
BRDA:46,2,0,6
BRDA:46,2,1,41
BRDA:47,3,0,6
BRDA:47,3,1,0
BRDA:47,3,2,6
BRDA:48,4,0,26
BRDA:48,4,1,15
BRDA:51,5,0,15
BRDA:51,5,1,32
BRDA:57,6,0,2
BRDA:57,6,1,45
BRDA:10,7,0,0
BRDA:10,7,1,47
BRDA:21,8,0,38
BRDA:21,8,1,28
BRDA:24,9,0,5
BRDA:24,9,1,23
BRDA:28,10,0,1
BRDA:28,10,1,22
BRF:21
BRH:18
end_of_record
TN:
SF:src/util/isDate.ts
FN:1,isDate
FNF:1
FNH:1
FNDA:111,isDate
DA:1,1
DA:2,111
LF:2
LH:2
BRDA:2,1,0,111
BRDA:2,1,1,15
BRF:2
BRH:2
end_of_record
TN:
SF:src/add/operator/zip-static.ts
FNF:0
FNH:0
DA:1,1
DA:2,1
DA:3,1
LF:3
LH:3
BRF:0
BRH:0
end_of_record
TN:
SF:src/operator/zip-static.ts
FN:5,zip
FNF:1
FNH:1
FNDA:88,zip
DA:2,1
DA:3,1
DA:5,292
DA:6,88
DA:7,88
DA:8,18
DA:10,88
LF:7
LH:7
BRDA:7,1,0,18
BRDA:7,1,1,70
BRF:2
BRH:2
end_of_record
TN:
SF:src/operator/zip-support.ts
FN:13,(anonymous_3)
FN:17,ZipOperator
FN:21,(anonymous_5)
FN:26,(anonymous_6)
FN:33,ZipSubscriber
FN:41,(anonymous_8)
FN:53,(anonymous_9)
FN:67,(anonymous_10)
FN:74,(anonymous_11)
FN:130,(anonymous_12)
FN:133,StaticIterator
FN:137,(anonymous_14)
FN:141,(anonymous_15)
FN:147,(anonymous_16)
FN:153,(anonymous_17)
FN:157,StaticArrayIterator
FN:161,(anonymous_19)
FN:165,(anonymous_20)
FN:171,(anonymous_21)
FN:175,(anonymous_22)
FN:180,(anonymous_23)
FN:185,ZipBufferIterator
FN:192,(anonymous_25)
FN:198,(anonymous_26)
FN:207,(anonymous_27)
FN:211,(anonymous_28)
FN:215,(anonymous_29)
FN:224,(anonymous_30)
FN:229,(anonymous_31)
FNF:29
FNH:27
FNDA:1,(anonymous_3)
FNDA:135,ZipOperator
FNDA:135,(anonymous_5)
FNDA:1,(anonymous_6)
FNDA:135,ZipSubscriber
FNDA:286,(anonymous_8)
FNDA:135,(anonymous_9)
FNDA:29,(anonymous_10)
FNDA:428,(anonymous_11)
FNDA:1,(anonymous_12)
FNDA:6,StaticIterator
FNDA:21,(anonymous_14)
FNDA:21,(anonymous_15)
FNDA:21,(anonymous_16)
FNDA:1,(anonymous_17)
FNDA:30,StaticArrayIterator
FNDA:0,(anonymous_19)
FNDA:18,(anonymous_20)
FNDA:21,(anonymous_21)
FNDA:18,(anonymous_22)
FNDA:1,(anonymous_23)
FNDA:250,ZipBufferIterator
FNDA:0,(anonymous_25)
FNDA:371,(anonymous_26)
FNDA:799,(anonymous_27)
FNDA:371,(anonymous_28)
FNDA:91,(anonymous_29)
FNDA:428,(anonymous_30)
FNDA:250,(anonymous_31)
DA:4,1
DA:5,1
DA:6,1
DA:7,1
DA:8,1
DA:9,1
DA:11,1
DA:13,1
DA:17,1
DA:18,135
DA:21,1
DA:22,135
DA:24,1
DA:26,1
DA:27,135
DA:30,135
DA:31,135
DA:33,1
DA:35,270
DA:36,135
DA:37,135
DA:38,135
DA:41,1
DA:42,286
DA:43,286
DA:44,286
DA:45,30
DA:46,256
DA:47,6
DA:49,250
DA:53,1
DA:54,135
DA:55,135
DA:56,135
DA:57,135
DA:58,286
DA:59,286
DA:60,250
DA:62,36
DA:67,1
DA:68,29
DA:69,29
DA:70,5
DA:74,1
DA:75,428
DA:76,428
DA:77,428
DA:80,428
DA:81,841
DA:82,841
DA:83,242
DA:87,186
DA:88,186
DA:89,186
DA:90,410
DA:91,410
DA:95,410
DA:96,20
DA:99,410
DA:100,0
DA:101,0
DA:104,410
DA:107,186
DA:108,186
DA:109,89
DA:110,89
DA:111,6
DA:113,83
DA:116,97
DA:119,186
DA:120,17
DA:123,1
DA:130,1
DA:133,6
DA:134,6
DA:137,1
DA:138,21
DA:141,1
DA:142,21
DA:143,21
DA:144,21
DA:147,1
DA:148,21
DA:149,21
DA:151,1
DA:153,1
DA:154,30
DA:155,30
DA:157,30
DA:158,30
DA:161,1
DA:162,0
DA:165,1
DA:166,18
DA:167,18
DA:168,18
DA:171,1
DA:172,21
DA:175,1
DA:176,18
DA:178,1
DA:180,1
DA:181,250
DA:182,250
DA:183,250
DA:185,1
DA:186,250
DA:187,250
DA:188,250
DA:189,250
DA:192,1
DA:193,0
DA:198,1
DA:199,371
DA:200,371
DA:201,0
DA:203,371
DA:207,1
DA:208,799
DA:211,1
DA:212,371
DA:215,1
DA:216,91
DA:217,29
DA:218,29
DA:220,62
DA:224,1
DA:225,428
DA:226,428
DA:229,1
DA:230,250
DA:232,1
LF:132
LH:127
BRDA:35,1,0,135
BRDA:35,1,1,0
BRDA:37,2,0,28
BRDA:37,2,1,107
BRDA:44,3,0,30
BRDA:44,3,1,256
BRDA:46,4,0,6
BRDA:46,4,1,250
BRDA:59,5,0,250
BRDA:59,5,1,36
BRDA:69,6,0,5
BRDA:69,6,1,24
BRDA:82,7,0,242
BRDA:82,7,1,599
BRDA:82,8,0,841
BRDA:82,8,1,841
BRDA:95,9,0,20
BRDA:95,9,1,390
BRDA:99,10,0,0
BRDA:99,10,1,410
BRDA:108,11,0,89
BRDA:108,11,1,97
BRDA:110,12,0,6
BRDA:110,12,1,83
BRDA:119,13,0,17
BRDA:119,13,1,169
BRDA:149,14,0,21
BRDA:149,14,1,21
BRDA:168,15,0,18
BRDA:168,15,1,0
BRDA:200,16,0,0
BRDA:200,16,1,371
BRDA:200,17,0,371
BRDA:200,17,1,0
BRDA:212,18,0,371
BRDA:212,18,1,314
BRDA:216,19,0,29
BRDA:216,19,1,62
BRF:38
BRH:33
end_of_record
TN:
SF:src/add/operator/buffer.ts
FNF:0
FNH:0
DA:1,1
DA:2,1
DA:3,1
LF:3
LH:3
BRF:0
BRH:0
end_of_record
TN:
SF:src/operator/buffer.ts
FN:13,buffer
FN:17,(anonymous_4)
FN:19,BufferOperator
FN:22,(anonymous_6)
FN:27,(anonymous_7)
FN:31,BufferSubscriber
FN:37,(anonymous_9)
FN:41,(anonymous_10)
FN:45,(anonymous_11)
FN:49,(anonymous_12)
FN:60,(anonymous_13)
FN:61,BufferClosingNotifierSubscriber
FN:65,(anonymous_15)
FN:69,(anonymous_16)
FN:73,(anonymous_17)
FNF:15
FNH:15
FNDA:19,buffer
FNDA:1,(anonymous_4)
FNDA:19,BufferOperator
FNDA:19,(anonymous_6)
FNDA:1,(anonymous_7)
FNDA:19,BufferSubscriber
FNDA:41,(anonymous_9)
FNDA:7,(anonymous_10)
FNDA:8,(anonymous_11)
FNDA:24,(anonymous_12)
FNDA:1,(anonymous_13)
FNDA:19,BufferClosingNotifierSubscriber
FNDA:24,(anonymous_15)
FNDA:3,(anonymous_16)
FNDA:4,(anonymous_17)
DA:2,1
DA:13,1
DA:14,19
DA:17,1
DA:19,19
DA:22,1
DA:23,19
DA:25,1
DA:27,1
DA:28,19
DA:29,19
DA:31,1
DA:32,19
DA:33,19
DA:34,19
DA:37,1
DA:38,41
DA:41,1
DA:42,7
DA:45,1
DA:46,8
DA:49,1
DA:50,24
DA:51,24
DA:52,24
DA:54,24
DA:55,1
DA:58,1
DA:60,1
DA:61,19
DA:62,19
DA:65,1
DA:66,24
DA:69,1
DA:70,3
DA:73,1
DA:74,4
DA:76,1
LF:38
LH:38
BRDA:54,1,0,1
BRDA:54,1,1,23
BRF:2
BRH:2
end_of_record
TN:
SF:src/add/operator/bufferCount.ts
FNF:0
FNH:0
DA:1,1
DA:2,1
DA:3,1
LF:3
LH:3
BRF:0
BRH:0
end_of_record
TN:
SF:src/operator/bufferCount.ts
FN:14,bufferCount
FN:18,(anonymous_4)
FN:19,BufferCountOperator
FN:22,(anonymous_6)
FN:27,(anonymous_7)
FN:31,BufferCountSubscriber
FN:35,(anonymous_9)
FN:62,(anonymous_10)
FN:66,(anonymous_11)
FNF:9
FNH:9
FNDA:8,bufferCount
FNDA:1,(anonymous_4)
FNDA:8,BufferCountOperator
FNDA:8,(anonymous_6)
FNDA:1,(anonymous_7)
FNDA:8,BufferCountSubscriber
FNDA:43,(anonymous_9)
FNDA:1,(anonymous_10)
FNDA:6,(anonymous_11)
DA:2,1
DA:14,12
DA:15,8
DA:18,1
DA:19,8
DA:22,1
DA:23,8
DA:25,1
DA:27,1
DA:28,8
DA:29,8
DA:31,8
DA:32,8
DA:35,1
DA:36,43
DA:37,43
DA:38,43
DA:39,43
DA:40,43
DA:41,43
DA:42,43
DA:44,43
DA:45,17
DA:48,43
DA:49,55
DA:50,55
DA:51,55
DA:52,15
DA:53,15
DA:57,43
DA:58,15
DA:62,1
DA:63,1
DA:66,1
DA:67,6
DA:68,6
DA:69,6
DA:70,7
DA:71,7
DA:72,5
DA:75,6
DA:77,1
LF:42
LH:42
BRDA:14,1,0,4
BRDA:14,1,1,4
BRDA:39,2,0,18
BRDA:39,2,1,25
BRDA:44,3,0,17
BRDA:44,3,1,26
BRDA:51,4,0,15
BRDA:51,4,1,40
BRDA:57,5,0,15
BRDA:57,5,1,28
BRDA:71,6,0,5
BRDA:71,6,1,2
BRF:12
BRH:12
end_of_record
TN:
SF:src/add/operator/bufferTime.ts
FNF:0
FNH:0
DA:1,1
DA:2,1
DA:3,1
LF:3
LH:3
BRF:0
BRH:0
end_of_record
TN:
SF:src/operator/bufferTime.ts
FN:16,bufferTime
FN:22,(anonymous_4)
FN:23,BufferTimeOperator
FN:28,(anonymous_6)
FN:35,(anonymous_7)
FN:38,BufferTimeSubscriber
FN:55,(anonymous_9)
FN:63,(anonymous_10)
FN:68,(anonymous_11)
FN:76,(anonymous_12)
FN:82,(anonymous_13)
FN:89,dispatchBufferTimeSpanOnly
FN:103,dispatchBufferCreation
FN:113,dispatchBufferClose
FNF:14
FNH:14
FNDA:11,bufferTime
FNDA:1,(anonymous_4)
FNDA:11,BufferTimeOperator
FNDA:11,(anonymous_6)
FNDA:1,(anonymous_7)
FNDA:11,BufferTimeSubscriber
FNDA:56,(anonymous_9)
FNDA:4,(anonymous_10)
FNDA:5,(anonymous_11)
FNDA:37,(anonymous_12)
FNDA:25,(anonymous_13)
FNDA:10,dispatchBufferTimeSpanOnly
FNDA:16,dispatchBufferCreation
FNDA:15,dispatchBufferClose
DA:2,1
DA:6,1
DA:16,1
DA:17,11
DA:18,11
DA:19,11
DA:22,1
DA:23,11
DA:24,11
DA:25,11
DA:28,1
DA:29,11
DA:33,1
DA:35,1
DA:36,11
DA:38,1
DA:39,11
DA:40,11
DA:41,11
DA:42,11
DA:43,11
DA:44,11
DA:45,5
DA:46,5
DA:47,5
DA:48,5
DA:50,6
DA:51,6
DA:55,1
DA:56,56
DA:57,56
DA:58,56
DA:59,68
DA:63,1
DA:64,4
DA:65,4
DA:68,1
DA:69,5
DA:70,5
DA:71,5
DA:73,5
DA:76,1
DA:77,37
DA:78,37
DA:79,37
DA:82,1
DA:83,25
DA:84,25
DA:85,25
DA:87,1
DA:89,1
DA:90,10
DA:92,10
DA:93,10
DA:94,10
DA:97,10
DA:98,10
DA:99,10
DA:103,1
DA:104,16
DA:105,16
DA:106,16
DA:107,16
DA:108,16
DA:109,16
DA:113,1
DA:114,15
LF:67
LH:67
BRDA:17,1,0,0
BRDA:17,1,1,11
BRDA:18,2,0,0
BRDA:18,2,1,11
BRDA:44,3,0,5
BRDA:44,3,1,6
BRDA:44,4,0,11
BRDA:44,4,1,5
BRDA:93,5,0,10
BRDA:93,5,1,0
BRDA:98,6,0,10
BRDA:98,6,1,0
BRDA:107,7,0,16
BRDA:107,7,1,0
BRF:14
BRH:9
end_of_record
TN:
SF:src/add/operator/bufferToggle.ts
FNF:0
FNH:0
DA:1,1
DA:2,1
DA:3,1
LF:3
LH:3
BRF:0
BRH:0
end_of_record
TN:
SF:src/operator/bufferToggle.ts
FN:16,bufferToggle
FN:21,(anonymous_4)
FN:23,BufferToggleOperator
FN:27,(anonymous_6)
FN:37,(anonymous_7)
FN:40,BufferToggleSubscriber
FN:47,(anonymous_9)
FN:55,(anonymous_10)
FN:67,(anonymous_11)
FN:80,(anonymous_12)
FN:100,(anonymous_13)
FN:113,(anonymous_14)
FN:114,BufferToggleOpeningsSubscriber
FN:118,(anonymous_16)
FN:122,(anonymous_17)
FN:126,(anonymous_18)
FN:131,(anonymous_19)
FN:132,BufferToggleClosingsSubscriber
FN:137,(anonymous_21)
FN:141,(anonymous_22)
FN:145,(anonymous_23)
FNF:21
FNH:21
FNDA:16,bufferToggle
FNDA:1,(anonymous_4)
FNDA:16,BufferToggleOperator
FNDA:16,(anonymous_6)
FNDA:1,(anonymous_7)
FNDA:16,BufferToggleSubscriber
FNDA:67,(anonymous_9)
FNDA:6,(anonymous_10)
FNDA:8,(anonymous_11)
FNDA:30,(anonymous_12)
FNDA:17,(anonymous_13)
FNDA:1,(anonymous_14)
FNDA:16,BufferToggleOpeningsSubscriber
FNDA:30,(anonymous_16)
FNDA:1,(anonymous_17)
FNDA:5,(anonymous_18)
FNDA:1,(anonymous_19)
FNDA:29,BufferToggleClosingsSubscriber
FNDA:15,(anonymous_21)
FNDA:2,(anonymous_22)
FNDA:2,(anonymous_23)
DA:2,1
DA:4,1
DA:5,1
DA:6,1
DA:16,1
DA:18,16
DA:21,1
DA:23,16
DA:24,16
DA:27,1
DA:28,16
DA:30,1
DA:37,1
DA:38,16
DA:40,1
DA:41,16
DA:42,16
DA:43,16
DA:44,16
DA:47,1
DA:48,67
DA:49,67
DA:50,67
DA:51,59
DA:55,1
DA:56,6
DA:57,6
DA:58,5
DA:59,5
DA:60,5
DA:61,5
DA:63,6
DA:64,6
DA:67,1
DA:68,8
DA:69,8
DA:70,6
DA:71,6
DA:72,6
DA:73,6
DA:74,6
DA:76,8
DA:77,8
DA:80,1
DA:81,30
DA:82,30
DA:84,30
DA:85,30
DA:86,1
DA:88,29
DA:92,29
DA:93,29
DA:94,29
DA:95,29
DA:96,29
DA:100,1
DA:101,17
DA:102,17
DA:103,0
DA:105,17
DA:106,17
DA:107,17
DA:108,17
DA:109,17
DA:111,1
DA:113,1
DA:114,16
DA:115,16
DA:118,1
DA:119,30
DA:122,1
DA:123,1
DA:126,1
DA:129,1
DA:131,1
DA:132,29
DA:133,29
DA:134,29
DA:137,1
DA:138,15
DA:141,1
DA:142,2
DA:145,1
DA:146,2
DA:148,1
LF:85
LH:84
BRDA:85,1,0,1
BRDA:85,1,1,29
BRDA:102,2,0,0
BRDA:102,2,1,17
BRF:4
BRH:3
end_of_record
TN:
SF:src/add/operator/bufferWhen.ts
FNF:0
FNH:0
DA:1,1
DA:2,1
DA:3,1
LF:3
LH:3
BRF:0
BRH:0
end_of_record
TN:
SF:src/operator/bufferWhen.ts
FN:14,bufferWhen
FN:18,(anonymous_4)
FN:20,BufferWhenOperator
FN:23,(anonymous_6)
FN:28,(anonymous_7)
FN:32,BufferWhenSubscriber
FN:37,(anonymous_9)
FN:41,(anonymous_10)
FN:46,(anonymous_11)
FN:53,(anonymous_12)
FN:77,(anonymous_13)
FN:78,BufferClosingNotifierSubscriber
FN:82,(anonymous_15)
FN:86,(anonymous_16)
FN:90,(anonymous_17)
FNF:15
FNH:15
FNDA:16,bufferWhen
FNDA:1,(anonymous_4)
FNDA:16,BufferWhenOperator
FNDA:16,(anonymous_6)
FNDA:1,(anonymous_7)
FNDA:16,BufferWhenSubscriber
FNDA:58,(anonymous_9)
FNDA:5,(anonymous_10)
FNDA:6,(anonymous_11)
FNDA:3815,(anonymous_12)
FNDA:1,(anonymous_13)
FNDA:3814,BufferClosingNotifierSubscriber
FNDA:17,(anonymous_15)
FNDA:3,(anonymous_16)
FNDA:3782,(anonymous_17)
DA:2,1
DA:5,1
DA:6,1
DA:14,1
DA:15,16
DA:18,1
DA:20,16
DA:23,1
DA:24,16
DA:26,1
DA:28,1
DA:32,16
DA:33,16
DA:34,16
DA:37,1
DA:38,58
DA:41,1
DA:42,5
DA:43,5
DA:46,1
DA:47,6
DA:48,6
DA:49,6
DA:50,6
DA:53,1
DA:54,3815
DA:55,3815
DA:56,19
DA:57,19
DA:60,3815
DA:61,3815
DA:62,3799
DA:64,3815
DA:66,3815
DA:67,3815
DA:68,1
DA:69,1
DA:70,1
DA:72,3814
DA:75,1
DA:77,1
DA:78,3813
DA:79,3814
DA:82,1
DA:83,17
DA:86,1
DA:87,3
DA:90,1
DA:91,3782
DA:93,1
LF:50
LH:50
BRDA:55,1,0,19
BRDA:55,1,1,3796
BRDA:61,2,0,3799
BRDA:61,2,1,16
BRDA:67,3,0,1
BRDA:67,3,1,3814
BRF:6
BRH:6
end_of_record
TN:
SF:src/add/operator/catch.ts
FNF:0
FNH:0
DA:1,1
DA:2,1
DA:3,1
LF:3
LH:3
BRF:0
BRH:0
end_of_record
TN:
SF:src/operator/catch.ts
FN:16,_catch
FN:23,(anonymous_4)
FN:26,CatchOperator
FN:29,(anonymous_6)
FN:34,(anonymous_7)
FN:37,CatchSubscriber
FN:45,(anonymous_9)
FN:49,(anonymous_10)
FN:59,(anonymous_11)
FN:64,(anonymous_12)
FNF:10
FNH:10
FNDA:13,_catch
FNDA:1,(anonymous_4)
FNDA:13,CatchOperator
FNDA:16,(anonymous_6)
FNDA:1,(anonymous_7)
FNDA:16,CatchSubscriber
FNDA:30,(anonymous_9)
FNDA:12,(anonymous_10)
FNDA:2,(anonymous_11)
FNDA:16,(anonymous_12)
DA:2,1
DA:5,1
DA:6,1
DA:16,1
DA:17,13
DA:18,13
DA:19,13
DA:20,13
DA:23,1
DA:26,13
DA:29,1
DA:30,16
DA:32,1
DA:34,1
DA:37,16
DA:38,16
DA:39,16
DA:40,16
DA:41,16
DA:42,16
DA:45,1
DA:46,30
DA:49,1
DA:50,12
DA:51,12
DA:52,1
DA:54,11
DA:55,11
DA:59,1
DA:60,2
DA:61,2
DA:64,1
DA:65,16
DA:67,1
LF:34
LH:34
BRDA:51,1,0,1
BRDA:51,1,1,11
BRF:2
BRH:2
end_of_record
TN:
SF:src/add/operator/combineAll.ts
FNF:0
FNH:0
DA:1,1
DA:2,1
DA:3,1
LF:3
LH:3
BRF:0
BRH:0
end_of_record
TN:
SF:src/operator/combineAll.ts
FN:15,combineAll
FNF:1
FNH:1
FNDA:30,combineAll
DA:1,1
DA:15,1
DA:16,30
LF:3
LH:3
BRF:0
BRH:0
end_of_record
TN:
SF:src/add/operator/combineLatest.ts
FNF:0
FNH:0
DA:1,1
DA:2,1
DA:3,1
LF:3
LH:3
BRF:0
BRH:0
end_of_record
TN:
SF:src/operator/combineLatest.ts
FN:16,combineLatest
FNF:1
FNH:1
FNDA:28,combineLatest
DA:2,1
DA:3,1
DA:4,1
DA:16,84
DA:19,28
DA:20,28
DA:21,28
DA:26,28
DA:27,1
DA:30,28
DA:32,28
LF:11
LH:11
BRDA:20,1,0,28
BRDA:20,1,1,0
BRDA:26,2,0,1
BRDA:26,2,1,27
BRDA:26,3,0,28
BRDA:26,3,1,28
BRF:6
BRH:5
end_of_record
TN:
SF:src/add/operator/concat.ts
FNF:0
FNH:0
DA:1,1
DA:2,1
DA:3,1
LF:3
LH:3
BRF:0
BRH:0
end_of_record
TN:
SF:src/operator/concat.ts
FN:15,concat
FNF:1
FNH:1
FNDA:22,concat
DA:3,1
DA:4,1
DA:5,1
DA:15,46
DA:16,22
DA:17,22
DA:19,22
DA:20,22
DA:21,3
DA:24,22
LF:10
LH:10
BRDA:20,1,0,3
BRDA:20,1,1,19
BRF:2
BRH:2
end_of_record
TN:
SF:src/add/operator/concatAll.ts
FNF:0
FNH:0
DA:1,1
DA:2,1
DA:3,1
LF:3
LH:3
BRF:0
BRH:0
end_of_record
TN:
SF:src/operator/concatAll.ts
FN:15,concatAll
FNF:1
FNH:1
FNDA:31,concatAll
DA:2,1
DA:15,1
DA:16,31
LF:3
LH:3
BRF:0
BRH:0
end_of_record
TN:
SF:src/add/operator/concatMap.ts
FNF:0
FNH:0
DA:1,1
DA:2,1
DA:3,1
LF:3
LH:3
BRF:0
BRH:0
end_of_record
TN:
SF:src/operator/concatMap.ts
FN:23,concatMap
FNF:1
FNH:1
FNDA:36,concatMap
DA:2,1
DA:23,1
DA:25,36
LF:3
LH:3
BRF:0
BRH:0
end_of_record
TN:
SF:src/operator/mergeMap-support.ts
FN:10,(anonymous_3)
FN:11,MergeMapOperator
FN:16,(anonymous_5)
FN:23,(anonymous_6)
FN:29,MergeMapSubscriber
FN:36,(anonymous_8)
FN:52,(anonymous_9)
FN:56,(anonymous_10)
FN:63,(anonymous_11)
FN:77,(anonymous_12)
FNF:10
FNH:10
FNDA:1,(anonymous_3)
FNDA:112,MergeMapOperator
FNDA:121,(anonymous_5)
FNDA:1,(anonymous_6)
FNDA:121,MergeMapSubscriber
FNDA:400,(anonymous_8)
FNDA:331,(anonymous_9)
FNDA:40,(anonymous_10)
FNDA:632,(anonymous_11)
FNDA:282,(anonymous_12)
DA:5,1
DA:6,1
DA:7,1
DA:8,1
DA:10,1
DA:11,112
DA:12,112
DA:13,112
DA:16,1
DA:17,121
DA:21,1
DA:23,1
DA:24,121
DA:25,121
DA:26,121
DA:27,121
DA:29,1
DA:30,121
DA:31,121
DA:32,121
DA:33,121
DA:36,1
DA:37,400
DA:38,337
DA:39,337
DA:40,337
DA:41,337
DA:42,6
DA:44,331
DA:45,331
DA:48,63
DA:52,1
DA:53,331
DA:56,1
DA:57,40
DA:58,40
DA:59,17
DA:63,1
DA:64,632
DA:65,632
DA:66,94
DA:67,94
DA:68,6
DA:70,88
DA:73,538
DA:77,1
DA:78,282
DA:79,282
DA:80,282
DA:81,282
DA:82,36
DA:83,246
DA:84,12
DA:87,1
LF:54
LH:54
BRDA:13,1,0,0
BRDA:13,1,1,112
BRDA:32,2,0,0
BRDA:32,2,1,121
BRDA:37,3,0,337
BRDA:37,3,1,63
BRDA:41,4,0,6
BRDA:41,4,1,331
BRDA:58,5,0,17
BRDA:58,5,1,23
BRDA:58,6,0,40
BRDA:58,6,1,17
BRDA:65,7,0,94
BRDA:65,7,1,538
BRDA:67,8,0,6
BRDA:67,8,1,88
BRDA:81,9,0,36
BRDA:81,9,1,246
BRDA:83,10,0,12
BRDA:83,10,1,234
BRDA:83,11,0,246
BRDA:83,11,1,204
BRF:22
BRH:20
end_of_record
TN:
SF:src/add/operator/concatMapTo.ts
FNF:0
FNH:0
DA:1,1
DA:2,1
DA:3,1
LF:3
LH:3
BRF:0
BRH:0
end_of_record
TN:
SF:src/operator/concatMapTo.ts
FN:17,concatMapTo
FNF:1
FNH:1
FNDA:24,concatMapTo
DA:2,1
DA:17,1
DA:22,24
LF:3
LH:3
BRF:0
BRH:0
end_of_record
TN:
SF:src/operator/mergeMapTo-support.ts
FN:11,(anonymous_3)
FN:12,MergeMapToOperator
FN:17,(anonymous_5)
FN:22,(anonymous_6)
FN:28,MergeMapToSubscriber
FN:35,(anonymous_8)
FN:49,(anonymous_9)
FN:57,(anonymous_10)
FN:64,(anonymous_11)
FN:78,(anonymous_12)
FN:82,(anonymous_13)
FNF:11
FNH:11
FNDA:1,(anonymous_3)
FNDA:167,MergeMapToOperator
FNDA:167,(anonymous_5)
FNDA:1,(anonymous_6)
FNDA:167,MergeMapToSubscriber
FNDA:290,(anonymous_8)
FNDA:257,(anonymous_9)
FNDA:145,(anonymous_10)
FNDA:679,(anonymous_11)
FNDA:39,(anonymous_12)
FNDA:159,(anonymous_13)
DA:5,1
DA:6,1
DA:7,1
DA:8,1
DA:11,1
DA:12,167
DA:13,167
DA:14,167
DA:17,1
DA:18,167
DA:20,1
DA:22,1
DA:23,167
DA:24,167
DA:25,167
DA:26,167
DA:28,1
DA:29,167
DA:30,167
DA:31,167
DA:32,167
DA:35,1
DA:36,290
DA:37,257
DA:38,257
DA:39,257
DA:40,257
DA:42,257
DA:43,257
DA:45,33
DA:49,1
DA:54,257
DA:57,1
DA:58,145
DA:59,145
DA:60,13
DA:64,1
DA:65,679
DA:66,679
DA:67,112
DA:68,112
DA:69,8
DA:71,104
DA:74,567
DA:78,1
DA:79,39
DA:82,1
DA:83,159
DA:84,159
DA:85,159
DA:86,159
DA:87,16
DA:88,143
DA:89,58
DA:92,1
LF:55
LH:55
BRDA:14,1,0,0
BRDA:14,1,1,167
BRDA:31,2,0,0
BRDA:31,2,1,167
BRDA:36,3,0,257
BRDA:36,3,1,33
BRDA:59,4,0,13
BRDA:59,4,1,132
BRDA:59,5,0,145
BRDA:59,5,1,13
BRDA:66,6,0,112
BRDA:66,6,1,567
BRDA:68,7,0,8
BRDA:68,7,1,104
BRDA:86,8,0,16
BRDA:86,8,1,143
BRDA:88,9,0,58
BRDA:88,9,1,85
BRDA:88,10,0,143
BRDA:88,10,1,121
BRF:20
BRH:18
end_of_record
TN:
SF:src/add/operator/count.ts
FNF:0
FNH:0
DA:1,1
DA:2,1
DA:3,1
LF:3
LH:3
BRF:0
BRH:0
end_of_record
TN:
SF:src/operator/count.ts
FN:23,count
FN:29,(anonymous_4)
FN:30,CountOperator
FN:34,(anonymous_6)
FN:39,(anonymous_7)
FN:43,CountSubscriber
FN:49,(anonymous_9)
FN:64,(anonymous_10)
FNF:8
FNH:8
FNDA:22,count
FNDA:1,(anonymous_4)
FNDA:22,CountOperator
FNDA:22,(anonymous_6)
FNDA:1,(anonymous_7)
FNDA:22,CountSubscriber
FNDA:40,(anonymous_9)
FNDA:14,(anonymous_10)
DA:4,1
DA:6,1
DA:7,1
DA:23,1
DA:26,22
DA:29,1
DA:30,22
DA:31,22
DA:34,1
DA:35,22
DA:37,1
DA:39,1
DA:40,22
DA:41,22
DA:43,1
DA:44,22
DA:45,22
DA:46,22
DA:49,1
DA:50,40
DA:51,40
DA:52,40
DA:53,10
DA:54,10
DA:55,1
DA:56,1
DA:59,39
DA:60,35
DA:64,1
DA:65,14
DA:66,14
DA:68,1
LF:32
LH:32
BRDA:52,1,0,10
BRDA:52,1,1,30
BRDA:54,2,0,1
BRDA:54,2,1,9
BRDA:59,3,0,35
BRDA:59,3,1,4
BRF:6
BRH:6
end_of_record
TN:
SF:src/add/operator/dematerialize.ts
FNF:0
FNH:0
DA:1,1
DA:2,1
DA:3,1
LF:3
LH:3
BRF:0
BRH:0
end_of_record
TN:
SF:src/operator/dematerialize.ts
FN:6,dematerialize
FN:10,(anonymous_4)
FN:11,(anonymous_6)
FN:16,(anonymous_7)
FN:17,DeMaterializeSubscriber
FN:21,(anonymous_9)
FNF:6
FNH:6
FNDA:9,dematerialize
FNDA:10,(anonymous_4)
FNDA:9,(anonymous_6)
FNDA:1,(anonymous_7)
FNDA:9,DeMaterializeSubscriber
FNDA:11,(anonymous_9)
DA:3,1
DA:6,1
DA:7,9
DA:10,2
DA:11,1
DA:12,9
DA:14,1
DA:16,1
DA:17,1
DA:18,9
DA:21,1
DA:22,11
DA:24,1
LF:13
LH:13
BRF:0
BRH:0
end_of_record
TN:
SF:src/add/operator/debounce.ts
FNF:0
FNH:0
DA:1,1
DA:2,1
DA:3,1
LF:3
LH:3
BRF:0
BRH:0
end_of_record
TN:
SF:src/operator/debounce.ts
FN:11,debounce
FN:15,(anonymous_4)
FN:16,DebounceOperator
FN:19,(anonymous_6)
FN:24,(anonymous_7)
FN:32,DebounceSubscriber
FN:28,(anonymous_9)
FN:37,(anonymous_10)
FN:55,(anonymous_11)
FN:60,(anonymous_12)
FN:68,(anonymous_13)
FN:79,(anonymous_14)
FN:80,DurationSelectorSubscriber
FN:85,(anonymous_16)
FN:96,(anonymous_17)
FN:100,(anonymous_18)
FN:104,(anonymous_19)
FNF:17
FNH:17
FNDA:24,debounce
FNDA:1,(anonymous_4)
FNDA:24,DebounceOperator
FNDA:24,(anonymous_6)
FNDA:1,(anonymous_7)
FNDA:24,DebounceSubscriber
FNDA:75,(anonymous_9)
FNDA:89,(anonymous_10)
FNDA:13,(anonymous_11)
FNDA:70,(anonymous_12)
FNDA:158,(anonymous_13)
FNDA:1,(anonymous_14)
FNDA:88,DurationSelectorSubscriber
FNDA:75,(anonymous_16)
FNDA:48,(anonymous_17)
FNDA:2,(anonymous_18)
FNDA:27,(anonymous_19)
DA:3,1
DA:4,1
DA:7,1
DA:8,1
DA:9,1
DA:11,1
DA:12,24
DA:15,1
DA:16,24
DA:19,1
DA:20,24
DA:22,1
DA:24,1
DA:25,24
DA:26,24
DA:27,24
DA:28,1
DA:29,75
DA:32,1
DA:33,24
DA:34,24
DA:37,1
DA:38,89
DA:39,89
DA:40,89
DA:42,89
DA:43,1
DA:45,88
DA:46,7
DA:49,88
DA:50,88
DA:51,88
DA:55,1
DA:56,13
DA:57,13
DA:60,1
DA:61,70
DA:62,70
DA:63,59
DA:64,59
DA:68,1
DA:69,158
DA:71,158
DA:72,30
DA:73,30
DA:74,30
DA:77,1
DA:79,1
DA:80,88
DA:81,88
DA:82,88
DA:85,1
DA:86,75
DA:88,75
DA:89,57
DA:90,57
DA:91,34
DA:96,1
DA:97,48
DA:100,1
DA:101,2
DA:104,1
DA:105,27
DA:107,1
LF:64
LH:64
BRDA:42,1,0,1
BRDA:42,1,1,88
BRDA:45,2,0,7
BRDA:45,2,1,81
BRDA:62,3,0,59
BRDA:62,3,1,11
BRDA:71,4,0,30
BRDA:71,4,1,128
BRDA:88,5,0,57
BRDA:88,5,1,18
BRDA:90,6,0,34
BRDA:90,6,1,23
BRF:12
BRH:12
end_of_record
TN:
SF:src/add/operator/debounceTime.ts
FNF:0
FNH:0
DA:1,1
DA:2,1
DA:3,1
LF:3
LH:3
BRF:0
BRH:0
end_of_record
TN:
SF:src/operator/debounceTime.ts
FN:8,debounceTime
FN:12,(anonymous_4)
FN:13,DebounceTimeOperator
FN:16,(anonymous_6)
FN:21,(anonymous_7)
FN:25,DebounceTimeSubscriber
FN:31,(anonymous_9)
FN:37,(anonymous_10)
FN:42,(anonymous_11)
FN:50,(anonymous_12)
FN:61,dispatchNext
FNF:11
FNH:11
FNDA:12,debounceTime
FNDA:1,(anonymous_4)
FNDA:12,DebounceTimeOperator
FNDA:12,(anonymous_6)
FNDA:1,(anonymous_7)
FNDA:12,DebounceTimeSubscriber
FNDA:30,(anonymous_9)
FNDA:5,(anonymous_10)
FNDA:13,(anonymous_11)
FNDA:43,(anonymous_12)
FNDA:8,dispatchNext
DA:3,1
DA:6,1
DA:8,12
DA:9,12
DA:12,1
DA:13,12
DA:16,1
DA:17,12
DA:19,1
DA:21,1
DA:22,12
DA:23,12
DA:25,1
DA:26,12
DA:27,12
DA:28,12
DA:31,1
DA:32,30
DA:33,30
DA:34,30
DA:37,1
DA:38,5
DA:39,5
DA:42,1
DA:43,13
DA:44,13
DA:45,10
DA:46,10
DA:50,1
DA:51,43
DA:53,43
DA:54,28
DA:55,28
DA:56,28
DA:59,1
DA:61,1
DA:62,8
LF:37
LH:37
BRDA:8,1,0,0
BRDA:8,1,1,12
BRDA:44,2,0,10
BRDA:44,2,1,3
BRDA:53,3,0,28
BRDA:53,3,1,15
BRF:6
BRH:5
end_of_record
TN:
SF:src/add/operator/defaultIfEmpty.ts
FNF:0
FNH:0
DA:1,1
DA:2,1
DA:3,1
LF:3
LH:3
BRF:0
BRH:0
end_of_record
TN:
SF:src/operator/defaultIfEmpty.ts
FN:5,defaultIfEmpty
FN:9,(anonymous_4)
FN:11,DefaultIfEmptyOperator
FN:14,(anonymous_6)
FN:19,(anonymous_7)
FN:22,DefaultIfEmptySubscriber
FN:26,(anonymous_9)
FN:31,(anonymous_10)
FNF:8
FNH:8
FNDA:5,defaultIfEmpty
FNDA:1,(anonymous_4)
FNDA:5,DefaultIfEmptyOperator
FNDA:5,(anonymous_6)
FNDA:1,(anonymous_7)
FNDA:5,DefaultIfEmptySubscriber
FNDA:4,(anonymous_9)
FNDA:4,(anonymous_10)
DA:3,1
DA:5,7
DA:6,5
DA:9,1
DA:11,5
DA:14,1
DA:15,5
DA:17,1
DA:19,1
DA:20,5
DA:22,5
DA:23,5
DA:26,1
DA:27,4
DA:28,4
DA:31,1
DA:32,4
DA:33,2
DA:35,4
DA:37,1
LF:20
LH:20
BRDA:5,1,0,2
BRDA:5,1,1,3
BRDA:32,2,0,2
BRDA:32,2,1,2
BRF:4
BRH:4
end_of_record
TN:
SF:src/add/operator/delay.ts
FNF:0
FNH:0
DA:1,1
DA:2,1
DA:3,1
LF:3
LH:3
BRF:0
BRH:0
end_of_record
TN:
SF:src/operator/delay.ts
FN:8,delay
FN:15,(anonymous_4)
FN:16,DelayOperator
FN:20,(anonymous_6)
FN:25,(anonymous_7)
FN:48,DelaySubscriber
FN:30,(anonymous_9)
FN:54,(anonymous_10)
FN:61,(anonymous_11)
FN:75,(anonymous_12)
FN:79,(anonymous_13)
FN:85,(anonymous_14)
FN:90,(anonymous_15)
FN:91,DelayMessage
FNF:14
FNH:14
FNDA:37,delay
FNDA:1,(anonymous_4)
FNDA:37,DelayOperator
FNDA:37,(anonymous_6)
FNDA:1,(anonymous_7)
FNDA:37,DelaySubscriber
FNDA:43,(anonymous_9)
FNDA:41,(anonymous_10)
FNDA:67,(anonymous_11)
FNDA:35,(anonymous_12)
FNDA:3,(anonymous_13)
FNDA:32,(anonymous_14)
FNDA:1,(anonymous_15)
FNDA:67,DelayMessage
DA:3,1
DA:4,1
DA:5,1
DA:6,1
DA:8,1
DA:9,40
DA:10,37
DA:11,37
DA:12,37
DA:15,1
DA:16,37
DA:17,37
DA:20,1
DA:21,37
DA:23,1
DA:25,1
DA:26,37
DA:27,37
DA:28,37
DA:30,1
DA:31,43
DA:32,43
DA:33,43
DA:34,43
DA:36,43
DA:37,62
DA:40,43
DA:41,5
DA:42,5
DA:44,38
DA:48,1
DA:49,37
DA:50,37
DA:51,37
DA:54,1
DA:55,41
DA:56,41
DA:61,1
DA:62,67
DA:63,0
DA:66,67
DA:67,67
DA:68,67
DA:70,67
DA:71,41
DA:75,1
DA:76,35
DA:79,1
DA:80,3
DA:81,3
DA:82,3
DA:85,1
DA:86,32
DA:88,1
DA:90,1
DA:91,67
DA:92,67
DA:94,1
LF:58
LH:57
BRDA:9,1,0,3
BRDA:9,1,1,34
BRDA:11,2,0,4
BRDA:11,2,1,33
BRDA:36,3,0,105
BRDA:36,3,1,67
BRDA:40,4,0,5
BRDA:40,4,1,38
BRDA:62,5,0,0
BRDA:62,5,1,67
BRDA:70,6,0,41
BRDA:70,6,1,26
BRF:12
BRH:11
end_of_record
TN:
SF:src/add/operator/distinctUntilChanged.ts
FNF:0
FNH:0
DA:1,1
DA:2,1
DA:3,1
LF:3
LH:3
BRF:0
BRH:0
end_of_record
TN:
SF:src/operator/distinctUntilChanged.ts
FN:6,distinctUntilChanged
FN:10,(anonymous_4)
FN:11,DistinctUntilChangedOperator
FN:14,(anonymous_6)
FN:19,(anonymous_7)
FN:23,DistinctUntilChangedSubscriber
FN:30,(anonymous_9)
FN:34,(anonymous_10)
FNF:8
FNH:8
FNDA:34,distinctUntilChanged
FNDA:1,(anonymous_4)
FNDA:34,DistinctUntilChangedOperator
FNDA:34,(anonymous_6)
FNDA:1,(anonymous_7)
FNDA:34,DistinctUntilChangedSubscriber
FNDA:26,(anonymous_9)
FNDA:107,(anonymous_10)
DA:2,1
DA:3,1
DA:4,1
DA:6,1
DA:7,34
DA:10,1
DA:11,34
DA:14,1
DA:15,34
DA:17,1
DA:19,1
DA:21,34
DA:23,1
DA:24,34
DA:25,34
DA:26,21
DA:30,1
DA:31,26
DA:34,1
DA:35,107
DA:37,107
DA:38,83
DA:39,83
DA:40,2
DA:41,2
DA:44,24
DA:47,105
DA:48,62
DA:49,62
DA:52,1
LF:30
LH:30
BRDA:25,1,0,21
BRDA:25,1,1,13
BRDA:37,2,0,83
BRDA:37,2,1,24
BRDA:39,3,0,2
BRDA:39,3,1,81
BRDA:47,4,0,62
BRDA:47,4,1,43
BRF:8
BRH:8
end_of_record
TN:
SF:src/add/operator/extended/distinctUntilKeyChanged.ts
FNF:0
FNH:0
DA:1,1
DA:2,1
DA:4,1
DA:5,1
LF:4
LH:4
BRF:0
BRH:0
end_of_record
TN:
SF:src/operator/extended/distinctUntilKeyChanged.ts
FN:3,distinctUntilKeyChanged
FN:4,(anonymous_2)
FNF:2
FNH:2
FNDA:17,distinctUntilKeyChanged
FNDA:39,(anonymous_2)
DA:1,1
DA:3,1
DA:4,17
DA:5,39
DA:6,16
DA:8,23
LF:6
LH:6
BRDA:5,1,0,16
BRDA:5,1,1,23
BRF:2
BRH:2
end_of_record
TN:
SF:src/add/operator/do.ts
FNF:0
FNH:0
DA:1,1
DA:2,1
DA:3,1
LF:3
LH:3
BRF:0
BRH:0
end_of_record
TN:
SF:src/operator/do.ts
FN:9,_do
FN:21,(anonymous_4)
FN:27,DoOperator
FN:33,(anonymous_6)
FN:38,(anonymous_7)
FN:44,DoSubscriber
FN:51,(anonymous_9)
FN:60,(anonymous_10)
FN:69,(anonymous_11)
FNF:9
FNH:9
FNDA:51,_do
FNDA:1,(anonymous_4)
FNDA:51,DoOperator
FNDA:51,(anonymous_6)
FNDA:1,(anonymous_7)
FNDA:51,DoSubscriber
FNDA:108,(anonymous_9)
FNDA:6,(anonymous_10)
FNDA:21,(anonymous_11)
DA:3,1
DA:5,1
DA:6,1
DA:7,1
DA:9,1
DA:10,51
DA:11,51
DA:12,7
DA:13,7
DA:14,7
DA:16,44
DA:18,51
DA:21,1
DA:27,1
DA:28,51
DA:29,51
DA:30,51
DA:33,1
DA:34,51
DA:36,1
DA:38,1
DA:44,1
DA:45,51
DA:46,51
DA:47,51
DA:48,51
DA:51,1
DA:52,108
DA:53,108
DA:54,1
DA:56,107
DA:60,1
DA:61,6
DA:62,6
DA:63,1
DA:65,5
DA:69,1
DA:70,21
DA:71,21
DA:72,1
DA:74,20
DA:77,1
LF:42
LH:42
BRDA:11,1,0,7
BRDA:11,1,1,44
BRDA:11,2,0,51
BRDA:11,2,1,37
BRDA:18,3,0,51
BRDA:18,3,1,18
BRDA:18,4,0,51
BRDA:18,4,1,40
BRDA:18,5,0,51
BRDA:18,5,1,33
BRDA:53,6,0,1
BRDA:53,6,1,107
BRDA:62,7,0,1
BRDA:62,7,1,5
BRDA:71,8,0,1
BRDA:71,8,1,20
BRF:16
BRH:16
end_of_record
TN:
SF:src/add/operator/extended/elementAt.ts
FNF:0
FNH:0
DA:1,1
DA:2,1
DA:4,1
DA:5,1
LF:4
LH:4
BRF:0
BRH:0
end_of_record
TN:
SF:src/operator/extended/elementAt.ts
FN:5,elementAt
FN:9,(anonymous_4)
FN:11,ElementAtOperator
FN:17,(anonymous_6)
FN:22,(anonymous_7)
FN:24,ElementAtSubscriber
FN:28,(anonymous_9)
FN:35,(anonymous_10)
FNF:8
FNH:8
FNDA:6,elementAt
FNDA:1,(anonymous_4)
FNDA:6,ElementAtOperator
FNDA:5,(anonymous_6)
FNDA:1,(anonymous_7)
FNDA:5,ElementAtSubscriber
FNDA:10,(anonymous_9)
FNDA:2,(anonymous_10)
DA:2,1
DA:3,1
DA:5,1
DA:6,6
DA:9,1
DA:11,6
DA:12,6
DA:13,1
DA:17,1
DA:18,5
DA:20,1
DA:22,1
DA:24,5
DA:25,5
DA:28,1
DA:29,10
DA:30,3
DA:31,3
DA:35,1
DA:36,2
DA:37,2
DA:38,2
DA:39,1
DA:41,1
DA:44,2
DA:46,1
LF:26
LH:26
BRDA:12,1,0,1
BRDA:12,1,1,5
BRDA:29,2,0,3
BRDA:29,2,1,7
BRDA:37,3,0,2
BRDA:37,3,1,0
BRDA:38,4,0,1
BRDA:38,4,1,1
BRF:8
BRH:7
end_of_record
TN:
SF:src/util/ArgumentOutOfRangeError.ts
FN:1,(anonymous_1)
FNF:1
FNH:1
FNDA:7,(anonymous_1)
DA:1,2
DA:2,6
DA:3,6
DA:4,1
LF:4
LH:4
BRF:0
BRH:0
end_of_record
TN:
SF:src/add/operator/expand.ts
FNF:0
FNH:0
DA:1,1
DA:2,1
DA:3,1
LF:3
LH:3
BRF:0
BRH:0
end_of_record
TN:
SF:src/operator/expand.ts
FN:5,expand
FNF:1
FNH:1
FNDA:14,expand
DA:3,1
DA:5,1
DA:6,25
DA:7,28
DA:8,14
DA:10,14
LF:6
LH:6
BRDA:6,1,0,11
BRDA:6,1,1,3
BRDA:7,2,0,14
BRDA:7,2,1,0
BRDA:8,3,0,0
BRDA:8,3,1,14
BRDA:8,4,0,14
BRDA:8,4,1,0
BRF:8
BRH:5
end_of_record
TN:
SF:src/operator/expand-support.ts
FN:11,(anonymous_3)
FN:12,ExpandOperator
FN:17,(anonymous_5)
FN:22,(anonymous_6)
FN:28,ExpandSubscriber
FN:38,(anonymous_8)
FN:42,(anonymous_9)
FN:67,(anonymous_10)
FN:76,(anonymous_11)
FN:83,(anonymous_12)
FN:95,(anonymous_13)
FNF:11
FNH:10
FNDA:1,(anonymous_3)
FNDA:14,ExpandOperator
FNDA:14,(anonymous_5)
FNDA:1,(anonymous_6)
FNDA:14,ExpandSubscriber
FNDA:0,(anonymous_8)
FNDA:98,(anonymous_9)
FNDA:82,(anonymous_10)
FNDA:14,(anonymous_11)
FNDA:74,(anonymous_12)
FNDA:60,(anonymous_13)
DA:5,1
DA:6,1
DA:7,1
DA:9,1
DA:11,1
DA:12,14
DA:13,14
DA:14,14
DA:17,1
DA:18,14
DA:20,1
DA:22,1
DA:23,14
DA:24,14
DA:25,14
DA:28,1
DA:29,14
DA:30,14
DA:31,14
DA:32,14
DA:33,14
DA:34,3
DA:38,1
DA:39,0
DA:42,1
DA:43,98
DA:45,98
DA:46,0
DA:47,0
DA:50,98
DA:51,98
DA:52,83
DA:53,83
DA:54,83
DA:55,1
DA:56,82
DA:57,82
DA:59,0
DA:60,0
DA:63,15
DA:67,1
DA:68,82
DA:69,4
DA:71,78
DA:72,78
DA:76,1
DA:77,14
DA:78,14
DA:79,3
DA:83,1
DA:84,74
DA:85,74
DA:86,74
DA:87,74
DA:88,15
DA:90,74
DA:91,9
DA:95,1
DA:96,60
DA:98,1
LF:60
LH:55
BRDA:33,1,0,3
BRDA:33,1,1,11
BRDA:45,2,0,0
BRDA:45,2,1,98
BRDA:51,3,0,83
BRDA:51,3,1,15
BRDA:54,4,0,1
BRDA:54,4,1,82
BRDA:56,5,0,82
BRDA:56,5,1,0
BRDA:68,6,0,4
BRDA:68,6,1,78
BRDA:78,7,0,3
BRDA:78,7,1,11
BRDA:78,8,0,14
BRDA:78,8,1,14
BRDA:87,9,0,15
BRDA:87,9,1,59
BRDA:87,10,0,74
BRDA:87,10,1,29
BRDA:90,11,0,9
BRDA:90,11,1,65
BRDA:90,12,0,74
BRDA:90,12,1,63
BRF:24
BRH:22
end_of_record
TN:
SF:src/add/operator/filter.ts
FNF:0
FNH:0
DA:1,1
DA:2,1
DA:3,1
LF:3
LH:3
BRF:0
BRH:0
end_of_record
TN:
SF:src/operator/filter.ts
FN:16,filter
FN:20,(anonymous_4)
FN:24,FilterOperator
FN:28,(anonymous_6)
FN:33,(anonymous_7)
FN:38,FilterSubscriber
FN:43,(anonymous_9)
FNF:7
FNH:7
FNDA:48,filter
FNDA:1,(anonymous_4)
FNDA:48,FilterOperator
FNDA:47,(anonymous_6)
FNDA:1,(anonymous_7)
FNDA:47,FilterSubscriber
FNDA:174,(anonymous_9)
DA:2,1
DA:3,1
DA:4,1
DA:5,1
DA:16,1
DA:17,48
DA:20,1
DA:24,1
DA:25,48
DA:28,1
DA:29,47
DA:31,1
DA:33,1
DA:35,47
DA:38,1
DA:39,47
DA:40,47
DA:43,1
DA:44,174
DA:45,174
DA:46,4
DA:47,170
DA:48,78
DA:51,1
LF:24
LH:24
BRDA:45,1,0,4
BRDA:45,1,1,170
BRDA:47,2,0,78
BRDA:47,2,1,92
BRF:4
BRH:4
end_of_record
TN:
SF:src/util/bindCallback.ts
FN:1,bindCallback
FN:5,(anonymous_2)
FN:9,(anonymous_3)
FN:13,(anonymous_4)
FN:17,(anonymous_5)
FN:22,(anonymous_6)
FNF:6
FNH:6
FNDA:189,bindCallback
FNDA:2,(anonymous_2)
FNDA:2,(anonymous_3)
FNDA:32,(anonymous_4)
FNDA:2,(anonymous_5)
FNDA:2,(anonymous_6)
DA:1,1
DA:2,189
DA:3,18
DA:5,2
DA:6,2
DA:9,2
DA:10,2
DA:13,10
DA:14,32
DA:17,2
DA:18,2
DA:22,2
DA:23,2
LF:13
LH:13
BRDA:2,1,0,171
BRDA:2,1,1,18
BRDA:4,2,0,2
BRDA:4,2,1,2
BRDA:4,2,2,10
BRDA:4,2,3,2
BRF:6
BRH:6
end_of_record
TN:
SF:src/add/operator/extended/find.ts
FNF:0
FNH:0
DA:1,1
DA:2,1
DA:4,1
DA:5,1
LF:4
LH:4
BRF:0
BRH:0
end_of_record
TN:
SF:src/operator/extended/find.ts
FN:4,find
FNF:1
FNH:1
FNDA:6,find
DA:1,1
DA:4,1
DA:5,6
LF:3
LH:3
BRF:0
BRH:0
end_of_record
TN:
SF:src/operator/extended/find-support.ts
FN:9,(anonymous_3)
FN:10,FindValueOperator
FN:16,(anonymous_5)
FN:21,(anonymous_6)
FN:25,FindValueSubscriber
FN:37,(anonymous_8)
FN:44,(anonymous_9)
FN:56,(anonymous_10)
FNF:8
FNH:8
FNDA:1,(anonymous_3)
FNDA:12,FindValueOperator
FNDA:12,(anonymous_5)
FNDA:1,(anonymous_6)
FNDA:12,FindValueSubscriber
FNDA:6,(anonymous_8)
FNDA:14,(anonymous_9)
FNDA:4,(anonymous_10)
DA:3,1
DA:5,1
DA:6,1
DA:7,1
DA:9,1
DA:10,12
DA:11,12
DA:12,12
DA:13,12
DA:16,1
DA:17,12
DA:19,1
DA:21,1
DA:23,12
DA:25,1
DA:27,12
DA:28,12
DA:29,12
DA:30,12
DA:32,12
DA:33,12
DA:37,1
DA:38,6
DA:40,6
DA:41,6
DA:44,1
DA:45,14
DA:47,14
DA:48,14
DA:49,14
DA:50,2
DA:51,12
DA:52,2
DA:56,1
DA:57,4
DA:59,1
LF:36
LH:36
BRDA:32,1,0,12
BRDA:32,1,1,0
BRDA:49,2,0,2
BRDA:49,2,1,12
BRDA:51,3,0,2
BRDA:51,3,1,10
BRDA:52,4,0,1
BRDA:52,4,1,1
BRDA:57,5,0,2
BRDA:57,5,1,2
BRF:10
BRH:9
end_of_record
TN:
SF:src/add/operator/extended/findIndex.ts
FNF:0
FNH:0
DA:1,1
DA:2,1
DA:4,1
DA:5,1
LF:4
LH:4
BRF:0
BRH:0
end_of_record
TN:
SF:src/operator/extended/findIndex.ts
FN:4,findIndex
FNF:1
FNH:1
FNDA:6,findIndex
DA:2,1
DA:4,1
DA:5,6
LF:3
LH:3
BRF:0
BRH:0
end_of_record
TN:
SF:src/add/operator/finally.ts
FNF:0
FNH:0
DA:1,1
DA:2,1
DA:3,1
LF:3
LH:3
BRF:0
BRH:0
end_of_record
TN:
SF:src/operator/finally.ts
FN:5,_finally
FN:9,(anonymous_4)
FN:10,FinallyOperator
FN:13,(anonymous_6)
FN:18,(anonymous_7)
FN:19,FinallySubscriber
FNF:6
FNH:6
FNDA:3,_finally
FNDA:1,(anonymous_4)
FNDA:3,FinallyOperator
FNDA:3,(anonymous_6)
FNDA:1,(anonymous_7)
FNDA:3,FinallySubscriber
DA:2,1
DA:3,1
DA:5,1
DA:6,3
DA:9,1
DA:10,3
DA:13,1
DA:14,3
DA:16,1
DA:18,1
DA:19,1
DA:20,3
DA:21,3
DA:23,1
LF:14
LH:14
BRF:0
BRH:0
end_of_record
TN:
SF:src/add/operator/first.ts
FNF:0
FNH:0
DA:1,1
DA:2,1
DA:3,1
LF:3
LH:3
BRF:0
BRH:0
end_of_record
TN:
SF:src/operator/first.ts
FN:8,first
FN:14,(anonymous_4)
FN:15,FirstOperator
FN:21,(anonymous_6)
FN:26,(anonymous_7)
FN:30,FirstSubscriber
FN:38,(anonymous_9)
FN:65,(anonymous_10)
FNF:8
FNH:8
FNDA:15,first
FNDA:1,(anonymous_4)
FNDA:15,FirstOperator
FNDA:15,(anonymous_6)
FNDA:1,(anonymous_7)
FNDA:15,FirstSubscriber
FNDA:27,(anonymous_9)
FNDA:4,(anonymous_10)
DA:3,1
DA:4,1
DA:5,1
DA:6,1
DA:8,1
DA:11,15
DA:14,1
DA:15,15
DA:16,15
DA:17,15
DA:18,15
DA:21,1
DA:22,15
DA:24,1
DA:26,1
DA:27,15
DA:28,15
DA:30,1
DA:31,15
DA:32,15
DA:33,15
DA:34,15
DA:35,15
DA:38,1
DA:39,27
DA:40,27
DA:41,27
DA:42,27
DA:43,25
DA:44,25
DA:45,1
DA:46,1
DA:49,26
DA:50,7
DA:51,2
DA:52,2
DA:53,1
DA:54,1
DA:56,1
DA:58,5
DA:60,6
DA:61,6
DA:65,1
DA:66,4
DA:67,4
DA:68,2
DA:69,2
DA:70,2
DA:71,2
DA:74,1
LF:50
LH:50
BRDA:42,1,0,25
BRDA:42,1,1,2
BRDA:44,2,0,1
BRDA:44,2,1,24
BRDA:49,3,0,7
BRDA:49,3,1,19
BRDA:50,4,0,2
BRDA:50,4,1,5
BRDA:52,5,0,1
BRDA:52,5,1,1
BRDA:67,6,0,2
BRDA:67,6,1,2
BRDA:67,7,0,4
BRDA:67,7,1,4
BRDA:70,8,0,2
BRDA:70,8,1,0
BRF:16
BRH:15
end_of_record
TN:
SF:src/util/EmptyError.ts
FN:1,(anonymous_1)
FNF:1
FNH:1
FNDA:13,(anonymous_1)
DA:1,2
DA:2,12
DA:3,12
DA:4,1
LF:4
LH:4
BRF:0
BRH:0
end_of_record
TN:
SF:src/add/operator/groupBy.ts
FNF:0
FNH:0
DA:1,1
DA:2,1
DA:3,1
LF:3
LH:3
BRF:0
BRH:0
end_of_record
TN:
SF:src/operator/groupBy.ts
FN:11,groupBy
FN:17,(anonymous_4)
FN:18,GroupByObservable
FN:25,(anonymous_6)
FN:35,(anonymous_7)
FN:38,GroupBySubscriber
FN:48,(anonymous_9)
FN:92,(anonymous_10)
FN:95,(anonymous_11)
FN:103,(anonymous_12)
FN:106,(anonymous_13)
FN:114,(anonymous_14)
FN:119,(anonymous_15)
FN:120,GroupDurationSubscriber
FN:126,(anonymous_17)
FN:131,(anonymous_18)
FN:136,(anonymous_19)
FNF:17
FNH:17
FNDA:37,groupBy
FNDA:1,(anonymous_4)
FNDA:37,GroupByObservable
FNDA:37,(anonymous_6)
FNDA:1,(anonymous_7)
FNDA:37,GroupBySubscriber
FNDA:273,(anonymous_9)
FNDA:11,(anonymous_10)
FNDA:29,(anonymous_11)
FNDA:19,(anonymous_12)
FNDA:42,(anonymous_13)
FNDA:150,(anonymous_14)
FNDA:1,(anonymous_15)
FNDA:58,GroupDurationSubscriber
FNDA:26,(anonymous_17)
FNDA:14,(anonymous_18)
FNDA:39,(anonymous_19)
DA:1,1
DA:3,1
DA:4,1
DA:5,1
DA:6,1
DA:7,1
DA:8,1
DA:9,1
DA:11,1
DA:14,37
DA:17,1
DA:18,37
DA:19,37
DA:20,37
DA:21,37
DA:22,37
DA:25,1
DA:26,37
DA:27,37
DA:30,37
DA:31,37
DA:33,1
DA:35,1
DA:36,37
DA:38,1
DA:39,37
DA:40,37
DA:41,37
DA:42,37
DA:43,37
DA:44,37
DA:45,37
DA:48,1
DA:49,273
DA:50,273
DA:51,2
DA:53,271
DA:54,271
DA:55,271
DA:57,271
DA:58,34
DA:61,271
DA:63,271
DA:64,112
DA:65,112
DA:67,112
DA:68,59
DA:69,59
DA:70,1
DA:72,58
DA:76,112
DA:79,271
DA:80,144
DA:81,144
DA:82,2
DA:84,142
DA:87,127
DA:92,12
DA:93,11
DA:94,11
DA:95,10
DA:96,29
DA:97,29
DA:100,11
DA:103,20
DA:104,19
DA:105,19
DA:106,18
DA:107,42
DA:108,42
DA:111,19
DA:114,1
DA:115,150
DA:117,1
DA:119,1
DA:120,58
DA:121,58
DA:122,58
DA:123,58
DA:126,1
DA:127,26
DA:128,26
DA:131,1
DA:132,14
DA:133,14
DA:136,1
DA:137,39
DA:138,39
DA:140,1
LF:89
LH:89
BRDA:50,1,0,2
BRDA:50,1,1,271
BRDA:57,2,0,34
BRDA:57,2,1,237
BRDA:58,3,0,30
BRDA:58,3,1,4
BRDA:63,4,0,112
BRDA:63,4,1,159
BRDA:67,5,0,59
BRDA:67,5,1,53
BRDA:69,6,0,1
BRDA:69,6,1,58
BRDA:79,7,0,144
BRDA:79,7,1,127
BRDA:81,8,0,2
BRDA:81,8,1,142
BRDA:94,9,0,10
BRDA:94,9,1,1
BRDA:105,10,0,18
BRDA:105,10,1,1
BRF:20
BRH:20
end_of_record
TN:
SF:src/util/Map.ts
FN:4,(anonymous_1)
FNF:1
FNH:0
FNDA:0,(anonymous_1)
DA:1,1
DA:2,1
DA:4,1
LF:3
LH:3
BRDA:4,1,0,1
BRDA:4,1,1,0
BRF:2
BRH:1
end_of_record
TN:
SF:src/util/MapPolyfill.ts
FN:1,(anonymous_1)
FN:6,(anonymous_3)
FN:11,(anonymous_4)
FN:23,(anonymous_5)
FN:32,(anonymous_6)
FNF:5
FNH:5
FNDA:6,(anonymous_1)
FNDA:5,(anonymous_3)
FNDA:9,(anonymous_4)
FNDA:1,(anonymous_5)
FNDA:1,(anonymous_6)
DA:1,2
DA:2,5
DA:3,5
DA:4,5
DA:6,1
DA:7,5
DA:8,5
DA:11,1
DA:12,9
DA:13,9
DA:14,8
DA:15,8
DA:16,8
DA:18,1
DA:20,9
DA:23,1
DA:24,1
DA:25,1
DA:26,1
DA:27,1
DA:28,1
DA:29,1
DA:32,1
DA:33,1
DA:34,3
DA:37,1
LF:26
LH:26
BRDA:8,1,0,1
BRDA:8,1,1,4
BRDA:13,2,0,8
BRDA:13,2,1,1
BRDA:25,3,0,0
BRDA:25,3,1,1
BRF:6
BRH:5
end_of_record
TN:
SF:src/util/FastMap.ts
FN:1,(anonymous_1)
FN:4,(anonymous_3)
FN:9,(anonymous_4)
FN:14,(anonymous_5)
FN:18,(anonymous_6)
FN:27,(anonymous_7)
FNF:6
FNH:6
FNDA:37,(anonymous_1)
FNDA:137,(anonymous_3)
FNDA:112,(anonymous_4)
FNDA:260,(anonymous_5)
FNDA:25,(anonymous_6)
FNDA:1,(anonymous_7)
DA:1,2
DA:2,36
DA:4,1
DA:5,137
DA:6,137
DA:9,1
DA:10,112
DA:11,112
DA:14,1
DA:15,260
DA:18,1
DA:19,25
DA:20,25
DA:21,81
DA:22,66
DA:27,1
DA:28,1
DA:30,1
LF:18
LH:18
BRDA:21,1,0,66
BRDA:21,1,1,15
BRDA:21,2,0,81
BRDA:21,2,1,81
BRF:4
BRH:4
end_of_record
TN:
SF:src/operator/groupBy-support.ts
FN:6,(anonymous_3)
FN:11,RefCountSubscription
FN:15,(anonymous_5)
FN:19,(anonymous_6)
FN:30,(anonymous_7)
FN:31,GroupedObservable
FN:37,(anonymous_9)
FN:47,(anonymous_10)
FN:48,InnerRefCountSubscription
FN:53,(anonymous_12)
FNF:10
FNH:10
FNDA:1,(anonymous_3)
FNDA:37,RefCountSubscription
FNDA:37,(anonymous_5)
FNDA:39,(anonymous_6)
FNDA:1,(anonymous_7)
FNDA:171,GroupedObservable
FNDA:150,(anonymous_9)
FNDA:1,(anonymous_10)
FNDA:84,InnerRefCountSubscription
FNDA:84,(anonymous_12)
DA:1,1
DA:4,1
DA:6,1
DA:8,37
DA:9,37
DA:11,1
DA:12,37
DA:15,1
DA:16,37
DA:19,1
DA:20,39
DA:21,36
DA:22,36
DA:23,33
DA:24,33
DA:28,1
DA:30,1
DA:31,171
DA:32,171
DA:33,171
DA:34,171
DA:37,1
DA:38,150
DA:39,150
DA:40,84
[...]
BRDA:7,4,0,0
BRDA:7,4,1,0
BRDA:12,5,0,0
BRDA:12,5,1,3
BRF:11
BRH:7
end_of_record
TN:
SF:src/add/operator/window.ts
FNF:0
FNH:0
DA:1,1
DA:2,1
DA:3,1
LF:3
LH:3
BRF:0
BRH:0
end_of_record
TN:
SF:src/operator/window.ts
FN:6,window
FN:10,(anonymous_4)
FN:12,WindowOperator
FN:15,(anonymous_6)
FN:20,(anonymous_7)
FN:23,WindowSubscriber
FN:29,(anonymous_9)
FN:33,(anonymous_10)
FN:38,(anonymous_11)
FN:43,(anonymous_12)
FN:52,(anonymous_13)
FN:53,WindowClosingNotifierSubscriber
FN:57,(anonymous_15)
FN:61,(anonymous_16)
FN:65,(anonymous_17)
FNF:15
FNH:15
FNDA:12,window
FNDA:1,(anonymous_4)
FNDA:12,WindowOperator
FNDA:12,(anonymous_6)
FNDA:1,(anonymous_7)
FNDA:12,WindowSubscriber
FNDA:36,(anonymous_9)
FNDA:3,(anonymous_10)
FNDA:7,(anonymous_11)
FNDA:28,(anonymous_12)
FNDA:1,(anonymous_13)
FNDA:12,WindowClosingNotifierSubscriber
FNDA:16,(anonymous_15)
FNDA:1,(anonymous_16)
FNDA:3,(anonymous_17)
DA:2,1
DA:4,1
DA:6,1
DA:7,12
DA:10,1
DA:12,12
DA:15,1
DA:16,12
DA:18,1
DA:20,1
DA:21,12
DA:23,12
DA:24,12
DA:25,12
DA:26,12
DA:29,1
DA:30,36
DA:33,1
DA:34,3
DA:35,3
DA:38,1
DA:39,7
DA:40,7
DA:43,1
DA:44,28
DA:45,28
DA:46,28
DA:48,28
DA:50,1
DA:52,1
DA:53,12
DA:54,12
DA:57,1
DA:58,16
DA:61,1
DA:62,1
DA:65,1
DA:66,3
DA:68,1
LF:39
LH:39
BRDA:45,1,0,28
BRDA:45,1,1,0
BRF:2
BRH:1
end_of_record
TN:
SF:src/add/operator/windowCount.ts
FNF:0
FNH:0
DA:1,1
DA:2,1
DA:3,1
LF:3
LH:3
BRF:0
BRH:0
end_of_record
TN:
SF:src/operator/windowCount.ts
FN:6,windowCount
FN:11,(anonymous_4)
FN:13,WindowCountOperator
FN:17,(anonymous_6)
FN:22,(anonymous_7)
FN:26,WindowCountSubscriber
FN:33,(anonymous_9)
FN:53,(anonymous_10)
FN:61,(anonymous_11)
FNF:9
FNH:9
FNDA:7,windowCount
FNDA:1,(anonymous_4)
FNDA:7,WindowCountOperator
FNDA:7,(anonymous_6)
FNDA:1,(anonymous_7)
FNDA:7,WindowCountSubscriber
FNDA:19,(anonymous_9)
FNDA:2,(anonymous_10)
FNDA:3,(anonymous_11)
DA:2,1
DA:4,1
DA:6,1
DA:7,8
DA:8,7
DA:11,1
DA:13,7
DA:14,7
DA:17,1
DA:18,7
DA:20,1
DA:22,1
DA:23,7
DA:24,7
DA:26,1
DA:27,7
DA:28,7
DA:29,7
DA:30,7
DA:33,1
DA:34,19
DA:35,19
DA:36,19
DA:37,19
DA:39,19
DA:40,33
DA:42,19
DA:43,19
DA:44,12
DA:46,19
DA:47,16
DA:48,16
DA:49,16
DA:53,1
DA:54,2
DA:55,2
DA:56,4
DA:58,2
DA:61,1
DA:62,3
DA:63,3
DA:64,4
DA:66,3
DA:68,1
LF:44
LH:44
BRDA:7,1,0,1
BRDA:7,1,1,6
BRDA:34,2,0,13
BRDA:34,2,1,6
BRDA:43,3,0,12
BRDA:43,3,1,7
BRDA:43,4,0,19
BRDA:43,4,1,14
BRDA:46,5,0,16
BRDA:46,5,1,3
BRF:10
BRH:10
end_of_record
TN:
SF:src/add/operator/windowTime.ts
FNF:0
FNH:0
DA:1,1
DA:2,1
DA:3,1
LF:3
LH:3
BRF:0
BRH:0
end_of_record
TN:
SF:src/operator/windowTime.ts
FN:9,windowTime
FN:15,(anonymous_4)
FN:17,WindowTimeOperator
FN:22,(anonymous_6)
FN:29,(anonymous_7)
FN:32,WindowTimeSubscriber
FN:50,(anonymous_9)
FN:58,(anonymous_10)
FN:66,(anonymous_11)
FN:74,(anonymous_12)
FN:81,(anonymous_13)
FN:94,dispatchWindowTimeSpanOnly
FN:103,dispatchWindowCreation
FN:114,dispatchWindowClose
FNF:14
FNH:14
FNDA:8,windowTime
FNDA:1,(anonymous_4)
FNDA:8,WindowTimeOperator
FNDA:8,(anonymous_6)
FNDA:1,(anonymous_7)
FNDA:8,WindowTimeSubscriber
FNDA:29,(anonymous_9)
FNDA:2,(anonymous_10)
FNDA:4,(anonymous_11)
FNDA:18,(anonymous_12)
FNDA:10,(anonymous_13)
FNDA:2,dispatchWindowTimeSpanOnly
FNDA:8,dispatchWindowCreation
FNDA:10,dispatchWindowClose
DA:2,1
DA:4,1
DA:7,1
DA:9,1
DA:10,8
DA:11,8
DA:12,8
DA:15,1
DA:17,8
DA:18,8
DA:19,8
DA:22,1
DA:23,8
DA:27,1
DA:29,1
DA:30,8
DA:32,1
DA:33,8
DA:34,8
DA:35,8
DA:36,8
DA:37,8
DA:38,7
DA:39,7
DA:40,7
DA:41,7
DA:42,7
DA:44,1
DA:45,1
DA:46,1
DA:50,1
DA:51,29
DA:52,29
DA:53,29
DA:54,28
DA:58,1
DA:59,2
DA:60,2
DA:61,1
DA:63,2
DA:66,1
DA:67,4
DA:68,4
DA:69,5
DA:71,4
DA:74,1
DA:75,18
DA:76,18
DA:77,18
DA:78,18
DA:81,1
DA:82,10
DA:83,10
DA:84,10
DA:86,1
DA:94,1
DA:95,2
DA:96,2
DA:97,2
DA:99,2
DA:100,2
DA:103,1
DA:104,8
DA:105,8
DA:106,8
DA:107,8
DA:108,8
DA:109,8
DA:110,8
DA:111,8
DA:114,1
DA:115,10
DA:116,6
DA:118,10
LF:74
LH:74
BRDA:10,1,0,0
BRDA:10,1,1,8
BRDA:11,2,0,0
BRDA:11,2,1,8
BRDA:37,3,0,7
BRDA:37,3,1,1
BRDA:37,4,0,8
BRDA:37,4,1,7
BRDA:96,5,0,2
BRDA:96,5,1,0
BRDA:115,6,0,6
BRDA:115,6,1,4
BRDA:115,7,0,10
BRDA:115,7,1,6
BRDA:115,7,2,6
BRF:15
BRH:12
end_of_record
TN:
SF:src/add/operator/windowToggle.ts
FNF:0
FNH:0
DA:1,1
DA:2,1
DA:3,1
LF:3
LH:3
BRF:0
BRH:0
end_of_record
TN:
SF:src/operator/windowToggle.ts
FN:10,windowToggle
FN:15,(anonymous_4)
FN:17,WindowToggleOperator
FN:21,(anonymous_6)
FN:33,(anonymous_7)
FN:36,WindowToggleSubscriber
FN:43,(anonymous_9)
FN:51,(anonymous_10)
FN:59,(anonymous_11)
FN:69,(anonymous_12)
FN:87,(anonymous_13)
FN:97,(anonymous_14)
FN:98,WindowClosingNotifierSubscriber
FN:103,(anonymous_16)
FN:107,(anonymous_17)
FN:111,(anonymous_18)
FN:116,(anonymous_19)
FN:117,WindowToggleOpeningsSubscriber
FN:121,(anonymous_21)
FN:125,(anonymous_22)
FN:129,(anonymous_23)
FNF:21
FNH:21
FNDA:15,windowToggle
FNDA:1,(anonymous_4)
FNDA:15,WindowToggleOperator
FNDA:15,(anonymous_6)
FNDA:1,(anonymous_7)
FNDA:15,WindowToggleSubscriber
FNDA:61,(anonymous_9)
FNDA:6,(anonymous_10)
FNDA:7,(anonymous_11)
FNDA:29,(anonymous_12)
FNDA:20,(anonymous_13)
FNDA:1,(anonymous_14)
FNDA:28,WindowClosingNotifierSubscriber
FNDA:18,(anonymous_16)
FNDA:2,(anonymous_17)
FNDA:2,(anonymous_18)
FNDA:1,(anonymous_19)
FNDA:15,WindowToggleOpeningsSubscriber
FNDA:29,(anonymous_21)
FNDA:1,(anonymous_22)
FNDA:5,(anonymous_23)
DA:2,1
DA:4,1
DA:5,1
DA:7,1
DA:8,1
DA:10,1
DA:12,15
DA:15,1
DA:17,15
DA:18,15
DA:21,1
DA:22,15
DA:26,1
DA:33,1
DA:34,15
DA:36,1
DA:37,15
DA:38,15
DA:39,15
DA:40,15
DA:43,1
DA:44,61
DA:45,61
DA:46,61
DA:47,59
DA:51,1
DA:52,6
DA:53,6
DA:54,5
DA:56,6
DA:59,1
DA:60,7
DA:61,7
DA:62,6
DA:63,6
DA:64,6
DA:66,7
DA:69,1
DA:70,29
DA:71,29
DA:72,29
DA:73,1
DA:75,28
DA:79,28
DA:80,28
DA:81,28
DA:82,28
DA:83,28
DA:87,1
DA:88,20
DA:89,20
DA:90,20
DA:91,20
DA:92,20
DA:93,20
DA:95,1
DA:97,1
DA:98,28
DA:99,28
DA:100,28
DA:103,1
DA:104,18
DA:107,1
DA:108,2
DA:111,1
DA:112,2
DA:114,1
DA:116,1
DA:117,15
DA:118,15
DA:121,1
DA:122,29
DA:125,1
DA:126,1
DA:129,1
DA:132,1
LF:76
LH:76
BRDA:72,1,0,1
BRDA:72,1,1,28
BRF:2
BRH:2
end_of_record
TN:
SF:src/add/operator/windowWhen.ts
FNF:0
FNH:0
DA:1,1
DA:2,1
DA:3,1
LF:3
LH:3
BRF:0
BRH:0
end_of_record
TN:
SF:src/operator/windowWhen.ts
FN:10,windowWhen
FN:14,(anonymous_4)
FN:16,WindowOperator
FN:19,(anonymous_6)
FN:24,(anonymous_7)
FN:28,WindowSubscriber
FN:33,(anonymous_9)
FN:37,(anonymous_10)
FN:43,(anonymous_11)
FN:49,(anonymous_12)
FN:54,(anonymous_13)
FN:61,(anonymous_14)
FN:87,(anonymous_15)
FN:88,WindowClosingNotifierSubscriber
FN:92,(anonymous_17)
FN:96,(anonymous_18)
FN:100,(anonymous_19)
FNF:17
FNH:17
FNDA:14,windowWhen
FNDA:1,(anonymous_4)
FNDA:14,WindowOperator
FNDA:14,(anonymous_6)
FNDA:1,(anonymous_7)
FNDA:14,WindowSubscriber
FNDA:58,(anonymous_9)
FNDA:5,(anonymous_10)
FNDA:6,(anonymous_11)
FNDA:19,(anonymous_12)
FNDA:30,(anonymous_13)
FNDA:30,(anonymous_14)
FNDA:1,(anonymous_15)
FNDA:29,WindowClosingNotifierSubscriber
FNDA:14,(anonymous_17)
FNDA:3,(anonymous_18)
FNDA:2,(anonymous_19)
DA:2,1
DA:4,1
DA:5,1
DA:7,1
DA:8,1
DA:10,1
DA:11,14
DA:14,1
DA:16,14
DA:19,1
DA:20,14
DA:22,1
DA:24,1
DA:25,14
DA:28,14
DA:29,14
DA:30,14
DA:33,1
DA:34,58
DA:37,1
DA:38,5
DA:39,5
DA:40,5
DA:43,1
DA:44,6
DA:45,6
DA:46,6
DA:49,1
DA:50,19
DA:51,19
DA:54,1
DA:55,30
DA:56,30
DA:57,30
DA:61,1
DA:62,30
DA:63,30
DA:64,16
DA:65,16
DA:68,30
DA:69,30
DA:70,30
DA:73,30
DA:75,30
DA:76,30
DA:77,1
DA:78,1
DA:79,1
DA:81,29
DA:82,29
DA:85,1
DA:87,1
DA:88,29
DA:89,29
DA:92,1
DA:93,14
DA:96,1
DA:97,3
DA:100,1
DA:101,2
DA:103,1
LF:61
LH:61
BRDA:56,1,0,30
BRDA:56,1,1,0
BRDA:63,2,0,16
BRDA:63,2,1,14
BRDA:69,3,0,30
BRDA:69,3,1,0
BRDA:76,4,0,1
BRDA:76,4,1,29
BRF:8
BRH:6
end_of_record
TN:
SF:src/add/operator/withLatestFrom.ts
FNF:0
FNH:0
DA:1,1
DA:2,1
DA:3,1
LF:3
LH:3
BRF:0
BRH:0
end_of_record
TN:
SF:src/operator/withLatestFrom.ts
FN:27,withLatestFrom
FN:36,(anonymous_4)
FN:37,WithLatestFromOperator
FN:41,(anonymous_6)
FN:46,(anonymous_7)
FN:50,WithLatestFromSubscriber
FN:67,(anonymous_9)
FN:78,(anonymous_10)
FN:82,(anonymous_11)
FNF:9
FNH:9
FNDA:12,withLatestFrom
FNDA:1,(anonymous_4)
FNDA:12,WithLatestFromOperator
FNDA:12,(anonymous_6)
FNDA:1,(anonymous_7)
FNDA:12,WithLatestFromSubscriber
FNDA:46,(anonymous_9)
FNDA:9,(anonymous_10)
FNDA:17,(anonymous_11)
DA:4,1
DA:5,1
DA:6,1
DA:7,1
DA:27,38
DA:28,12
DA:29,12
DA:30,2
DA:32,12
DA:33,12
DA:36,1
DA:37,12
DA:38,12
DA:41,1
DA:42,12
DA:44,1
DA:46,1
DA:48,12
DA:50,1
DA:51,12
DA:52,12
DA:53,12
DA:54,12
DA:55,12
DA:57,12
DA:58,24
DA:61,12
DA:62,24
DA:63,24
DA:67,1
DA:68,46
DA:69,46
DA:70,46
DA:71,26
DA:72,26
DA:73,18
DA:78,1
DA:82,1
DA:83,17
DA:84,11
DA:85,11
DA:86,11
DA:87,11
DA:88,11
DA:89,4
DA:90,4
DA:91,0
DA:93,4
DA:96,7
DA:100,1
LF:50
LH:49
BRDA:29,1,0,2
BRDA:29,1,1,10
BRDA:70,2,0,26
BRDA:70,2,1,20
BRDA:72,3,0,18
BRDA:72,3,1,8
BRDA:83,4,0,11
BRDA:83,4,1,6
BRDA:88,5,0,4
BRDA:88,5,1,7
BRDA:90,6,0,0
BRDA:90,6,1,4
BRF:12
BRH:11
end_of_record
TN:
SF:src/add/operator/zip.ts
FNF:0
FNH:0
DA:1,1
DA:2,1
DA:3,1
LF:3
LH:3
BRF:0
BRH:0
end_of_record
TN:
SF:src/operator/zip.ts
FN:4,zipProto
FNF:1
FNH:1
FNDA:44,zipProto
DA:2,1
DA:4,102
DA:5,44
DA:6,44
LF:4
LH:4
BRF:0
BRH:0
end_of_record
TN:
SF:src/add/operator/zipAll.ts
FNF:0
FNH:0
DA:1,1
DA:2,1
DA:3,1
LF:3
LH:3
BRF:0
BRH:0
end_of_record
TN:
SF:src/operator/zipAll.ts
FN:3,zipAll
FNF:1
FNH:1
FNDA:47,zipAll
DA:1,1
DA:3,1
DA:4,47
LF:3
LH:3
BRF:0
BRH:0
end_of_record
TN:
SF:src/testing/TestScheduler.ts
FN:19,(anonymous_3)
FN:24,TestScheduler
FN:28,(anonymous_5)
FN:41,(anonymous_6)
FN:51,(anonymous_7)
FN:54,(anonymous_8)
FN:56,(anonymous_9)
FN:58,(anonymous_10)
FN:64,(anonymous_11)
FN:72,(anonymous_12)
FN:73,(anonymous_13)
FN:80,(anonymous_14)
FN:82,(anonymous_15)
FN:88,(anonymous_16)
FN:94,(anonymous_17)
FN:101,(anonymous_18)
FN:105,(anonymous_19)
FN:108,(anonymous_20)
FN:115,(anonymous_21)
FN:122,(anonymous_22)
FN:129,(anonymous_23)
FN:178,(anonymous_24)
FN:191,(anonymous_25)
FN:192,(anonymous_26)
FNF:24
FNH:24
FNDA:1,(anonymous_3)
FNDA:1681,TestScheduler
FNDA:1287,(anonymous_5)
FNDA:1418,(anonymous_6)
FNDA:175,(anonymous_7)
FNDA:326,(anonymous_8)
FNDA:44,(anonymous_9)
FNDA:122,(anonymous_10)
FNDA:1558,(anonymous_11)
FNDA:1558,(anonymous_12)
FNDA:3551,(anonymous_13)
FNDA:459,(anonymous_14)
FNDA:729,(anonymous_15)
FNDA:137,(anonymous_16)
FNDA:1556,(anonymous_17)
FNDA:1978,(anonymous_18)
FNDA:1976,(anonymous_19)
FNDA:2054,(anonymous_20)
FNDA:1694,(anonymous_21)
FNDA:3536,(anonymous_22)
FNDA:3635,(anonymous_23)
FNDA:4296,(anonymous_24)
FNDA:7846,(anonymous_25)
FNDA:2357,(anonymous_26)
DA:1,1
DA:2,1
DA:3,1
DA:5,1
DA:6,1
DA:8,1
DA:19,1
DA:20,1681
DA:21,1681
DA:22,1681
DA:24,1681
DA:25,1681
DA:28,1
DA:29,1287
DA:30,0
DA:32,1287
DA:33,0
DA:35,1287
DA:36,1287
DA:37,1287
DA:38,1287
DA:41,1
DA:42,1418
DA:43,0
DA:45,1418
DA:46,1418
DA:47,1418
DA:48,1418
DA:51,175
DA:53,175
DA:54,175
DA:55,326
DA:57,44
DA:59,122
DA:61,175
DA:64,1559
DA:65,2979
DA:66,1558
DA:67,1558
DA:68,1558
DA:70,1558
DA:72,1558
DA:73,1558
DA:74,3551
DA:76,3551
DA:77,175
DA:79,3551
DA:81,459
DA:83,729
DA:87,1558
DA:88,137
DA:91,1558
DA:93,1558
DA:95,1556
DA:96,1556
DA:101,1
DA:102,1978
DA:103,1978
DA:104,1978
DA:106,1976
DA:107,1976
DA:108,1976
DA:109,2054
DA:115,1
DA:116,1694
DA:117,1694
DA:118,1418
DA:121,1694
DA:122,3536
DA:123,1690
DA:124,3532
DA:125,3532
DA:129,1
DA:130,3635
DA:131,1421
DA:133,2214
DA:134,2214
DA:135,2214
DA:136,2214
DA:138,2214
DA:139,40275
DA:140,40275
DA:141,40275
DA:144,35645
DA:146,285
DA:147,285
DA:149,285
DA:150,285
DA:152,2068
DA:153,0
DA:156,2068
DA:157,2068
DA:159,1992
DA:160,0
DA:163,1992
DA:164,1992
DA:166,0
DA:171,2214
DA:172,0
DA:174,2214
DA:178,1
DA:181,7036
DA:182,4296
DA:183,0
DA:186,4296
DA:187,4296
DA:188,4296
DA:189,4296
DA:190,4296
DA:191,7846
DA:194,2357
DA:195,175
DA:197,2182
DA:199,4296
DA:201,4296
DA:202,68212
DA:203,68212
DA:204,68212
DA:205,68212
DA:208,52673
DA:210,603
DA:211,603
DA:213,603
DA:214,603
DA:216,2653
DA:217,2653
DA:219,539
DA:221,938
DA:222,938
DA:224,10203
DA:225,10203
DA:228,68212
DA:229,13794
DA:232,4296
DA:234,1
LF:135
LH:127
BRDA:29,1,0,0
BRDA:29,1,1,1287
BRDA:32,2,0,0
BRDA:32,2,1,1287
BRDA:42,3,0,0
BRDA:42,3,1,1418
BRDA:65,4,0,1421
BRDA:65,4,1,137
BRDA:76,5,0,175
BRDA:76,5,1,3376
BRDA:87,6,0,137
BRDA:87,6,1,1421
BRDA:106,7,0,1800
BRDA:106,7,1,176
BRDA:130,8,0,1421
BRDA:130,8,1,2214
BRDA:142,9,0,78
BRDA:142,9,1,35645
BRDA:142,9,2,285
BRDA:142,9,3,285
BRDA:142,9,4,2068
BRDA:142,9,5,1992
BRDA:142,9,6,0
BRDA:152,10,0,0
BRDA:152,10,1,2068
BRDA:156,11,0,285
BRDA:156,11,1,1783
BRDA:159,12,0,0
BRDA:159,12,1,1992
BRDA:163,13,0,285
BRDA:163,13,1,1707
BRDA:171,14,0,0
BRDA:171,14,1,2214
BRDA:181,15,0,2740
BRDA:181,15,1,1556
BRDA:182,16,0,0
BRDA:182,16,1,4296
BRDA:189,17,0,3757
BRDA:189,17,1,539
BRDA:191,18,0,3403
BRDA:191,18,1,893
BRDA:194,19,0,175
BRDA:194,19,1,2182
BRDA:194,20,0,2357
BRDA:194,20,1,1260
BRDA:206,21,0,39560
BRDA:206,21,1,52673
BRDA:206,21,2,603
BRDA:206,21,3,603
BRDA:206,21,4,2653
BRDA:206,21,5,539
BRDA:206,21,6,938
BRDA:206,21,7,10203
BRDA:221,22,0,938
BRDA:221,22,1,731
BRDA:228,23,0,13794
BRDA:228,23,1,54418
BRDA:229,24,0,1439
BRDA:229,24,1,12355
BRF:59
BRH:51
end_of_record
TN:
SF:src/scheduler/VirtualTimeScheduler.ts
FN:5,(anonymous_3)
FN:16,(anonymous_5)
FN:20,(anonymous_6)
FN:36,(anonymous_7)
FN:41,(anonymous_8)
FN:58,(anonymous_9)
FN:64,(anonymous_10)
FN:69,VirtualAction
FN:75,(anonymous_12)
FN:96,(anonymous_13)
FN:103,(anonymous_14)
FNF:11
FNH:11
FNDA:1686,(anonymous_3)
FNDA:5252,(anonymous_5)
FNDA:1698,(anonymous_6)
FNDA:11158,(anonymous_7)
FNDA:75682,(anonymous_8)
FNDA:10983,(anonymous_9)
FNDA:1,(anonymous_10)
FNDA:11082,VirtualAction
FNDA:11158,(anonymous_12)
FNDA:10614,(anonymous_13)
FNDA:3142,(anonymous_14)
DA:2,1
DA:5,2
DA:6,1685
DA:7,1685
DA:8,1685
DA:9,1685
DA:10,1685
DA:11,1685
DA:12,1685
DA:14,1
DA:16,1
DA:17,5252
DA:20,1
DA:21,1698
DA:22,1698
DA:23,1698
DA:24,10619
DA:25,10619
DA:26,10619
DA:27,10614
DA:29,5
DA:32,1694
DA:33,1694
DA:36,1
DA:37,11158
DA:39,11158
DA:41,11158
DA:42,75682
DA:43,5616
DA:44,7
DA:45,5609
DA:46,594
DA:48,5015
DA:50,70066
DA:51,22413
DA:53,47653
DA:58,10983
DA:59,10983
DA:60,10983
DA:62,1
DA:64,1
DA:67,11082
DA:69,11082
DA:70,11082
DA:71,11082
DA:72,11082
DA:75,11231
DA:76,11158
DA:77,0
DA:79,11158
DA:80,11158
DA:81,11158
DA:83,11059
DA:87,99
DA:88,99
DA:90,11158
DA:91,11158
DA:92,11158
DA:93,11158
DA:96,1
DA:97,10614
DA:98,0
DA:100,10614
DA:103,1
DA:104,3142
DA:105,3142
DA:107,3142
DA:108,3142
DA:109,3142
DA:111,3142
DA:112,539
DA:115,3142
DA:117,1
LF:73
LH:71
BRDA:26,1,0,10614
BRDA:26,1,1,5
BRDA:42,2,0,5616
BRDA:42,2,1,70066
BRDA:43,3,0,7
BRDA:43,3,1,5609
BRDA:45,4,0,594
BRDA:45,4,1,5015
BRDA:50,5,0,22413
BRDA:50,5,1,47653
BRDA:58,6,0,0
BRDA:58,6,1,10983
BRDA:75,7,0,73
BRDA:75,7,1,11085
BRDA:76,8,0,0
BRDA:76,8,1,11158
BRDA:81,9,0,11059
BRDA:81,9,1,99
BRDA:97,10,0,0
BRDA:97,10,1,10614
BRDA:111,11,0,539
BRDA:111,11,1,2603
BRF:22
BRH:19
end_of_record
TN:
SF:src/testing/ColdObservable.ts
FN:9,(anonymous_3)
FN:15,ColdObservable
FN:17,(anonymous_5)
FN:20,(anonymous_6)
FN:29,(anonymous_7)
FN:34,(anonymous_8)
FNF:6
FNH:6
FNDA:1,(anonymous_3)
FNDA:1287,ColdObservable
FNDA:1233,(anonymous_5)
FNDA:1096,(anonymous_6)
FNDA:1233,(anonymous_7)
FNDA:2431,(anonymous_8)
DA:1,1
DA:2,1
DA:6,1
DA:7,1
DA:9,1
DA:10,1287
DA:15,1287
DA:17,1287
DA:18,1233
DA:19,1233
DA:20,1233
DA:21,1096
DA:23,1233
DA:24,1233
DA:26,1287
DA:29,1
DA:30,1233
DA:31,1233
DA:32,2901
DA:33,2901
DA:34,2431
DA:40,1
DA:41,1
LF:23
LH:23
BRF:0
BRH:0
end_of_record
TN:
SF:src/testing/SubscriptionLoggable.ts
FN:4,(anonymous_1)
FN:8,(anonymous_3)
FN:13,(anonymous_4)
FNF:3
FNH:3
FNDA:1,(anonymous_1)
FNDA:2661,(anonymous_3)
FNDA:2400,(anonymous_4)
DA:2,1
DA:4,2
DA:5,0
DA:8,1
DA:9,2661
DA:10,2661
DA:13,1
DA:14,2400
DA:15,2400
DA:16,2400
DA:21,1
LF:11
LH:10
BRF:0
BRH:0
end_of_record
TN:
SF:src/testing/SubscriptionLog.ts
FN:1,(anonymous_1)
FN:2,SubscriptionLog
FNF:2
FNH:2
FNDA:1,(anonymous_1)
FNDA:8696,SubscriptionLog
DA:1,1
DA:2,8696
DA:3,12778
DA:5,1
LF:4
LH:4
BRDA:3,1,0,4082
BRDA:3,1,1,4614
BRF:2
BRH:2
end_of_record
TN:
SF:src/util/applyMixins.ts
FN:1,applyMixins
FNF:1
FNH:1
FNDA:2,applyMixins
DA:1,1
DA:2,2
DA:3,2
DA:4,2
DA:5,2
DA:6,6
DA:7,6
LF:7
LH:7
BRF:0
BRH:0
end_of_record
TN:
SF:src/testing/HotObservable.ts
FN:10,(anonymous_3)
FN:16,HotObservable
FN:22,(anonymous_5)
FN:25,(anonymous_6)
FN:31,(anonymous_7)
FN:36,(anonymous_8)
FN:40,(anonymous_9)
FNF:7
FNH:7
FNDA:1,(anonymous_3)
FNDA:1418,HotObservable
FNDA:1428,(anonymous_5)
FNDA:1304,(anonymous_6)
FNDA:1418,(anonymous_7)
FNDA:6036,(anonymous_8)
FNDA:6036,(anonymous_9)
DA:1,1
DA:3,1
DA:7,1
DA:8,1
DA:10,1
DA:11,1418
DA:16,1418
DA:18,1418
DA:19,1418
DA:22,1
DA:23,1428
DA:24,1428
DA:25,1428
DA:26,1304
DA:28,1428
DA:31,1
DA:32,1418
DA:33,1418
DA:35,1418
DA:36,6036
DA:37,6036
DA:39,6036
DA:40,6036
DA:46,1
DA:47,1
LF:25
LH:25
BRF:0
BRH:0
end_of_record
TN:
SF:src/Rx.ts
FNF:0
FNH:0
DA:5,1
DA:7,1
DA:11,1
DA:12,1
DA:13,1
DA:14,1
DA:15,1
DA:16,1
DA:17,1
DA:18,1
DA:19,1
DA:20,1
DA:21,1
DA:22,1
DA:23,1
DA:24,1
DA:25,1
DA:26,1
DA:27,1
DA:28,1
DA:31,1
DA:32,1
DA:33,1
DA:34,1
DA:35,1
DA:36,1
DA:37,1
DA:38,1
DA:39,1
DA:40,1
DA:41,1
DA:42,1
DA:43,1
DA:44,1
DA:45,1
DA:46,1
DA:47,1
DA:48,1
DA:49,1
DA:50,1
DA:51,1
DA:52,1
DA:53,1
DA:54,1
DA:55,1
DA:56,1
DA:57,1
DA:58,1
DA:59,1
DA:60,1
DA:61,1
DA:62,1
DA:63,1
DA:64,1
DA:65,1
DA:66,1
DA:67,1
DA:68,1
DA:69,1
DA:70,1
DA:71,1
DA:72,1
DA:73,1
DA:74,1
DA:75,1
DA:76,1
DA:77,1
DA:78,1
DA:79,1
DA:80,1
DA:81,1
DA:82,1
DA:83,1
DA:84,1
DA:85,1
DA:86,1
DA:87,1
DA:88,1
DA:89,1
DA:90,1
DA:91,1
DA:92,1
DA:93,1
DA:94,1
DA:95,1
DA:96,1
DA:97,1
DA:98,1
DA:99,1
DA:100,1
DA:101,1
DA:102,1
DA:103,1
DA:104,1
DA:105,1
DA:106,1
DA:107,1
DA:108,1
DA:111,1
DA:112,1
DA:113,1
DA:114,1
DA:115,1
DA:116,1
DA:117,1
DA:118,1
DA:119,1
DA:120,1
DA:121,1
DA:122,1
DA:125,1
DA:129,1
DA:134,1
DA:140,1
DA:141,1
DA:142,1
DA:143,1
DA:144,1
DA:145,1
DA:146,1
DA:147,1
DA:148,1
DA:149,1
DA:150,1
DA:151,1
DA:152,1
DA:153,1
LF:127
LH:127
BRF:0
BRH:0
end_of_record
TN:
SF:src/add/operator/switchFirst.ts
FNF:0
FNH:0
DA:1,1
DA:2,1
DA:3,1
LF:3
LH:3
BRF:0
BRH:0
end_of_record
TN:
SF:src/operator/switchFirst.ts
FN:8,switchFirst
FN:12,(anonymous_4)
FN:13,(anonymous_6)
FN:18,(anonymous_7)
FN:22,SwitchFirstSubscriber
FN:26,(anonymous_9)
FN:33,(anonymous_10)
FN:40,(anonymous_11)
FN:44,(anonymous_12)
FN:48,(anonymous_13)
FNF:10
FNH:10
FNDA:15,switchFirst
FNDA:16,(anonymous_4)
FNDA:15,(anonymous_6)
FNDA:1,(anonymous_7)
FNDA:15,SwitchFirstSubscriber
FNDA:21,(anonymous_9)
FNDA:9,(anonymous_10)
FNDA:26,(anonymous_11)
FNDA:2,(anonymous_12)
FNDA:8,(anonymous_13)
DA:5,1
DA:6,1
DA:8,1
DA:9,15
DA:12,2
DA:13,1
DA:14,15
DA:16,1
DA:18,1
DA:19,15
DA:20,15
DA:22,1
DA:23,15
DA:26,1
DA:27,21
DA:28,12
DA:29,12
DA:33,1
DA:34,9
DA:35,9
DA:36,4
DA:40,1
DA:41,26
DA:44,1
DA:45,2
DA:48,1
DA:49,8
DA:50,8
DA:51,8
DA:52,3
DA:55,1
LF:31
LH:31
BRDA:27,1,0,12
BRDA:27,1,1,9
BRDA:35,2,0,4
BRDA:35,2,1,5
BRDA:51,3,0,3
BRDA:51,3,1,5
BRF:6
BRH:6
end_of_record
TN:
SF:src/add/operator/switchFirstMap.ts
FNF:0
FNH:0
DA:1,1
DA:2,1
DA:3,1
LF:3
LH:3
BRF:0
BRH:0
end_of_record
TN:
SF:src/operator/switchFirstMap.ts
FN:9,switchFirstMap
FN:17,(anonymous_4)
FN:18,SwitchFirstMapOperator
FN:25,(anonymous_6)
FN:30,(anonymous_7)
FN:35,SwitchFirstMapSubscriber
FN:41,(anonymous_9)
FN:55,(anonymous_10)
FN:62,(anonymous_11)
FN:76,(anonymous_12)
FN:80,(anonymous_13)
FNF:11
FNH:11
FNDA:17,switchFirstMap
FNDA:1,(anonymous_4)
FNDA:17,SwitchFirstMapOperator
FNDA:17,(anonymous_6)
FNDA:1,(anonymous_7)
FNDA:17,SwitchFirstMapSubscriber
FNDA:30,(anonymous_9)
FNDA:9,(anonymous_10)
FNDA:45,(anonymous_11)
FNDA:2,(anonymous_12)
FNDA:13,(anonymous_13)
DA:4,1
DA:5,1
DA:6,1
DA:7,1
DA:9,1
DA:14,17
DA:17,1
DA:18,17
DA:19,17
DA:25,1
DA:26,17
DA:28,1
DA:30,1
DA:31,17
DA:32,17
DA:33,17
DA:35,1
DA:36,17
DA:37,17
DA:38,17
DA:41,1
DA:42,30
DA:43,22
DA:44,22
DA:45,22
DA:46,22
DA:47,1
DA:49,21
DA:50,21
DA:55,1
DA:56,9
DA:57,9
DA:58,4
DA:62,1
DA:63,45
DA:64,45
DA:65,10
DA:66,10
DA:67,1
DA:69,9
DA:72,35
DA:76,1
DA:77,2
DA:80,1
DA:81,13
DA:82,13
DA:83,2
DA:86,1
LF:48
LH:48
BRDA:42,1,0,22
BRDA:42,1,1,8
BRDA:46,2,0,1
BRDA:46,2,1,21
BRDA:57,3,0,4
BRDA:57,3,1,5
BRDA:64,4,0,10
BRDA:64,4,1,35
BRDA:66,5,0,1
BRDA:66,5,1,9
BRDA:82,6,0,2
BRDA:82,6,1,11
BRF:12
BRH:12
end_of_record
