TN:
SF:/Users/blesh/GitHub/blesh/RxJS/dist/cjs/util/root.js
FNF:0
FNH:0
DA:1,1
DA:9,1
DA:11,1
DA:12,1
DA:13,1
DA:14,1
DA:15,1
LF:7
LH:7
BRDA:9,1,0,1
BRDA:9,1,1,0
BRDA:9,1,2,1
BRDA:9,1,3,0
BRDA:11,2,0,1
BRDA:11,2,1,1
BRDA:11,2,2,1
BRDA:11,2,3,1
BRDA:12,3,0,1
BRDA:12,3,1,1
BRDA:12,3,2,1
BRDA:12,3,3,1
BRDA:13,4,0,1
BRDA:13,4,1,1
BRDA:14,5,0,1
BRDA:14,5,1,0
BRDA:14,6,0,1
BRDA:14,6,1,1
BRDA:14,6,2,0
BRF:19
BRH:15
end_of_record
TN:
SF:/Users/blesh/GitHub/blesh/RxJS/dist/cjs/Rx.KitchenSink.js
FNF:0
FNH:0
DA:2,1
DA:3,1
DA:5,1
DA:6,1
DA:9,1
DA:10,1
DA:11,1
DA:12,1
DA:13,1
DA:14,1
DA:15,1
DA:16,1
DA:17,1
DA:18,1
DA:19,1
DA:20,1
DA:21,1
DA:22,1
DA:23,1
DA:24,1
DA:25,1
DA:26,1
DA:28,1
DA:29,1
DA:30,1
DA:31,1
DA:32,1
DA:33,1
DA:34,1
DA:35,1
DA:36,1
DA:37,1
DA:38,1
DA:39,1
DA:40,1
DA:41,1
DA:42,1
DA:43,1
DA:44,1
DA:45,1
DA:46,1
DA:47,1
DA:48,1
DA:49,1
DA:50,1
DA:51,1
DA:52,1
DA:53,1
DA:54,1
DA:55,1
DA:56,1
DA:57,1
DA:58,1
DA:59,1
DA:60,1
DA:61,1
DA:62,1
DA:63,1
DA:64,1
DA:65,1
DA:66,1
DA:67,1
DA:68,1
DA:69,1
DA:70,1
DA:71,1
DA:72,1
DA:73,1
DA:74,1
DA:75,1
DA:76,1
DA:77,1
DA:78,1
DA:79,1
DA:80,1
DA:81,1
DA:82,1
DA:83,1
DA:84,1
DA:85,1
DA:86,1
DA:87,1
DA:88,1
DA:89,1
DA:90,1
DA:91,1
DA:92,1
DA:93,1
DA:94,1
DA:95,1
DA:96,1
DA:97,1
DA:98,1
DA:99,1
DA:100,1
DA:101,1
DA:102,1
DA:103,1
DA:104,1
DA:105,1
DA:106,1
DA:107,1
DA:108,1
DA:109,1
DA:110,1
DA:111,1
DA:112,1
DA:114,1
DA:115,1
DA:116,1
DA:117,1
DA:118,1
DA:119,1
DA:120,1
DA:121,1
DA:122,1
DA:123,1
DA:124,1
DA:125,1
DA:126,1
DA:127,1
DA:128,1
DA:129,1
DA:130,1
DA:131,1
DA:132,1
DA:133,1
DA:134,1
DA:135,1
DA:136,1
DA:137,1
DA:138,1
DA:139,1
DA:140,1
DA:141,1
DA:142,1
DA:145,1
DA:149,1
DA:150,1
DA:153,1
LF:140
LH:140
BRF:0
BRH:0
end_of_record
TN:
SF:/Users/blesh/GitHub/blesh/RxJS/dist/cjs/Subject.js
FN:1,(anonymous_1)
FN:3,__
FN:20,(anonymous_3)
FN:22,Subject
FN:30,(anonymous_5)
FN:33,(anonymous_6)
FN:36,(anonymous_7)
FN:41,(anonymous_8)
FN:59,(anonymous_9)
FN:62,(anonymous_10)
FN:65,(anonymous_11)
FN:69,(anonymous_12)
FN:83,(anonymous_13)
FN:95,(anonymous_14)
FN:106,(anonymous_15)
FN:114,(anonymous_16)
FN:126,(anonymous_17)
FN:141,(anonymous_18)
FN:143,BidirectionalSubject
FN:148,(anonymous_20)
FN:152,(anonymous_21)
FN:155,(anonymous_22)
FN:158,(anonymous_23)
FN:161,(anonymous_24)
FN:164,(anonymous_25)
FN:167,(anonymous_26)
FNF:26
FNH:26
FNDA:2,(anonymous_1)
FNDA:2,__
FNDA:1,(anonymous_3)
FNDA:2802,Subject
FNDA:129,(anonymous_5)
FNDA:2,(anonymous_6)
FNDA:915,(anonymous_7)
FNDA:2063,(anonymous_8)
FNDA:735,(anonymous_9)
FNDA:1,(anonymous_10)
FNDA:1746,(anonymous_11)
FNDA:5764,(anonymous_12)
FNDA:353,(anonymous_13)
FNDA:1430,(anonymous_14)
FNDA:5690,(anonymous_15)
FNDA:333,(anonymous_16)
FNDA:1315,(anonymous_17)
FNDA:1,(anonymous_18)
FNDA:917,BidirectionalSubject
FNDA:920,(anonymous_20)
FNDA:6,(anonymous_21)
FNDA:1,(anonymous_22)
FNDA:1,(anonymous_23)
FNDA:6,(anonymous_24)
FNDA:1,(anonymous_25)
FNDA:1,(anonymous_26)
DA:1,1
DA:2,2
DA:3,2
DA:4,2
DA:6,1
DA:7,1
DA:8,1
DA:9,1
DA:10,1
DA:11,1
DA:12,1
DA:13,1
DA:14,1
DA:15,1
DA:16,1
DA:17,1
DA:18,1
DA:19,1
DA:20,1
DA:21,1
DA:22,1
DA:23,2802
DA:24,2802
DA:25,2802
DA:26,2802
DA:27,2802
DA:28,2802
DA:30,1
DA:31,129
DA:33,1
DA:34,2
DA:36,1
DA:37,915
DA:38,915
DA:39,915
DA:41,1
DA:42,2063
DA:43,2
DA:45,2061
DA:46,43
DA:47,43
DA:49,2018
DA:50,43
DA:51,43
DA:53,1975
DA:54,1
DA:56,1974
DA:57,1974
DA:59,1
DA:60,735
DA:62,1
DA:63,1
DA:65,1
DA:66,1746
DA:67,1746
DA:69,1
DA:70,5764
DA:71,22
DA:73,5742
DA:74,5742
DA:75,5742
DA:76,5742
DA:77,3
DA:79,5739
DA:80,26
DA:83,1
DA:84,353
DA:85,17
DA:87,336
DA:88,336
DA:89,336
DA:90,3
DA:92,333
DA:93,333
DA:95,1
DA:96,1430
DA:97,69
DA:99,1361
DA:100,1361
DA:101,26
DA:103,1335
DA:104,1335
DA:106,1
DA:107,5690
DA:108,5690
DA:109,5690
DA:110,5690
DA:111,4654
DA:114,1
DA:115,333
DA:116,333
DA:117,333
DA:119,333
DA:120,333
DA:121,333
DA:122,324
DA:124,333
DA:126,1
DA:127,1315
DA:128,1315
DA:129,1315
DA:131,1315
DA:132,1315
DA:133,1315
DA:134,982
DA:136,1315
DA:138,1
DA:140,1
DA:141,1
DA:142,1
DA:143,1
DA:144,917
DA:145,917
DA:146,917
DA:148,1
DA:149,920
DA:150,920
DA:152,1
DA:153,6
DA:155,1
DA:156,1
DA:158,1
DA:159,1
DA:161,1
DA:162,6
DA:164,1
DA:165,1
DA:167,1
DA:168,1
DA:170,1
LF:130
LH:130
BRDA:1,1,0,1
BRDA:1,1,1,1
BRDA:1,1,2,1
BRDA:2,2,0,2
BRDA:2,2,1,0
BRDA:4,3,0,0
BRDA:4,3,1,2
BRDA:37,4,0,915
BRDA:37,4,1,869
BRDA:42,5,0,2
BRDA:42,5,1,2061
BRDA:45,6,0,43
BRDA:45,6,1,2018
BRDA:49,7,0,43
BRDA:49,7,1,1975
BRDA:53,8,0,1
BRDA:53,8,1,1974
BRDA:70,9,0,22
BRDA:70,9,1,5742
BRDA:76,10,0,3
BRDA:76,10,1,5739
BRDA:79,11,0,26
BRDA:79,11,1,5713
BRDA:84,12,0,17
BRDA:84,12,1,336
BRDA:84,13,0,353
BRDA:84,13,1,336
BRDA:89,14,0,3
BRDA:89,14,1,333
BRDA:96,15,0,69
BRDA:96,15,1,1361
BRDA:96,16,0,1430
BRDA:96,16,1,1361
BRDA:100,17,0,26
BRDA:100,17,1,1335
BRDA:150,18,0,918
BRDA:150,18,1,2
BRF:37
BRH:35
end_of_record
TN:
SF:/Users/blesh/GitHub/blesh/RxJS/dist/cjs/Observable.js
FN:11,(anonymous_1)
FN:19,Observable
FN:32,(anonymous_3)
FN:43,(anonymous_4)
FN:57,(anonymous_5)
FN:84,(anonymous_6)
FN:97,(anonymous_7)
FN:101,(anonymous_8)
FN:113,(anonymous_9)
FNF:9
FNH:8
FNDA:1,(anonymous_1)
FNDA:6493,Observable
FNDA:911,(anonymous_3)
FNDA:0,(anonymous_4)
FNDA:4449,(anonymous_5)
FNDA:3,(anonymous_6)
FNDA:3,(anonymous_7)
FNDA:948,(anonymous_8)
FNDA:10,(anonymous_9)
DA:1,1
DA:2,1
DA:3,1
DA:4,1
DA:11,1
DA:19,1
DA:20,6493
DA:21,6493
DA:22,1312
DA:32,1
DA:33,911
DA:34,911
DA:35,911
DA:36,911
DA:43,1
DA:44,0
DA:57,1
DA:58,4449
DA:59,4449
DA:60,2419
DA:61,2272
DA:63,147
DA:64,128
DA:67,19
DA:71,2030
DA:72,2030
DA:74,4449
DA:75,4445
DA:84,1
DA:85,3
DA:86,3
DA:87,2
DA:88,1
DA:90,1
DA:91,1
DA:94,3
DA:95,0
DA:97,3
DA:98,3
DA:101,1
DA:102,948
DA:113,1
DA:114,10
DA:116,1
DA:118,1
LF:45
LH:43
BRDA:21,1,0,1312
BRDA:21,1,1,5181
BRDA:59,2,0,2419
BRDA:59,2,1,2030
BRDA:59,3,0,4449
BRDA:59,3,1,4427
BRDA:60,4,0,2272
BRDA:60,4,1,147
BRDA:63,5,0,128
BRDA:63,5,1,19
BRDA:86,6,0,2
BRDA:86,6,1,1
BRDA:87,7,0,1
BRDA:87,7,1,1
BRDA:87,8,0,2
BRDA:87,8,1,1
BRDA:87,8,2,1
BRDA:90,9,0,1
BRDA:90,9,1,0
BRDA:94,10,0,0
BRDA:94,10,1,3
BRF:21
BRH:19
end_of_record
TN:
SF:/Users/blesh/GitHub/blesh/RxJS/dist/cjs/Subscriber.js
FN:1,(anonymous_1)
FN:3,__
FN:11,(anonymous_3)
FN:13,Subscriber
FN:28,(anonymous_5)
FN:32,(anonymous_6)
FN:42,(anonymous_7)
FN:55,(anonymous_8)
FN:62,(anonymous_9)
FN:72,(anonymous_10)
FN:81,(anonymous_11)
FN:92,(anonymous_12)
FN:98,(anonymous_13)
FN:104,(anonymous_14)
FN:110,(anonymous_15)
FN:115,(anonymous_16)
FN:121,(anonymous_17)
FNF:17
FNH:17
FNDA:1,(anonymous_1)
FNDA:1,__
FNDA:1,(anonymous_3)
FNDA:10463,Subscriber
FNDA:1,(anonymous_5)
FNDA:139857,(anonymous_6)
FNDA:14686,(anonymous_7)
FNDA:2038,(anonymous_8)
FNDA:16073,(anonymous_9)
FNDA:2307,(anonymous_10)
FNDA:7563,(anonymous_11)
FNDA:50,(anonymous_12)
FNDA:177,(anonymous_13)
FNDA:228,(anonymous_14)
FNDA:36569,(anonymous_15)
FNDA:1252,(anonymous_16)
FNDA:7383,(anonymous_17)
DA:1,1
DA:2,1
DA:3,1
DA:4,1
DA:6,1
DA:7,1
DA:8,1
DA:9,1
DA:10,1
DA:11,1
DA:12,1
DA:13,1
DA:14,10463
DA:15,10462
DA:16,10462
DA:17,10462
DA:18,8406
DA:20,2056
DA:21,2056
DA:22,102
DA:24,1954
DA:25,1934
DA:28,1
DA:29,1
DA:31,1
DA:33,139857
DA:34,139857
DA:36,51709
DA:39,88148
DA:43,14686
DA:44,14686
DA:46,0
DA:49,14686
DA:55,1
DA:56,2038
DA:57,2038
DA:58,2038
DA:59,2038
DA:60,2038
DA:62,1
DA:64,16073
DA:65,16073
DA:66,3708
DA:69,12365
DA:72,1
DA:74,2307
DA:75,1062
DA:78,1245
DA:81,1
DA:82,7563
DA:83,1749
DA:85,5814
DA:86,1592
DA:89,4222
DA:92,1
DA:93,50
DA:94,50
DA:95,50
DA:98,1
DA:99,177
DA:100,177
DA:101,177
DA:104,1
DA:105,228
DA:106,228
DA:107,226
DA:110,1
DA:111,36569
DA:112,32795
DA:115,1
DA:116,1252
DA:117,1223
DA:118,1218
DA:121,1
DA:122,7383
DA:123,7325
DA:124,3543
DA:127,1
DA:129,1
LF:79
LH:78
BRDA:1,1,0,1
BRDA:1,1,1,1
BRDA:1,1,2,1
BRDA:2,2,0,1
BRDA:2,2,1,0
BRDA:4,3,0,0
BRDA:4,3,1,1
BRDA:17,4,0,8406
BRDA:17,4,1,2056
BRDA:21,5,0,102
BRDA:21,5,1,1954
BRDA:24,6,0,1934
BRDA:24,6,1,20
BRDA:34,7,0,51709
BRDA:34,7,1,88148
BRDA:36,8,0,51709
BRDA:36,8,1,51675
BRDA:44,9,0,0
BRDA:44,9,1,14686
BRDA:57,10,0,2038
BRDA:57,10,1,2016
BRDA:57,10,2,22
BRDA:58,11,0,2038
BRDA:58,11,1,1861
BRDA:58,11,2,177
BRDA:59,12,0,2038
BRDA:59,12,1,1925
BRDA:59,12,2,113
BRDA:65,13,0,3708
BRDA:65,13,1,12365
BRDA:74,14,0,1062
BRDA:74,14,1,1245
BRDA:82,15,0,1749
BRDA:82,15,1,5814
BRDA:85,16,0,1592
BRDA:85,16,1,4222
BRDA:94,17,0,50
BRDA:94,17,1,0
BRDA:100,18,0,177
BRDA:100,18,1,0
BRDA:106,19,0,226
BRDA:106,19,1,2
BRDA:111,20,0,32795
BRDA:111,20,1,3774
BRDA:116,21,0,1223
BRDA:116,21,1,29
BRDA:122,22,0,7325
BRDA:122,22,1,58
BRF:48
BRH:43
end_of_record
TN:
SF:/Users/blesh/GitHub/blesh/RxJS/dist/cjs/util/noop.js
FN:2,noop
FNF:1
FNH:1
FNDA:7826,noop
DA:2,1
DA:3,1
LF:2
LH:2
BRF:0
BRH:0
end_of_record
TN:
SF:/Users/blesh/GitHub/blesh/RxJS/dist/cjs/util/throwError.js
FN:1,throwError
FNF:1
FNH:1
FNDA:6,throwError
DA:1,6
DA:2,1
LF:2
LH:2
BRF:0
BRH:0
end_of_record
TN:
SF:/Users/blesh/GitHub/blesh/RxJS/dist/cjs/util/tryOrOnError.js
FN:1,tryOrOnError
FN:2,tryCatcher
FNF:2
FNH:2
FNDA:2016,tryOrOnError
FNDA:4521,tryCatcher
DA:1,1
DA:2,1
DA:3,4521
DA:4,4521
DA:7,4
DA:10,2016
DA:11,2016
DA:13,1
LF:8
LH:8
BRF:0
BRH:0
end_of_record
TN:
SF:/Users/blesh/GitHub/blesh/RxJS/dist/cjs/Subscription.js
FN:2,(anonymous_1)
FN:3,Subscription
FN:9,(anonymous_3)
FN:12,(anonymous_4)
FN:31,(anonymous_5)
FN:59,(anonymous_6)
FN:75,(anonymous_7)
FNF:7
FNH:7
FNDA:1,(anonymous_1)
FNDA:26832,Subscription
FNDA:7662,(anonymous_3)
FNDA:12146,(anonymous_4)
FNDA:13552,(anonymous_5)
FNDA:1252,(anonymous_6)
FNDA:1,(anonymous_7)
DA:1,1
DA:2,1
DA:3,1
DA:4,26832
DA:5,26831
DA:6,2682
DA:9,1
DA:10,7662
DA:12,1
DA:13,12146
DA:14,73
DA:16,12073
DA:17,12073
DA:18,12073
DA:19,12073
DA:20,12073
DA:21,10383
DA:23,12073
DA:24,3957
DA:25,3957
DA:26,3957
DA:27,9281
DA:31,1
DA:36,13552
DA:37,2381
DA:39,11171
DA:40,11171
DA:42,8
DA:44,11171
DA:45,201
DA:47,10970
DA:48,55
DA:51,10915
DA:52,10915
DA:54,10970
DA:56,0
DA:59,1
DA:64,1252
DA:65,0
DA:67,1252
DA:68,1252
DA:69,1198
DA:70,1198
DA:71,836
DA:75,1
DA:76,1
DA:77,1
DA:79,1
DA:81,1
LF:49
LH:47
BRDA:5,1,0,2682
BRDA:5,1,1,24149
BRDA:13,2,0,73
BRDA:13,2,1,12073
BRDA:20,3,0,10383
BRDA:20,3,1,1690
BRDA:23,4,0,3957
BRDA:23,4,1,8116
BRDA:36,5,0,2381
BRDA:36,5,1,11171
BRDA:36,6,0,13552
BRDA:36,6,1,12254
BRDA:36,6,2,11171
BRDA:40,7,0,8
BRDA:40,7,1,11171
BRDA:40,7,2,0
BRDA:44,8,0,201
BRDA:44,8,1,10970
BRDA:44,9,0,11171
BRDA:44,9,1,10970
BRDA:47,10,0,55
BRDA:47,10,1,10915
BRDA:51,11,0,10915
BRDA:51,11,1,4376
BRDA:64,12,0,0
BRDA:64,12,1,1252
BRDA:64,13,0,1252
BRDA:64,13,1,1252
BRDA:64,13,2,1252
BRDA:68,14,0,1198
BRDA:68,14,1,54
BRDA:70,15,0,836
BRDA:70,15,1,362
BRF:33
BRH:31
end_of_record
TN:
SF:/Users/blesh/GitHub/blesh/RxJS/dist/cjs/symbol/rxSubscriber.js
FNF:0
FNH:0
DA:1,1
DA:8,1
LF:2
LH:2
BRF:0
BRH:0
end_of_record
TN:
SF:/Users/blesh/GitHub/blesh/RxJS/dist/cjs/util/SymbolShim.js
FN:2,polyfillSymbol
FN:9,ensureSymbol
FN:18,symbolForPolyfill
FN:22,ensureIterator
FN:48,ensureObservable
FNF:5
FNH:5
FNDA:6,polyfillSymbol
FNDA:6,ensureSymbol
FNDA:7,symbolForPolyfill
FNDA:9,ensureIterator
FNDA:6,ensureObservable
DA:1,1
DA:2,1
DA:3,6
DA:4,6
DA:5,6
DA:6,6
DA:8,1
DA:9,1
DA:10,6
DA:11,3
DA:15,6
DA:17,1
DA:18,1
DA:19,7
DA:21,1
DA:22,1
DA:23,9
DA:24,7
DA:25,5
DA:27,2
DA:29,1
DA:31,1
DA:33,1
DA:34,1
DA:35,12
DA:36,12
DA:37,1
DA:38,1
DA:43,0
DA:47,1
DA:48,1
DA:49,6
DA:50,5
DA:51,5
DA:54,0
DA:58,1
DA:59,1
LF:37
LH:35
BRDA:10,1,0,3
BRDA:10,1,1,3
BRDA:23,2,0,7
BRDA:23,2,1,2
BRDA:24,3,0,5
BRDA:24,3,1,2
BRDA:27,4,0,1
BRDA:27,4,1,1
BRDA:27,5,0,2
BRDA:27,5,1,1
BRDA:31,6,0,1
BRDA:31,6,1,0
BRDA:36,7,0,1
BRDA:36,7,1,11
BRDA:36,8,0,12
BRDA:36,8,1,11
BRDA:36,8,2,10
BRDA:49,9,0,5
BRDA:49,9,1,1
BRDA:50,10,0,5
BRDA:50,10,1,0
BRF:21
BRH:19
end_of_record
TN:
SF:/Users/blesh/GitHub/blesh/RxJS/dist/cjs/subject/SubjectSubscription.js
FN:1,(anonymous_1)
FN:3,__
FN:8,(anonymous_3)
FN:10,SubjectSubscription
FN:16,(anonymous_5)
FNF:5
FNH:5
FNDA:1,(anonymous_1)
FNDA:1,__
FNDA:1,(anonymous_3)
FNDA:1974,SubjectSubscription
FNDA:1799,(anonymous_5)
DA:1,1
DA:2,1
DA:3,1
DA:4,1
DA:6,1
DA:7,1
DA:8,1
DA:9,1
DA:10,1
DA:11,1974
DA:12,1974
DA:13,1974
DA:14,1974
DA:16,1
DA:17,1799
DA:18,5
DA:20,1794
DA:21,1794
DA:22,1794
DA:23,1794
DA:24,1794
DA:25,1299
DA:27,495
DA:28,495
DA:30,495
DA:31,495
DA:32,495
DA:35,1
DA:37,1
LF:29
LH:29
BRDA:1,1,0,1
BRDA:1,1,1,1
BRDA:1,1,2,1
BRDA:2,2,0,1
BRDA:2,2,1,0
BRDA:4,3,0,0
BRDA:4,3,1,1
BRDA:17,4,0,5
BRDA:17,4,1,1794
BRDA:24,5,0,1299
BRDA:24,5,1,495
BRDA:24,6,0,1794
BRDA:24,6,1,495
BRDA:24,6,2,495
BRDA:27,7,0,495
BRDA:27,7,1,0
BRDA:31,8,0,495
BRDA:31,8,1,0
BRF:18
BRH:14
end_of_record
TN:
SF:/Users/blesh/GitHub/blesh/RxJS/dist/cjs/add/operator/combineLatest-static.js
FNF:0
FNH:0
DA:1,1
DA:2,1
DA:3,1
LF:3
LH:3
BRF:0
BRH:0
end_of_record
TN:
SF:/Users/blesh/GitHub/blesh/RxJS/dist/cjs/operator/combineLatest-static.js
FN:15,combineLatest
FNF:1
FNH:1
FNDA:30,combineLatest
DA:1,1
DA:2,1
DA:3,1
DA:4,1
DA:15,1
DA:16,30
DA:17,30
DA:18,89
DA:20,30
DA:21,30
DA:22,30
DA:23,1
DA:25,30
DA:26,29
DA:30,30
DA:31,1
DA:33,30
DA:35,1
LF:18
LH:18
BRDA:22,1,0,1
BRDA:22,1,1,29
BRDA:25,2,0,29
BRDA:25,2,1,1
BRDA:30,3,0,1
BRDA:30,3,1,29
BRDA:30,4,0,30
BRDA:30,4,1,1
BRF:8
BRH:8
end_of_record
TN:
SF:/Users/blesh/GitHub/blesh/RxJS/dist/cjs/observable/fromArray.js
FN:1,(anonymous_1)
FN:3,__
FN:10,(anonymous_3)
FN:12,ArrayObservable
FN:21,(anonymous_5)
FN:24,(anonymous_6)
FN:47,(anonymous_7)
FN:60,(anonymous_8)
FNF:8
FNH:8
FNDA:1,(anonymous_1)
FNDA:1,__
FNDA:1,(anonymous_3)
FNDA:489,ArrayObservable
FNDA:14,(anonymous_5)
FNDA:407,(anonymous_6)
FNDA:534,(anonymous_7)
FNDA:490,(anonymous_8)
DA:1,1
DA:2,1
DA:3,1
DA:4,1
DA:6,1
DA:7,1
DA:8,1
DA:9,1
DA:10,1
DA:11,1
DA:12,1
DA:13,489
DA:14,489
DA:15,489
DA:16,489
DA:17,1
DA:18,1
DA:21,1
DA:22,14
DA:24,1
DA:25,407
DA:26,407
DA:27,783
DA:29,407
DA:30,407
DA:31,37
DA:34,370
DA:36,407
DA:37,407
DA:38,193
DA:40,214
DA:41,212
DA:44,2
DA:47,1
DA:48,534
DA:49,534
DA:50,143
DA:51,141
DA:53,391
DA:54,389
DA:55,0
DA:57,389
DA:58,389
DA:60,1
DA:61,490
DA:62,490
DA:63,490
DA:64,490
DA:65,490
DA:66,150
DA:71,340
DA:72,797
DA:74,340
DA:77,1
DA:79,1
LF:55
LH:54
BRDA:1,1,0,1
BRDA:1,1,1,1
BRDA:1,1,2,1
BRDA:2,2,0,1
BRDA:2,2,1,0
BRDA:4,3,0,0
BRDA:4,3,1,1
BRDA:16,4,0,1
BRDA:16,4,1,488
BRDA:16,5,0,489
BRDA:16,5,1,339
BRDA:30,6,0,37
BRDA:30,6,1,370
BRDA:37,7,0,193
BRDA:37,7,1,214
BRDA:40,8,0,212
BRDA:40,8,1,2
BRDA:49,9,0,143
BRDA:49,9,1,391
BRDA:54,10,0,0
BRDA:54,10,1,389
BRDA:65,11,0,150
BRDA:65,11,1,340
BRDA:71,12,0,1137
BRDA:71,12,1,803
BRF:25
BRH:22
end_of_record
TN:
SF:/Users/blesh/GitHub/blesh/RxJS/dist/cjs/observable/ScalarObservable.js
FN:1,(anonymous_1)
FN:3,__
FN:11,(anonymous_3)
FN:13,ScalarObservable
FN:19,(anonymous_5)
FN:22,(anonymous_6)
FN:35,(anonymous_7)
FN:55,(anonymous_8)
FN:64,(anonymous_9)
FN:76,(anonymous_10)
FN:88,(anonymous_11)
FN:91,(anonymous_12)
FN:105,(anonymous_13)
FN:111,(anonymous_14)
FNF:14
FNH:14
FNDA:1,(anonymous_1)
FNDA:1,__
FNDA:1,(anonymous_3)
FNDA:268,ScalarObservable
FNDA:1,(anonymous_5)
FNDA:5,(anonymous_6)
FNDA:48,(anonymous_7)
FNDA:3,(anonymous_8)
FNDA:4,(anonymous_9)
FNDA:6,(anonymous_10)
FNDA:3,(anonymous_11)
FNDA:4,(anonymous_12)
FNDA:2,(anonymous_13)
FNDA:2,(anonymous_14)
DA:1,1
DA:2,1
DA:3,1
DA:4,1
DA:6,1
DA:7,1
DA:8,1
DA:9,1
DA:10,1
DA:11,1
DA:12,1
DA:13,1
DA:14,268
DA:15,268
DA:16,268
DA:17,268
DA:19,1
DA:20,1
DA:22,1
DA:23,5
DA:24,5
DA:25,2
DA:26,2
DA:28,3
DA:29,3
DA:30,1
DA:32,2
DA:33,2
DA:35,1
DA:36,48
DA:37,48
DA:38,48
DA:39,3
DA:44,45
DA:45,43
DA:46,42
DA:50,1
DA:52,1
DA:54,1
DA:55,1
DA:56,3
DA:57,3
DA:58,1
DA:61,2
DA:64,1
DA:65,4
DA:66,4
DA:67,2
DA:69,2
DA:70,1
DA:73,1
DA:76,1
DA:77,6
DA:78,2
DA:80,4
DA:81,4
DA:82,2
DA:85,2
DA:88,1
DA:89,3
DA:91,1
DA:92,4
DA:93,1
DA:96,3
DA:97,3
DA:98,1
DA:101,2
DA:105,1
DA:106,2
DA:107,1
DA:109,1
DA:111,1
DA:112,2
DA:113,1
DA:115,1
LF:75
LH:75
BRDA:1,1,0,1
BRDA:1,1,1,1
BRDA:1,1,2,1
BRDA:2,2,0,1
BRDA:2,2,1,0
BRDA:4,3,0,0
BRDA:4,3,1,1
BRDA:24,4,0,2
BRDA:24,4,1,3
BRDA:29,5,0,1
BRDA:29,5,1,2
BRDA:38,6,0,3
BRDA:38,6,1,45
BRDA:45,7,0,42
BRDA:45,7,1,1
BRDA:56,8,0,3
BRDA:56,8,1,3
BRDA:57,9,0,1
BRDA:57,9,1,2
BRDA:61,10,0,2
BRDA:61,10,1,2
BRDA:65,11,0,4
BRDA:65,11,1,4
BRDA:66,12,0,2
BRDA:66,12,1,2
BRDA:69,13,0,1
BRDA:69,13,1,1
BRDA:77,14,0,2
BRDA:77,14,1,4
BRDA:81,15,0,2
BRDA:81,15,1,2
BRDA:92,16,0,1
BRDA:92,16,1,3
BRDA:96,17,0,3
BRDA:96,17,1,3
BRDA:97,18,0,1
BRDA:97,18,1,2
BRDA:101,19,0,1
BRDA:101,19,1,1
BRDA:106,20,0,1
BRDA:106,20,1,1
BRDA:112,21,0,1
BRDA:112,21,1,1
BRF:43
BRH:41
end_of_record
TN:
SF:/Users/blesh/GitHub/blesh/RxJS/dist/cjs/util/tryCatch.js
FN:3,tryCatcher
FN:12,tryCatch
FNF:2
FNH:2
FNDA:26445,tryCatcher
FNDA:26445,tryCatch
DA:1,1
DA:2,1
DA:3,1
DA:4,26445
DA:5,26445
DA:8,120
DA:9,120
DA:12,1
DA:13,26445
DA:14,26445
DA:16,1
LF:11
LH:11
BRF:0
BRH:0
end_of_record
TN:
SF:/Users/blesh/GitHub/blesh/RxJS/dist/cjs/util/errorObject.js
FNF:0
FNH:0
DA:1,1
LF:1
LH:1
BRF:0
BRH:0
end_of_record
TN:
SF:/Users/blesh/GitHub/blesh/RxJS/dist/cjs/observable/throw.js
FN:1,(anonymous_1)
FN:3,__
FN:7,(anonymous_3)
FN:9,ErrorObservable
FN:14,(anonymous_5)
FN:17,(anonymous_6)
FN:21,(anonymous_7)
FNF:7
FNH:7
FNDA:1,(anonymous_1)
FNDA:1,__
FNDA:1,(anonymous_3)
FNDA:30,ErrorObservable
FNDA:18,(anonymous_5)
FNDA:1,(anonymous_6)
FNDA:20,(anonymous_7)
DA:1,1
DA:2,1
DA:3,1
DA:4,1
DA:6,1
DA:7,1
DA:8,1
DA:9,1
DA:10,30
DA:11,30
DA:12,30
DA:14,1
DA:15,18
DA:17,1
DA:18,1
DA:19,1
DA:21,1
DA:22,20
DA:23,20
DA:24,20
DA:25,1
DA:30,19
DA:33,1
DA:35,1
LF:24
LH:24
BRDA:1,1,0,1
BRDA:1,1,1,1
BRDA:1,1,2,1
BRDA:2,2,0,1
BRDA:2,2,1,0
BRDA:4,3,0,0
BRDA:4,3,1,1
BRDA:24,4,0,1
BRDA:24,4,1,19
BRF:9
BRH:7
end_of_record
TN:
SF:/Users/blesh/GitHub/blesh/RxJS/dist/cjs/observable/empty.js
FN:1,(anonymous_1)
FN:3,__
FN:7,(anonymous_3)
FN:9,EmptyObservable
FN:13,(anonymous_5)
FN:16,(anonymous_6)
FN:20,(anonymous_7)
FNF:7
FNH:7
FNDA:1,(anonymous_1)
FNDA:1,__
FNDA:1,(anonymous_3)
FNDA:77,EmptyObservable
FNDA:65,(anonymous_5)
FNDA:1,(anonymous_6)
FNDA:3851,(anonymous_7)
DA:1,1
DA:2,1
DA:3,1
DA:4,1
DA:6,1
DA:7,1
DA:8,1
DA:9,1
DA:10,77
DA:11,77
DA:13,1
DA:14,65
DA:16,1
DA:17,1
DA:18,1
DA:20,1
DA:21,3851
DA:22,3851
DA:23,1
DA:26,3850
DA:29,1
DA:31,1
LF:22
LH:22
BRDA:1,1,0,1
BRDA:1,1,1,1
BRDA:1,1,2,1
BRDA:2,2,0,1
BRDA:2,2,1,0
BRDA:4,3,0,0
BRDA:4,3,1,1
BRDA:22,4,0,1
BRDA:22,4,1,3850
BRF:9
BRH:7
end_of_record
TN:
SF:/Users/blesh/GitHub/blesh/RxJS/dist/cjs/util/isScheduler.js
FN:1,isScheduler
FNF:1
FNH:1
FNDA:664,isScheduler
DA:1,1
DA:2,664
DA:4,1
LF:3
LH:3
BRDA:2,1,0,664
BRDA:2,1,1,633
BRF:2
BRH:2
end_of_record
TN:
SF:/Users/blesh/GitHub/blesh/RxJS/dist/cjs/operator/combineLatest-support.js
FN:1,(anonymous_1)
FN:3,__
FN:10,(anonymous_3)
FN:11,CombineLatestOperator
FN:14,(anonymous_5)
FN:20,(anonymous_6)
FN:22,CombineLatestSubscriber
FN:30,(anonymous_8)
FN:35,(anonymous_9)
FN:49,(anonymous_10)
FN:54,(anonymous_11)
FNF:11
FNH:11
FNDA:1,(anonymous_1)
FNDA:1,__
FNDA:1,(anonymous_3)
FNDA:88,CombineLatestOperator
FNDA:88,(anonymous_5)
FNDA:1,(anonymous_6)
FNDA:88,CombineLatestSubscriber
FNDA:178,(anonymous_8)
FNDA:88,(anonymous_9)
FNDA:73,(anonymous_10)
FNDA:131,(anonymous_11)
DA:1,1
DA:2,2
DA:3,1
DA:4,1
DA:6,1
DA:7,1
DA:8,1
DA:9,1
DA:10,1
DA:11,1
DA:12,88
DA:14,1
DA:15,88
DA:17,1
DA:19,1
DA:20,1
DA:21,1
DA:22,1
DA:23,88
DA:24,88
DA:25,88
DA:26,88
DA:27,88
DA:28,88
DA:30,1
DA:31,178
DA:32,178
DA:33,178
DA:35,1
DA:36,88
DA:37,88
DA:38,88
DA:39,0
DA:42,88
DA:43,88
DA:44,178
DA:45,178
DA:49,1
DA:50,73
DA:51,25
DA:54,1
DA:55,131
DA:56,131
DA:57,131
DA:58,131
DA:59,75
DA:60,75
DA:61,64
DA:64,131
DA:65,78
DA:66,78
DA:67,78
DA:68,59
DA:69,59
DA:70,3
DA:73,56
DA:77,19
DA:81,1
DA:83,1
LF:59
LH:58
BRDA:1,1,0,1
BRDA:1,1,1,1
BRDA:1,1,2,1
BRDA:2,2,0,2
BRDA:2,2,1,0
BRDA:4,3,0,0
BRDA:4,3,1,1
BRDA:38,4,0,0
BRDA:38,4,1,88
BRDA:50,5,0,25
BRDA:50,5,1,48
BRDA:58,6,0,75
BRDA:58,6,1,56
BRDA:60,7,0,64
BRDA:60,7,1,11
BRDA:64,8,0,78
BRDA:64,8,1,53
BRDA:67,9,0,59
BRDA:67,9,1,19
BRDA:69,10,0,3
BRDA:69,10,1,56
BRF:21
BRH:18
end_of_record
TN:
SF:/Users/blesh/GitHub/blesh/RxJS/dist/cjs/OuterSubscriber.js
FN:1,(anonymous_1)
FN:3,__
FN:7,(anonymous_3)
FN:9,OuterSubscriber
FN:12,(anonymous_5)
FN:15,(anonymous_6)
FN:18,(anonymous_7)
FNF:7
FNH:7
FNDA:1,(anonymous_1)
FNDA:1,__
FNDA:1,(anonymous_3)
FNDA:947,OuterSubscriber
FNDA:6,(anonymous_5)
FNDA:448,(anonymous_6)
FNDA:128,(anonymous_7)
DA:1,1
DA:2,2
DA:3,1
DA:4,1
DA:6,1
DA:7,1
DA:8,1
DA:9,1
DA:10,947
DA:12,1
DA:13,6
DA:15,1
DA:16,448
DA:18,1
DA:19,128
DA:21,1
DA:23,1
LF:17
LH:17
BRDA:1,1,0,1
BRDA:1,1,1,1
BRDA:1,1,2,1
BRDA:2,2,0,2
BRDA:2,2,1,0
BRDA:4,3,0,0
BRDA:4,3,1,1
BRF:7
BRH:5
end_of_record
TN:
SF:/Users/blesh/GitHub/blesh/RxJS/dist/cjs/util/subscribeToResult.js
FN:5,subscribeToResult
FN:29,(anonymous_2)
FN:34,(anonymous_3)
FN:35,(anonymous_4)
FN:37,(anonymous_5)
FNF:5
FNH:3
FNDA:1628,subscribeToResult
FNDA:24,(anonymous_2)
FNDA:4,(anonymous_3)
FNDA:0,(anonymous_4)
FNDA:0,(anonymous_5)
DA:1,1
DA:2,1
DA:3,1
DA:4,1
DA:5,1
DA:6,1628
DA:7,1628
DA:8,0
DA:10,1628
DA:11,1479
DA:12,145
DA:13,145
DA:14,145
DA:17,1334
DA:20,149
DA:21,115
DA:22,360
DA:24,115
DA:25,115
DA:28,34
DA:29,28
DA:30,24
DA:31,19
DA:32,19
DA:34,4
DA:37,0
DA:39,28
DA:41,6
DA:42,0
DA:43,0
DA:44,0
DA:45,0
DA:46,0
DA:49,0
DA:50,0
DA:53,6
DA:54,6
DA:55,6
DA:56,0
DA:59,6
DA:63,0
DA:66,1
LF:42
LH:31
BRDA:7,1,0,0
BRDA:7,1,1,1628
BRDA:10,2,0,1479
BRDA:10,2,1,149
BRDA:11,3,0,145
BRDA:11,3,1,1334
BRDA:20,4,0,115
BRDA:20,4,1,34
BRDA:21,5,0,475
BRDA:21,5,1,360
BRDA:24,6,0,115
BRDA:24,6,1,0
BRDA:28,7,0,28
BRDA:28,7,1,6
BRDA:30,8,0,19
BRDA:30,8,1,5
BRDA:41,9,0,0
BRDA:41,9,1,6
BRDA:45,10,0,0
BRDA:45,10,1,0
BRDA:49,11,0,0
BRDA:49,11,1,0
BRDA:53,12,0,6
BRDA:53,12,1,0
BRDA:55,13,0,0
BRDA:55,13,1,6
BRF:26
BRH:17
end_of_record
TN:
SF:/Users/blesh/GitHub/blesh/RxJS/dist/cjs/InnerSubscriber.js
FN:1,(anonymous_1)
FN:3,__
FN:7,(anonymous_3)
FN:9,InnerSubscriber
FN:16,(anonymous_5)
FN:20,(anonymous_6)
FN:23,(anonymous_7)
FNF:7
FNH:7
FNDA:1,(anonymous_1)
FNDA:1,__
FNDA:1,(anonymous_3)
FNDA:1634,InnerSubscriber
FNDA:2711,(anonymous_5)
FNDA:177,(anonymous_6)
FNDA:1032,(anonymous_7)
DA:1,1
DA:2,2
DA:3,1
DA:4,1
DA:6,1
DA:7,1
DA:8,1
DA:9,1
DA:10,1634
DA:11,1634
DA:12,1634
DA:13,1634
DA:14,1634
DA:16,1
DA:17,2711
DA:18,2711
DA:20,1
DA:21,177
DA:23,1
DA:24,1032
DA:26,1
DA:28,1
LF:22
LH:22
BRDA:1,1,0,1
BRDA:1,1,1,1
BRDA:1,1,2,1
BRDA:2,2,0,2
BRDA:2,2,1,0
BRDA:4,3,0,0
BRDA:4,3,1,1
BRF:7
BRH:5
end_of_record
TN:
SF:/Users/blesh/GitHub/blesh/RxJS/dist/cjs/util/isArray.js
FN:1,(anonymous_1)
FNF:1
FNH:0
FNDA:0,(anonymous_1)
DA:1,1
LF:1
LH:1
BRDA:1,1,0,1
BRDA:1,1,1,0
BRDA:1,2,0,0
BRDA:1,2,1,0
BRF:4
BRH:1
end_of_record
TN:
SF:/Users/blesh/GitHub/blesh/RxJS/dist/cjs/add/operator/concat-static.js
FNF:0
FNH:0
DA:1,1
DA:2,1
DA:3,1
LF:3
LH:3
BRF:0
BRH:0
end_of_record
TN:
SF:/Users/blesh/GitHub/blesh/RxJS/dist/cjs/operator/concat-static.js
FN:12,concat
FNF:1
FNH:1
FNDA:56,concat
DA:1,1
DA:2,1
DA:3,1
DA:4,1
DA:12,1
DA:13,56
DA:14,56
DA:15,126
DA:17,56
DA:18,56
DA:19,56
DA:20,1
DA:22,56
DA:24,1
LF:14
LH:14
BRDA:19,1,0,1
BRDA:19,1,1,55
BRF:2
BRH:2
end_of_record
TN:
SF:/Users/blesh/GitHub/blesh/RxJS/dist/cjs/scheduler/queue.js
FNF:0
FNH:0
DA:1,1
DA:2,1
LF:2
LH:2
BRF:0
BRH:0
end_of_record
TN:
SF:/Users/blesh/GitHub/blesh/RxJS/dist/cjs/scheduler/QueueScheduler.js
FN:3,(anonymous_1)
FN:4,QueueScheduler
FN:9,(anonymous_3)
FN:12,(anonymous_4)
FN:23,(anonymous_5)
FN:29,(anonymous_6)
FN:32,(anonymous_7)
FNF:7
FNH:7
FNDA:1,(anonymous_1)
FNDA:2,QueueScheduler
FNDA:167,(anonymous_3)
FNDA:487,(anonymous_4)
FNDA:149,(anonymous_5)
FNDA:124,(anonymous_6)
FNDA:23,(anonymous_7)
DA:1,1
DA:2,1
DA:3,1
DA:4,1
DA:5,2
DA:6,2
DA:7,2
DA:9,1
DA:10,167
DA:12,1
DA:13,487
DA:14,351
DA:16,136
DA:17,136
DA:18,136
DA:19,489
DA:21,136
DA:23,1
DA:24,149
DA:25,149
DA:29,1
DA:30,124
DA:32,1
DA:33,23
DA:35,1
DA:37,1
LF:26
LH:26
BRDA:13,1,0,351
BRDA:13,1,1,136
BRDA:13,2,0,487
BRDA:13,2,1,136
BRDA:24,3,0,2
BRDA:24,3,1,147
BRDA:25,4,0,126
BRDA:25,4,1,23
BRF:8
BRH:8
end_of_record
TN:
SF:/Users/blesh/GitHub/blesh/RxJS/dist/cjs/scheduler/QueueAction.js
FN:1,(anonymous_1)
FN:3,__
FN:7,(anonymous_3)
FN:9,QueueAction
FN:14,(anonymous_5)
FN:24,(anonymous_6)
FN:30,(anonymous_7)
FNF:7
FNH:7
FNDA:1,(anonymous_1)
FNDA:1,__
FNDA:1,(anonymous_3)
FNDA:149,QueueAction
FNDA:456,(anonymous_5)
FNDA:489,(anonymous_6)
FNDA:137,(anonymous_7)
DA:1,1
DA:2,1
DA:3,1
DA:4,1
DA:6,1
DA:7,1
DA:8,1
DA:9,1
DA:10,149
DA:11,149
DA:12,149
DA:14,1
DA:15,456
DA:16,0
DA:18,456
DA:19,456
DA:20,456
DA:21,456
DA:22,456
DA:24,1
DA:25,489
DA:26,0
DA:28,489
DA:30,1
DA:31,137
DA:32,137
DA:33,137
DA:34,137
DA:35,137
DA:36,137
DA:37,137
DA:38,2
DA:40,137
DA:42,1
DA:44,1
LF:35
LH:33
BRDA:1,1,0,1
BRDA:1,1,1,1
BRDA:1,1,2,1
BRDA:2,2,0,1
BRDA:2,2,1,0
BRDA:4,3,0,0
BRDA:4,3,1,1
BRDA:15,4,0,0
BRDA:15,4,1,456
BRDA:25,5,0,0
BRDA:25,5,1,489
BRDA:37,6,0,2
BRDA:37,6,1,135
BRF:13
BRH:9
end_of_record
TN:
SF:/Users/blesh/GitHub/blesh/RxJS/dist/cjs/scheduler/FutureAction.js
FN:1,(anonymous_1)
FN:3,__
FN:7,(anonymous_3)
FN:9,FutureAction
FN:14,(anonymous_5)
FN:28,(anonymous_6)
FN:35,(anonymous_7)
FNF:7
FNH:7
FNDA:1,(anonymous_1)
FNDA:1,__
FNDA:1,(anonymous_3)
FNDA:23,FutureAction
FNDA:34,(anonymous_5)
FNDA:29,(anonymous_6)
FNDA:22,(anonymous_7)
DA:1,1
DA:2,1
DA:3,1
DA:4,1
DA:6,1
DA:7,1
DA:8,1
DA:9,1
DA:10,23
DA:11,23
DA:12,23
DA:14,1
DA:15,34
DA:16,34
DA:17,34
DA:18,0
DA:20,34
DA:21,34
DA:22,34
DA:23,34
DA:24,0
DA:25,0
DA:27,34
DA:28,34
DA:29,29
DA:30,29
DA:31,29
DA:33,34
DA:35,1
DA:36,22
DA:37,22
DA:38,5
DA:39,5
DA:41,22
DA:43,1
DA:45,1
LF:36
LH:33
BRDA:1,1,0,1
BRDA:1,1,1,1
BRDA:1,1,2,1
BRDA:2,2,0,1
BRDA:2,2,1,0
BRDA:4,3,0,0
BRDA:4,3,1,1
BRDA:16,4,0,0
BRDA:16,4,1,34
BRDA:17,5,0,0
BRDA:17,5,1,34
BRDA:23,6,0,0
BRDA:23,6,1,34
BRDA:37,7,0,5
BRDA:37,7,1,17
BRF:15
BRH:10
end_of_record
TN:
SF:/Users/blesh/GitHub/blesh/RxJS/dist/cjs/operator/mergeAll-support.js
FN:1,(anonymous_1)
FN:3,__
FN:8,(anonymous_3)
FN:9,MergeAllOperator
FN:12,(anonymous_5)
FN:18,(anonymous_6)
FN:20,MergeAllSubscriber
FN:27,(anonymous_8)
FN:41,(anonymous_9)
FN:47,(anonymous_10)
FNF:10
FNH:10
FNDA:1,(anonymous_1)
FNDA:1,__
FNDA:1,(anonymous_3)
FNDA:175,MergeAllOperator
FNDA:175,(anonymous_5)
FNDA:1,(anonymous_6)
FNDA:175,MergeAllSubscriber
FNDA:452,(anonymous_8)
FNDA:160,(anonymous_9)
FNDA:222,(anonymous_10)
DA:1,1
DA:2,2
DA:3,1
DA:4,1
DA:6,1
DA:7,1
DA:8,1
DA:9,1
DA:10,175
DA:12,1
DA:13,175
DA:15,1
DA:17,1
DA:18,1
DA:19,1
DA:20,1
DA:21,175
DA:22,175
DA:23,175
DA:24,175
DA:25,175
DA:27,1
DA:28,452
DA:29,350
DA:30,35
DA:33,315
DA:34,315
DA:38,102
DA:41,1
DA:42,160
DA:43,160
DA:44,10
DA:47,1
DA:48,222
DA:49,222
DA:50,222
DA:51,222
DA:52,78
DA:54,144
DA:55,87
DA:58,1
DA:60,1
LF:42
LH:42
BRDA:1,1,0,1
BRDA:1,1,1,1
BRDA:1,1,2,1
BRDA:2,2,0,2
BRDA:2,2,1,0
BRDA:4,3,0,0
BRDA:4,3,1,1
BRDA:28,4,0,350
BRDA:28,4,1,102
BRDA:29,5,0,35
BRDA:29,5,1,315
BRDA:43,6,0,10
BRDA:43,6,1,150
BRDA:43,7,0,160
BRDA:43,7,1,10
BRDA:51,8,0,78
BRDA:51,8,1,144
BRDA:54,9,0,87
BRDA:54,9,1,57
BRDA:54,10,0,144
BRDA:54,10,1,109
BRF:21
BRH:19
end_of_record
TN:
SF:/Users/blesh/GitHub/blesh/RxJS/dist/cjs/add/operator/merge-static.js
FNF:0
FNH:0
DA:1,1
DA:2,1
DA:3,1
LF:3
LH:3
BRF:0
BRH:0
end_of_record
TN:
SF:/Users/blesh/GitHub/blesh/RxJS/dist/cjs/operator/merge-static.js
FN:5,merge
FNF:1
FNH:1
FNDA:36,merge
DA:1,1
DA:2,1
DA:3,1
DA:4,1
DA:5,1
DA:6,36
DA:7,36
DA:8,96
DA:10,36
DA:11,36
DA:12,36
DA:13,36
DA:14,19
DA:15,19
DA:16,1
DA:19,17
DA:20,1
DA:22,36
DA:23,1
DA:25,35
DA:27,1
LF:21
LH:21
BRDA:13,1,0,19
BRDA:13,1,1,17
BRDA:15,2,0,1
BRDA:15,2,1,18
BRDA:15,3,0,19
BRDA:15,3,1,19
BRDA:19,4,0,1
BRDA:19,4,1,16
BRDA:22,5,0,1
BRDA:22,5,1,35
BRF:10
BRH:10
end_of_record
TN:
SF:/Users/blesh/GitHub/blesh/RxJS/dist/cjs/add/observable/bindCallback.js
FNF:0
FNH:0
DA:1,1
DA:2,1
DA:3,1
LF:3
LH:3
BRF:0
BRH:0
end_of_record
TN:
SF:/Users/blesh/GitHub/blesh/RxJS/dist/cjs/observable/bindCallback.js
FN:1,(anonymous_1)
FN:3,__
FN:10,(anonymous_3)
FN:12,BoundCallbackObservable
FN:19,(anonymous_5)
FN:21,(anonymous_6)
FN:29,(anonymous_7)
FN:37,handlerFn
FN:76,dispatch
FN:82,handlerFn
FN:112,dispatchNext
FN:117,dispatchError
FNF:12
FNH:12
FNDA:1,(anonymous_1)
FNDA:1,__
FNDA:1,(anonymous_3)
FNDA:12,BoundCallbackObservable
FNDA:12,(anonymous_5)
FNDA:12,(anonymous_6)
FNDA:13,(anonymous_7)
FNDA:4,handlerFn
FNDA:8,dispatch
FNDA:6,handlerFn
FNDA:5,dispatchNext
FNDA:1,dispatchError
DA:1,1
DA:2,4
DA:3,1
DA:4,1
DA:6,1
DA:7,1
DA:8,1
DA:9,1
DA:10,1
DA:11,1
DA:12,1
DA:13,12
DA:14,12
DA:15,12
DA:16,12
DA:17,12
DA:19,1
DA:20,12
DA:21,12
DA:22,12
DA:23,12
DA:24,11
DA:26,12
DA:29,1
DA:30,13
DA:31,13
DA:32,13
DA:33,13
DA:34,13
DA:35,4
DA:36,4
DA:37,4
DA:38,4
DA:39,4
DA:40,4
DA:42,4
DA:43,4
DA:44,4
DA:45,2
DA:46,2
DA:47,1
DA:50,1
DA:51,1
DA:55,2
DA:56,2
DA:60,4
DA:61,4
DA:62,4
DA:63,0
DA:66,4
DA:69,9
DA:70,9
DA:73,1
DA:75,1
DA:76,1
DA:77,8
DA:78,8
DA:79,8
DA:80,8
DA:81,7
DA:82,7
DA:83,6
DA:84,6
DA:85,12
DA:87,6
DA:88,6
DA:89,6
DA:90,3
DA:91,3
DA:92,1
DA:95,2
DA:99,3
DA:100,3
DA:104,7
DA:105,7
DA:106,7
DA:107,1
DA:110,8
DA:112,1
DA:113,5
DA:114,5
DA:115,5
DA:117,1
DA:118,1
DA:119,1
LF:85
LH:84
BRDA:1,1,0,1
BRDA:1,1,1,1
BRDA:1,1,2,1
BRDA:2,2,0,4
BRDA:2,2,1,0
BRDA:4,3,0,0
BRDA:4,3,1,1
BRDA:20,4,0,2
BRDA:20,4,1,10
BRDA:34,5,0,4
BRDA:34,5,1,9
BRDA:35,6,0,4
BRDA:35,6,1,0
BRDA:44,7,0,2
BRDA:44,7,1,2
BRDA:46,8,0,1
BRDA:46,8,1,1
BRDA:55,9,0,2
BRDA:55,9,1,0
BRDA:62,10,0,0
BRDA:62,10,1,4
BRDA:80,11,0,7
BRDA:80,11,1,1
BRDA:89,12,0,3
BRDA:89,12,1,3
BRDA:91,13,0,1
BRDA:91,13,1,2
BRDA:99,14,0,2
BRDA:99,14,1,1
BRDA:106,15,0,1
BRDA:106,15,1,6
BRF:31
BRH:26
end_of_record
TN:
SF:/Users/blesh/GitHub/blesh/RxJS/dist/cjs/subject/AsyncSubject.js
FN:1,(anonymous_1)
FN:3,__
FN:7,(anonymous_3)
FN:9,AsyncSubject
FN:15,(anonymous_5)
FN:21,(anonymous_6)
FN:25,(anonymous_7)
FNF:7
FNH:7
FNDA:1,(anonymous_1)
FNDA:1,__
FNDA:1,(anonymous_3)
FNDA:33,AsyncSubject
FNDA:57,(anonymous_5)
FNDA:52,(anonymous_6)
FNDA:20,(anonymous_7)
DA:1,1
DA:2,1
DA:3,1
DA:4,1
DA:6,1
DA:7,1
DA:8,1
DA:9,1
DA:10,33
DA:11,33
DA:12,33
DA:13,33
DA:15,1
DA:16,57
DA:17,4
DA:19,57
DA:21,1
DA:22,52
DA:23,52
DA:25,1
DA:26,20
DA:27,20
DA:28,20
DA:30,20
DA:31,20
DA:32,20
DA:33,17
DA:34,18
DA:35,18
DA:36,18
DA:40,3
DA:41,3
DA:44,20
DA:46,1
DA:48,1
LF:35
LH:35
BRDA:1,1,0,1
BRDA:1,1,1,1
BRDA:1,1,2,1
BRDA:2,2,0,1
BRDA:2,2,1,0
BRDA:4,3,0,0
BRDA:4,3,1,1
BRDA:16,4,0,4
BRDA:16,4,1,53
BRDA:16,5,0,57
BRDA:16,5,1,5
BRDA:32,6,0,17
BRDA:32,6,1,3
BRF:13
BRH:11
end_of_record
TN:
SF:/Users/blesh/GitHub/blesh/RxJS/dist/cjs/add/observable/defer.js
FNF:0
FNH:0
DA:1,1
DA:2,1
DA:3,1
LF:3
LH:3
BRF:0
BRH:0
end_of_record
TN:
SF:/Users/blesh/GitHub/blesh/RxJS/dist/cjs/observable/defer.js
FN:1,(anonymous_1)
FN:3,__
FN:9,(anonymous_3)
FN:11,DeferObservable
FN:15,(anonymous_5)
FN:18,(anonymous_6)
FNF:6
FNH:6
FNDA:1,(anonymous_1)
FNDA:1,__
FNDA:1,(anonymous_3)
FNDA:4,DeferObservable
FNDA:4,(anonymous_5)
FNDA:4,(anonymous_6)
DA:1,1
DA:2,5
DA:3,1
DA:4,1
DA:6,1
DA:7,1
DA:8,1
DA:9,1
DA:10,1
DA:11,1
DA:12,4
DA:13,4
DA:15,1
DA:16,4
DA:18,1
DA:19,4
DA:20,4
DA:21,1
DA:24,3
DA:27,1
DA:29,1
LF:21
LH:21
BRDA:1,1,0,1
BRDA:1,1,1,1
BRDA:1,1,2,1
BRDA:2,2,0,5
BRDA:2,2,1,0
BRDA:4,3,0,0
BRDA:4,3,1,1
BRDA:20,4,0,1
BRDA:20,4,1,3
BRF:9
BRH:7
end_of_record
TN:
SF:/Users/blesh/GitHub/blesh/RxJS/dist/cjs/add/observable/empty.js
FNF:0
FNH:0
DA:1,1
DA:2,1
DA:3,1
LF:3
LH:3
BRF:0
BRH:0
end_of_record
TN:
SF:/Users/blesh/GitHub/blesh/RxJS/dist/cjs/add/observable/forkJoin.js
FNF:0
FNH:0
DA:1,1
DA:2,1
DA:3,1
LF:3
LH:3
BRF:0
BRH:0
end_of_record
TN:
SF:/Users/blesh/GitHub/blesh/RxJS/dist/cjs/observable/forkJoin.js
FN:1,(anonymous_1)
FN:3,__
FN:12,(anonymous_3)
FN:14,ForkJoinObservable
FN:19,(anonymous_5)
FN:38,(anonymous_6)
FN:53,(anonymous_7)
FN:55,AllSubscriber
FN:61,(anonymous_9)
FN:64,(anonymous_10)
FN:85,hasValue
FN:88,emptyArray
FNF:12
FNH:12
FNDA:2,(anonymous_1)
FNDA:2,__
FNDA:1,(anonymous_3)
FNDA:19,ForkJoinObservable
FNDA:20,(anonymous_5)
FNDA:19,(anonymous_6)
FNDA:1,(anonymous_7)
FNDA:41,AllSubscriber
FNDA:76,(anonymous_9)
FNDA:30,(anonymous_10)
FNDA:26,hasValue
FNDA:19,emptyArray
DA:1,1
DA:2,9
DA:3,2
DA:4,2
DA:6,1
DA:7,1
DA:8,1
DA:9,1
DA:10,1
DA:11,1
DA:12,1
DA:13,1
DA:14,1
DA:15,19
DA:16,19
DA:17,19
DA:19,1
DA:20,20
DA:21,20
DA:22,45
DA:24,20
DA:25,1
DA:27,19
DA:28,19
DA:29,8
DA:33,19
DA:34,4
DA:36,19
DA:38,1
DA:39,19
DA:40,19
DA:41,19
DA:42,19
DA:43,41
DA:44,41
DA:45,1
DA:47,41
DA:50,1
DA:52,1
DA:53,1
DA:54,1
DA:55,1
DA:56,41
DA:57,41
DA:58,41
DA:59,41
DA:61,1
DA:62,76
DA:64,1
DA:65,30
DA:66,30
DA:67,4
DA:69,30
DA:70,30
DA:71,30
DA:72,30
DA:73,30
DA:74,18
DA:76,12
DA:77,11
DA:79,11
DA:81,12
DA:83,1
DA:85,1
DA:86,26
DA:88,1
DA:89,19
DA:90,19
DA:91,41
DA:93,19
LF:70
LH:70
BRDA:1,1,0,1
BRDA:1,1,1,1
BRDA:1,1,2,1
BRDA:2,2,0,9
BRDA:2,2,1,0
BRDA:4,3,0,0
BRDA:4,3,1,2
BRDA:24,4,0,1
BRDA:24,4,1,19
BRDA:24,5,0,20
BRDA:24,5,1,20
BRDA:28,6,0,8
BRDA:28,6,1,11
BRDA:33,7,0,4
BRDA:33,7,1,15
BRDA:33,8,0,19
BRDA:33,8,1,6
BRDA:44,9,0,1
BRDA:44,9,1,40
BRDA:66,10,0,4
BRDA:66,10,1,26
BRDA:73,11,0,18
BRDA:73,11,1,12
BRDA:76,12,0,11
BRDA:76,12,1,1
BRDA:77,13,0,5
BRDA:77,13,1,6
BRF:27
BRH:25
end_of_record
TN:
SF:/Users/blesh/GitHub/blesh/RxJS/dist/cjs/observable/fromPromise.js
FN:1,(anonymous_1)
FN:3,__
FN:9,(anonymous_3)
FN:11,PromiseObservable
FN:18,(anonymous_5)
FN:22,(anonymous_6)
FN:32,(anonymous_7)
FN:37,(anonymous_8)
FN:38,(anonymous_9)
FN:40,(anonymous_10)
FN:51,(anonymous_11)
FN:55,(anonymous_12)
FN:56,(anonymous_13)
FN:58,(anonymous_14)
FN:67,dispatchNext
FN:72,dispatchError
FNF:16
FNH:10
FNDA:1,(anonymous_1)
FNDA:1,__
FNDA:1,(anonymous_3)
FNDA:72,PromiseObservable
FNDA:23,(anonymous_5)
FNDA:86,(anonymous_6)
FNDA:54,(anonymous_7)
FNDA:30,(anonymous_8)
FNDA:1,(anonymous_9)
FNDA:1,(anonymous_10)
FNDA:0,(anonymous_11)
FNDA:0,(anonymous_12)
FNDA:0,(anonymous_13)
FNDA:0,(anonymous_14)
FNDA:0,dispatchNext
FNDA:0,dispatchError
DA:1,1
DA:2,7
DA:3,1
DA:4,1
DA:6,1
DA:7,1
DA:8,1
DA:9,1
DA:10,1
DA:11,1
DA:12,72
DA:13,72
DA:14,72
DA:15,72
DA:16,72
DA:18,1
DA:19,23
DA:20,23
DA:22,1
DA:23,86
DA:24,86
DA:25,86
DA:26,86
DA:27,86
DA:28,2
DA:29,2
DA:32,84
DA:33,54
DA:34,54
DA:35,54
DA:36,54
DA:37,30
DA:40,1
DA:45,0
DA:46,0
DA:47,0
DA:48,0
DA:51,0
DA:52,0
DA:53,0
DA:54,0
DA:55,0
DA:58,0
DA:61,0
DA:64,1
DA:66,1
DA:67,1
DA:68,0
DA:69,0
DA:70,0
DA:72,1
DA:73,0
DA:74,0
LF:53
LH:37
BRDA:1,1,0,1
BRDA:1,1,1,1
BRDA:1,1,2,1
BRDA:2,2,0,7
BRDA:2,2,1,0
BRDA:4,3,0,0
BRDA:4,3,1,1
BRDA:12,4,0,1
BRDA:12,4,1,71
BRDA:19,5,0,23
BRDA:19,5,1,0
BRDA:26,6,0,86
BRDA:26,6,1,0
BRDA:27,7,0,2
BRDA:27,7,1,84
BRDA:46,8,0,0
BRDA:46,8,1,0
BRF:17
BRH:11
end_of_record
TN:
SF:/Users/blesh/GitHub/blesh/RxJS/dist/cjs/util/isPromise.js
FN:1,isPromise
FNF:1
FNH:1
FNDA:189,isPromise
DA:1,1
DA:2,189
DA:4,1
LF:3
LH:3
BRDA:2,1,0,189
BRDA:2,1,1,189
BRDA:2,1,2,15
BRF:3
BRH:3
end_of_record
TN:
SF:/Users/blesh/GitHub/blesh/RxJS/dist/cjs/add/observable/from.js
FNF:0
FNH:0
DA:1,1
DA:2,1
DA:3,1
LF:3
LH:3
BRF:0
BRH:0
end_of_record
TN:
SF:/Users/blesh/GitHub/blesh/RxJS/dist/cjs/observable/from.js
FN:1,(anonymous_1)
FN:3,__
FN:14,(anonymous_3)
FN:16,FromObservable
FN:21,(anonymous_5)
FN:42,(anonymous_6)
FNF:6
FNH:6
FNDA:1,(anonymous_1)
FNDA:1,__
FNDA:1,(anonymous_3)
FNDA:2,FromObservable
FNDA:75,(anonymous_5)
FNDA:2,(anonymous_6)
DA:1,1
DA:2,8
DA:3,1
DA:4,1
DA:6,1
DA:7,1
DA:8,1
DA:9,1
DA:10,1
DA:11,1
DA:12,1
DA:13,1
DA:14,1
DA:15,1
DA:16,1
DA:17,2
DA:18,2
DA:19,2
DA:21,1
DA:22,75
DA:23,75
DA:24,75
DA:25,21
DA:27,54
DA:28,48
DA:30,6
DA:31,3
DA:32,1
DA:34,2
DA:36,3
DA:37,2
DA:40,1
DA:42,1
DA:43,2
DA:44,2
DA:45,2
DA:46,1
DA:49,1
DA:52,1
DA:54,1
LF:40
LH:40
BRDA:1,1,0,1
BRDA:1,1,1,1
BRDA:1,1,2,1
BRDA:2,2,0,8
BRDA:2,2,1,0
BRDA:4,3,0,0
BRDA:4,3,1,1
BRDA:22,4,0,74
BRDA:22,4,1,1
BRDA:23,5,0,75
BRDA:23,5,1,0
BRDA:24,6,0,21
BRDA:24,6,1,54
BRDA:27,7,0,48
BRDA:27,7,1,6
BRDA:30,8,0,3
BRDA:30,8,1,3
BRDA:31,9,0,1
BRDA:31,9,1,2
BRDA:36,10,0,2
BRDA:36,10,1,1
BRDA:45,11,0,1
BRDA:45,11,1,1
BRF:23
BRH:20
end_of_record
TN:
SF:/Users/blesh/GitHub/blesh/RxJS/dist/cjs/observable/IteratorObservable.js
FN:1,(anonymous_1)
FN:3,__
FN:11,(anonymous_3)
FN:13,IteratorObservable
FN:26,(anonymous_5)
FN:29,(anonymous_6)
FN:60,(anonymous_7)
FN:95,(anonymous_8)
FN:96,StringIterator
FN:103,(anonymous_10)
FN:104,(anonymous_11)
FN:115,(anonymous_12)
FN:116,ArrayIterator
FN:123,(anonymous_14)
FN:124,(anonymous_15)
FN:135,getIterator
FN:149,toLength
FN:166,numberIsFinite
FN:169,sign
FNF:19
FNH:10
FNDA:1,(anonymous_1)
FNDA:1,__
FNDA:1,(anonymous_3)
FNDA:18,IteratorObservable
FNDA:14,(anonymous_5)
FNDA:19,(anonymous_6)
FNDA:11,(anonymous_7)
FNDA:1,(anonymous_8)
FNDA:0,StringIterator
FNDA:0,(anonymous_10)
FNDA:0,(anonymous_11)
FNDA:1,(anonymous_12)
FNDA:0,ArrayIterator
FNDA:0,(anonymous_14)
FNDA:0,(anonymous_15)
FNDA:15,getIterator
FNDA:0,toLength
FNDA:0,numberIsFinite
FNDA:0,sign
DA:1,1
DA:2,8
DA:3,1
DA:4,1
DA:6,1
DA:7,1
DA:8,1
DA:9,1
DA:10,1
DA:11,1
DA:12,1
DA:13,1
DA:14,18
DA:15,18
DA:16,18
DA:17,18
DA:18,18
DA:19,2
DA:21,16
DA:22,1
DA:24,15
DA:26,1
DA:27,14
DA:29,1
DA:30,19
DA:31,19
DA:32,1
DA:33,1
DA:35,18
DA:36,18
DA:37,3
DA:38,3
DA:40,15
DA:41,10
DA:42,10
DA:43,1
DA:44,1
DA:47,9
DA:48,9
DA:52,5
DA:53,5
DA:55,15
DA:56,1
DA:58,14
DA:60,1
DA:61,11
DA:62,11
DA:63,11
DA:64,5
DA:69,6
DA:70,24
DA:71,24
DA:72,4
DA:73,4
DA:75,20
DA:76,10
DA:77,10
DA:78,1
DA:79,1
DA:81,9
DA:84,10
DA:86,19
DA:87,1
DA:92,1
DA:94,1
DA:95,1
DA:96,1
DA:97,0
DA:98,0
DA:99,0
DA:100,0
DA:101,0
DA:103,1
DA:104,1
DA:105,0
DA:113,1
DA:115,1
DA:116,1
DA:117,0
DA:118,0
DA:119,0
DA:120,0
DA:121,0
DA:123,1
DA:124,1
DA:125,0
DA:133,1
DA:135,1
DA:136,15
DA:137,15
DA:138,0
DA:140,15
DA:141,0
DA:143,15
DA:144,1
DA:146,14
DA:148,1
DA:149,1
DA:150,0
DA:151,0
DA:152,0
DA:154,0
DA:155,0
DA:157,0
DA:158,0
DA:159,0
DA:161,0
DA:162,0
DA:164,0
DA:166,1
DA:167,0
DA:169,1
DA:170,0
DA:171,0
DA:172,0
DA:174,0
DA:175,0
DA:177,0
LF:118
LH:86
BRDA:1,1,0,1
BRDA:1,1,1,1
BRDA:1,1,2,1
BRDA:2,2,0,8
BRDA:2,2,1,0
BRDA:4,3,0,0
BRDA:4,3,1,1
BRDA:18,4,0,2
BRDA:18,4,1,16
BRDA:21,5,0,1
BRDA:21,5,1,15
BRDA:21,6,0,16
BRDA:21,6,1,7
BRDA:31,7,0,1
BRDA:31,7,1,18
BRDA:36,8,0,3
BRDA:36,8,1,15
BRDA:40,9,0,10
BRDA:40,9,1,5
BRDA:42,10,0,1
BRDA:42,10,1,9
BRDA:55,11,0,1
BRDA:55,11,1,14
BRDA:63,12,0,5
BRDA:63,12,1,6
BRDA:71,13,0,4
BRDA:71,13,1,20
BRDA:75,14,0,10
BRDA:75,14,1,10
BRDA:77,15,0,1
BRDA:77,15,1,9
BRDA:86,16,0,1
BRDA:86,16,1,18
BRDA:97,17,0,0
BRDA:97,17,1,0
BRDA:98,18,0,0
BRDA:98,18,1,0
BRDA:105,19,0,0
BRDA:105,19,1,0
BRDA:117,20,0,0
BRDA:117,20,1,0
BRDA:118,21,0,0
BRDA:118,21,1,0
BRDA:125,22,0,0
BRDA:125,22,1,0
BRDA:137,23,0,0
BRDA:137,23,1,15
BRDA:137,24,0,15
BRDA:137,24,1,1
BRDA:140,25,0,0
BRDA:140,25,1,15
BRDA:140,26,0,15
BRDA:140,26,1,1
BRDA:143,27,0,1
BRDA:143,27,1,14
BRDA:151,28,0,0
BRDA:151,28,1,0
BRDA:154,29,0,0
BRDA:154,29,1,0
BRDA:154,30,0,0
BRDA:154,30,1,0
BRDA:158,31,0,0
BRDA:158,31,1,0
BRDA:161,32,0,0
BRDA:161,32,1,0
BRDA:167,33,0,0
BRDA:167,33,1,0
BRDA:171,34,0,0
BRDA:171,34,1,0
BRDA:174,35,0,0
BRDA:174,35,1,0
BRDA:177,36,0,0
BRDA:177,36,1,0
BRF:73
BRH:39
end_of_record
TN:
SF:/Users/blesh/GitHub/blesh/RxJS/dist/cjs/operator/observeOn-support.js
FN:1,(anonymous_1)
FN:3,__
FN:8,(anonymous_3)
FN:9,ObserveOnOperator
FN:14,(anonymous_5)
FN:20,(anonymous_6)
FN:22,ObserveOnSubscriber
FN:28,(anonymous_8)
FN:32,(anonymous_9)
FN:35,(anonymous_10)
FN:38,(anonymous_11)
FN:41,(anonymous_12)
FN:47,(anonymous_13)
FN:48,ObserveOnMessage
FNF:14
FNH:14
FNDA:1,(anonymous_1)
FNDA:1,__
FNDA:1,(anonymous_3)
FNDA:5,ObserveOnOperator
FNDA:5,(anonymous_5)
FNDA:1,(anonymous_6)
FNDA:6,ObserveOnSubscriber
FNDA:11,(anonymous_8)
FNDA:11,(anonymous_9)
FNDA:6,(anonymous_10)
FNDA:1,(anonymous_11)
FNDA:4,(anonymous_12)
FNDA:1,(anonymous_13)
FNDA:11,ObserveOnMessage
DA:1,1
DA:2,2
DA:3,1
DA:4,1
DA:6,1
DA:7,1
DA:8,1
DA:9,1
DA:10,5
DA:11,5
DA:12,5
DA:14,1
DA:15,5
DA:17,1
DA:19,1
DA:20,1
DA:21,1
DA:22,1
DA:23,6
DA:24,6
DA:25,6
DA:26,6
DA:28,1
DA:29,11
DA:30,11
DA:32,1
DA:33,11
DA:35,1
DA:36,6
DA:38,1
DA:39,1
DA:41,1
DA:42,4
DA:44,1
DA:46,1
DA:47,1
DA:48,1
DA:49,11
DA:50,11
DA:52,1
LF:40
LH:40
BRDA:1,1,0,1
BRDA:1,1,1,1
BRDA:1,1,2,1
BRDA:2,2,0,2
BRDA:2,2,1,0
BRDA:4,3,0,0
BRDA:4,3,1,1
BRDA:10,4,0,0
BRDA:10,4,1,5
BRDA:23,5,0,0
BRDA:23,5,1,6
BRF:11
BRH:7
end_of_record
TN:
SF:/Users/blesh/GitHub/blesh/RxJS/dist/cjs/Notification.js
FN:2,(anonymous_1)
FN:3,Notification
FN:9,(anonymous_3)
FN:19,(anonymous_4)
FN:30,(anonymous_5)
FN:38,(anonymous_6)
FN:49,(anonymous_7)
FN:55,(anonymous_8)
FN:58,(anonymous_9)
FNF:9
FNH:9
FNDA:1,(anonymous_1)
FNDA:15598,Notification
FNDA:8557,(anonymous_3)
FNDA:6,(anonymous_4)
FNDA:6,(anonymous_5)
FNDA:3,(anonymous_6)
FNDA:14209,(anonymous_7)
FNDA:1458,(anonymous_8)
FNDA:3574,(anonymous_9)
DA:1,1
DA:2,1
DA:3,1
DA:4,15598
DA:5,15598
DA:6,15598
DA:7,15598
DA:9,1
DA:10,8557
DA:12,6392
DA:14,466
DA:16,1699
DA:19,1
DA:20,6
DA:21,6
DA:23,2
DA:25,2
DA:27,2
DA:30,1
DA:31,6
DA:32,3
DA:35,3
DA:38,1
DA:39,3
DA:40,3
DA:42,1
DA:44,1
DA:46,1
DA:49,1
DA:50,14209
DA:51,14138
DA:53,71
DA:55,1
DA:56,1458
DA:58,1
DA:59,3574
DA:61,1
DA:62,1
DA:63,1
DA:65,1
LF:40
LH:40
BRDA:10,1,0,6392
BRDA:10,1,1,466
BRDA:10,1,2,1699
BRDA:21,2,0,2
BRDA:21,2,1,2
BRDA:21,2,2,2
BRDA:31,3,0,3
BRDA:31,3,1,3
BRDA:31,4,0,6
BRDA:31,4,1,6
BRDA:40,5,0,1
BRDA:40,5,1,1
BRDA:40,5,2,1
BRDA:50,6,0,14138
BRDA:50,6,1,71
BRF:15
BRH:15
end_of_record
TN:
SF:/Users/blesh/GitHub/blesh/RxJS/dist/cjs/add/observable/fromArray.js
FNF:0
FNH:0
DA:1,1
DA:2,1
DA:3,1
DA:4,1
LF:4
LH:4
BRF:0
BRH:0
end_of_record
TN:
SF:/Users/blesh/GitHub/blesh/RxJS/dist/cjs/add/observable/fromEvent.js
FNF:0
FNH:0
DA:1,1
DA:2,1
DA:3,1
LF:3
LH:3
BRF:0
BRH:0
end_of_record
TN:
SF:/Users/blesh/GitHub/blesh/RxJS/dist/cjs/observable/fromEvent.js
FN:1,(anonymous_1)
FN:3,__
FN:10,(anonymous_3)
FN:12,FromEventObservable
FN:18,(anonymous_5)
FN:21,(anonymous_6)
FN:31,(anonymous_7)
FN:35,(anonymous_8)
FN:39,(anonymous_9)
FN:43,(anonymous_10)
FN:47,(anonymous_11)
FN:55,(anonymous_12)
FNF:12
FNH:12
FNDA:1,(anonymous_1)
FNDA:1,__
FNDA:1,(anonymous_3)
FNDA:5,FromEventObservable
FNDA:5,(anonymous_5)
FNDA:5,(anonymous_6)
FNDA:1,(anonymous_7)
FNDA:3,(anonymous_8)
FNDA:1,(anonymous_9)
FNDA:5,(anonymous_10)
FNDA:1,(anonymous_11)
FNDA:1,(anonymous_12)
DA:1,1
DA:2,11
DA:3,1
DA:4,1
DA:6,1
DA:7,1
DA:8,1
DA:9,1
DA:10,1
DA:11,1
DA:12,1
DA:13,5
DA:14,5
DA:15,5
DA:16,5
DA:18,1
DA:19,5
DA:21,1
DA:22,5
DA:23,5
DA:24,5
DA:25,0
DA:26,0
DA:29,5
DA:30,1
DA:31,1
DA:33,4
DA:34,3
DA:35,3
DA:37,1
DA:38,1
DA:39,1
DA:41,5
DA:43,1
DA:44,5
DA:45,5
DA:46,5
DA:47,5
DA:48,1
DA:49,1
DA:50,0
DA:53,1
DA:55,1
DA:56,5
DA:58,1
DA:60,1
LF:46
LH:43
BRDA:1,1,0,1
BRDA:1,1,1,1
BRDA:1,1,2,1
BRDA:2,2,0,11
BRDA:2,2,1,0
BRDA:4,3,0,0
BRDA:4,3,1,1
BRDA:24,4,0,0
BRDA:24,4,1,5
BRDA:24,5,0,5
BRDA:24,5,1,5
BRDA:29,6,0,1
BRDA:29,6,1,4
BRDA:29,7,0,5
BRDA:29,7,1,1
BRDA:33,8,0,3
BRDA:33,8,1,1
BRDA:33,9,0,4
BRDA:33,9,1,3
BRDA:37,10,0,1
BRDA:37,10,1,0
BRDA:37,11,0,1
BRDA:37,11,1,1
BRDA:47,12,0,1
BRDA:47,12,1,4
BRDA:49,13,0,0
BRDA:49,13,1,1
BRF:27
BRH:22
end_of_record
TN:
SF:/Users/blesh/GitHub/blesh/RxJS/dist/cjs/add/observable/fromEventPattern.js
FNF:0
FNH:0
DA:1,1
DA:2,1
DA:3,1
LF:3
LH:3
BRF:0
BRH:0
end_of_record
TN:
SF:/Users/blesh/GitHub/blesh/RxJS/dist/cjs/observable/fromEventPattern.js
FN:1,(anonymous_1)
FN:3,__
FN:10,(anonymous_3)
FN:12,FromEventPatternObservable
FN:18,(anonymous_5)
FN:21,(anonymous_6)
FN:25,(anonymous_7)
FN:33,(anonymous_8)
FN:38,(anonymous_9)
FNF:9
FNH:8
FNDA:1,(anonymous_1)
FNDA:1,__
FNDA:1,(anonymous_3)
FNDA:5,FromEventPatternObservable
FNDA:5,(anonymous_5)
FNDA:5,(anonymous_6)
FNDA:2,(anonymous_7)
FNDA:0,(anonymous_8)
FNDA:3,(anonymous_9)
DA:1,1
DA:2,12
DA:3,1
DA:4,1
DA:6,1
DA:7,1
DA:8,1
DA:9,1
DA:10,1
DA:11,1
DA:12,1
DA:13,5
DA:14,5
DA:15,5
DA:16,5
DA:18,1
DA:19,5
DA:21,1
DA:22,5
DA:23,5
DA:24,5
DA:25,5
DA:26,2
DA:27,2
DA:28,1
DA:31,1
DA:33,0
DA:34,5
DA:35,5
DA:36,1
DA:38,5
DA:40,3
DA:43,1
DA:45,1
LF:34
LH:33
BRDA:1,1,0,1
BRDA:1,1,1,1
BRDA:1,1,2,1
BRDA:2,2,0,12
BRDA:2,2,1,0
BRDA:4,3,0,0
BRDA:4,3,1,1
BRDA:25,4,0,2
BRDA:25,4,1,3
BRDA:27,5,0,1
BRDA:27,5,1,1
BRDA:35,6,0,1
BRDA:35,6,1,4
BRF:13
BRH:11
end_of_record
TN:
SF:/Users/blesh/GitHub/blesh/RxJS/dist/cjs/add/observable/fromPromise.js
FNF:0
FNH:0
DA:1,1
DA:2,1
DA:3,1
LF:3
LH:3
BRF:0
BRH:0
end_of_record
TN:
SF:/Users/blesh/GitHub/blesh/RxJS/dist/cjs/add/observable/interval.js
FNF:0
FNH:0
DA:1,1
DA:2,1
DA:3,1
LF:3
LH:3
BRF:0
BRH:0
end_of_record
TN:
SF:/Users/blesh/GitHub/blesh/RxJS/dist/cjs/observable/interval.js
FN:1,(anonymous_1)
FN:3,__
FN:9,(anonymous_3)
FN:11,IntervalObservable
FN:24,(anonymous_5)
FN:29,(anonymous_6)
FN:38,(anonymous_7)
FNF:7
FNH:7
FNDA:1,(anonymous_1)
FNDA:1,__
FNDA:1,(anonymous_3)
FNDA:6,IntervalObservable
FNDA:6,(anonymous_5)
FNDA:33,(anonymous_6)
FNDA:5,(anonymous_7)
DA:1,1
DA:2,14
DA:3,1
DA:4,1
DA:6,1
DA:7,1
DA:8,1
DA:9,1
DA:10,1
DA:11,1
DA:12,6
DA:13,6
DA:14,6
DA:15,6
DA:16,6
DA:17,6
DA:18,1
DA:20,6
DA:21,1
DA:24,1
DA:25,6
DA:26,6
DA:27,6
DA:29,1
DA:30,33
DA:31,33
DA:32,33
DA:33,3
DA:35,30
DA:36,30
DA:38,1
DA:39,5
DA:40,5
DA:41,5
DA:42,5
DA:46,1
DA:48,1
LF:37
LH:37
BRDA:1,1,0,1
BRDA:1,1,1,1
BRDA:1,1,2,1
BRDA:2,2,0,14
BRDA:2,2,1,0
BRDA:4,3,0,0
BRDA:4,3,1,1
BRDA:12,4,0,0
BRDA:12,4,1,6
BRDA:13,5,0,0
BRDA:13,5,1,6
BRDA:17,6,0,1
BRDA:17,6,1,5
BRDA:17,7,0,6
BRDA:17,7,1,6
BRDA:20,8,0,1
BRDA:20,8,1,5
BRDA:20,9,0,6
BRDA:20,9,1,6
BRDA:25,10,0,0
BRDA:25,10,1,6
BRDA:26,11,0,1
BRDA:26,11,1,5
BRDA:32,12,0,3
BRDA:32,12,1,30
BRF:25
BRH:20
end_of_record
TN:
SF:/Users/blesh/GitHub/blesh/RxJS/dist/cjs/util/isNumeric.js
FN:2,isNumeric
FNF:1
FNH:1
FNDA:64,isNumeric
DA:1,1
DA:2,1
DA:7,64
DA:9,1
LF:4
LH:4
BRDA:7,1,0,64
BRDA:7,1,1,64
BRF:2
BRH:2
end_of_record
TN:
SF:/Users/blesh/GitHub/blesh/RxJS/dist/cjs/scheduler/asap.js
FNF:0
FNH:0
DA:1,1
DA:2,1
LF:2
LH:2
BRF:0
BRH:0
end_of_record
TN:
SF:/Users/blesh/GitHub/blesh/RxJS/dist/cjs/scheduler/AsapScheduler.js
FN:1,(anonymous_1)
FN:3,__
FN:9,(anonymous_3)
FN:11,AsapScheduler
FN:14,(anonymous_5)
FNF:5
FNH:5
FNDA:1,(anonymous_1)
FNDA:1,__
FNDA:1,(anonymous_3)
FNDA:1,AsapScheduler
FNDA:2,(anonymous_5)
DA:1,1
DA:2,1
DA:3,1
DA:4,1
DA:6,1
DA:7,1
DA:8,1
DA:9,1
DA:10,1
DA:11,1
DA:12,1
DA:14,1
DA:15,2
DA:19,1
DA:21,1
LF:15
LH:15
BRDA:1,1,0,1
BRDA:1,1,1,1
BRDA:1,1,2,1
BRDA:2,2,0,0
BRDA:2,2,1,0
BRDA:4,3,0,0
BRDA:4,3,1,1
BRDA:15,4,0,0
BRDA:15,4,1,2
BRF:9
BRH:5
end_of_record
TN:
SF:/Users/blesh/GitHub/blesh/RxJS/dist/cjs/scheduler/AsapAction.js
FN:1,(anonymous_1)
FN:3,__
FN:8,(anonymous_3)
FN:10,AsapAction
FN:13,(anonymous_5)
FN:23,(anonymous_6)
FN:31,(anonymous_7)
FNF:7
FNH:7
FNDA:1,(anonymous_1)
FNDA:1,__
FNDA:1,(anonymous_3)
FNDA:2,AsapAction
FNDA:6,(anonymous_5)
FNDA:2,(anonymous_6)
FNDA:2,(anonymous_7)
DA:1,1
DA:2,1
DA:3,1
DA:4,1
DA:6,1
DA:7,1
DA:8,1
DA:9,1
DA:10,1
DA:11,2
DA:13,1
DA:14,6
DA:15,6
DA:16,0
DA:18,6
DA:19,6
DA:20,6
DA:21,6
DA:22,3
DA:23,3
DA:24,2
DA:25,2
DA:26,2
DA:29,6
DA:31,1
DA:32,2
DA:33,2
DA:34,2
DA:35,2
DA:36,2
DA:37,2
DA:39,2
DA:40,1
DA:41,1
DA:44,1
DA:46,1
LF:36
LH:35
BRDA:1,1,0,1
BRDA:1,1,1,1
BRDA:1,1,2,1
BRDA:2,2,0,1
BRDA:2,2,1,0
BRDA:4,3,0,0
BRDA:4,3,1,1
BRDA:15,4,0,0
BRDA:15,4,1,6
BRDA:21,5,0,3
BRDA:21,5,1,3
BRDA:35,6,0,2
BRDA:35,6,1,0
BRDA:39,7,0,1
BRDA:39,7,1,1
BRF:15
BRH:11
end_of_record
TN:
SF:/Users/blesh/GitHub/blesh/RxJS/dist/cjs/util/Immediate.js
FN:5,(anonymous_1)
FN:6,ImmediateDefinition
FN:37,clearImmediate
FN:44,(anonymous_4)
FN:47,(anonymous_5)
FN:50,(anonymous_6)
FN:53,(anonymous_7)
FN:57,(anonymous_8)
FN:64,(anonymous_9)
FN:75,(anonymous_10)
FN:80,result
FN:93,(anonymous_12)
FN:97,(anonymous_13)
FN:98,setImmediate
FN:107,(anonymous_15)
FN:113,globalMessageHandler
FN:123,setImmediate
FN:133,(anonymous_18)
FN:155,(anonymous_19)
FN:158,(anonymous_20)
FN:162,setImmediate
FN:172,(anonymous_22)
FN:173,setImmediate
FN:182,(anonymous_24)
FN:194,(anonymous_25)
FN:195,setImmediate
FNF:26
FNH:26
FNDA:1,(anonymous_1)
FNDA:9,ImmediateDefinition
FNDA:1,clearImmediate
FNDA:1,(anonymous_4)
FNDA:2,(anonymous_5)
FNDA:2,(anonymous_6)
FNDA:3,(anonymous_7)
FNDA:5,(anonymous_8)
FNDA:2,(anonymous_9)
FNDA:2,(anonymous_10)
FNDA:2,result
FNDA:1,(anonymous_12)
FNDA:1,(anonymous_13)
FNDA:1,setImmediate
FNDA:1,(anonymous_15)
FNDA:1,globalMessageHandler
FNDA:1,setImmediate
FNDA:3,(anonymous_18)
FNDA:1,(anonymous_19)
FNDA:1,(anonymous_20)
FNDA:1,setImmediate
FNDA:1,(anonymous_22)
FNDA:1,setImmediate
FNDA:1,(anonymous_24)
FNDA:1,(anonymous_25)
FNDA:1,setImmediate
DA:4,1
DA:5,1
DA:6,1
DA:7,9
DA:8,9
DA:9,3
DA:10,3
DA:13,6
DA:14,6
DA:15,6
DA:17,6
DA:19,1
DA:21,5
DA:23,1
DA:25,4
DA:27,1
DA:29,3
DA:31,1
DA:35,2
DA:37,6
DA:38,1
DA:40,6
DA:41,6
DA:44,1
DA:45,1
DA:47,1
DA:48,2
DA:50,1
DA:51,2
DA:53,1
DA:54,3
DA:55,3
DA:57,1
DA:58,5
DA:61,5
DA:62,2
DA:63,2
DA:64,2
DA:65,2
DA:67,2
DA:68,2
DA:69,2
DA:71,3
DA:75,1
DA:76,2
DA:77,2
DA:78,3
DA:80,2
DA:81,2
DA:82,2
DA:83,1
DA:86,1
DA:89,2
DA:90,2
DA:91,2
DA:93,1
DA:94,1
DA:95,1
DA:97,1
DA:98,1
DA:99,1
DA:100,1
DA:101,1
DA:102,1
DA:104,1
DA:105,1
DA:107,1
DA:111,1
DA:112,1
DA:113,1
DA:114,1
DA:115,1
DA:118,1
DA:121,1
DA:122,1
DA:123,1
DA:124,1
DA:125,1
DA:126,1
DA:127,1
DA:129,1
DA:130,1
DA:131,1
DA:133,1
DA:136,3
DA:139,1
DA:142,2
DA:143,2
DA:144,1
DA:145,1
DA:146,1
DA:149,1
DA:150,1
DA:155,1
DA:156,1
DA:157,1
DA:158,1
DA:159,1
DA:160,1
DA:162,1
DA:163,1
DA:164,1
DA:165,1
DA:166,1
DA:168,1
DA:169,1
DA:170,1
DA:172,1
DA:173,1
DA:174,1
DA:175,1
DA:176,1
DA:177,1
DA:178,1
DA:181,1
DA:182,1
DA:183,1
DA:184,1
DA:185,1
DA:186,1
DA:188,1
DA:189,1
DA:191,1
DA:192,1
DA:194,1
DA:195,1
DA:196,1
DA:197,1
DA:198,1
DA:199,1
DA:201,1
DA:202,1
DA:204,1
DA:206,1
DA:207,1
LF:135
LH:135
BRDA:8,1,0,3
BRDA:8,1,1,6
BRDA:17,2,0,1
BRDA:17,2,1,5
BRDA:21,3,0,1
BRDA:21,3,1,4
BRDA:25,4,0,1
BRDA:25,4,1,3
BRDA:29,5,0,1
BRDA:29,5,1,2
BRDA:55,6,0,3
BRDA:55,6,1,2
BRDA:61,7,0,2
BRDA:61,7,1,3
BRDA:61,8,0,5
BRDA:61,8,1,3
BRDA:82,9,0,1
BRDA:82,9,1,1
BRDA:115,10,0,1
BRDA:115,10,1,0
BRDA:115,11,0,1
BRDA:115,11,1,1
BRDA:115,11,2,1
BRDA:136,12,0,1
BRDA:136,12,1,2
BRDA:143,13,0,1
BRDA:143,13,1,1
BRF:27
BRH:26
end_of_record
TN:
SF:/Users/blesh/GitHub/blesh/RxJS/dist/cjs/add/observable/never.js
FNF:0
FNH:0
DA:1,1
DA:2,1
DA:3,1
LF:3
LH:3
BRF:0
BRH:0
end_of_record
TN:
SF:/Users/blesh/GitHub/blesh/RxJS/dist/cjs/observable/never.js
FN:1,(anonymous_1)
FN:3,__
FN:8,(anonymous_3)
FN:10,InfiniteObservable
FN:13,(anonymous_5)
FN:16,(anonymous_6)
FNF:6
FNH:6
FNDA:1,(anonymous_1)
FNDA:1,__
FNDA:1,(anonymous_3)
FNDA:29,InfiniteObservable
FNDA:29,(anonymous_5)
FNDA:29,(anonymous_6)
DA:1,1
DA:2,15
DA:3,1
DA:4,1
DA:6,1
DA:7,1
DA:8,1
DA:9,1
DA:10,1
DA:11,29
DA:13,1
DA:14,29
DA:16,1
DA:17,29
DA:19,1
DA:21,1
LF:16
LH:16
BRDA:1,1,0,1
BRDA:1,1,1,1
BRDA:1,1,2,1
BRDA:2,2,0,15
BRDA:2,2,1,0
BRDA:4,3,0,0
BRDA:4,3,1,1
BRF:7
BRH:5
end_of_record
TN:
SF:/Users/blesh/GitHub/blesh/RxJS/dist/cjs/add/observable/range.js
FNF:0
FNH:0
DA:1,1
DA:2,1
DA:3,1
LF:3
LH:3
BRF:0
BRH:0
end_of_record
TN:
SF:/Users/blesh/GitHub/blesh/RxJS/dist/cjs/observable/range.js
FN:1,(anonymous_1)
FN:3,__
FN:7,(anonymous_3)
FN:9,RangeObservable
FN:15,(anonymous_5)
FN:20,(anonymous_6)
FN:34,(anonymous_7)
FNF:7
FNH:7
FNDA:1,(anonymous_1)
FNDA:1,__
FNDA:1,(anonymous_3)
FNDA:15,RangeObservable
FNDA:15,(anonymous_5)
FNDA:7,(anonymous_6)
FNDA:11,(anonymous_7)
DA:1,1
DA:2,16
DA:3,1
DA:4,1
DA:6,1
DA:7,1
DA:8,1
DA:9,1
DA:10,15
DA:11,15
DA:12,15
DA:13,15
DA:15,1
DA:16,15
DA:17,15
DA:18,15
DA:20,1
DA:21,7
DA:22,7
DA:23,2
DA:24,2
DA:26,5
DA:27,5
DA:28,0
DA:30,5
DA:31,5
DA:32,5
DA:34,1
DA:35,11
DA:36,11
DA:37,11
DA:38,11
DA:39,11
DA:40,1
DA:45,10
DA:46,20054
DA:47,7
DA:48,7
DA:50,20047
DA:51,20047
DA:52,3
DA:57,1
DA:59,1
LF:43
LH:42
BRDA:1,1,0,1
BRDA:1,1,1,1
BRDA:1,1,2,1
BRDA:2,2,0,16
BRDA:2,2,1,0
BRDA:4,3,0,0
BRDA:4,3,1,1
BRDA:16,4,0,0
BRDA:16,4,1,15
BRDA:17,5,0,0
BRDA:17,5,1,15
BRDA:22,6,0,2
BRDA:22,6,1,5
BRDA:27,7,0,0
BRDA:27,7,1,5
BRDA:39,8,0,1
BRDA:39,8,1,10
BRDA:46,9,0,7
BRDA:46,9,1,20047
BRDA:51,10,0,3
BRDA:51,10,1,20044
BRF:21
BRH:16
end_of_record
TN:
SF:/Users/blesh/GitHub/blesh/RxJS/dist/cjs/add/observable/throw.js
FNF:0
FNH:0
DA:1,1
DA:2,1
DA:3,1
LF:3
LH:3
BRF:0
BRH:0
end_of_record
TN:
SF:/Users/blesh/GitHub/blesh/RxJS/dist/cjs/add/observable/timer.js
FNF:0
FNH:0
DA:1,1
DA:2,1
DA:3,1
LF:3
LH:3
BRF:0
BRH:0
end_of_record
TN:
SF:/Users/blesh/GitHub/blesh/RxJS/dist/cjs/observable/timer.js
FN:1,(anonymous_1)
FN:3,__
FN:11,(anonymous_3)
FN:13,TimerObservable
FN:32,(anonymous_5)
FN:36,(anonymous_6)
FN:57,(anonymous_7)
FNF:7
FNH:7
FNDA:1,(anonymous_1)
FNDA:1,__
FNDA:1,(anonymous_3)
FNDA:47,TimerObservable
FNDA:47,(anonymous_5)
FNDA:66,(anonymous_6)
FNDA:47,(anonymous_7)
DA:1,1
DA:2,18
DA:3,1
DA:4,1
DA:6,1
DA:7,1
DA:8,1
DA:9,1
DA:10,1
DA:11,1
DA:12,1
DA:13,1
DA:14,47
DA:15,47
DA:16,47
DA:17,47
DA:18,47
DA:19,47
DA:20,6
DA:22,41
DA:23,26
DA:25,47
DA:26,15
DA:28,47
DA:29,47
DA:30,47
DA:32,1
DA:33,47
DA:34,47
DA:36,1
DA:37,66
DA:38,66
DA:39,66
DA:40,66
DA:41,38
DA:42,38
DA:44,28
DA:45,5
DA:47,23
DA:48,1
DA:53,22
DA:54,22
DA:57,1
DA:58,47
DA:59,47
DA:60,47
DA:61,47
DA:62,47
DA:64,1
DA:66,1
LF:50
LH:50
BRDA:1,1,0,1
BRDA:1,1,1,1
BRDA:1,1,2,1
BRDA:2,2,0,18
BRDA:2,2,1,0
BRDA:4,3,0,0
BRDA:4,3,1,1
BRDA:14,4,0,0
BRDA:14,4,1,47
BRDA:19,5,0,6
BRDA:19,5,1,41
BRDA:20,6,0,6
BRDA:20,6,1,0
BRDA:20,6,2,6
BRDA:22,7,0,26
BRDA:22,7,1,15
BRDA:25,8,0,15
BRDA:25,8,1,32
BRDA:30,9,0,2
BRDA:30,9,1,45
BRDA:33,10,0,0
BRDA:33,10,1,47
BRDA:40,11,0,38
BRDA:40,11,1,28
BRDA:44,12,0,5
BRDA:44,12,1,23
BRDA:47,13,0,1
BRDA:47,13,1,22
BRF:28
BRH:23
end_of_record
TN:
SF:/Users/blesh/GitHub/blesh/RxJS/dist/cjs/util/isDate.js
FN:1,isDate
FNF:1
FNH:1
FNDA:111,isDate
DA:1,1
DA:2,111
DA:4,1
LF:3
LH:3
BRDA:2,1,0,111
BRDA:2,1,1,15
BRF:2
BRH:2
end_of_record
TN:
SF:/Users/blesh/GitHub/blesh/RxJS/dist/cjs/add/operator/zip-static.js
FNF:0
FNH:0
DA:1,1
DA:2,1
DA:3,1
LF:3
LH:3
BRF:0
BRH:0
end_of_record
TN:
SF:/Users/blesh/GitHub/blesh/RxJS/dist/cjs/operator/zip-static.js
FN:3,zip
FNF:1
FNH:1
FNDA:88,zip
DA:1,1
DA:2,1
DA:3,1
DA:4,88
DA:5,88
DA:6,204
DA:8,88
DA:9,88
DA:10,18
DA:12,88
DA:14,1
LF:11
LH:11
BRDA:9,1,0,18
BRDA:9,1,1,70
BRF:2
BRH:2
end_of_record
TN:
SF:/Users/blesh/GitHub/blesh/RxJS/dist/cjs/operator/zip-support.js
FN:1,(anonymous_1)
FN:3,__
FN:13,(anonymous_3)
FN:14,ZipOperator
FN:17,(anonymous_5)
FN:23,(anonymous_6)
FN:25,ZipSubscriber
FN:34,(anonymous_8)
FN:47,(anonymous_9)
FN:61,(anonymous_10)
FN:67,(anonymous_11)
FN:114,(anonymous_12)
FN:115,StaticIterator
FN:119,(anonymous_14)
FN:122,(anonymous_15)
FN:127,(anonymous_16)
FN:133,(anonymous_17)
FN:134,StaticArrayIterator
FN:140,(anonymous_19)
FN:143,(anonymous_20)
FN:148,(anonymous_21)
FN:151,(anonymous_22)
FN:156,(anonymous_23)
FN:158,ZipBufferIterator
FN:167,(anonymous_25)
FN:172,(anonymous_26)
FN:181,(anonymous_27)
FN:184,(anonymous_28)
FN:187,(anonymous_29)
FN:196,(anonymous_30)
FN:200,(anonymous_31)
FNF:31
FNH:29
FNDA:2,(anonymous_1)
FNDA:2,__
FNDA:1,(anonymous_3)
FNDA:135,ZipOperator
FNDA:135,(anonymous_5)
FNDA:1,(anonymous_6)
FNDA:135,ZipSubscriber
FNDA:286,(anonymous_8)
FNDA:135,(anonymous_9)
FNDA:29,(anonymous_10)
FNDA:428,(anonymous_11)
FNDA:1,(anonymous_12)
FNDA:6,StaticIterator
FNDA:21,(anonymous_14)
FNDA:21,(anonymous_15)
FNDA:21,(anonymous_16)
FNDA:1,(anonymous_17)
FNDA:30,StaticArrayIterator
FNDA:0,(anonymous_19)
FNDA:18,(anonymous_20)
FNDA:21,(anonymous_21)
FNDA:18,(anonymous_22)
FNDA:1,(anonymous_23)
FNDA:250,ZipBufferIterator
FNDA:0,(anonymous_25)
FNDA:371,(anonymous_26)
FNDA:799,(anonymous_27)
FNDA:371,(anonymous_28)
FNDA:91,(anonymous_29)
FNDA:428,(anonymous_30)
FNDA:250,(anonymous_31)
DA:1,1
DA:2,4
DA:3,2
DA:4,2
DA:6,1
DA:7,1
DA:8,1
DA:9,1
DA:10,1
DA:11,1
DA:12,1
DA:13,1
DA:14,1
DA:15,135
DA:17,1
DA:18,135
DA:20,1
DA:22,1
DA:23,1
DA:24,1
DA:25,1
DA:26,135
DA:27,135
DA:28,135
DA:29,135
DA:30,135
DA:31,135
DA:32,135
DA:34,1
DA:35,286
DA:36,286
DA:37,286
DA:38,30
DA:40,256
DA:41,6
DA:44,250
DA:47,1
DA:48,135
DA:49,135
DA:50,135
DA:51,135
DA:52,286
DA:53,286
DA:54,250
DA:57,36
DA:61,1
DA:62,29
DA:63,29
DA:64,5
DA:67,1
DA:68,428
DA:69,428
DA:70,428
DA:72,428
DA:73,841
DA:74,841
DA:75,242
DA:78,186
DA:79,186
DA:80,186
DA:81,410
DA:82,410
DA:85,410
DA:86,20
DA:88,410
DA:89,0
DA:90,0
DA:92,410
DA:94,186
DA:95,186
DA:96,89
DA:97,89
DA:98,6
DA:101,83
DA:105,97
DA:107,186
DA:108,17
DA:111,1
DA:113,1
DA:114,1
DA:115,1
DA:116,6
DA:117,6
DA:119,1
DA:120,21
DA:122,1
DA:123,21
DA:124,21
DA:125,21
DA:127,1
DA:128,21
DA:129,21
DA:131,1
DA:133,1
DA:134,1
DA:135,30
DA:136,30
DA:137,30
DA:138,30
DA:140,1
DA:141,0
DA:143,1
DA:144,18
DA:145,18
DA:146,18
DA:148,1
DA:149,21
DA:151,1
DA:152,18
DA:154,1
DA:156,1
DA:157,1
DA:158,1
DA:159,250
DA:160,250
DA:161,250
DA:162,250
DA:163,250
DA:164,250
DA:165,250
DA:167,1
DA:168,0
DA:172,1
DA:173,371
DA:174,371
DA:175,0
DA:178,371
DA:181,1
DA:182,799
DA:184,1
DA:185,371
DA:187,1
DA:188,91
DA:189,29
DA:190,29
DA:193,62
DA:196,1
DA:197,428
DA:198,428
DA:200,1
DA:201,250
DA:203,1
LF:142
LH:137
BRDA:1,1,0,1
BRDA:1,1,1,1
BRDA:1,1,2,1
BRDA:2,2,0,4
BRDA:2,2,1,0
BRDA:4,3,0,0
BRDA:4,3,1,2
BRDA:26,4,0,135
BRDA:26,4,1,0
BRDA:31,5,0,28
BRDA:31,5,1,107
BRDA:37,6,0,30
BRDA:37,6,1,256
BRDA:40,7,0,6
BRDA:40,7,1,250
BRDA:53,8,0,250
BRDA:53,8,1,36
BRDA:63,9,0,5
BRDA:63,9,1,24
BRDA:74,10,0,242
BRDA:74,10,1,599
BRDA:74,11,0,841
BRDA:74,11,1,841
BRDA:85,12,0,20
BRDA:85,12,1,390
BRDA:88,13,0,0
BRDA:88,13,1,410
BRDA:95,14,0,89
BRDA:95,14,1,97
BRDA:97,15,0,6
BRDA:97,15,1,83
BRDA:107,16,0,17
BRDA:107,16,1,169
BRDA:129,17,0,21
BRDA:129,17,1,21
BRDA:146,18,0,18
BRDA:146,18,1,0
BRDA:174,19,0,0
BRDA:174,19,1,371
BRDA:174,20,0,371
BRDA:174,20,1,0
BRDA:185,21,0,371
BRDA:185,21,1,314
BRDA:188,22,0,29
BRDA:188,22,1,62
BRF:45
BRH:38
end_of_record
TN:
SF:/Users/blesh/GitHub/blesh/RxJS/dist/cjs/add/operator/buffer.js
FNF:0
FNH:0
DA:1,1
DA:2,1
DA:3,1
LF:3
LH:3
BRF:0
BRH:0
end_of_record
TN:
SF:/Users/blesh/GitHub/blesh/RxJS/dist/cjs/operator/buffer.js
FN:1,(anonymous_1)
FN:3,__
FN:15,buffer
FN:19,(anonymous_4)
FN:20,BufferOperator
FN:23,(anonymous_6)
FN:28,(anonymous_7)
FN:30,BufferSubscriber
FN:37,(anonymous_9)
FN:40,(anonymous_10)
FN:43,(anonymous_11)
FN:46,(anonymous_12)
FN:56,(anonymous_13)
FN:58,BufferClosingNotifierSubscriber
FN:62,(anonymous_15)
FN:65,(anonymous_16)
FN:68,(anonymous_17)
FNF:17
FNH:17
FNDA:2,(anonymous_1)
FNDA:2,__
FNDA:19,buffer
FNDA:1,(anonymous_4)
FNDA:19,BufferOperator
FNDA:19,(anonymous_6)
FNDA:1,(anonymous_7)
FNDA:19,BufferSubscriber
FNDA:41,(anonymous_9)
FNDA:7,(anonymous_10)
FNDA:8,(anonymous_11)
FNDA:24,(anonymous_12)
FNDA:1,(anonymous_13)
FNDA:19,BufferClosingNotifierSubscriber
FNDA:24,(anonymous_15)
FNDA:3,(anonymous_16)
FNDA:4,(anonymous_17)
DA:1,1
DA:2,4
DA:3,2
DA:4,2
DA:6,1
DA:15,1
DA:16,19
DA:18,1
DA:19,1
DA:20,1
DA:21,19
DA:23,1
DA:24,19
DA:26,1
DA:28,1
DA:29,1
DA:30,1
DA:31,19
DA:32,19
DA:33,19
DA:34,19
DA:35,19
DA:37,1
DA:38,41
DA:40,1
DA:41,7
DA:43,1
DA:44,8
DA:46,1
DA:47,24
DA:48,24
DA:49,24
DA:50,24
DA:51,1
DA:54,1
DA:56,1
DA:57,1
DA:58,1
DA:59,19
DA:60,19
DA:62,1
DA:63,24
DA:65,1
DA:66,3
DA:68,1
DA:69,4
DA:71,1
LF:47
LH:47
BRDA:1,1,0,1
BRDA:1,1,1,1
BRDA:1,1,2,1
BRDA:2,2,0,4
BRDA:2,2,1,0
BRDA:4,3,0,0
BRDA:4,3,1,2
BRDA:50,4,0,1
BRDA:50,4,1,23
BRF:9
BRH:7
end_of_record
TN:
SF:/Users/blesh/GitHub/blesh/RxJS/dist/cjs/add/operator/bufferCount.js
FNF:0
FNH:0
DA:1,1
DA:2,1
DA:3,1
LF:3
LH:3
BRF:0
BRH:0
end_of_record
TN:
SF:/Users/blesh/GitHub/blesh/RxJS/dist/cjs/operator/bufferCount.js
FN:1,(anonymous_1)
FN:3,__
FN:16,bufferCount
FN:21,(anonymous_4)
FN:22,BufferCountOperator
FN:26,(anonymous_6)
FN:31,(anonymous_7)
FN:33,BufferCountSubscriber
FN:40,(anonymous_9)
FN:63,(anonymous_10)
FN:66,(anonymous_11)
FNF:11
FNH:11
FNDA:1,(anonymous_1)
FNDA:1,__
FNDA:8,bufferCount
FNDA:1,(anonymous_4)
FNDA:8,BufferCountOperator
FNDA:8,(anonymous_6)
FNDA:1,(anonymous_7)
FNDA:8,BufferCountSubscriber
FNDA:43,(anonymous_9)
FNDA:1,(anonymous_10)
FNDA:6,(anonymous_11)
DA:1,1
DA:2,2
DA:3,1
DA:4,1
DA:6,1
DA:16,1
DA:17,8
DA:18,8
DA:20,1
DA:21,1
DA:22,1
DA:23,8
DA:24,8
DA:26,1
DA:27,8
DA:29,1
DA:31,1
DA:32,1
DA:33,1
DA:34,8
DA:35,8
DA:36,8
DA:37,8
DA:38,8
DA:40,1
DA:41,43
DA:42,43
DA:43,43
DA:44,43
DA:45,43
DA:46,43
DA:47,43
DA:48,43
DA:49,17
DA:51,43
DA:52,55
DA:53,55
DA:54,55
DA:55,15
DA:56,15
DA:59,43
DA:60,15
DA:63,1
DA:64,1
DA:66,1
DA:67,6
DA:68,6
DA:69,6
DA:70,7
DA:71,7
DA:72,5
DA:75,6
DA:77,1
LF:53
LH:53
BRDA:1,1,0,1
BRDA:1,1,1,1
BRDA:1,1,2,1
BRDA:2,2,0,2
BRDA:2,2,1,0
BRDA:4,3,0,0
BRDA:4,3,1,1
BRDA:17,4,0,4
BRDA:17,4,1,4
BRDA:44,5,0,18
BRDA:44,5,1,25
BRDA:48,6,0,17
BRDA:48,6,1,26
BRDA:54,7,0,15
BRDA:54,7,1,40
BRDA:59,8,0,15
BRDA:59,8,1,28
BRDA:71,9,0,5
BRDA:71,9,1,2
BRF:19
BRH:17
end_of_record
TN:
SF:/Users/blesh/GitHub/blesh/RxJS/dist/cjs/add/operator/bufferTime.js
FNF:0
FNH:0
DA:1,1
DA:2,1
DA:3,1
LF:3
LH:3
BRF:0
BRH:0
end_of_record
TN:
SF:/Users/blesh/GitHub/blesh/RxJS/dist/cjs/operator/bufferTime.js
FN:1,(anonymous_1)
FN:3,__
FN:16,bufferTime
FN:22,(anonymous_4)
FN:23,BufferTimeOperator
FN:28,(anonymous_6)
FN:33,(anonymous_7)
FN:35,BufferTimeSubscriber
FN:53,(anonymous_9)
FN:60,(anonymous_10)
FN:64,(anonymous_11)
FN:71,(anonymous_12)
FN:76,(anonymous_13)
FN:83,dispatchBufferTimeSpanOnly
FN:94,dispatchBufferCreation
FN:103,dispatchBufferClose
FNF:16
FNH:16
FNDA:1,(anonymous_1)
FNDA:1,__
FNDA:11,bufferTime
FNDA:1,(anonymous_4)
FNDA:11,BufferTimeOperator
FNDA:11,(anonymous_6)
FNDA:1,(anonymous_7)
FNDA:11,BufferTimeSubscriber
FNDA:56,(anonymous_9)
FNDA:4,(anonymous_10)
FNDA:5,(anonymous_11)
FNDA:37,(anonymous_12)
FNDA:25,(anonymous_13)
FNDA:10,dispatchBufferTimeSpanOnly
FNDA:16,dispatchBufferCreation
FNDA:15,dispatchBufferClose
DA:1,1
DA:2,2
DA:3,1
DA:4,1
DA:6,1
DA:7,1
DA:16,1
DA:17,11
DA:18,11
DA:19,11
DA:21,1
DA:22,1
DA:23,1
DA:24,11
DA:25,11
DA:26,11
DA:28,1
DA:29,11
DA:31,1
DA:33,1
DA:34,1
DA:35,1
DA:36,11
DA:37,11
DA:38,11
DA:39,11
DA:40,11
DA:41,11
DA:42,11
DA:43,5
DA:44,5
DA:45,5
DA:46,5
DA:49,6
DA:50,6
DA:53,1
DA:54,56
DA:55,56
DA:56,56
DA:57,68
DA:60,1
DA:61,4
DA:62,4
DA:64,1
DA:65,5
DA:66,5
DA:67,5
DA:69,5
DA:71,1
DA:72,37
DA:73,37
DA:74,37
DA:76,1
DA:77,25
DA:78,25
DA:79,25
DA:81,1
DA:83,1
DA:84,10
DA:85,10
DA:86,10
DA:87,10
DA:89,10
DA:90,10
DA:91,10
DA:94,1
DA:95,16
DA:96,16
DA:97,16
DA:98,16
DA:99,16
DA:100,16
DA:103,1
DA:104,15
DA:105,15
LF:75
LH:75
BRDA:1,1,0,1
BRDA:1,1,1,1
BRDA:1,1,2,1
BRDA:2,2,0,2
BRDA:2,2,1,0
BRDA:4,3,0,0
BRDA:4,3,1,1
BRDA:17,4,0,0
BRDA:17,4,1,11
BRDA:18,5,0,0
BRDA:18,5,1,11
BRDA:42,6,0,5
BRDA:42,6,1,6
BRDA:42,7,0,11
BRDA:42,7,1,5
BRDA:86,8,0,10
BRDA:86,8,1,0
BRDA:90,9,0,10
BRDA:90,9,1,0
BRDA:98,10,0,16
BRDA:98,10,1,0
BRF:21
BRH:14
end_of_record
TN:
SF:/Users/blesh/GitHub/blesh/RxJS/dist/cjs/add/operator/bufferToggle.js
FNF:0
FNH:0
DA:1,1
DA:2,1
DA:3,1
LF:3
LH:3
BRF:0
BRH:0
end_of_record
TN:
SF:/Users/blesh/GitHub/blesh/RxJS/dist/cjs/operator/bufferToggle.js
FN:1,(anonymous_1)
FN:3,__
FN:18,bufferToggle
FN:22,(anonymous_4)
FN:23,BufferToggleOperator
FN:27,(anonymous_6)
FN:32,(anonymous_7)
FN:34,BufferToggleSubscriber
FN:41,(anonymous_9)
FN:48,(anonymous_10)
FN:59,(anonymous_11)
FN:71,(anonymous_12)
FN:90,(anonymous_13)
FN:103,(anonymous_14)
FN:105,BufferToggleOpeningsSubscriber
FN:109,(anonymous_16)
FN:112,(anonymous_17)
FN:115,(anonymous_18)
FN:120,(anonymous_19)
FN:122,BufferToggleClosingsSubscriber
FN:127,(anonymous_21)
FN:130,(anonymous_22)
FN:133,(anonymous_23)
FNF:23
FNH:23
FNDA:3,(anonymous_1)
FNDA:3,__
FNDA:16,bufferToggle
FNDA:1,(anonymous_4)
FNDA:16,BufferToggleOperator
FNDA:16,(anonymous_6)
FNDA:1,(anonymous_7)
FNDA:16,BufferToggleSubscriber
FNDA:67,(anonymous_9)
FNDA:6,(anonymous_10)
FNDA:8,(anonymous_11)
FNDA:30,(anonymous_12)
FNDA:17,(anonymous_13)
FNDA:1,(anonymous_14)
FNDA:16,BufferToggleOpeningsSubscriber
FNDA:30,(anonymous_16)
FNDA:1,(anonymous_17)
FNDA:5,(anonymous_18)
FNDA:1,(anonymous_19)
FNDA:29,BufferToggleClosingsSubscriber
FNDA:15,(anonymous_21)
FNDA:2,(anonymous_22)
FNDA:2,(anonymous_23)
DA:1,1
DA:2,6
DA:3,3
DA:4,3
DA:6,1
DA:7,1
DA:8,1
DA:9,1
DA:18,1
DA:19,16
DA:21,1
DA:22,1
DA:23,1
DA:24,16
DA:25,16
DA:27,1
DA:28,16
DA:30,1
DA:32,1
DA:33,1
DA:34,1
DA:35,16
DA:36,16
DA:37,16
DA:38,16
DA:39,16
DA:41,1
DA:42,67
DA:43,67
DA:44,67
DA:45,59
DA:48,1
DA:49,6
DA:50,6
DA:51,5
DA:52,5
DA:53,5
DA:54,5
DA:56,6
DA:57,6
DA:59,1
DA:60,8
DA:61,8
DA:62,6
DA:63,6
DA:64,6
DA:65,6
DA:66,6
DA:68,8
DA:69,8
DA:71,1
DA:72,30
DA:73,30
DA:74,30
DA:75,30
DA:76,1
DA:79,29
DA:83,29
DA:84,29
DA:85,29
DA:86,29
DA:87,29
DA:90,1
DA:91,17
DA:92,17
DA:93,0
DA:95,17
DA:96,17
DA:97,17
DA:98,17
DA:99,17
DA:101,1
DA:103,1
DA:104,1
DA:105,1
DA:106,16
DA:107,16
DA:109,1
DA:110,30
DA:112,1
DA:113,1
DA:115,1
DA:118,1
DA:120,1
DA:121,1
DA:122,1
DA:123,29
DA:124,29
DA:125,29
DA:127,1
DA:128,15
DA:130,1
DA:131,2
DA:133,1
DA:134,2
DA:136,1
LF:96
LH:95
BRDA:1,1,0,1
BRDA:1,1,1,1
BRDA:1,1,2,1
BRDA:2,2,0,6
BRDA:2,2,1,0
BRDA:4,3,0,0
BRDA:4,3,1,3
BRDA:75,4,0,1
BRDA:75,4,1,29
BRDA:92,5,0,0
BRDA:92,5,1,17
BRF:11
BRH:8
end_of_record
TN:
SF:/Users/blesh/GitHub/blesh/RxJS/dist/cjs/add/operator/bufferWhen.js
FNF:0
FNH:0
DA:1,1
DA:2,1
DA:3,1
LF:3
LH:3
BRF:0
BRH:0
end_of_record
TN:
SF:/Users/blesh/GitHub/blesh/RxJS/dist/cjs/operator/bufferWhen.js
FN:1,(anonymous_1)
FN:3,__
FN:15,bufferWhen
FN:19,(anonymous_4)
FN:20,BufferWhenOperator
FN:23,(anonymous_6)
FN:28,(anonymous_7)
FN:30,BufferWhenSubscriber
FN:35,(anonymous_9)
FN:38,(anonymous_10)
FN:42,(anonymous_11)
FN:48,(anonymous_12)
FN:71,(anonymous_13)
FN:73,BufferClosingNotifierSubscriber
FN:77,(anonymous_15)
FN:80,(anonymous_16)
FN:83,(anonymous_17)
FNF:17
FNH:17
FNDA:2,(anonymous_1)
FNDA:2,__
FNDA:16,bufferWhen
FNDA:1,(anonymous_4)
FNDA:16,BufferWhenOperator
FNDA:16,(anonymous_6)
FNDA:1,(anonymous_7)
FNDA:16,BufferWhenSubscriber
FNDA:58,(anonymous_9)
FNDA:5,(anonymous_10)
FNDA:6,(anonymous_11)
FNDA:3815,(anonymous_12)
FNDA:1,(anonymous_13)
FNDA:3814,BufferClosingNotifierSubscriber
FNDA:17,(anonymous_15)
FNDA:3,(anonymous_16)
FNDA:3782,(anonymous_17)
DA:1,1
DA:2,4
DA:3,2
DA:4,2
DA:6,1
DA:7,1
DA:8,1
DA:15,1
DA:16,16
DA:18,1
DA:19,1
DA:20,1
DA:21,16
DA:23,1
DA:24,16
DA:26,1
DA:28,1
DA:29,1
DA:30,1
DA:31,16
DA:32,16
DA:33,16
DA:35,1
DA:36,58
DA:38,1
DA:39,5
DA:40,5
DA:42,1
DA:43,6
DA:44,6
DA:45,6
DA:46,6
DA:48,1
DA:49,3815
DA:50,3815
DA:51,19
DA:52,19
DA:54,3815
DA:55,3815
DA:56,3799
DA:58,3815
DA:59,3815
DA:60,3815
DA:61,1
DA:62,1
DA:63,1
DA:66,3814
DA:69,1
DA:71,1
DA:72,1
DA:73,1
DA:74,3814
DA:75,3813
DA:77,1
DA:78,17
DA:80,1
DA:81,3
DA:83,1
DA:84,3782
DA:86,1
LF:60
LH:60
BRDA:1,1,0,1
BRDA:1,1,1,1
BRDA:1,1,2,1
BRDA:2,2,0,4
BRDA:2,2,1,0
BRDA:4,3,0,0
BRDA:4,3,1,2
BRDA:50,4,0,19
BRDA:50,4,1,3796
BRDA:55,5,0,3799
BRDA:55,5,1,16
BRDA:60,6,0,1
BRDA:60,6,1,3814
BRF:13
BRH:11
end_of_record
TN:
SF:/Users/blesh/GitHub/blesh/RxJS/dist/cjs/add/operator/catch.js
FNF:0
FNH:0
DA:1,1
DA:2,1
DA:3,1
LF:3
LH:3
BRF:0
BRH:0
end_of_record
TN:
SF:/Users/blesh/GitHub/blesh/RxJS/dist/cjs/operator/catch.js
FN:1,(anonymous_1)
FN:3,__
FN:17,_catch
FN:24,(anonymous_4)
FN:25,CatchOperator
FN:28,(anonymous_6)
FN:33,(anonymous_7)
FN:35,CatchSubscriber
FN:43,(anonymous_9)
FN:46,(anonymous_10)
FN:56,(anonymous_11)
FN:60,(anonymous_12)
FNF:12
FNH:12
FNDA:1,(anonymous_1)
FNDA:1,__
FNDA:13,_catch
FNDA:1,(anonymous_4)
FNDA:13,CatchOperator
FNDA:16,(anonymous_6)
FNDA:1,(anonymous_7)
FNDA:16,CatchSubscriber
FNDA:30,(anonymous_9)
FNDA:12,(anonymous_10)
FNDA:2,(anonymous_11)
FNDA:16,(anonymous_12)
DA:1,1
DA:2,2
DA:3,1
DA:4,1
DA:6,1
DA:7,1
DA:8,1
DA:17,1
DA:18,13
DA:19,13
DA:20,13
DA:21,13
DA:23,1
DA:24,1
DA:25,1
DA:26,13
DA:28,1
DA:29,16
DA:31,1
DA:33,1
DA:34,1
DA:35,1
DA:36,16
DA:37,16
DA:38,16
DA:39,16
DA:40,16
DA:41,16
DA:43,1
DA:44,30
DA:46,1
DA:47,12
DA:48,12
DA:49,1
DA:52,11
DA:53,11
DA:56,1
DA:57,2
DA:58,2
DA:60,1
DA:61,16
DA:63,1
LF:42
LH:42
BRDA:1,1,0,1
BRDA:1,1,1,1
BRDA:1,1,2,1
BRDA:2,2,0,2
BRDA:2,2,1,0
BRDA:4,3,0,0
BRDA:4,3,1,1
BRDA:48,4,0,1
BRDA:48,4,1,11
BRF:9
BRH:7
end_of_record
TN:
SF:/Users/blesh/GitHub/blesh/RxJS/dist/cjs/add/operator/combineAll.js
FNF:0
FNH:0
DA:1,1
DA:2,1
DA:3,1
LF:3
LH:3
BRF:0
BRH:0
end_of_record
TN:
SF:/Users/blesh/GitHub/blesh/RxJS/dist/cjs/operator/combineAll.js
FN:14,combineAll
FNF:1
FNH:1
FNDA:30,combineAll
DA:1,1
DA:14,1
DA:15,30
DA:17,1
LF:4
LH:4
BRF:0
BRH:0
end_of_record
TN:
SF:/Users/blesh/GitHub/blesh/RxJS/dist/cjs/add/operator/combineLatest.js
FNF:0
FNH:0
DA:1,1
DA:2,1
DA:3,1
LF:3
LH:3
BRF:0
BRH:0
end_of_record
TN:
SF:/Users/blesh/GitHub/blesh/RxJS/dist/cjs/operator/combineLatest.js
FN:14,combineLatest
FNF:1
FNH:1
FNDA:28,combineLatest
DA:1,1
DA:2,1
DA:3,1
DA:14,1
DA:15,28
DA:16,28
DA:17,56
DA:19,28
DA:20,28
DA:21,28
DA:25,28
DA:26,1
DA:28,28
DA:29,28
DA:31,1
LF:15
LH:15
BRDA:20,1,0,28
BRDA:20,1,1,0
BRDA:25,2,0,1
BRDA:25,2,1,27
BRDA:25,3,0,28
BRDA:25,3,1,28
BRF:6
BRH:5
end_of_record
TN:
SF:/Users/blesh/GitHub/blesh/RxJS/dist/cjs/add/operator/concat.js
FNF:0
FNH:0
DA:1,1
DA:2,1
DA:3,1
LF:3
LH:3
BRF:0
BRH:0
end_of_record
TN:
SF:/Users/blesh/GitHub/blesh/RxJS/dist/cjs/operator/concat.js
FN:12,concat
FNF:1
FNH:1
FNDA:22,concat
DA:1,1
DA:2,1
DA:3,1
DA:12,1
DA:13,22
DA:14,22
DA:15,24
DA:17,22
DA:18,22
DA:19,22
DA:20,22
DA:21,3
DA:23,22
DA:25,1
LF:14
LH:14
BRDA:20,1,0,3
BRDA:20,1,1,19
BRF:2
BRH:2
end_of_record
TN:
SF:/Users/blesh/GitHub/blesh/RxJS/dist/cjs/add/operator/concatAll.js
FNF:0
FNH:0
DA:1,1
DA:2,1
DA:3,1
LF:3
LH:3
BRF:0
BRH:0
end_of_record
TN:
SF:/Users/blesh/GitHub/blesh/RxJS/dist/cjs/operator/concatAll.js
FN:13,concatAll
FNF:1
FNH:1
FNDA:31,concatAll
DA:1,1
DA:13,1
DA:14,31
DA:16,1
LF:4
LH:4
BRF:0
BRH:0
end_of_record
TN:
SF:/Users/blesh/GitHub/blesh/RxJS/dist/cjs/add/operator/concatMap.js
FNF:0
FNH:0
DA:1,1
DA:2,1
DA:3,1
LF:3
LH:3
BRF:0
BRH:0
end_of_record
TN:
SF:/Users/blesh/GitHub/blesh/RxJS/dist/cjs/operator/concatMap.js
FN:21,concatMap
FNF:1
FNH:1
FNDA:36,concatMap
DA:1,1
DA:21,1
DA:22,36
DA:24,1
LF:4
LH:4
BRF:0
BRH:0
end_of_record
TN:
SF:/Users/blesh/GitHub/blesh/RxJS/dist/cjs/operator/mergeMap-support.js
FN:1,(anonymous_1)
FN:3,__
FN:10,(anonymous_3)
FN:11,MergeMapOperator
FN:17,(anonymous_5)
FN:23,(anonymous_6)
FN:25,MergeMapSubscriber
FN:36,(anonymous_8)
FN:53,(anonymous_9)
FN:56,(anonymous_10)
FN:62,(anonymous_11)
FN:77,(anonymous_12)
FNF:12
FNH:12
FNDA:1,(anonymous_1)
FNDA:1,__
FNDA:1,(anonymous_3)
FNDA:112,MergeMapOperator
FNDA:121,(anonymous_5)
FNDA:1,(anonymous_6)
FNDA:121,MergeMapSubscriber
FNDA:400,(anonymous_8)
FNDA:331,(anonymous_9)
FNDA:40,(anonymous_10)
FNDA:632,(anonymous_11)
FNDA:282,(anonymous_12)
DA:1,1
DA:2,2
DA:3,1
DA:4,1
DA:6,1
DA:7,1
DA:8,1
DA:9,1
DA:10,1
DA:11,1
DA:12,112
DA:13,112
DA:14,112
DA:15,112
DA:17,1
DA:18,121
DA:20,1
DA:22,1
DA:23,1
DA:24,1
DA:25,1
DA:26,121
DA:27,121
DA:28,121
DA:29,121
DA:30,121
DA:31,121
DA:32,121
DA:33,121
DA:34,121
DA:36,1
DA:37,400
DA:38,337
DA:39,337
DA:40,337
DA:41,337
DA:42,6
DA:45,331
DA:46,331
DA:50,63
DA:53,1
DA:54,331
DA:56,1
DA:57,40
DA:58,40
DA:59,17
DA:62,1
DA:63,632
DA:64,632
DA:65,94
DA:66,94
DA:67,6
DA:70,88
DA:74,538
DA:77,1
DA:78,282
DA:79,282
DA:80,282
DA:81,282
DA:82,36
DA:84,246
DA:85,12
DA:88,1
DA:90,1
LF:64
LH:64
BRDA:1,1,0,1
BRDA:1,1,1,1
BRDA:1,1,2,1
BRDA:2,2,0,2
BRDA:2,2,1,0
BRDA:4,3,0,0
BRDA:4,3,1,1
BRDA:12,4,0,0
BRDA:12,4,1,112
BRDA:26,5,0,0
BRDA:26,5,1,121
BRDA:37,6,0,337
BRDA:37,6,1,63
BRDA:41,7,0,6
BRDA:41,7,1,331
BRDA:58,8,0,17
BRDA:58,8,1,23
BRDA:58,9,0,40
BRDA:58,9,1,17
BRDA:64,10,0,94
BRDA:64,10,1,538
BRDA:66,11,0,6
BRDA:66,11,1,88
BRDA:81,12,0,36
BRDA:81,12,1,246
BRDA:84,13,0,12
BRDA:84,13,1,234
BRDA:84,14,0,246
BRDA:84,14,1,204
BRF:29
BRH:25
end_of_record
TN:
SF:/Users/blesh/GitHub/blesh/RxJS/dist/cjs/add/operator/concatMapTo.js
FNF:0
FNH:0
DA:1,1
DA:2,1
DA:3,1
LF:3
LH:3
BRF:0
BRH:0
end_of_record
TN:
SF:/Users/blesh/GitHub/blesh/RxJS/dist/cjs/operator/concatMapTo.js
FN:15,concatMapTo
FNF:1
FNH:1
FNDA:24,concatMapTo
DA:1,1
DA:15,1
DA:16,24
DA:18,1
LF:4
LH:4
BRF:0
BRH:0
end_of_record
TN:
SF:/Users/blesh/GitHub/blesh/RxJS/dist/cjs/operator/mergeMapTo-support.js
FN:1,(anonymous_1)
FN:3,__
FN:10,(anonymous_3)
FN:11,MergeMapToOperator
FN:17,(anonymous_5)
FN:23,(anonymous_6)
FN:25,MergeMapToSubscriber
FN:36,(anonymous_8)
FN:49,(anonymous_9)
FN:52,(anonymous_10)
FN:58,(anonymous_11)
FN:73,(anonymous_12)
FN:76,(anonymous_13)
FNF:13
FNH:13
FNDA:1,(anonymous_1)
FNDA:1,__
FNDA:1,(anonymous_3)
FNDA:167,MergeMapToOperator
FNDA:167,(anonymous_5)
FNDA:1,(anonymous_6)
FNDA:167,MergeMapToSubscriber
FNDA:290,(anonymous_8)
FNDA:257,(anonymous_9)
FNDA:145,(anonymous_10)
FNDA:679,(anonymous_11)
FNDA:39,(anonymous_12)
FNDA:159,(anonymous_13)
DA:1,1
DA:2,2
DA:3,1
DA:4,1
DA:6,1
DA:7,1
DA:8,1
DA:9,1
DA:10,1
DA:11,1
DA:12,167
DA:13,167
DA:14,167
DA:15,167
DA:17,1
DA:18,167
DA:20,1
DA:22,1
DA:23,1
DA:24,1
DA:25,1
DA:26,167
DA:27,167
DA:28,167
DA:29,167
DA:30,167
DA:31,167
DA:32,167
DA:33,167
DA:34,167
DA:36,1
DA:37,290
DA:38,257
DA:39,257
DA:40,257
DA:41,257
DA:42,257
DA:43,257
DA:46,33
DA:49,1
DA:50,257
DA:52,1
DA:53,145
DA:54,145
DA:55,13
DA:58,1
DA:59,679
DA:60,679
DA:61,112
DA:62,112
DA:63,8
DA:66,104
DA:70,567
DA:73,1
DA:74,39
DA:76,1
DA:77,159
DA:78,159
DA:79,159
DA:80,159
DA:81,16
DA:83,143
DA:84,58
DA:87,1
DA:89,1
LF:65
LH:65
BRDA:1,1,0,1
BRDA:1,1,1,1
BRDA:1,1,2,1
BRDA:2,2,0,2
BRDA:2,2,1,0
BRDA:4,3,0,0
BRDA:4,3,1,1
BRDA:12,4,0,0
BRDA:12,4,1,167
BRDA:26,5,0,0
BRDA:26,5,1,167
BRDA:37,6,0,257
BRDA:37,6,1,33
BRDA:54,7,0,13
BRDA:54,7,1,132
BRDA:54,8,0,145
BRDA:54,8,1,13
BRDA:60,9,0,112
BRDA:60,9,1,567
BRDA:62,10,0,8
BRDA:62,10,1,104
BRDA:80,11,0,16
BRDA:80,11,1,143
BRDA:83,12,0,58
BRDA:83,12,1,85
BRDA:83,13,0,143
BRDA:83,13,1,121
BRF:27
BRH:23
end_of_record
TN:
SF:/Users/blesh/GitHub/blesh/RxJS/dist/cjs/add/operator/count.js
FNF:0
FNH:0
DA:1,1
DA:2,1
DA:3,1
LF:3
LH:3
BRF:0
BRH:0
end_of_record
TN:
SF:/Users/blesh/GitHub/blesh/RxJS/dist/cjs/operator/count.js
FN:1,(anonymous_1)
FN:3,__
FN:23,count
FN:27,(anonymous_4)
FN:28,CountOperator
FN:32,(anonymous_6)
FN:37,(anonymous_7)
FN:39,CountSubscriber
FN:46,(anonymous_9)
FN:60,(anonymous_10)
FNF:10
FNH:10
FNDA:1,(anonymous_1)
FNDA:1,__
FNDA:22,count
FNDA:1,(anonymous_4)
FNDA:22,CountOperator
FNDA:22,(anonymous_6)
FNDA:1,(anonymous_7)
FNDA:22,CountSubscriber
FNDA:40,(anonymous_9)
FNDA:14,(anonymous_10)
DA:1,1
DA:2,2
DA:3,1
DA:4,1
DA:6,1
DA:7,1
DA:8,1
DA:23,1
DA:24,22
DA:26,1
DA:27,1
DA:28,1
DA:29,22
DA:30,22
DA:32,1
DA:33,22
DA:35,1
DA:37,1
DA:38,1
DA:39,1
DA:40,22
DA:41,22
DA:42,22
DA:43,22
DA:44,22
DA:46,1
DA:47,40
DA:48,40
DA:49,40
DA:50,10
DA:51,10
DA:52,1
DA:53,1
DA:56,39
DA:57,35
DA:60,1
DA:61,14
DA:62,14
DA:64,1
LF:39
LH:39
BRDA:1,1,0,1
BRDA:1,1,1,1
BRDA:1,1,2,1
BRDA:2,2,0,2
BRDA:2,2,1,0
BRDA:4,3,0,0
BRDA:4,3,1,1
BRDA:49,4,0,10
BRDA:49,4,1,30
BRDA:51,5,0,1
BRDA:51,5,1,9
BRDA:56,6,0,35
BRDA:56,6,1,4
BRF:13
BRH:11
end_of_record
TN:
SF:/Users/blesh/GitHub/blesh/RxJS/dist/cjs/add/operator/dematerialize.js
FNF:0
FNH:0
DA:1,1
DA:2,1
DA:3,1
LF:3
LH:3
BRF:0
BRH:0
end_of_record
TN:
SF:/Users/blesh/GitHub/blesh/RxJS/dist/cjs/operator/dematerialize.js
FN:1,(anonymous_1)
FN:3,__
FN:7,dematerialize
FN:11,(anonymous_4)
FN:12,DeMaterializeOperator
FN:14,(anonymous_6)
FN:19,(anonymous_7)
FN:21,DeMaterializeSubscriber
FN:24,(anonymous_9)
FNF:9
FNH:9
FNDA:1,(anonymous_1)
FNDA:1,__
FNDA:9,dematerialize
FNDA:1,(anonymous_4)
FNDA:9,DeMaterializeOperator
FNDA:9,(anonymous_6)
FNDA:1,(anonymous_7)
FNDA:9,DeMaterializeSubscriber
FNDA:11,(anonymous_9)
DA:1,1
DA:2,2
DA:3,1
DA:4,1
DA:6,1
DA:7,1
DA:8,9
DA:10,1
DA:11,1
DA:12,1
DA:14,1
DA:15,9
DA:17,1
DA:19,1
DA:20,1
DA:21,1
DA:22,9
DA:24,1
DA:25,11
DA:27,1
LF:20
LH:20
BRDA:1,1,0,1
BRDA:1,1,1,1
BRDA:1,1,2,1
BRDA:2,2,0,2
BRDA:2,2,1,0
BRDA:4,3,0,0
BRDA:4,3,1,1
BRF:7
BRH:5
end_of_record
TN:
SF:/Users/blesh/GitHub/blesh/RxJS/dist/cjs/add/operator/debounce.js
FNF:0
FNH:0
DA:1,1
DA:2,1
DA:3,1
LF:3
LH:3
BRF:0
BRH:0
end_of_record
TN:
SF:/Users/blesh/GitHub/blesh/RxJS/dist/cjs/operator/debounce.js
FN:1,(anonymous_1)
FN:3,__
FN:11,debounce
FN:15,(anonymous_4)
FN:16,DebounceOperator
FN:19,(anonymous_6)
FN:24,(anonymous_7)
FN:26,DebounceSubscriber
FN:34,(anonymous_9)
FN:40,(anonymous_10)
FN:56,(anonymous_11)
FN:60,(anonymous_12)
FN:67,(anonymous_13)
FN:77,(anonymous_14)
FN:79,DurationSelectorSubscriber
FN:84,(anonymous_16)
FN:93,(anonymous_17)
FN:96,(anonymous_18)
FN:99,(anonymous_19)
FNF:19
FNH:19
FNDA:2,(anonymous_1)
FNDA:2,__
FNDA:24,debounce
FNDA:1,(anonymous_4)
FNDA:24,DebounceOperator
FNDA:24,(anonymous_6)
FNDA:1,(anonymous_7)
FNDA:24,DebounceSubscriber
FNDA:75,(anonymous_9)
FNDA:89,(anonymous_10)
FNDA:13,(anonymous_11)
FNDA:70,(anonymous_12)
FNDA:158,(anonymous_13)
FNDA:1,(anonymous_14)
FNDA:88,DurationSelectorSubscriber
FNDA:75,(anonymous_16)
FNDA:48,(anonymous_17)
FNDA:2,(anonymous_18)
FNDA:27,(anonymous_19)
DA:1,1
DA:2,4
DA:3,2
DA:4,2
DA:6,1
DA:7,1
DA:8,1
DA:9,1
DA:10,1
DA:11,1
DA:12,24
DA:14,1
DA:15,1
DA:16,1
DA:17,24
DA:19,1
DA:20,24
DA:22,1
DA:24,1
DA:25,1
DA:26,1
DA:27,24
DA:28,24
DA:29,24
DA:30,24
DA:31,24
DA:33,1
DA:35,75
DA:40,1
DA:41,89
DA:42,89
DA:43,89
DA:44,89
DA:45,1
DA:48,88
DA:49,7
DA:51,88
DA:52,88
DA:53,88
DA:56,1
DA:57,13
DA:58,13
DA:60,1
DA:61,70
DA:62,70
DA:63,59
DA:64,59
DA:67,1
DA:68,158
DA:69,158
DA:70,30
DA:71,30
DA:72,30
DA:75,1
DA:77,1
DA:78,1
DA:79,1
DA:80,88
DA:81,88
DA:82,88
DA:84,1
DA:85,75
DA:86,75
DA:87,57
DA:88,57
DA:89,34
DA:93,1
DA:94,48
DA:96,1
DA:97,2
DA:99,1
DA:100,27
DA:102,1
LF:73
LH:73
BRDA:1,1,0,1
BRDA:1,1,1,1
BRDA:1,1,2,1
BRDA:2,2,0,4
BRDA:2,2,1,0
BRDA:4,3,0,0
BRDA:4,3,1,2
BRDA:44,4,0,1
BRDA:44,4,1,88
BRDA:48,5,0,7
BRDA:48,5,1,81
BRDA:62,6,0,59
BRDA:62,6,1,11
BRDA:69,7,0,30
BRDA:69,7,1,128
BRDA:86,8,0,57
BRDA:86,8,1,18
BRDA:88,9,0,34
BRDA:88,9,1,23
BRF:19
BRH:17
end_of_record
TN:
SF:/Users/blesh/GitHub/blesh/RxJS/dist/cjs/add/operator/debounceTime.js
FNF:0
FNH:0
DA:1,1
DA:2,1
DA:3,1
LF:3
LH:3
BRF:0
BRH:0
end_of_record
TN:
SF:/Users/blesh/GitHub/blesh/RxJS/dist/cjs/operator/debounceTime.js
FN:1,(anonymous_1)
FN:3,__
FN:8,debounceTime
FN:13,(anonymous_4)
FN:14,DebounceTimeOperator
FN:18,(anonymous_6)
FN:23,(anonymous_7)
FN:25,DebounceTimeSubscriber
FN:32,(anonymous_9)
FN:37,(anonymous_10)
FN:41,(anonymous_11)
FN:48,(anonymous_12)
FN:58,dispatchNext
FNF:13
FNH:13
FNDA:1,(anonymous_1)
FNDA:1,__
FNDA:12,debounceTime
FNDA:1,(anonymous_4)
FNDA:12,DebounceTimeOperator
FNDA:12,(anonymous_6)
FNDA:1,(anonymous_7)
FNDA:12,DebounceTimeSubscriber
FNDA:30,(anonymous_9)
FNDA:5,(anonymous_10)
FNDA:13,(anonymous_11)
FNDA:43,(anonymous_12)
FNDA:8,dispatchNext
DA:1,1
DA:2,2
DA:3,1
DA:4,1
DA:6,1
DA:7,1
DA:8,1
DA:9,12
DA:10,12
DA:12,1
DA:13,1
DA:14,1
DA:15,12
DA:16,12
DA:18,1
DA:19,12
DA:21,1
DA:23,1
DA:24,1
DA:25,1
DA:26,12
DA:27,12
DA:28,12
DA:29,12
DA:30,12
DA:32,1
DA:33,30
DA:34,30
DA:35,30
DA:37,1
DA:38,5
DA:39,5
DA:41,1
DA:42,13
DA:43,13
DA:44,10
DA:45,10
DA:48,1
DA:49,43
DA:50,43
DA:51,28
DA:52,28
DA:53,28
DA:56,1
DA:58,1
DA:59,8
LF:46
LH:46
BRDA:1,1,0,1
BRDA:1,1,1,1
BRDA:1,1,2,1
BRDA:2,2,0,2
BRDA:2,2,1,0
BRDA:4,3,0,0
BRDA:4,3,1,1
BRDA:9,4,0,0
BRDA:9,4,1,12
BRDA:43,5,0,10
BRDA:43,5,1,3
BRDA:50,6,0,28
BRDA:50,6,1,15
BRF:13
BRH:10
end_of_record
TN:
SF:/Users/blesh/GitHub/blesh/RxJS/dist/cjs/add/operator/defaultIfEmpty.js
FNF:0
FNH:0
DA:1,1
DA:2,1
DA:3,1
LF:3
LH:3
BRF:0
BRH:0
end_of_record
TN:
SF:/Users/blesh/GitHub/blesh/RxJS/dist/cjs/operator/defaultIfEmpty.js
FN:1,(anonymous_1)
FN:3,__
FN:7,defaultIfEmpty
FN:12,(anonymous_4)
FN:13,DefaultIfEmptyOperator
FN:16,(anonymous_6)
FN:21,(anonymous_7)
FN:23,DefaultIfEmptySubscriber
FN:28,(anonymous_9)
FN:32,(anonymous_10)
FNF:10
FNH:10
FNDA:1,(anonymous_1)
FNDA:1,__
FNDA:5,defaultIfEmpty
FNDA:1,(anonymous_4)
FNDA:5,DefaultIfEmptyOperator
FNDA:5,(anonymous_6)
FNDA:1,(anonymous_7)
FNDA:5,DefaultIfEmptySubscriber
FNDA:4,(anonymous_9)
FNDA:4,(anonymous_10)
DA:1,1
DA:2,2
DA:3,1
DA:4,1
DA:6,1
DA:7,1
DA:8,5
DA:9,5
DA:11,1
DA:12,1
DA:13,1
DA:14,5
DA:16,1
DA:17,5
DA:19,1
DA:21,1
DA:22,1
DA:23,1
DA:24,5
DA:25,5
DA:26,5
DA:28,1
DA:29,4
DA:30,4
DA:32,1
DA:33,4
DA:34,2
DA:36,4
DA:38,1
LF:29
LH:29
BRDA:1,1,0,1
BRDA:1,1,1,1
BRDA:1,1,2,1
BRDA:2,2,0,2
BRDA:2,2,1,0
BRDA:4,3,0,0
BRDA:4,3,1,1
BRDA:8,4,0,2
BRDA:8,4,1,3
BRDA:33,5,0,2
BRDA:33,5,1,2
BRF:11
BRH:9
end_of_record
TN:
SF:/Users/blesh/GitHub/blesh/RxJS/dist/cjs/add/operator/delay.js
FNF:0
FNH:0
DA:1,1
DA:2,1
DA:3,1
LF:3
LH:3
BRF:0
BRH:0
end_of_record
TN:
SF:/Users/blesh/GitHub/blesh/RxJS/dist/cjs/operator/delay.js
FN:1,(anonymous_1)
FN:3,__
FN:10,delay
FN:17,(anonymous_4)
FN:18,DelayOperator
FN:22,(anonymous_6)
FN:27,(anonymous_7)
FN:29,DelaySubscriber
FN:37,(anonymous_9)
FN:53,(anonymous_10)
FN:59,(anonymous_11)
FN:70,(anonymous_12)
FN:73,(anonymous_13)
FN:78,(anonymous_14)
FN:83,(anonymous_15)
FN:84,DelayMessage
FNF:16
FNH:16
FNDA:1,(anonymous_1)
FNDA:1,__
FNDA:37,delay
FNDA:1,(anonymous_4)
FNDA:37,DelayOperator
FNDA:37,(anonymous_6)
FNDA:1,(anonymous_7)
FNDA:37,DelaySubscriber
FNDA:43,(anonymous_9)
FNDA:41,(anonymous_10)
FNDA:67,(anonymous_11)
FNDA:35,(anonymous_12)
FNDA:3,(anonymous_13)
FNDA:32,(anonymous_14)
FNDA:1,(anonymous_15)
FNDA:67,DelayMessage
DA:1,1
DA:2,2
DA:3,1
DA:4,1
DA:6,1
DA:7,1
DA:8,1
DA:9,1
DA:10,1
DA:11,37
DA:12,37
DA:13,37
DA:14,37
DA:16,1
DA:17,1
DA:18,1
DA:19,37
DA:20,37
DA:22,1
DA:23,37
DA:25,1
DA:27,1
DA:28,1
DA:29,1
DA:30,37
DA:31,37
DA:32,37
DA:33,37
DA:34,37
DA:35,37
DA:37,1
DA:38,43
DA:39,43
[...]
FNDA:8,dispatchWindowCreation
FNDA:10,dispatchWindowClose
DA:1,1
DA:2,2
DA:3,1
DA:4,1
DA:6,1
DA:7,1
DA:8,1
DA:9,1
DA:10,8
DA:11,8
DA:12,8
DA:14,1
DA:15,1
DA:16,1
DA:17,8
DA:18,8
DA:19,8
DA:21,1
DA:22,8
DA:24,1
DA:26,1
DA:27,1
DA:28,1
DA:29,8
DA:30,8
DA:31,8
DA:32,8
DA:33,8
DA:34,8
DA:35,7
DA:36,7
DA:37,7
DA:38,7
DA:39,7
DA:42,1
DA:43,1
DA:44,1
DA:47,1
DA:48,29
DA:49,29
DA:50,29
DA:51,28
DA:54,1
DA:55,2
DA:56,2
DA:57,1
DA:59,2
DA:61,1
DA:62,4
DA:63,4
DA:64,5
DA:66,4
DA:68,1
DA:69,18
DA:70,18
DA:71,18
DA:72,18
DA:74,1
DA:75,10
DA:76,10
DA:77,10
DA:79,1
DA:81,1
DA:82,2
DA:83,2
DA:84,2
DA:86,2
DA:87,2
DA:89,1
DA:90,8
DA:91,8
DA:92,8
DA:93,8
DA:94,8
DA:95,8
DA:96,8
DA:97,8
DA:99,1
DA:100,10
DA:101,10
DA:102,6
DA:104,10
LF:82
LH:82
BRDA:1,1,0,1
BRDA:1,1,1,1
BRDA:1,1,2,1
BRDA:2,2,0,2
BRDA:2,2,1,0
BRDA:4,3,0,0
BRDA:4,3,1,1
BRDA:10,4,0,0
BRDA:10,4,1,8
BRDA:11,5,0,0
BRDA:11,5,1,8
BRDA:34,6,0,7
BRDA:34,6,1,1
BRDA:34,7,0,8
BRDA:34,7,1,7
BRDA:83,8,0,2
BRDA:83,8,1,0
BRDA:101,9,0,6
BRDA:101,9,1,4
BRDA:101,10,0,10
BRDA:101,10,1,6
BRDA:101,10,2,6
BRF:22
BRH:17
end_of_record
TN:
SF:/Users/blesh/GitHub/blesh/RxJS/dist/cjs/add/operator/windowToggle.js
FNF:0
FNH:0
DA:1,1
DA:2,1
DA:3,1
LF:3
LH:3
BRF:0
BRH:0
end_of_record
TN:
SF:/Users/blesh/GitHub/blesh/RxJS/dist/cjs/operator/windowToggle.js
FN:1,(anonymous_1)
FN:3,__
FN:11,windowToggle
FN:15,(anonymous_4)
FN:16,WindowToggleOperator
FN:20,(anonymous_6)
FN:25,(anonymous_7)
FN:27,WindowToggleSubscriber
FN:34,(anonymous_9)
FN:41,(anonymous_10)
FN:48,(anonymous_11)
FN:57,(anonymous_12)
FN:75,(anonymous_13)
FN:85,(anonymous_14)
FN:87,WindowClosingNotifierSubscriber
FN:92,(anonymous_16)
FN:95,(anonymous_17)
FN:98,(anonymous_18)
FN:103,(anonymous_19)
FN:105,WindowToggleOpeningsSubscriber
FN:109,(anonymous_21)
FN:112,(anonymous_22)
FN:115,(anonymous_23)
FNF:23
FNH:23
FNDA:3,(anonymous_1)
FNDA:3,__
FNDA:15,windowToggle
FNDA:1,(anonymous_4)
FNDA:15,WindowToggleOperator
FNDA:15,(anonymous_6)
FNDA:1,(anonymous_7)
FNDA:15,WindowToggleSubscriber
FNDA:61,(anonymous_9)
FNDA:6,(anonymous_10)
FNDA:7,(anonymous_11)
FNDA:29,(anonymous_12)
FNDA:20,(anonymous_13)
FNDA:1,(anonymous_14)
FNDA:28,WindowClosingNotifierSubscriber
FNDA:18,(anonymous_16)
FNDA:2,(anonymous_17)
FNDA:2,(anonymous_18)
FNDA:1,(anonymous_19)
FNDA:15,WindowToggleOpeningsSubscriber
FNDA:29,(anonymous_21)
FNDA:1,(anonymous_22)
FNDA:5,(anonymous_23)
DA:1,1
DA:2,6
DA:3,3
DA:4,3
DA:6,1
DA:7,1
DA:8,1
DA:9,1
DA:10,1
DA:11,1
DA:12,15
DA:14,1
DA:15,1
DA:16,1
DA:17,15
DA:18,15
DA:20,1
DA:21,15
DA:23,1
DA:25,1
DA:26,1
DA:27,1
DA:28,15
DA:29,15
DA:30,15
DA:31,15
DA:32,15
DA:34,1
DA:35,61
DA:36,61
DA:37,61
DA:38,59
DA:41,1
DA:42,6
DA:43,6
DA:44,5
DA:46,6
DA:48,1
DA:49,7
DA:50,7
DA:51,6
DA:52,6
DA:53,6
DA:55,7
DA:57,1
DA:58,29
DA:59,29
DA:60,29
DA:61,1
DA:64,28
DA:68,28
DA:69,28
DA:70,28
DA:71,28
DA:72,28
DA:75,1
DA:76,20
DA:77,20
DA:78,20
DA:79,20
DA:80,20
DA:81,20
DA:83,1
DA:85,1
DA:86,1
DA:87,1
DA:88,28
DA:89,28
DA:90,28
DA:92,1
DA:93,18
DA:95,1
DA:96,2
DA:98,1
DA:99,2
DA:101,1
DA:103,1
DA:104,1
DA:105,1
DA:106,15
DA:107,15
DA:109,1
DA:110,29
DA:112,1
DA:113,1
DA:115,1
DA:118,1
LF:87
LH:87
BRDA:1,1,0,1
BRDA:1,1,1,1
BRDA:1,1,2,1
BRDA:2,2,0,6
BRDA:2,2,1,0
BRDA:4,3,0,0
BRDA:4,3,1,3
BRDA:60,4,0,1
BRDA:60,4,1,28
BRF:9
BRH:7
end_of_record
TN:
SF:/Users/blesh/GitHub/blesh/RxJS/dist/cjs/add/operator/windowWhen.js
FNF:0
FNH:0
DA:1,1
DA:2,1
DA:3,1
LF:3
LH:3
BRF:0
BRH:0
end_of_record
TN:
SF:/Users/blesh/GitHub/blesh/RxJS/dist/cjs/operator/windowWhen.js
FN:1,(anonymous_1)
FN:3,__
FN:11,windowWhen
FN:15,(anonymous_4)
FN:16,WindowOperator
FN:19,(anonymous_6)
FN:24,(anonymous_7)
FN:26,WindowSubscriber
FN:32,(anonymous_9)
FN:35,(anonymous_10)
FN:40,(anonymous_11)
FN:45,(anonymous_12)
FN:49,(anonymous_13)
FN:55,(anonymous_14)
FN:79,(anonymous_15)
FN:81,WindowClosingNotifierSubscriber
FN:85,(anonymous_17)
FN:88,(anonymous_18)
FN:91,(anonymous_19)
FNF:19
FNH:19
FNDA:2,(anonymous_1)
FNDA:2,__
FNDA:14,windowWhen
FNDA:1,(anonymous_4)
FNDA:14,WindowOperator
FNDA:14,(anonymous_6)
FNDA:1,(anonymous_7)
FNDA:14,WindowSubscriber
FNDA:58,(anonymous_9)
FNDA:5,(anonymous_10)
FNDA:6,(anonymous_11)
FNDA:19,(anonymous_12)
FNDA:30,(anonymous_13)
FNDA:30,(anonymous_14)
FNDA:1,(anonymous_15)
FNDA:29,WindowClosingNotifierSubscriber
FNDA:14,(anonymous_17)
FNDA:3,(anonymous_18)
FNDA:2,(anonymous_19)
DA:1,1
DA:2,4
DA:3,2
DA:4,2
DA:6,1
DA:7,1
DA:8,1
DA:9,1
DA:10,1
DA:11,1
DA:12,14
DA:14,1
DA:15,1
DA:16,1
DA:17,14
DA:19,1
DA:20,14
DA:22,1
DA:24,1
DA:25,1
DA:26,1
DA:27,14
DA:28,14
DA:29,14
DA:30,14
DA:32,1
DA:33,58
DA:35,1
DA:36,5
DA:37,5
DA:38,5
DA:40,1
DA:41,6
DA:42,6
DA:43,6
DA:45,1
DA:46,19
DA:47,19
DA:49,1
DA:50,30
DA:51,30
DA:52,30
DA:55,1
DA:56,30
DA:57,30
DA:58,16
DA:59,16
DA:61,30
DA:62,30
DA:63,30
DA:65,30
DA:66,30
DA:67,30
DA:68,1
DA:69,1
DA:70,1
DA:73,29
DA:74,29
DA:77,1
DA:79,1
DA:80,1
DA:81,1
DA:82,29
DA:83,29
DA:85,1
DA:86,14
DA:88,1
DA:89,3
DA:91,1
DA:92,2
DA:94,1
LF:71
LH:71
BRDA:1,1,0,1
BRDA:1,1,1,1
BRDA:1,1,2,1
BRDA:2,2,0,4
BRDA:2,2,1,0
BRDA:4,3,0,0
BRDA:4,3,1,2
BRDA:51,4,0,30
BRDA:51,4,1,0
BRDA:57,5,0,16
BRDA:57,5,1,14
BRDA:62,6,0,30
BRDA:62,6,1,0
BRDA:67,7,0,1
BRDA:67,7,1,29
BRF:15
BRH:11
end_of_record
TN:
SF:/Users/blesh/GitHub/blesh/RxJS/dist/cjs/add/operator/withLatestFrom.js
FNF:0
FNH:0
DA:1,1
DA:2,1
DA:3,1
LF:3
LH:3
BRF:0
BRH:0
end_of_record
TN:
SF:/Users/blesh/GitHub/blesh/RxJS/dist/cjs/operator/withLatestFrom.js
FN:1,(anonymous_1)
FN:3,__
FN:28,withLatestFrom
FN:41,(anonymous_4)
FN:42,WithLatestFromOperator
FN:46,(anonymous_6)
FN:51,(anonymous_7)
FN:53,WithLatestFromSubscriber
FN:68,(anonymous_9)
FN:78,(anonymous_10)
FN:81,(anonymous_11)
FNF:11
FNH:11
FNDA:1,(anonymous_1)
FNDA:1,__
FNDA:12,withLatestFrom
FNDA:1,(anonymous_4)
FNDA:12,WithLatestFromOperator
FNDA:12,(anonymous_6)
FNDA:1,(anonymous_7)
FNDA:12,WithLatestFromSubscriber
FNDA:46,(anonymous_9)
FNDA:9,(anonymous_10)
FNDA:17,(anonymous_11)
DA:1,1
DA:2,2
DA:3,1
DA:4,1
DA:6,1
DA:7,1
DA:8,1
DA:9,1
DA:28,1
DA:29,12
DA:30,12
DA:31,26
DA:33,12
DA:34,12
DA:35,2
DA:37,12
DA:38,12
DA:40,1
DA:41,1
DA:42,1
DA:43,12
DA:44,12
DA:46,1
DA:47,12
DA:49,1
DA:51,1
DA:52,1
DA:53,1
DA:54,12
DA:55,12
DA:56,12
DA:57,12
DA:58,12
DA:59,12
DA:60,12
DA:61,24
DA:63,12
DA:64,24
DA:65,24
DA:68,1
DA:69,46
DA:70,46
DA:71,46
DA:72,26
DA:73,26
DA:74,18
DA:78,1
DA:81,1
DA:82,17
DA:83,11
DA:84,11
DA:85,11
DA:86,11
DA:87,11
DA:88,4
DA:89,4
DA:90,0
DA:93,4
DA:97,7
DA:101,1
LF:60
LH:59
BRDA:1,1,0,1
BRDA:1,1,1,1
BRDA:1,1,2,1
BRDA:2,2,0,2
BRDA:2,2,1,0
BRDA:4,3,0,0
BRDA:4,3,1,1
BRDA:34,4,0,2
BRDA:34,4,1,10
BRDA:71,5,0,26
BRDA:71,5,1,20
BRDA:73,6,0,18
BRDA:73,6,1,8
BRDA:82,7,0,11
BRDA:82,7,1,6
BRDA:87,8,0,4
BRDA:87,8,1,7
BRDA:89,9,0,0
BRDA:89,9,1,4
BRF:19
BRH:16
end_of_record
TN:
SF:/Users/blesh/GitHub/blesh/RxJS/dist/cjs/add/operator/zip.js
FNF:0
FNH:0
DA:1,1
DA:2,1
DA:3,1
LF:3
LH:3
BRF:0
BRH:0
end_of_record
TN:
SF:/Users/blesh/GitHub/blesh/RxJS/dist/cjs/operator/zip.js
FN:2,zipProto
FNF:1
FNH:1
FNDA:44,zipProto
DA:1,1
DA:2,1
DA:3,44
DA:4,44
DA:5,58
DA:7,44
DA:8,44
DA:10,1
LF:8
LH:8
BRF:0
BRH:0
end_of_record
TN:
SF:/Users/blesh/GitHub/blesh/RxJS/dist/cjs/add/operator/zipAll.js
FNF:0
FNH:0
DA:1,1
DA:2,1
DA:3,1
LF:3
LH:3
BRF:0
BRH:0
end_of_record
TN:
SF:/Users/blesh/GitHub/blesh/RxJS/dist/cjs/operator/zipAll.js
FN:2,zipAll
FNF:1
FNH:1
FNDA:47,zipAll
DA:1,1
DA:2,1
DA:3,47
DA:5,1
LF:4
LH:4
BRF:0
BRH:0
end_of_record
TN:
SF:/Users/blesh/GitHub/blesh/RxJS/dist/cjs/testing/TestScheduler.js
FN:1,(anonymous_1)
FN:3,__
FN:12,(anonymous_3)
FN:14,TestScheduler
FN:21,(anonymous_5)
FN:33,(anonymous_6)
FN:42,(anonymous_7)
FN:45,(anonymous_8)
FN:47,(anonymous_9)
FN:49,(anonymous_10)
FN:54,(anonymous_11)
FN:62,(anonymous_12)
FN:63,(anonymous_13)
FN:70,(anonymous_14)
FN:72,(anonymous_15)
FN:77,(anonymous_16)
FN:81,(anonymous_17)
FN:87,(anonymous_18)
FN:91,(anonymous_19)
FN:94,(anonymous_20)
FN:100,(anonymous_21)
FN:106,(anonymous_22)
FN:112,(anonymous_23)
FN:159,(anonymous_24)
FN:170,(anonymous_25)
FN:171,(anonymous_26)
FNF:26
FNH:26
FNDA:1,(anonymous_1)
FNDA:1,__
FNDA:1,(anonymous_3)
FNDA:1681,TestScheduler
FNDA:1287,(anonymous_5)
FNDA:1418,(anonymous_6)
FNDA:175,(anonymous_7)
FNDA:326,(anonymous_8)
FNDA:44,(anonymous_9)
FNDA:122,(anonymous_10)
FNDA:1558,(anonymous_11)
FNDA:1558,(anonymous_12)
FNDA:3551,(anonymous_13)
FNDA:459,(anonymous_14)
FNDA:729,(anonymous_15)
FNDA:137,(anonymous_16)
FNDA:1556,(anonymous_17)
FNDA:1978,(anonymous_18)
FNDA:1976,(anonymous_19)
FNDA:2054,(anonymous_20)
FNDA:1694,(anonymous_21)
FNDA:3536,(anonymous_22)
FNDA:3635,(anonymous_23)
FNDA:4296,(anonymous_24)
FNDA:7846,(anonymous_25)
FNDA:2357,(anonymous_26)
DA:1,1
DA:2,1
DA:3,1
DA:4,1
DA:6,1
DA:7,1
DA:8,1
DA:9,1
DA:10,1
DA:11,1
DA:12,1
DA:13,1
DA:14,1
DA:15,1681
DA:16,1681
DA:17,1681
DA:18,1681
DA:19,1681
DA:21,1
DA:22,1287
DA:23,0
DA:25,1287
DA:26,0
DA:28,1287
DA:29,1287
DA:30,1287
DA:31,1287
DA:33,1
DA:34,1418
DA:35,0
DA:37,1418
DA:38,1418
DA:39,1418
DA:40,1418
DA:42,1
DA:43,175
DA:44,175
DA:45,175
DA:46,326
DA:48,44
DA:50,122
DA:52,175
DA:54,1
DA:55,1558
DA:56,1558
DA:57,1558
DA:58,1558
DA:59,1558
DA:61,1558
DA:62,1558
DA:63,1558
DA:64,3551
DA:66,3551
DA:67,175
DA:69,3551
DA:71,459
DA:73,729
DA:76,1558
DA:77,137
DA:79,1558
DA:80,1558
DA:82,1556
DA:83,1556
DA:87,1
DA:88,1978
DA:89,1978
DA:90,1978
DA:92,1976
DA:93,1976
DA:94,1976
DA:95,2054
DA:100,1
DA:101,1694
DA:102,1694
DA:103,1418
DA:105,1694
DA:106,3536
DA:107,1690
DA:108,3532
DA:109,3532
DA:112,1
DA:113,3635
DA:114,1421
DA:116,2214
DA:117,2214
DA:118,2214
DA:119,2214
DA:120,2214
DA:121,40275
DA:122,40275
DA:123,40275
DA:126,35645
DA:128,285
DA:129,285
DA:131,285
DA:132,285
DA:134,2068
DA:135,0
DA:138,2068
DA:139,2068
DA:141,1992
DA:142,0
DA:145,1992
DA:146,1992
DA:148,0
DA:152,2214
DA:153,0
DA:156,2214
DA:159,1
DA:160,4296
DA:161,4296
DA:162,0
DA:165,4296
DA:166,4296
DA:167,4296
DA:168,4296
DA:169,4296
DA:170,7846
DA:173,2357
DA:174,175
DA:176,2182
DA:178,4296
DA:179,4296
DA:180,68212
DA:181,68212
DA:182,68212
DA:183,68212
DA:186,52673
DA:188,603
DA:189,603
DA:191,603
DA:192,603
DA:194,2653
DA:195,2653
DA:197,539
DA:199,938
DA:200,938
DA:202,10203
DA:203,10203
DA:205,68212
DA:206,13794
DA:209,4296
DA:211,1
DA:213,1
LF:144
LH:136
BRDA:1,1,0,1
BRDA:1,1,1,1
BRDA:1,1,2,1
BRDA:2,2,0,1
BRDA:2,2,1,0
BRDA:4,3,0,0
BRDA:4,3,1,1
BRDA:22,4,0,0
BRDA:22,4,1,1287
BRDA:25,5,0,0
BRDA:25,5,1,1287
BRDA:34,6,0,0
BRDA:34,6,1,1418
BRDA:56,7,0,1421
BRDA:56,7,1,137
BRDA:66,8,0,175
BRDA:66,8,1,3376
BRDA:76,9,0,137
BRDA:76,9,1,1421
BRDA:92,10,0,1800
BRDA:92,10,1,176
BRDA:113,11,0,1421
BRDA:113,11,1,2214
BRDA:123,12,0,78
BRDA:123,12,1,35645
BRDA:123,12,2,285
BRDA:123,12,3,285
BRDA:123,12,4,2068
BRDA:123,12,5,1992
BRDA:123,12,6,0
BRDA:134,13,0,0
BRDA:134,13,1,2068
BRDA:138,14,0,285
BRDA:138,14,1,1783
BRDA:141,15,0,0
BRDA:141,15,1,1992
BRDA:145,16,0,285
BRDA:145,16,1,1707
BRDA:152,17,0,0
BRDA:152,17,1,2214
BRDA:160,18,0,2740
BRDA:160,18,1,1556
BRDA:161,19,0,0
BRDA:161,19,1,4296
BRDA:168,20,0,3757
BRDA:168,20,1,539
BRDA:169,21,0,3403
BRDA:169,21,1,893
BRDA:173,22,0,175
BRDA:173,22,1,2182
BRDA:173,23,0,2357
BRDA:173,23,1,1260
BRDA:183,24,0,39560
BRDA:183,24,1,52673
BRDA:183,24,2,603
BRDA:183,24,3,603
BRDA:183,24,4,2653
BRDA:183,24,5,539
BRDA:183,24,6,938
BRDA:183,24,7,10203
BRDA:199,25,0,938
BRDA:199,25,1,731
BRDA:205,26,0,13794
BRDA:205,26,1,54418
BRDA:206,27,0,1439
BRDA:206,27,1,12355
BRF:66
BRH:56
end_of_record
TN:
SF:/Users/blesh/GitHub/blesh/RxJS/dist/cjs/scheduler/VirtualTimeScheduler.js
FN:1,(anonymous_1)
FN:3,__
FN:7,(anonymous_3)
FN:8,VirtualTimeScheduler
FN:17,(anonymous_5)
FN:20,(anonymous_6)
FN:36,(anonymous_7)
FN:39,(anonymous_8)
FN:59,(anonymous_9)
FN:68,(anonymous_10)
FN:70,VirtualAction
FN:77,(anonymous_12)
FN:99,(anonymous_13)
FN:105,(anonymous_14)
FNF:14
FNH:14
FNDA:1,(anonymous_1)
FNDA:1,__
FNDA:1,(anonymous_3)
FNDA:1685,VirtualTimeScheduler
FNDA:5252,(anonymous_5)
FNDA:1698,(anonymous_6)
FNDA:11158,(anonymous_7)
FNDA:75682,(anonymous_8)
FNDA:10983,(anonymous_9)
FNDA:1,(anonymous_10)
FNDA:11082,VirtualAction
FNDA:11158,(anonymous_12)
FNDA:10614,(anonymous_13)
FNDA:3142,(anonymous_14)
DA:1,1
DA:2,1
DA:3,1
DA:4,1
DA:6,1
DA:7,1
DA:8,1
DA:9,1685
DA:10,1685
DA:11,1685
DA:12,1685
DA:13,1685
DA:14,1685
DA:15,1685
DA:17,1
DA:18,5252
DA:20,1
DA:21,1698
DA:22,1698
DA:23,1698
DA:24,10619
DA:25,10619
DA:26,10619
DA:27,10614
DA:30,5
DA:33,1694
DA:34,1694
DA:36,1
DA:37,11158
DA:38,11158
DA:39,11158
DA:40,75682
DA:41,5616
DA:42,7
DA:44,5609
DA:45,594
DA:48,5015
DA:51,70066
DA:52,22413
DA:55,47653
DA:59,1
DA:60,10983
DA:61,10983
DA:62,10983
DA:64,1
DA:65,1
DA:67,1
DA:68,1
DA:69,1
DA:70,1
DA:71,11082
DA:72,11082
DA:73,11082
DA:74,11082
DA:75,11082
DA:77,1
DA:78,11158
DA:79,11158
DA:80,0
DA:82,11158
DA:83,11158
DA:84,11158
DA:86,11059
DA:91,99
DA:92,99
DA:94,11158
DA:95,11158
DA:96,11158
DA:97,11158
DA:99,1
DA:100,10614
DA:101,0
DA:103,10614
DA:105,1
DA:106,3142
DA:107,3142
DA:108,3142
DA:109,3142
DA:110,3142
DA:111,3142
DA:112,539
DA:114,3142
DA:116,1
LF:83
LH:81
BRDA:1,1,0,1
BRDA:1,1,1,1
BRDA:1,1,2,1
BRDA:2,2,0,1
BRDA:2,2,1,0
BRDA:4,3,0,0
BRDA:4,3,1,1
BRDA:26,4,0,10614
BRDA:26,4,1,5
BRDA:40,5,0,5616
BRDA:40,5,1,70066
BRDA:41,6,0,7
BRDA:41,6,1,5609
BRDA:44,7,0,594
BRDA:44,7,1,5015
BRDA:51,8,0,22413
BRDA:51,8,1,47653
BRDA:60,9,0,0
BRDA:60,9,1,10983
BRDA:78,10,0,73
BRDA:78,10,1,11085
BRDA:79,11,0,0
BRDA:79,11,1,11158
BRDA:84,12,0,11059
BRDA:84,12,1,99
BRDA:100,13,0,0
BRDA:100,13,1,10614
BRDA:111,14,0,539
BRDA:111,14,1,2603
BRF:29
BRH:24
end_of_record
TN:
SF:/Users/blesh/GitHub/blesh/RxJS/dist/cjs/testing/ColdObservable.js
FN:1,(anonymous_1)
FN:3,__
FN:10,(anonymous_3)
FN:12,ColdObservable
FN:13,(anonymous_5)
FN:16,(anonymous_6)
FN:26,(anonymous_7)
FN:30,(anonymous_8)
FNF:8
FNH:8
FNDA:1,(anonymous_1)
FNDA:1,__
FNDA:1,(anonymous_3)
FNDA:1287,ColdObservable
FNDA:1233,(anonymous_5)
FNDA:1096,(anonymous_6)
FNDA:1233,(anonymous_7)
FNDA:2431,(anonymous_8)
DA:1,1
DA:2,20
DA:3,1
DA:4,1
DA:6,1
DA:7,1
DA:8,1
DA:9,1
DA:10,1
DA:11,1
DA:12,1
DA:13,1287
DA:14,1233
DA:15,1233
DA:16,1233
DA:17,1096
DA:19,1233
DA:20,1233
DA:22,1287
DA:23,1287
DA:24,1287
DA:26,1
DA:27,1233
DA:28,1233
DA:29,2901
DA:30,2901
DA:31,2431
DA:32,2431
DA:36,1
DA:38,1
DA:39,1
LF:31
LH:31
BRDA:1,1,0,1
BRDA:1,1,1,1
BRDA:1,1,2,1
BRDA:2,2,0,20
BRDA:2,2,1,0
BRDA:4,3,0,0
BRDA:4,3,1,1
BRF:7
BRH:5
end_of_record
TN:
SF:/Users/blesh/GitHub/blesh/RxJS/dist/cjs/testing/SubscriptionLoggable.js
FN:2,(anonymous_1)
FN:3,SubscriptionLoggable
FN:6,(anonymous_3)
FN:10,(anonymous_4)
FNF:4
FNH:3
FNDA:1,(anonymous_1)
FNDA:0,SubscriptionLoggable
FNDA:2661,(anonymous_3)
FNDA:2400,(anonymous_4)
DA:1,1
DA:2,1
DA:3,1
DA:4,0
DA:6,1
DA:7,2661
DA:8,2661
DA:10,1
DA:11,2400
DA:12,2400
DA:13,2400
DA:15,1
DA:17,1
LF:13
LH:12
BRF:0
BRH:0
end_of_record
TN:
SF:/Users/blesh/GitHub/blesh/RxJS/dist/cjs/testing/SubscriptionLog.js
FN:1,(anonymous_1)
FN:2,SubscriptionLog
FNF:2
FNH:2
FNDA:1,(anonymous_1)
FNDA:8696,SubscriptionLog
DA:1,1
DA:2,1
DA:3,8696
DA:4,8696
DA:5,8696
DA:7,1
DA:9,1
LF:7
LH:7
BRDA:3,1,0,4082
BRDA:3,1,1,4614
BRF:2
BRH:2
end_of_record
TN:
SF:/Users/blesh/GitHub/blesh/RxJS/dist/cjs/util/applyMixins.js
FN:1,applyMixins
FNF:1
FNH:1
FNDA:2,applyMixins
DA:1,1
DA:2,2
DA:3,2
DA:4,2
DA:5,2
DA:6,6
DA:7,6
DA:11,1
LF:8
LH:8
BRF:0
BRH:0
end_of_record
TN:
SF:/Users/blesh/GitHub/blesh/RxJS/dist/cjs/testing/HotObservable.js
FN:1,(anonymous_1)
FN:3,__
FN:10,(anonymous_3)
FN:12,HotObservable
FN:18,(anonymous_5)
FN:21,(anonymous_6)
FN:26,(anonymous_7)
FN:31,(anonymous_8)
FN:34,(anonymous_9)
FNF:9
FNH:9
FNDA:1,(anonymous_1)
FNDA:1,__
FNDA:1,(anonymous_3)
FNDA:1418,HotObservable
FNDA:1428,(anonymous_5)
FNDA:1304,(anonymous_6)
FNDA:1418,(anonymous_7)
FNDA:6036,(anonymous_8)
FNDA:6036,(anonymous_9)
DA:1,1
DA:2,1
DA:3,1
DA:4,1
DA:6,1
DA:7,1
DA:8,1
DA:9,1
DA:10,1
DA:11,1
DA:12,1
DA:13,1418
DA:14,1418
DA:15,1418
DA:16,1418
DA:18,1
DA:19,1428
DA:20,1428
DA:21,1428
DA:22,1304
DA:24,1428
DA:26,1
DA:27,1418
DA:28,1418
DA:30,1418
DA:31,6036
DA:32,6036
DA:34,6036
DA:38,1
DA:40,1
DA:41,1
LF:31
LH:31
BRDA:1,1,0,1
BRDA:1,1,1,1
BRDA:1,1,2,1
BRDA:2,2,0,1
BRDA:2,2,1,0
BRDA:4,3,0,0
BRDA:4,3,1,1
BRF:7
BRH:5
end_of_record
TN:
SF:/Users/blesh/GitHub/blesh/RxJS/dist/cjs/Rx.js
FNF:0
FNH:0
DA:5,1
DA:6,1
DA:8,1
DA:9,1
DA:12,1
DA:13,1
DA:14,1
DA:15,1
DA:16,1
DA:17,1
DA:18,1
DA:19,1
DA:20,1
DA:21,1
DA:22,1
DA:23,1
DA:24,1
DA:25,1
DA:26,1
DA:27,1
DA:28,1
DA:29,1
DA:31,1
DA:32,1
DA:33,1
DA:34,1
DA:35,1
DA:36,1
DA:37,1
DA:38,1
DA:39,1
DA:40,1
DA:41,1
DA:42,1
DA:43,1
DA:44,1
DA:45,1
DA:46,1
DA:47,1
DA:48,1
DA:49,1
DA:50,1
DA:51,1
DA:52,1
DA:53,1
DA:54,1
DA:55,1
DA:56,1
DA:57,1
DA:58,1
DA:59,1
DA:60,1
DA:61,1
DA:62,1
DA:63,1
DA:64,1
DA:65,1
DA:66,1
DA:67,1
DA:68,1
DA:69,1
DA:70,1
DA:71,1
DA:72,1
DA:73,1
DA:74,1
DA:75,1
DA:76,1
DA:77,1
DA:78,1
DA:79,1
DA:80,1
DA:81,1
DA:82,1
DA:83,1
DA:84,1
DA:85,1
DA:86,1
DA:87,1
DA:88,1
DA:89,1
DA:90,1
DA:91,1
DA:92,1
DA:93,1
DA:94,1
DA:95,1
DA:96,1
DA:97,1
DA:98,1
DA:99,1
DA:100,1
DA:101,1
DA:102,1
DA:103,1
DA:104,1
DA:105,1
DA:106,1
DA:107,1
DA:108,1
DA:110,1
DA:111,1
DA:112,1
DA:113,1
DA:114,1
DA:115,1
DA:116,1
DA:117,1
DA:118,1
DA:119,1
DA:120,1
DA:121,1
DA:122,1
DA:123,1
DA:124,1
DA:125,1
DA:126,1
DA:127,1
DA:128,1
DA:129,1
DA:130,1
DA:131,1
DA:132,1
DA:135,1
DA:139,1
DA:140,1
DA:143,1
LF:127
LH:127
BRF:0
BRH:0
end_of_record
TN:
SF:/Users/blesh/GitHub/blesh/RxJS/dist/cjs/add/operator/switchFirst.js
FNF:0
FNH:0
DA:1,1
DA:2,1
DA:3,1
LF:3
LH:3
BRF:0
BRH:0
end_of_record
TN:
SF:/Users/blesh/GitHub/blesh/RxJS/dist/cjs/operator/switchFirst.js
FN:1,(anonymous_1)
FN:3,__
FN:8,switchFirst
FN:12,(anonymous_4)
FN:13,SwitchFirstOperator
FN:15,(anonymous_6)
FN:20,(anonymous_7)
FN:22,SwitchFirstSubscriber
FN:27,(anonymous_9)
FN:33,(anonymous_10)
FN:39,(anonymous_11)
FN:42,(anonymous_12)
FN:45,(anonymous_13)
FNF:13
FNH:13
FNDA:1,(anonymous_1)
FNDA:1,__
FNDA:15,switchFirst
FNDA:1,(anonymous_4)
FNDA:15,SwitchFirstOperator
FNDA:15,(anonymous_6)
FNDA:1,(anonymous_7)
FNDA:15,SwitchFirstSubscriber
FNDA:21,(anonymous_9)
FNDA:9,(anonymous_10)
FNDA:26,(anonymous_11)
FNDA:2,(anonymous_12)
FNDA:8,(anonymous_13)
DA:1,1
DA:2,2
DA:3,1
DA:4,1
DA:6,1
DA:7,1
DA:8,1
DA:9,15
DA:11,1
DA:12,1
DA:13,1
DA:15,1
DA:16,15
DA:18,1
DA:20,1
DA:21,1
DA:22,1
DA:23,15
DA:24,15
DA:25,15
DA:27,1
DA:28,21
DA:29,12
DA:30,12
DA:33,1
DA:34,9
DA:35,9
DA:36,4
DA:39,1
DA:40,26
DA:42,1
DA:43,2
DA:45,1
DA:46,8
DA:47,8
DA:48,8
DA:49,3
DA:52,1
LF:38
LH:38
BRDA:1,1,0,1
BRDA:1,1,1,1
BRDA:1,1,2,1
BRDA:2,2,0,2
BRDA:2,2,1,0
BRDA:4,3,0,0
BRDA:4,3,1,1
BRDA:28,4,0,12
BRDA:28,4,1,9
BRDA:35,5,0,4
BRDA:35,5,1,5
BRDA:48,6,0,3
BRDA:48,6,1,5
BRF:13
BRH:11
end_of_record
TN:
SF:/Users/blesh/GitHub/blesh/RxJS/dist/cjs/add/operator/switchFirstMap.js
FNF:0
FNH:0
DA:1,1
DA:2,1
DA:3,1
LF:3
LH:3
BRF:0
BRH:0
end_of_record
TN:
SF:/Users/blesh/GitHub/blesh/RxJS/dist/cjs/operator/switchFirstMap.js
FN:1,(anonymous_1)
FN:3,__
FN:10,switchFirstMap
FN:14,(anonymous_4)
FN:15,SwitchFirstMapOperator
FN:19,(anonymous_6)
FN:24,(anonymous_7)
FN:26,SwitchFirstMapSubscriber
FN:34,(anonymous_9)
FN:48,(anonymous_10)
FN:54,(anonymous_11)
FN:69,(anonymous_12)
FN:72,(anonymous_13)
FNF:13
FNH:13
FNDA:1,(anonymous_1)
FNDA:1,__
FNDA:17,switchFirstMap
FNDA:1,(anonymous_4)
FNDA:17,SwitchFirstMapOperator
FNDA:17,(anonymous_6)
FNDA:1,(anonymous_7)
FNDA:17,SwitchFirstMapSubscriber
FNDA:30,(anonymous_9)
FNDA:9,(anonymous_10)
FNDA:45,(anonymous_11)
FNDA:2,(anonymous_12)
FNDA:13,(anonymous_13)
DA:1,1
DA:2,2
DA:3,1
DA:4,1
DA:6,1
DA:7,1
DA:8,1
DA:9,1
DA:10,1
DA:11,17
DA:13,1
DA:14,1
DA:15,1
DA:16,17
DA:17,17
DA:19,1
DA:20,17
DA:22,1
DA:24,1
DA:25,1
DA:26,1
DA:27,17
DA:28,17
DA:29,17
DA:30,17
DA:31,17
DA:32,17
DA:34,1
DA:35,30
DA:36,22
DA:37,22
DA:38,22
DA:39,22
DA:40,1
DA:43,21
DA:44,21
DA:48,1
DA:49,9
DA:50,9
DA:51,4
DA:54,1
DA:55,45
DA:56,45
DA:57,10
DA:58,10
DA:59,1
DA:62,9
DA:66,35
DA:69,1
DA:70,2
DA:72,1
DA:73,13
DA:74,13
DA:75,2
DA:78,1
LF:55
LH:55
BRDA:1,1,0,1
BRDA:1,1,1,1
BRDA:1,1,2,1
BRDA:2,2,0,2
BRDA:2,2,1,0
BRDA:4,3,0,0
BRDA:4,3,1,1
BRDA:35,4,0,22
BRDA:35,4,1,8
BRDA:39,5,0,1
BRDA:39,5,1,21
BRDA:50,6,0,4
BRDA:50,6,1,5
BRDA:56,7,0,10
BRDA:56,7,1,35
BRDA:58,8,0,1
BRDA:58,8,1,9
BRDA:74,9,0,2
BRDA:74,9,1,11
BRF:19
BRH:17
end_of_record
